   1               		.file	"process_leader.c"
   2               	__SP_H__ = 0x3e
   3               	__SP_L__ = 0x3d
   4               	__SREG__ = 0x3f
   5               	__RAMPZ__ = 0x3b
   6               	__tmp_reg__ = 0
   7               	__zero_reg__ = 1
   8               		.text
   9               	.Ltext0:
  10               		.cfi_sections	.debug_frame
  11               		.section	.text.leader_start,"ax",@progbits
  12               		.weak	leader_start
  14               	leader_start:
  15               	.LFB107:
  16               		.file 1 "quantum/process_keycode/process_leader.c"
   1:quantum/process_keycode/process_leader.c **** #include "process_leader.h"
   2:quantum/process_keycode/process_leader.c **** 
   3:quantum/process_keycode/process_leader.c **** __attribute__ ((weak))
   4:quantum/process_keycode/process_leader.c **** void leader_start(void) {}
  17               		.loc 1 4 25 view -0
  18               		.cfi_startproc
  19               	/* prologue: function */
  20               	/* frame size = 0 */
  21               	/* stack size = 0 */
  22               	.L__stack_usage = 0
  23               		.loc 1 4 26 view .LVU1
  24               	/* epilogue start */
  25 0000 0895      		ret
  26               		.cfi_endproc
  27               	.LFE107:
  29               		.set	leader_start.localalias,leader_start
  30               		.section	.text.leader_end,"ax",@progbits
  31               		.weak	leader_end
  33               	leader_end:
  34               	.LFB111:
  35               		.cfi_startproc
  36               	/* prologue: function */
  37               	/* frame size = 0 */
  38               	/* stack size = 0 */
  39               	.L__stack_usage = 0
  40               	/* epilogue start */
  41 0000 0895      		ret
  42               		.cfi_endproc
  43               	.LFE111:
  45               		.section	.text.process_leader,"ax",@progbits
  46               	.global	process_leader
  48               	process_leader:
  49               	.LVL0:
  50               	.LFB109:
   5:quantum/process_keycode/process_leader.c **** 
   6:quantum/process_keycode/process_leader.c **** __attribute__ ((weak))
   7:quantum/process_keycode/process_leader.c **** void leader_end(void) {}
   8:quantum/process_keycode/process_leader.c **** 
   9:quantum/process_keycode/process_leader.c **** // Leader key stuff
  10:quantum/process_keycode/process_leader.c **** bool leading = false;
  11:quantum/process_keycode/process_leader.c **** uint16_t leader_time = 0;
  12:quantum/process_keycode/process_leader.c **** 
  13:quantum/process_keycode/process_leader.c **** uint16_t leader_sequence[5] = {0, 0, 0, 0, 0};
  14:quantum/process_keycode/process_leader.c **** uint8_t leader_sequence_size = 0;
  15:quantum/process_keycode/process_leader.c **** 
  16:quantum/process_keycode/process_leader.c **** bool process_leader(uint16_t keycode, keyrecord_t *record) {
  51               		.loc 1 16 60 view -0
  52               		.cfi_startproc
  53               		.loc 1 16 60 is_stmt 0 view .LVU3
  54 0000 0F93      		push r16
  55               	.LCFI0:
  56               		.cfi_def_cfa_offset 3
  57               		.cfi_offset 16, -2
  58 0002 1F93      		push r17
  59               	.LCFI1:
  60               		.cfi_def_cfa_offset 4
  61               		.cfi_offset 17, -3
  62 0004 CF93      		push r28
  63               	.LCFI2:
  64               		.cfi_def_cfa_offset 5
  65               		.cfi_offset 28, -4
  66               	/* prologue: function */
  67               	/* frame size = 0 */
  68               	/* stack size = 3 */
  69               	.L__stack_usage = 3
  70 0006 8C01      		movw r16,r24
  17:quantum/process_keycode/process_leader.c ****   // Leader key set-up
  18:quantum/process_keycode/process_leader.c ****   if (record->event.pressed) {
  71               		.loc 1 18 3 is_stmt 1 view .LVU4
  72               		.loc 1 18 6 is_stmt 0 view .LVU5
  73 0008 FB01      		movw r30,r22
  74 000a 8281      		ldd r24,Z+2
  75               	.LVL1:
  76               		.loc 1 18 6 view .LVU6
  77 000c 8111      		cpse r24,__zero_reg__
  78 000e 00C0      		rjmp .L4
  79               	.LVL2:
  80               	.L7:
  19:quantum/process_keycode/process_leader.c ****     if (!leading && keycode == KC_LEAD) {
  20:quantum/process_keycode/process_leader.c ****       leader_start();
  21:quantum/process_keycode/process_leader.c ****       leading = true;
  22:quantum/process_keycode/process_leader.c ****       leader_time = timer_read();
  23:quantum/process_keycode/process_leader.c ****       leader_sequence_size = 0;
  24:quantum/process_keycode/process_leader.c ****       leader_sequence[0] = 0;
  25:quantum/process_keycode/process_leader.c ****       leader_sequence[1] = 0;
  26:quantum/process_keycode/process_leader.c ****       leader_sequence[2] = 0;
  27:quantum/process_keycode/process_leader.c ****       leader_sequence[3] = 0;
  28:quantum/process_keycode/process_leader.c ****       leader_sequence[4] = 0;
  29:quantum/process_keycode/process_leader.c ****       return false;
  30:quantum/process_keycode/process_leader.c ****     }
  31:quantum/process_keycode/process_leader.c ****     if (leading && timer_elapsed(leader_time) < LEADER_TIMEOUT) {
  32:quantum/process_keycode/process_leader.c ****       leader_sequence[leader_sequence_size] = keycode;
  33:quantum/process_keycode/process_leader.c ****       leader_sequence_size++;
  34:quantum/process_keycode/process_leader.c ****       return false;
  35:quantum/process_keycode/process_leader.c ****     }
  36:quantum/process_keycode/process_leader.c ****   }
  37:quantum/process_keycode/process_leader.c ****   return true;
  81               		.loc 1 37 10 view .LVU7
  82 0010 C1E0      		ldi r28,lo8(1)
  83               	.L3:
  38:quantum/process_keycode/process_leader.c **** }...
  84               		.loc 1 38 1 view .LVU8
  85 0012 8C2F      		mov r24,r28
  86               	/* epilogue start */
  87 0014 CF91      		pop r28
  88 0016 1F91      		pop r17
  89 0018 0F91      		pop r16
  90               	.LVL3:
  91               		.loc 1 38 1 view .LVU9
  92 001a 0895      		ret
  93               	.LVL4:
  94               	.L4:
  19:quantum/process_keycode/process_leader.c ****     if (!leading && keycode == KC_LEAD) {
  95               		.loc 1 19 5 is_stmt 1 view .LVU10
  19:quantum/process_keycode/process_leader.c ****     if (!leading && keycode == KC_LEAD) {
  96               		.loc 1 19 9 is_stmt 0 view .LVU11
  97 001c C091 0000 		lds r28,leading
  19:quantum/process_keycode/process_leader.c ****     if (!leading && keycode == KC_LEAD) {
  98               		.loc 1 19 8 view .LVU12
  99 0020 C111      		cpse r28,__zero_reg__
 100 0022 00C0      		rjmp .L6
  19:quantum/process_keycode/process_leader.c ****     if (!leading && keycode == KC_LEAD) {
 101               		.loc 1 19 18 discriminator 1 view .LVU13
 102 0024 0531      		cpi r16,21
 103 0026 1047      		sbci r17,112
 104 0028 01F4      		brne .L7
  20:quantum/process_keycode/process_leader.c ****       leader_start();
 105               		.loc 1 20 7 is_stmt 1 view .LVU14
 106 002a 0E94 0000 		call leader_start
 107               	.LVL5:
  21:quantum/process_keycode/process_leader.c ****       leading = true;
 108               		.loc 1 21 7 view .LVU15
  21:quantum/process_keycode/process_leader.c ****       leading = true;
 109               		.loc 1 21 15 is_stmt 0 view .LVU16
 110 002e 81E0      		ldi r24,lo8(1)
 111 0030 8093 0000 		sts leading,r24
  22:quantum/process_keycode/process_leader.c ****       leader_time = timer_read();
 112               		.loc 1 22 7 is_stmt 1 view .LVU17
  22:quantum/process_keycode/process_leader.c ****       leader_time = timer_read();
 113               		.loc 1 22 21 is_stmt 0 view .LVU18
 114 0034 0E94 0000 		call timer_read
 115               	.LVL6:
  22:quantum/process_keycode/process_leader.c ****       leader_time = timer_read();
 116               		.loc 1 22 19 view .LVU19
 117 0038 9093 0000 		sts leader_time+1,r25
 118 003c 8093 0000 		sts leader_time,r24
  23:quantum/process_keycode/process_leader.c ****       leader_sequence_size = 0;
 119               		.loc 1 23 7 is_stmt 1 view .LVU20
  23:quantum/process_keycode/process_leader.c ****       leader_sequence_size = 0;
 120               		.loc 1 23 28 is_stmt 0 view .LVU21
 121 0040 1092 0000 		sts leader_sequence_size,__zero_reg__
  24:quantum/process_keycode/process_leader.c ****       leader_sequence[0] = 0;
 122               		.loc 1 24 7 is_stmt 1 view .LVU22
  24:quantum/process_keycode/process_leader.c ****       leader_sequence[0] = 0;
 123               		.loc 1 24 26 is_stmt 0 view .LVU23
 124 0044 1092 0000 		sts leader_sequence+1,__zero_reg__
 125 0048 1092 0000 		sts leader_sequence,__zero_reg__
  25:quantum/process_keycode/process_leader.c ****       leader_sequence[1] = 0;
 126               		.loc 1 25 7 is_stmt 1 view .LVU24
  25:quantum/process_keycode/process_leader.c ****       leader_sequence[1] = 0;
 127               		.loc 1 25 26 is_stmt 0 view .LVU25
 128 004c 1092 0000 		sts leader_sequence+2+1,__zero_reg__
 129 0050 1092 0000 		sts leader_sequence+2,__zero_reg__
  26:quantum/process_keycode/process_leader.c ****       leader_sequence[2] = 0;
 130               		.loc 1 26 7 is_stmt 1 view .LVU26
  26:quantum/process_keycode/process_leader.c ****       leader_sequence[2] = 0;
 131               		.loc 1 26 26 is_stmt 0 view .LVU27
 132 0054 1092 0000 		sts leader_sequence+4+1,__zero_reg__
 133 0058 1092 0000 		sts leader_sequence+4,__zero_reg__
  27:quantum/process_keycode/process_leader.c ****       leader_sequence[3] = 0;
 134               		.loc 1 27 7 is_stmt 1 view .LVU28
  27:quantum/process_keycode/process_leader.c ****       leader_sequence[3] = 0;
 135               		.loc 1 27 26 is_stmt 0 view .LVU29
 136 005c 1092 0000 		sts leader_sequence+6+1,__zero_reg__
 137 0060 1092 0000 		sts leader_sequence+6,__zero_reg__
  28:quantum/process_keycode/process_leader.c ****       leader_sequence[4] = 0;
 138               		.loc 1 28 7 is_stmt 1 view .LVU30
  28:quantum/process_keycode/process_leader.c ****       leader_sequence[4] = 0;
 139               		.loc 1 28 26 is_stmt 0 view .LVU31
 140 0064 1092 0000 		sts leader_sequence+8+1,__zero_reg__
 141 0068 1092 0000 		sts leader_sequence+8,__zero_reg__
  29:quantum/process_keycode/process_leader.c ****       return false;
 142               		.loc 1 29 7 is_stmt 1 view .LVU32
  29:quantum/process_keycode/process_leader.c ****       return false;
 143               		.loc 1 29 14 is_stmt 0 view .LVU33
 144 006c 00C0      		rjmp .L3
 145               	.LVL7:
 146               	.L6:
  31:quantum/process_keycode/process_leader.c ****     if (leading && timer_elapsed(leader_time) < LEADER_TIMEOUT) {
 147               		.loc 1 31 5 is_stmt 1 discriminator 1 view .LVU34
  31:quantum/process_keycode/process_leader.c ****     if (leading && timer_elapsed(leader_time) < LEADER_TIMEOUT) {
 148               		.loc 1 31 20 is_stmt 0 discriminator 1 view .LVU35
 149 006e 8091 0000 		lds r24,leader_time
 150 0072 9091 0000 		lds r25,leader_time+1
 151 0076 0E94 0000 		call timer_elapsed
 152               	.LVL8:
  31:quantum/process_keycode/process_leader.c ****     if (leading && timer_elapsed(leader_time) < LEADER_TIMEOUT) {
 153               		.loc 1 31 17 discriminator 1 view .LVU36
 154 007a 883C      		cpi r24,-56
 155 007c 9105      		cpc r25,__zero_reg__
 156 007e 00F4      		brsh .L7
  32:quantum/process_keycode/process_leader.c ****       leader_sequence[leader_sequence_size] = keycode;
 157               		.loc 1 32 7 is_stmt 1 view .LVU37
  32:quantum/process_keycode/process_leader.c ****       leader_sequence[leader_sequence_size] = keycode;
 158               		.loc 1 32 22 is_stmt 0 view .LVU38
 159 0080 8091 0000 		lds r24,leader_sequence_size
 160 0084 E82F      		mov r30,r24
 161 0086 F0E0      		ldi r31,0
  32:quantum/process_keycode/process_leader.c ****       leader_sequence[leader_sequence_size] = keycode;
 162               		.loc 1 32 45 view .LVU39
 163 0088 EE0F      		lsl r30
 164 008a FF1F      		rol r31
 165 008c E050      		subi r30,lo8(-(leader_sequence))
 166 008e F040      		sbci r31,hi8(-(leader_sequence))
 167 0090 1183      		std Z+1,r17
 168 0092 0083      		st Z,r16
  33:quantum/process_keycode/process_leader.c ****       leader_sequence_size++;
 169               		.loc 1 33 7 is_stmt 1 view .LVU40
  33:quantum/process_keycode/process_leader.c ****       leader_sequence_size++;
 170               		.loc 1 33 27 is_stmt 0 view .LVU41
 171 0094 8F5F      		subi r24,lo8(-(1))
 172 0096 8093 0000 		sts leader_sequence_size,r24
  34:quantum/process_keycode/process_leader.c ****       return false;
 173               		.loc 1 34 7 is_stmt 1 view .LVU42
  34:quantum/process_keycode/process_leader.c ****       return false;
 174               		.loc 1 34 14 is_stmt 0 view .LVU43
 175 009a C0E0      		ldi r28,0
 176 009c 00C0      		rjmp .L3
 177               		.cfi_endproc
 178               	.LFE109:
 180               	.global	leader_sequence_size
 181               		.section	.bss.leader_sequence_size,"aw",@nobits
 184               	leader_sequence_size:
 185 0000 00        		.zero	1
 186               	.global	leader_sequence
 187               		.section	.bss.leader_sequence,"aw",@nobits
 190               	leader_sequence:
 191 0000 0000 0000 		.zero	10
 191      0000 0000 
 191      0000 
 192               	.global	leader_time
 193               		.section	.bss.leader_time,"aw",@nobits
 196               	leader_time:
 197 0000 0000      		.zero	2
 198               	.global	leading
 199               		.section	.bss.leading,"aw",@nobits
 202               	leading:
 203 0000 00        		.zero	1
 204               		.text
 205               	.Letext0:
 206               		.file 2 "/usr/avr/include/stdint.h"
 207               		.file 3 "./tmk_core/common/keyboard.h"
 208               		.file 4 "./tmk_core/common/action.h"
 209               		.file 5 "./quantum/quantum_keycodes.h"
 210               		.file 6 "./tmk_core/common/timer.h"
DEFINED SYMBOLS
                            *ABS*:0000000000000000 process_leader.c
     /tmp/ccnfeZpM.s:2      *ABS*:000000000000003e __SP_H__
     /tmp/ccnfeZpM.s:3      *ABS*:000000000000003d __SP_L__
     /tmp/ccnfeZpM.s:4      *ABS*:000000000000003f __SREG__
     /tmp/ccnfeZpM.s:5      *ABS*:000000000000003b __RAMPZ__
     /tmp/ccnfeZpM.s:6      *ABS*:0000000000000000 __tmp_reg__
     /tmp/ccnfeZpM.s:7      *ABS*:0000000000000001 __zero_reg__
     /tmp/ccnfeZpM.s:14     .text.leader_start:0000000000000000 leader_start
     /tmp/ccnfeZpM.s:14     .text.leader_start:0000000000000000 leader_start.localalias
     /tmp/ccnfeZpM.s:33     .text.leader_end:0000000000000000 leader_end
     /tmp/ccnfeZpM.s:48     .text.process_leader:0000000000000000 process_leader
     /tmp/ccnfeZpM.s:202    .bss.leading:0000000000000000 leading
     /tmp/ccnfeZpM.s:196    .bss.leader_time:0000000000000000 leader_time
     /tmp/ccnfeZpM.s:184    .bss.leader_sequence_size:0000000000000000 leader_sequence_size
     /tmp/ccnfeZpM.s:190    .bss.leader_sequence:0000000000000000 leader_sequence

UNDEFINED SYMBOLS
timer_read
timer_elapsed
__do_clear_bss
