   1               		.file	"keymap_common.c"
   2               	__SP_H__ = 0x3e
   3               	__SP_L__ = 0x3d
   4               	__SREG__ = 0x3f
   5               	__RAMPZ__ = 0x3b
   6               	__tmp_reg__ = 0
   7               	__zero_reg__ = 1
   8               		.text
   9               	.Ltext0:
  10               		.cfi_sections	.debug_frame
  11               		.section	.text.action_get_macro,"ax",@progbits
  12               		.weak	action_get_macro
  14               	action_get_macro:
  15               	.LVL0:
  16               	.LFB108:
  17               		.file 1 "quantum/keymap_common.c"
   1:quantum/keymap_common.c **** /*
   2:quantum/keymap_common.c **** Copyright 2012,2013 Jun Wako <wakojun@gmail.com>
   3:quantum/keymap_common.c **** 
   4:quantum/keymap_common.c **** This program is free software: you can redistribute it and/or modify
   5:quantum/keymap_common.c **** it under the terms of the GNU General Public License as published by
   6:quantum/keymap_common.c **** the Free Software Foundation, either version 2 of the License, or
   7:quantum/keymap_common.c **** (at your option) any later version.
   8:quantum/keymap_common.c **** 
   9:quantum/keymap_common.c **** This program is distributed in the hope that it will be useful,
  10:quantum/keymap_common.c **** but WITHOUT ANY WARRANTY; without even the implied warranty of
  11:quantum/keymap_common.c **** MERCHANTABILITY or FITNESS FOR A PARTICULAR PURPOSE.  See the
  12:quantum/keymap_common.c **** GNU General Public License for more details.
  13:quantum/keymap_common.c **** 
  14:quantum/keymap_common.c **** You should have received a copy of the GNU General Public License
  15:quantum/keymap_common.c **** along with this program.  If not, see <http://www.gnu.org/licenses/>.
  16:quantum/keymap_common.c **** */
  17:quantum/keymap_common.c **** 
  18:quantum/keymap_common.c **** #include "keymap.h"
  19:quantum/keymap_common.c **** #include "report.h"
  20:quantum/keymap_common.c **** #include "keycode.h"
  21:quantum/keymap_common.c **** #include "action_layer.h"
  22:quantum/keymap_common.c **** #if defined(__AVR__)
  23:quantum/keymap_common.c **** #include <util/delay.h>
  24:quantum/keymap_common.c **** #include <stdio.h>
  25:quantum/keymap_common.c **** #endif
  26:quantum/keymap_common.c **** #include "action.h"
  27:quantum/keymap_common.c **** #include "action_macro.h"
  28:quantum/keymap_common.c **** #include "debug.h"
  29:quantum/keymap_common.c **** #include "backlight.h"
  30:quantum/keymap_common.c **** #include "quantum.h"
  31:quantum/keymap_common.c **** 
  32:quantum/keymap_common.c **** #ifdef MIDI_ENABLE
  33:quantum/keymap_common.c **** 	#include "process_midi.h"
  34:quantum/keymap_common.c **** #endif
  35:quantum/keymap_common.c **** 
  36:quantum/keymap_common.c **** extern keymap_config_t keymap_config;
  37:quantum/keymap_common.c **** 
  38:quantum/keymap_common.c **** #include <inttypes.h>
  39:quantum/keymap_common.c **** 
  40:quantum/keymap_common.c **** /* converts key to action */
  41:quantum/keymap_common.c **** action_t action_for_key(uint8_t layer, keypos_t key)
  42:quantum/keymap_common.c **** {
  43:quantum/keymap_common.c ****     // 16bit keycodes - important
  44:quantum/keymap_common.c ****     uint16_t keycode = keymap_key_to_keycode(layer, key);
  45:quantum/keymap_common.c **** 
  46:quantum/keymap_common.c ****     // keycode remapping
  47:quantum/keymap_common.c ****     keycode = keycode_config(keycode);
  48:quantum/keymap_common.c **** 
  49:quantum/keymap_common.c ****     action_t action;
  50:quantum/keymap_common.c ****     uint8_t action_layer, when, mod;
  51:quantum/keymap_common.c **** 
  52:quantum/keymap_common.c ****     switch (keycode) {
  53:quantum/keymap_common.c ****         case KC_FN0 ... KC_FN31:
  54:quantum/keymap_common.c ****             action.code = keymap_function_id_to_action(FN_INDEX(keycode));
  55:quantum/keymap_common.c ****             break;
  56:quantum/keymap_common.c ****         case KC_A ... KC_EXSEL:
  57:quantum/keymap_common.c ****         case KC_LCTRL ... KC_RGUI:
  58:quantum/keymap_common.c ****             action.code = ACTION_KEY(keycode);
  59:quantum/keymap_common.c ****             break;
  60:quantum/keymap_common.c ****         case KC_SYSTEM_POWER ... KC_SYSTEM_WAKE:
  61:quantum/keymap_common.c ****             action.code = ACTION_USAGE_SYSTEM(KEYCODE2SYSTEM(keycode));
  62:quantum/keymap_common.c ****             break;
  63:quantum/keymap_common.c ****         case KC_AUDIO_MUTE ... KC_MEDIA_REWIND:
  64:quantum/keymap_common.c ****             action.code = ACTION_USAGE_CONSUMER(KEYCODE2CONSUMER(keycode));
  65:quantum/keymap_common.c ****             break;
  66:quantum/keymap_common.c ****         case KC_MS_UP ... KC_MS_ACCEL2:
  67:quantum/keymap_common.c ****             action.code = ACTION_MOUSEKEY(keycode);
  68:quantum/keymap_common.c ****             break;
  69:quantum/keymap_common.c ****         case KC_TRNS:
  70:quantum/keymap_common.c ****             action.code = ACTION_TRANSPARENT;
  71:quantum/keymap_common.c ****             break;
  72:quantum/keymap_common.c ****         case QK_MODS ... QK_MODS_MAX: ;
  73:quantum/keymap_common.c ****             // Has a modifier
  74:quantum/keymap_common.c ****             // Split it up
  75:quantum/keymap_common.c ****             action.code = ACTION_MODS_KEY(keycode >> 8, keycode & 0xFF); // adds modifier to key
  76:quantum/keymap_common.c ****             break;
  77:quantum/keymap_common.c ****         case QK_FUNCTION ... QK_FUNCTION_MAX: ;
  78:quantum/keymap_common.c ****             // Is a shortcut for function action_layer, pull last 12bits
  79:quantum/keymap_common.c ****             // This means we have 4,096 FN macros at our disposal
  80:quantum/keymap_common.c ****             action.code = keymap_function_id_to_action( (int)keycode & 0xFFF );
  81:quantum/keymap_common.c ****             break;
  82:quantum/keymap_common.c ****         case QK_MACRO ... QK_MACRO_MAX:
  83:quantum/keymap_common.c ****             action.code = ACTION_MACRO(keycode & 0xFF);
  84:quantum/keymap_common.c ****             break;
  85:quantum/keymap_common.c ****         case QK_LAYER_TAP ... QK_LAYER_TAP_MAX:
  86:quantum/keymap_common.c ****             action.code = ACTION_LAYER_TAP_KEY((keycode >> 0x8) & 0xF, keycode & 0xFF);
  87:quantum/keymap_common.c ****             break;
  88:quantum/keymap_common.c ****         case QK_TO ... QK_TO_MAX: ;
  89:quantum/keymap_common.c ****             // Layer set "GOTO"
  90:quantum/keymap_common.c ****             when = (keycode >> 0x4) & 0x3;
  91:quantum/keymap_common.c ****             action_layer = keycode & 0xF;
  92:quantum/keymap_common.c ****             action.code = ACTION_LAYER_SET(action_layer, when);
  93:quantum/keymap_common.c ****             break;
  94:quantum/keymap_common.c ****         case QK_MOMENTARY ... QK_MOMENTARY_MAX: ;
  95:quantum/keymap_common.c ****             // Momentary action_layer
  96:quantum/keymap_common.c ****             action_layer = keycode & 0xFF;
  97:quantum/keymap_common.c ****             action.code = ACTION_LAYER_MOMENTARY(action_layer);
  98:quantum/keymap_common.c ****             break;
  99:quantum/keymap_common.c ****         case QK_DEF_LAYER ... QK_DEF_LAYER_MAX: ;
 100:quantum/keymap_common.c ****             // Set default action_layer
 101:quantum/keymap_common.c ****             action_layer = keycode & 0xFF;
 102:quantum/keymap_common.c ****             action.code = ACTION_DEFAULT_LAYER_SET(action_layer);
 103:quantum/keymap_common.c ****             break;
 104:quantum/keymap_common.c ****         case QK_TOGGLE_LAYER ... QK_TOGGLE_LAYER_MAX: ;
 105:quantum/keymap_common.c ****             // Set toggle
 106:quantum/keymap_common.c ****             action_layer = keycode & 0xFF;
 107:quantum/keymap_common.c ****             action.code = ACTION_LAYER_TOGGLE(action_layer);
 108:quantum/keymap_common.c ****             break;
 109:quantum/keymap_common.c ****         case QK_ONE_SHOT_LAYER ... QK_ONE_SHOT_LAYER_MAX: ;
 110:quantum/keymap_common.c ****             // OSL(action_layer) - One-shot action_layer
 111:quantum/keymap_common.c ****             action_layer = keycode & 0xFF;
 112:quantum/keymap_common.c ****             action.code = ACTION_LAYER_ONESHOT(action_layer);
 113:quantum/keymap_common.c ****             break;
 114:quantum/keymap_common.c ****         case QK_ONE_SHOT_MOD ... QK_ONE_SHOT_MOD_MAX: ;
 115:quantum/keymap_common.c ****             // OSM(mod) - One-shot mod
 116:quantum/keymap_common.c ****             mod = keycode & 0xFF;
 117:quantum/keymap_common.c ****             action.code = ACTION_MODS_ONESHOT(mod);
 118:quantum/keymap_common.c ****             break;
 119:quantum/keymap_common.c ****         case QK_MOD_TAP ... QK_MOD_TAP_MAX:
 120:quantum/keymap_common.c ****             action.code = ACTION_MODS_TAP_KEY((keycode >> 0x8) & 0xF, keycode & 0xFF);
 121:quantum/keymap_common.c ****             break;
 122:quantum/keymap_common.c ****     #ifdef BACKLIGHT_ENABLE
 123:quantum/keymap_common.c ****         case BL_0 ... BL_15:
 124:quantum/keymap_common.c ****             action.code = ACTION_BACKLIGHT_LEVEL(keycode - BL_0);
 125:quantum/keymap_common.c ****             break;
 126:quantum/keymap_common.c ****         case BL_DEC:
 127:quantum/keymap_common.c ****             action.code = ACTION_BACKLIGHT_DECREASE();
 128:quantum/keymap_common.c ****             break;
 129:quantum/keymap_common.c ****         case BL_INC:
 130:quantum/keymap_common.c ****             action.code = ACTION_BACKLIGHT_INCREASE();
 131:quantum/keymap_common.c ****             break;
 132:quantum/keymap_common.c ****         case BL_TOGG:
 133:quantum/keymap_common.c ****             action.code = ACTION_BACKLIGHT_TOGGLE();
 134:quantum/keymap_common.c ****             break;
 135:quantum/keymap_common.c ****         case BL_STEP:
 136:quantum/keymap_common.c ****             action.code = ACTION_BACKLIGHT_STEP();
 137:quantum/keymap_common.c ****             break;
 138:quantum/keymap_common.c ****     #endif
 139:quantum/keymap_common.c ****         default:
 140:quantum/keymap_common.c ****             action.code = ACTION_NO;
 141:quantum/keymap_common.c ****             break;
 142:quantum/keymap_common.c ****     }
 143:quantum/keymap_common.c ****     return action;
 144:quantum/keymap_common.c **** }
 145:quantum/keymap_common.c **** 
 146:quantum/keymap_common.c **** __attribute__ ((weak))
 147:quantum/keymap_common.c **** const uint16_t PROGMEM fn_actions[] = {
 148:quantum/keymap_common.c **** 
 149:quantum/keymap_common.c **** };
 150:quantum/keymap_common.c **** 
 151:quantum/keymap_common.c **** /* Macro */
 152:quantum/keymap_common.c **** __attribute__ ((weak))
 153:quantum/keymap_common.c **** const macro_t *action_get_macro(keyrecord_t *record, uint8_t id, uint8_t opt)
 154:quantum/keymap_common.c **** {
  18               		.loc 1 154 1 view -0
  19               		.cfi_startproc
  20               	/* prologue: function */
  21               	/* frame size = 0 */
  22               	/* stack size = 0 */
  23               	.L__stack_usage = 0
 155:quantum/keymap_common.c ****     return MACRO_NONE;
  24               		.loc 1 155 5 view .LVU1
 156:quantum/keymap_common.c **** }
  25               		.loc 1 156 1 is_stmt 0 view .LVU2
  26 0000 90E0      		ldi r25,0
  27 0002 80E0      		ldi r24,0
  28               	.LVL1:
  29               	/* epilogue start */
  30               		.loc 1 156 1 view .LVU3
  31 0004 0895      		ret
  32               		.cfi_endproc
  33               	.LFE108:
  35               		.section	.text.action_function,"ax",@progbits
  36               		.weak	action_function
  38               	action_function:
  39               	.LVL2:
  40               	.LFB109:
 157:quantum/keymap_common.c **** 
 158:quantum/keymap_common.c **** /* Function */
 159:quantum/keymap_common.c **** __attribute__ ((weak))
 160:quantum/keymap_common.c **** void action_function(keyrecord_t *record, uint8_t id, uint8_t opt)
 161:quantum/keymap_common.c **** {
  41               		.loc 1 161 1 is_stmt 1 view -0
  42               		.cfi_startproc
  43               	/* prologue: function */
  44               	/* frame size = 0 */
  45               	/* stack size = 0 */
  46               	.L__stack_usage = 0
 162:quantum/keymap_common.c **** }
  47               		.loc 1 162 1 view .LVU5
  48               	/* epilogue start */
  49 0000 0895      		ret
  50               		.cfi_endproc
  51               	.LFE109:
  53               		.section	.text.keymap_key_to_keycode,"ax",@progbits
  54               		.weak	keymap_key_to_keycode
  56               	keymap_key_to_keycode:
  57               	.LVL3:
  58               	.LFB110:
 163:quantum/keymap_common.c **** 
 164:quantum/keymap_common.c **** // translates key to keycode
 165:quantum/keymap_common.c **** __attribute__ ((weak))
 166:quantum/keymap_common.c **** uint16_t keymap_key_to_keycode(uint8_t layer, keypos_t key)
 167:quantum/keymap_common.c **** {
  59               		.loc 1 167 1 view -0
  60               		.cfi_startproc
  61               	/* prologue: function */
  62               	/* frame size = 0 */
  63               	/* stack size = 0 */
  64               	.L__stack_usage = 0
 168:quantum/keymap_common.c ****     // Read entire word (16bits)
 169:quantum/keymap_common.c ****     return pgm_read_word(&keymaps[(layer)][(key.row)][(key.col)]);
  65               		.loc 1 169 5 view .LVU7
  66               	.LBB2:
  67               		.loc 1 169 12 view .LVU8
  68 0000 E72F      		mov r30,r23
  69               		.loc 1 169 12 is_stmt 0 view .LVU9
  70 0002 F0E0      		ldi r31,0
  71               	.LVL4:
  72               		.loc 1 169 12 view .LVU10
  73 0004 93E1      		ldi r25,lo8(19)
  74 0006 899F      		mul r24,r25
  75 0008 E00D      		add r30,r0
  76 000a F11D      		adc r31,r1
  77 000c 1124      		clr __zero_reg__
  78               		.loc 1 169 12 view .LVU11
  79 000e 83E0      		ldi r24,3
  80               		1:
  81 0010 EE0F      		lsl r30
  82 0012 FF1F      		rol r31
  83 0014 8A95      		dec r24
  84 0016 01F4      		brne 1b
  85               	.LVL5:
  86               		.loc 1 169 12 view .LVU12
  87 0018 E60F      		add r30,r22
  88 001a F11D      		adc r31,__zero_reg__
  89 001c EE0F      		lsl r30
  90 001e FF1F      		rol r31
  91 0020 E050      		subi r30,lo8(-(keymaps))
  92 0022 F040      		sbci r31,hi8(-(keymaps))
  93               	.LVL6:
  94               		.loc 1 169 12 is_stmt 1 view .LVU13
  95               		.loc 1 169 12 view .LVU14
  96               	/* #APP */
  97               	 ;  169 "quantum/keymap_common.c" 1
  98 0024 8591      		lpm r24, Z+
  99 0026 9491      		lpm r25, Z
 100               		
 101               	 ;  0 "" 2
 102               	.LVL7:
 103               		.loc 1 169 12 view .LVU15
 104               	/* #NOAPP */
 105               	/* epilogue start */
 106               	.LBE2:
 170:quantum/keymap_common.c **** }
 107               		.loc 1 170 1 is_stmt 0 view .LVU16
 108 0028 0895      		ret
 109               		.cfi_endproc
 110               	.LFE110:
 112               		.section	.text.keymap_function_id_to_action,"ax",@progbits
 113               		.weak	keymap_function_id_to_action
 115               	keymap_function_id_to_action:
 116               	.LVL8:
 117               	.LFB111:
 171:quantum/keymap_common.c **** 
 172:quantum/keymap_common.c **** // translates function id to action
 173:quantum/keymap_common.c **** __attribute__ ((weak))
 174:quantum/keymap_common.c **** uint16_t keymap_function_id_to_action( uint16_t function_id )
 175:quantum/keymap_common.c **** {
 118               		.loc 1 175 1 is_stmt 1 view -0
 119               		.cfi_startproc
 120               	/* prologue: function */
 121               	/* frame size = 0 */
 122               	/* stack size = 0 */
 123               	.L__stack_usage = 0
 176:quantum/keymap_common.c **** 	return pgm_read_word(&fn_actions[function_id]);
 124               		.loc 1 176 2 view .LVU18
 125               	.LBB3:
 126               		.loc 1 176 9 view .LVU19
 127 0000 FC01      		movw r30,r24
 128 0002 EE0F      		lsl r30
 129 0004 FF1F      		rol r31
 130               	.LVL9:
 131               		.loc 1 176 9 is_stmt 0 view .LVU20
 132 0006 E050      		subi r30,lo8(-(fn_actions))
 133 0008 F040      		sbci r31,hi8(-(fn_actions))
 134               	.LVL10:
 135               		.loc 1 176 9 is_stmt 1 view .LVU21
 136               		.loc 1 176 9 view .LVU22
 137               	/* #APP */
 138               	 ;  176 "quantum/keymap_common.c" 1
 139 000a 8591      		lpm r24, Z+
 140 000c 9491      		lpm r25, Z
 141               		
 142               	 ;  0 "" 2
 143               	.LVL11:
 144               		.loc 1 176 9 view .LVU23
 145               	/* #NOAPP */
 146               	/* epilogue start */
 147               	.LBE3:
 177:quantum/keymap_common.c **** }
 148               		.loc 1 177 1 is_stmt 0 view .LVU24
 149 000e 0895      		ret
 150               		.cfi_endproc
 151               	.LFE111:
 153               		.section	.text.action_for_key,"ax",@progbits
 154               	.global	action_for_key
 156               	action_for_key:
 157               	.LVL12:
 158               	.LFB107:
  42:quantum/keymap_common.c ****     // 16bit keycodes - important
 159               		.loc 1 42 1 is_stmt 1 view -0
 160               		.cfi_startproc
 161               	/* prologue: function */
 162               	/* frame size = 0 */
 163               	/* stack size = 0 */
 164               	.L__stack_usage = 0
  44:quantum/keymap_common.c **** 
 165               		.loc 1 44 5 view .LVU26
  44:quantum/keymap_common.c **** 
 166               		.loc 1 44 24 is_stmt 0 view .LVU27
 167 0000 0E94 0000 		call keymap_key_to_keycode
 168               	.LVL13:
  47:quantum/keymap_common.c **** 
 169               		.loc 1 47 5 is_stmt 1 view .LVU28
  47:quantum/keymap_common.c **** 
 170               		.loc 1 47 15 is_stmt 0 view .LVU29
 171 0004 0E94 0000 		call keycode_config
 172               	.LVL14:
  47:quantum/keymap_common.c **** 
 173               		.loc 1 47 15 view .LVU30
 174 0008 9C01      		movw r18,r24
 175               	.LVL15:
  49:quantum/keymap_common.c ****     uint8_t action_layer, when, mod;
 176               		.loc 1 49 5 is_stmt 1 view .LVU31
  50:quantum/keymap_common.c **** 
 177               		.loc 1 50 5 view .LVU32
  52:quantum/keymap_common.c ****         case KC_FN0 ... KC_FN31:
 178               		.loc 1 52 5 view .LVU33
 179 000a 8115      		cp r24,__zero_reg__
 180 000c 9044      		sbci r25,64
 181 000e 00F4      		brsh .L6
 182 0010 2115      		cp r18,__zero_reg__
 183 0012 80E3      		ldi r24,48
 184 0014 3807      		cpc r19,r24
 185 0016 00F0      		brlo .+2
 186 0018 00C0      		rjmp .L7
 187 001a 203E      		cpi r18,-32
 188 001c 3105      		cpc r19,__zero_reg__
 189 001e 00F4      		brsh .L8
 190 0020 203C      		cpi r18,-64
 191 0022 3105      		cpc r19,__zero_reg__
 192 0024 00F0      		brlo .+2
 193 0026 00C0      		rjmp .L9
 194 0028 283A      		cpi r18,-88
 195 002a 3105      		cpc r19,__zero_reg__
 196 002c 00F4      		brsh .L10
 197 002e 253A      		cpi r18,-91
 198 0030 3105      		cpc r19,__zero_reg__
 199 0032 00F0      		brlo .+2
 200 0034 00C0      		rjmp .L11
 201 0036 2130      		cpi r18,1
 202 0038 3105      		cpc r19,__zero_reg__
 203 003a 01F0      		breq .L12
 204 003c C901      		movw r24,r18
 205 003e 0497      		sbiw r24,4
 206 0040 813A      		cpi r24,-95
 207 0042 9105      		cpc r25,__zero_reg__
 208 0044 00F4      		brsh .L27
 209               	.LVL16:
 210               	.L12:
 143:quantum/keymap_common.c **** }
 211               		.loc 1 143 5 view .LVU34
 144:quantum/keymap_common.c **** 
 212               		.loc 1 144 1 is_stmt 0 view .LVU35
 213 0046 C901      		movw r24,r18
 214               	/* epilogue start */
 215 0048 0895      		ret
 216               	.LVL17:
 217               	.L10:
  52:quantum/keymap_common.c ****         case KC_FN0 ... KC_FN31:
 218               		.loc 1 52 5 view .LVU36
 219 004a C901      		movw r24,r18
 220 004c 885A      		subi r24,-88
 221 004e 9109      		sbc r25,__zero_reg__
 222 0050 4597      		sbiw r24,21
 223 0052 00F4      		brsh .+2
 224 0054 00C0      		rjmp .L34
 225               	.LVL18:
 226               	.L27:
 140:quantum/keymap_common.c ****             break;
 227               		.loc 1 140 25 view .LVU37
 228 0056 30E0      		ldi r19,0
 229 0058 20E0      		ldi r18,0
 230 005a 00C0      		rjmp .L12
 231               	.LVL19:
 232               	.L8:
  52:quantum/keymap_common.c ****         case KC_FN0 ... KC_FN31:
 233               		.loc 1 52 5 view .LVU38
 234 005c 2115      		cp r18,__zero_reg__
 235 005e 40E2      		ldi r20,32
 236 0060 3407      		cpc r19,r20
 237 0062 00F4      		brsh .L14
 238 0064 2F3F      		cpi r18,-1
 239 0066 3105      		cpc r19,__zero_reg__
 240 0068 01F0      		breq .+2
 241 006a 00F4      		brsh .L12
 242 006c 283E      		cpi r18,-24
 243 006e 3105      		cpc r19,__zero_reg__
 244 0070 00F0      		brlo .L12
 245 0072 C901      		movw r24,r18
 246 0074 805F      		subi r24,-16
 247 0076 9109      		sbc r25,__zero_reg__
  67:quantum/keymap_common.c ****             break;
 248               		.loc 1 67 27 view .LVU39
 249 0078 3065      		ori r19,80
 250               	.LVL20:
  52:quantum/keymap_common.c ****         case KC_FN0 ... KC_FN31:
 251               		.loc 1 52 5 view .LVU40
 252 007a 4097      		sbiw r24,16
 253 007c 00F0      		brlo .L12
 254 007e 00C0      		rjmp .L27
 255               	.LVL21:
 256               	.L14:
  77:quantum/keymap_common.c ****             // Is a shortcut for function action_layer, pull last 12bits
 257               		.loc 1 77 47 is_stmt 1 view .LVU41
  80:quantum/keymap_common.c ****             break;
 258               		.loc 1 80 13 view .LVU42
  80:quantum/keymap_common.c ****             break;
 259               		.loc 1 80 27 is_stmt 0 view .LVU43
 260 0080 C901      		movw r24,r18
 261 0082 9F70      		andi r25,15
 262               	.L37:
  54:quantum/keymap_common.c ****             break;
 263               		.loc 1 54 27 view .LVU44
 264 0084 0E94 0000 		call keymap_function_id_to_action
 265               	.LVL22:
  54:quantum/keymap_common.c ****             break;
 266               		.loc 1 54 27 view .LVU45
 267 0088 9C01      		movw r18,r24
 268               	.LVL23:
  55:quantum/keymap_common.c ****         case KC_A ... KC_EXSEL:
 269               		.loc 1 55 13 is_stmt 1 view .LVU46
 270 008a 00C0      		rjmp .L12
 271               	.LVL24:
 272               	.L6:
  52:quantum/keymap_common.c ****         case KC_FN0 ... KC_FN31:
 273               		.loc 1 52 5 is_stmt 0 view .LVU47
 274 008c 2115      		cp r18,__zero_reg__
 275 008e 84E5      		ldi r24,84
 276 0090 3807      		cpc r19,r24
 277 0092 00F0      		brlo .+2
 278 0094 00C0      		rjmp .L16
 279 0096 2115      		cp r18,__zero_reg__
 280 0098 43E5      		ldi r20,83
 281 009a 3407      		cpc r19,r20
 282 009c 00F0      		brlo .+2
 283 009e 00C0      		rjmp .L17
 284 00a0 2115      		cp r18,__zero_reg__
 285 00a2 82E5      		ldi r24,82
 286 00a4 3807      		cpc r19,r24
 287 00a6 00F4      		brsh .L18
 288 00a8 2115      		cp r18,__zero_reg__
 289 00aa 41E5      		ldi r20,81
 290 00ac 3407      		cpc r19,r20
 291 00ae 00F0      		brlo .+2
 292 00b0 00C0      		rjmp .L19
 293 00b2 2115      		cp r18,__zero_reg__
 294 00b4 80E5      		ldi r24,80
 295 00b6 3807      		cpc r19,r24
 296 00b8 00F4      		brsh .+2
 297 00ba 00C0      		rjmp .L20
  88:quantum/keymap_common.c ****             // Layer set "GOTO"
 298               		.loc 1 88 35 is_stmt 1 view .LVU48
  90:quantum/keymap_common.c ****             action_layer = keycode & 0xF;
 299               		.loc 1 90 13 view .LVU49
 300               	.LVL25:
  91:quantum/keymap_common.c ****             action.code = ACTION_LAYER_SET(action_layer, when);
 301               		.loc 1 91 13 view .LVU50
  92:quantum/keymap_common.c ****             break;
 302               		.loc 1 92 13 view .LVU51
  90:quantum/keymap_common.c ****             action_layer = keycode & 0xF;
 303               		.loc 1 90 29 is_stmt 0 view .LVU52
 304 00bc C901      		movw r24,r18
 305 00be 54E0      		ldi r21,4
 306               		1:
 307 00c0 9695      		lsr r25
 308 00c2 8795      		ror r24
 309 00c4 5A95      		dec r21
 310 00c6 01F4      		brne 1b
  90:quantum/keymap_common.c ****             action_layer = keycode & 0xF;
 311               		.loc 1 90 18 view .LVU53
 312 00c8 382F      		mov r19,r24
 313 00ca 3370      		andi r19,lo8(3)
  92:quantum/keymap_common.c ****             break;
 314               		.loc 1 92 27 view .LVU54
 315 00cc 822F      		mov r24,r18
 316 00ce 8695      		lsr r24
 317 00d0 8695      		lsr r24
 318 00d2 8370      		andi r24,lo8(3)
 319 00d4 40E2      		ldi r20,lo8(32)
 320 00d6 849F      		mul r24,r20
 321 00d8 C001      		movw r24,r0
 322 00da 1124      		clr __zero_reg__
 323 00dc 932B      		or r25,r19
 324 00de 422F      		mov r20,r18
 325 00e0 4370      		andi r20,lo8(3)
 326 00e2 21E0      		ldi r18,lo8(1)
 327 00e4 30E0      		ldi r19,0
 328               	.LVL26:
  92:quantum/keymap_common.c ****             break;
 329               		.loc 1 92 27 view .LVU55
 330 00e6 00C0      		rjmp 2f
 331               		1:
 332 00e8 220F      		lsl r18
 333 00ea 331F      		rol r19
 334               		2:
 335 00ec 4A95      		dec r20
 336 00ee 02F4      		brpl 1b
 337               	.L38:
 102:quantum/keymap_common.c ****             break;
 338               		.loc 1 102 27 view .LVU56
 339 00f0 282B      		or r18,r24
 340 00f2 392B      		or r19,r25
 341               	.LVL27:
 102:quantum/keymap_common.c ****             break;
 342               		.loc 1 102 27 view .LVU57
 343 00f4 3C68      		ori r19,140
 344               	.LVL28:
 103:quantum/keymap_common.c ****         case QK_TOGGLE_LAYER ... QK_TOGGLE_LAYER_MAX: ;
 345               		.loc 1 103 13 is_stmt 1 view .LVU58
 346 00f6 00C0      		rjmp .L12
 347               	.LVL29:
 348               	.L18:
  99:quantum/keymap_common.c ****             // Set default action_layer
 349               		.loc 1 99 49 view .LVU59
 101:quantum/keymap_common.c ****             action.code = ACTION_DEFAULT_LAYER_SET(action_layer);
 350               		.loc 1 101 13 view .LVU60
 102:quantum/keymap_common.c ****             break;
 351               		.loc 1 102 13 view .LVU61
 102:quantum/keymap_common.c ****             break;
 352               		.loc 1 102 27 is_stmt 0 view .LVU62
 353 00f8 A901      		movw r20,r18
 354 00fa 4370      		andi r20,3
 355 00fc 5527      		clr r21
 356 00fe 81E0      		ldi r24,lo8(1)
 357 0100 90E0      		ldi r25,0
 358 0102 00C0      		rjmp 2f
 359               		1:
 360 0104 880F      		lsl r24
 361 0106 991F      		rol r25
 362               		2:
 363 0108 4A95      		dec r20
 364 010a 02F4      		brpl 1b
 365 010c 2695      		lsr r18
 366 010e 2695      		lsr r18
 367               	.LVL30:
 102:quantum/keymap_common.c ****             break;
 368               		.loc 1 102 27 view .LVU63
 369 0110 40E2      		ldi r20,lo8(32)
 370 0112 249F      		mul r18,r20
 371 0114 9001      		movw r18,r0
 372 0116 1124      		clr __zero_reg__
 373 0118 00C0      		rjmp .L38
 374               	.LVL31:
 375               	.L16:
  52:quantum/keymap_common.c ****         case KC_FN0 ... KC_FN31:
 376               		.loc 1 52 5 view .LVU64
 377 011a 2115      		cp r18,__zero_reg__
 378 011c 86E5      		ldi r24,86
 379 011e 3807      		cpc r19,r24
 380 0120 00F4      		brsh .L21
 381 0122 922F      		mov r25,r18
 382 0124 8827      		clr r24
 383 0126 2115      		cp r18,__zero_reg__
 384 0128 3545      		sbci r19,85
 385 012a 00F0      		brlo .+2
 386 012c 00C0      		rjmp .L22
 109:quantum/keymap_common.c ****             // OSL(action_layer) - One-shot action_layer
 387               		.loc 1 109 59 is_stmt 1 view .LVU65
 111:quantum/keymap_common.c ****             action.code = ACTION_LAYER_ONESHOT(action_layer);
 388               		.loc 1 111 13 view .LVU66
 389               	.LVL32:
 112:quantum/keymap_common.c ****             break;
 390               		.loc 1 112 13 view .LVU67
 112:quantum/keymap_common.c ****             break;
 391               		.loc 1 112 27 is_stmt 0 view .LVU68
 392 012e 9C01      		movw r18,r24
 393 0130 246F      		ori r18,244
 394 0132 306A      		ori r19,160
 395               	.LVL33:
 113:quantum/keymap_common.c ****         case QK_ONE_SHOT_MOD ... QK_ONE_SHOT_MOD_MAX: ;
 396               		.loc 1 113 13 is_stmt 1 view .LVU69
 397 0134 00C0      		rjmp .L12
 398               	.LVL34:
 399               	.L21:
  52:quantum/keymap_common.c ****         case KC_FN0 ... KC_FN31:
 400               		.loc 1 52 5 is_stmt 0 view .LVU70
 401 0136 C901      		movw r24,r18
 402 0138 9056      		subi r25,96
 120:quantum/keymap_common.c ****             break;
 403               		.loc 1 120 27 view .LVU71
 404 013a 3F70      		andi r19,15
 405               	.LVL35:
  52:quantum/keymap_common.c ****         case KC_FN0 ... KC_FN31:
 406               		.loc 1 52 5 view .LVU72
 407 013c 8115      		cp r24,__zero_reg__
 408 013e 9041      		sbci r25,16
 409 0140 00F0      		brlo .+2
 410 0142 00C0      		rjmp .L27
 411               	.LVL36:
 412               	.L39:
 120:quantum/keymap_common.c ****             break;
 413               		.loc 1 120 27 view .LVU73
 414 0144 3062      		ori r19,32
 415               	.LVL37:
 121:quantum/keymap_common.c ****     #ifdef BACKLIGHT_ENABLE
 416               		.loc 1 121 13 is_stmt 1 view .LVU74
 417 0146 00C0      		rjmp .L12
 418               	.LVL38:
 419               	.L9:
  54:quantum/keymap_common.c ****             break;
 420               		.loc 1 54 13 view .LVU75
  54:quantum/keymap_common.c ****             break;
 421               		.loc 1 54 27 is_stmt 0 view .LVU76
 422 0148 C901      		movw r24,r18
 423 014a 805C      		subi r24,-64
 424 014c 9109      		sbc r25,__zero_reg__
 425 014e 00C0      		rjmp .L37
 426               	.L11:
  61:quantum/keymap_common.c ****             break;
 427               		.loc 1 61 13 is_stmt 1 view .LVU77
  61:quantum/keymap_common.c ****             break;
 428               		.loc 1 61 27 is_stmt 0 view .LVU78
 429 0150 253A      		cpi r18,-91
 430 0152 3105      		cpc r19,__zero_reg__
 431 0154 01F0      		breq .L28
  61:quantum/keymap_common.c ****             break;
 432               		.loc 1 61 27 discriminator 1 view .LVU79
 433 0156 263A      		cpi r18,-90
 434 0158 3105      		cpc r19,__zero_reg__
 435 015a 01F0      		breq .L29
 436               	.LVL39:
  61:quantum/keymap_common.c ****             break;
 437               		.loc 1 61 27 view .LVU80
 438 015c 23E8      		ldi r18,lo8(-125)
 439 015e 30E4      		ldi r19,lo8(64)
 440 0160 00C0      		rjmp .L12
 441               	.LVL40:
 442               	.L34:
  64:quantum/keymap_common.c ****             break;
 443               		.loc 1 64 13 is_stmt 1 view .LVU81
  64:quantum/keymap_common.c ****             break;
 444               		.loc 1 64 27 is_stmt 0 view .LVU82
 445 0162 283A      		cpi r18,-88
 446 0164 3105      		cpc r19,__zero_reg__
 447 0166 01F0      		breq .L30
 448 0168 220F      		lsl r18
 449 016a 331F      		rol r19
 450               	.LVL41:
  64:quantum/keymap_common.c ****             break;
 451               		.loc 1 64 27 view .LVU83
 452 016c F901      		movw r30,r18
 453 016e E050      		subi r30,lo8(-(CSWTCH.30-338))
 454 0170 F040      		sbci r31,hi8(-(CSWTCH.30-338))
 455               	.LVL42:
  64:quantum/keymap_common.c ****             break;
 456               		.loc 1 64 27 view .LVU84
 457 0172 2081      		ld r18,Z
 458 0174 3181      		ldd r19,Z+1
 459 0176 00C0      		rjmp .L12
 460               	.LVL43:
 461               	.L7:
  83:quantum/keymap_common.c ****             break;
 462               		.loc 1 83 13 is_stmt 1 view .LVU85
  83:quantum/keymap_common.c ****             break;
 463               		.loc 1 83 27 is_stmt 0 view .LVU86
 464 0178 3327      		clr r19
 465               	.LVL44:
  83:quantum/keymap_common.c ****             break;
 466               		.loc 1 83 27 view .LVU87
 467 017a 306C      		ori r19,192
 468               	.LVL45:
  84:quantum/keymap_common.c ****         case QK_LAYER_TAP ... QK_LAYER_TAP_MAX:
 469               		.loc 1 84 13 is_stmt 1 view .LVU88
 470 017c 00C0      		rjmp .L12
 471               	.LVL46:
 472               	.L20:
  86:quantum/keymap_common.c ****             break;
 473               		.loc 1 86 13 view .LVU89
  86:quantum/keymap_common.c ****             break;
 474               		.loc 1 86 27 is_stmt 0 view .LVU90
 475 017e 3F70      		andi r19,15
 476               	.LVL47:
  86:quantum/keymap_common.c ****             break;
 477               		.loc 1 86 27 view .LVU91
 478 0180 306A      		ori r19,160
 479               	.LVL48:
  87:quantum/keymap_common.c ****         case QK_TO ... QK_TO_MAX: ;
 480               		.loc 1 87 13 is_stmt 1 view .LVU92
 481 0182 00C0      		rjmp .L12
 482               	.LVL49:
 483               	.L19:
  94:quantum/keymap_common.c ****             // Momentary action_layer
 484               		.loc 1 94 49 view .LVU93
  96:quantum/keymap_common.c ****             action.code = ACTION_LAYER_MOMENTARY(action_layer);
 485               		.loc 1 96 13 view .LVU94
  97:quantum/keymap_common.c ****             break;
 486               		.loc 1 97 13 view .LVU95
  97:quantum/keymap_common.c ****             break;
 487               		.loc 1 97 27 is_stmt 0 view .LVU96
 488 0184 322F      		mov r19,r18
 489 0186 2227      		clr r18
 490               	.LVL50:
  97:quantum/keymap_common.c ****             break;
 491               		.loc 1 97 27 view .LVU97
 492 0188 216F      		ori r18,241
 493 018a 306A      		ori r19,160
 494               	.LVL51:
  98:quantum/keymap_common.c ****         case QK_DEF_LAYER ... QK_DEF_LAYER_MAX: ;
 495               		.loc 1 98 13 is_stmt 1 view .LVU98
 496 018c 00C0      		rjmp .L12
 497               	.LVL52:
 498               	.L17:
 104:quantum/keymap_common.c ****             // Set toggle
 499               		.loc 1 104 55 view .LVU99
 106:quantum/keymap_common.c ****             action.code = ACTION_LAYER_TOGGLE(action_layer);
 500               		.loc 1 106 13 view .LVU100
 107:quantum/keymap_common.c ****             break;
 501               		.loc 1 107 13 view .LVU101
 107:quantum/keymap_common.c ****             break;
 502               		.loc 1 107 27 is_stmt 0 view .LVU102
 503 018e A901      		movw r20,r18
 504 0190 4370      		andi r20,3
 505 0192 5527      		clr r21
 506 0194 81E0      		ldi r24,lo8(1)
 507 0196 90E0      		ldi r25,0
 508 0198 00C0      		rjmp 2f
 509               		1:
 510 019a 880F      		lsl r24
 511 019c 991F      		rol r25
 512               		2:
 513 019e 4A95      		dec r20
 514 01a0 02F4      		brpl 1b
 515 01a2 2695      		lsr r18
 516 01a4 2695      		lsr r18
 517               	.LVL53:
 107:quantum/keymap_common.c ****             break;
 518               		.loc 1 107 27 view .LVU103
 519 01a6 40E2      		ldi r20,lo8(32)
 520 01a8 249F      		mul r18,r20
 521 01aa 9001      		movw r18,r0
 522 01ac 1124      		clr __zero_reg__
 523 01ae 282B      		or r18,r24
 524 01b0 392B      		or r19,r25
 525               	.LVL54:
 107:quantum/keymap_common.c ****             break;
 526               		.loc 1 107 27 view .LVU104
 527 01b2 3A68      		ori r19,138
 528               	.LVL55:
 108:quantum/keymap_common.c ****         case QK_ONE_SHOT_LAYER ... QK_ONE_SHOT_LAYER_MAX: ;
 529               		.loc 1 108 13 is_stmt 1 view .LVU105
 530 01b4 00C0      		rjmp .L12
 531               	.LVL56:
 532               	.L22:
 114:quantum/keymap_common.c ****             // OSM(mod) - One-shot mod
 533               		.loc 1 114 55 view .LVU106
 116:quantum/keymap_common.c ****             action.code = ACTION_MODS_ONESHOT(mod);
 534               		.loc 1 116 13 view .LVU107
 117:quantum/keymap_common.c ****             break;
 535               		.loc 1 117 13 view .LVU108
 117:quantum/keymap_common.c ****             break;
 536               		.loc 1 117 27 is_stmt 0 view .LVU109
 537 01b6 8827      		clr r24
 538 01b8 9F71      		andi r25,31
 539               	.LVL57:
 117:quantum/keymap_common.c ****             break;
 540               		.loc 1 117 27 view .LVU110
 541 01ba 9C01      		movw r18,r24
 542 01bc 00C0      		rjmp .L39
 543               	.LVL58:
 544               	.L28:
  61:quantum/keymap_common.c ****             break;
 545               		.loc 1 61 27 view .LVU111
 546 01be 21E8      		ldi r18,lo8(-127)
 547 01c0 30E4      		ldi r19,lo8(64)
 548 01c2 00C0      		rjmp .L12
 549               	.LVL59:
 550               	.L29:
  61:quantum/keymap_common.c ****             break;
 551               		.loc 1 61 27 view .LVU112
 552 01c4 22E8      		ldi r18,lo8(-126)
 553 01c6 30E4      		ldi r19,lo8(64)
 554 01c8 00C0      		rjmp .L12
 555               	.LVL60:
 556               	.L30:
  64:quantum/keymap_common.c ****             break;
 557               		.loc 1 64 27 view .LVU113
 558 01ca 22EE      		ldi r18,lo8(-30)
 559 01cc 34E4      		ldi r19,lo8(68)
 560 01ce 00C0      		rjmp .L12
 561               		.cfi_endproc
 562               	.LFE107:
 564               		.section	.rodata.CSWTCH.30,"a"
 567               	CSWTCH.30:
 568 0000 E944      		.word	17641
 569 0002 EA44      		.word	17642
 570 0004 B544      		.word	17589
 571 0006 B644      		.word	17590
 572 0008 B744      		.word	17591
 573 000a CD44      		.word	17613
 574 000c 8345      		.word	17795
 575 000e CC44      		.word	17612
 576 0010 8A45      		.word	17802
 577 0012 9245      		.word	17810
 578 0014 9445      		.word	17812
 579 0016 2146      		.word	17953
 580 0018 2346      		.word	17955
 581 001a 2446      		.word	17956
 582 001c 2546      		.word	17957
 583 001e 2646      		.word	17958
 584 0020 2746      		.word	17959
 585 0022 2A46      		.word	17962
 586 0024 B344      		.word	17587
 587 0026 B444      		.word	17588
 588               		.weak	fn_actions
 589               		.section	.progmem.data.fn_actions,"a"
 592               	fn_actions:
 593               		.text
 594               	.Letext0:
 595               		.file 2 "/usr/avr/include/stdint.h"
 596               		.file 3 "./tmk_core/common/keyboard.h"
 597               		.file 4 "./tmk_core/common/keycode.h"
 598               		.file 5 "./tmk_core/common/action_code.h"
 599               		.file 6 "./tmk_core/common/action_macro.h"
 600               		.file 7 "./tmk_core/common/action.h"
 601               		.file 8 "quantum/quantum_keycodes.h"
 602               		.file 9 "quantum/keymap.h"
 603               		.file 10 "quantum/keycode_config.h"
DEFINED SYMBOLS
                            *ABS*:0000000000000000 keymap_common.c
     /tmp/ccio7Msx.s:2      *ABS*:000000000000003e __SP_H__
     /tmp/ccio7Msx.s:3      *ABS*:000000000000003d __SP_L__
     /tmp/ccio7Msx.s:4      *ABS*:000000000000003f __SREG__
     /tmp/ccio7Msx.s:5      *ABS*:000000000000003b __RAMPZ__
     /tmp/ccio7Msx.s:6      *ABS*:0000000000000000 __tmp_reg__
     /tmp/ccio7Msx.s:7      *ABS*:0000000000000001 __zero_reg__
     /tmp/ccio7Msx.s:14     .text.action_get_macro:0000000000000000 action_get_macro
     /tmp/ccio7Msx.s:38     .text.action_function:0000000000000000 action_function
     /tmp/ccio7Msx.s:56     .text.keymap_key_to_keycode:0000000000000000 keymap_key_to_keycode
     /tmp/ccio7Msx.s:115    .text.keymap_function_id_to_action:0000000000000000 keymap_function_id_to_action
     /tmp/ccio7Msx.s:592    .progmem.data.fn_actions:0000000000000000 fn_actions
     /tmp/ccio7Msx.s:156    .text.action_for_key:0000000000000000 action_for_key
     /tmp/ccio7Msx.s:567    .rodata.CSWTCH.30:0000000000000000 CSWTCH.30

UNDEFINED SYMBOLS
keymaps
keycode_config
__do_copy_data
