   1               		.file	"ConfigDescriptors.c"
   2               	__SP_H__ = 0x3e
   3               	__SP_L__ = 0x3d
   4               	__SREG__ = 0x3f
   5               	__RAMPZ__ = 0x3b
   6               	__tmp_reg__ = 0
   7               	__zero_reg__ = 1
   8               		.text
   9               	.Ltext0:
  10               		.cfi_sections	.debug_frame
  11               		.file 1 "./tmk_core/protocol/lufa/LUFA-git/LUFA/Drivers/USB/Core/ConfigDescriptors.c"
  12               		.section	.text.USB_GetNextDescriptorOfType,"ax",@progbits
  13               	.global	USB_GetNextDescriptorOfType
  15               	USB_GetNextDescriptorOfType:
  16               	.LVL0:
  17               	.LFB92:
   1:./tmk_core/protocol/lufa/LUFA-git/LUFA/Drivers/USB/Core/ConfigDescriptors.c **** /*
   2:./tmk_core/protocol/lufa/LUFA-git/LUFA/Drivers/USB/Core/ConfigDescriptors.c ****              LUFA Library
   3:./tmk_core/protocol/lufa/LUFA-git/LUFA/Drivers/USB/Core/ConfigDescriptors.c ****      Copyright (C) Dean Camera, 2014.
   4:./tmk_core/protocol/lufa/LUFA-git/LUFA/Drivers/USB/Core/ConfigDescriptors.c **** 
   5:./tmk_core/protocol/lufa/LUFA-git/LUFA/Drivers/USB/Core/ConfigDescriptors.c ****   dean [at] fourwalledcubicle [dot] com
   6:./tmk_core/protocol/lufa/LUFA-git/LUFA/Drivers/USB/Core/ConfigDescriptors.c ****            www.lufa-lib.org
   7:./tmk_core/protocol/lufa/LUFA-git/LUFA/Drivers/USB/Core/ConfigDescriptors.c **** */
   8:./tmk_core/protocol/lufa/LUFA-git/LUFA/Drivers/USB/Core/ConfigDescriptors.c **** 
   9:./tmk_core/protocol/lufa/LUFA-git/LUFA/Drivers/USB/Core/ConfigDescriptors.c **** /*
  10:./tmk_core/protocol/lufa/LUFA-git/LUFA/Drivers/USB/Core/ConfigDescriptors.c ****   Copyright 2014  Dean Camera (dean [at] fourwalledcubicle [dot] com)
  11:./tmk_core/protocol/lufa/LUFA-git/LUFA/Drivers/USB/Core/ConfigDescriptors.c **** 
  12:./tmk_core/protocol/lufa/LUFA-git/LUFA/Drivers/USB/Core/ConfigDescriptors.c ****   Permission to use, copy, modify, distribute, and sell this
  13:./tmk_core/protocol/lufa/LUFA-git/LUFA/Drivers/USB/Core/ConfigDescriptors.c ****   software and its documentation for any purpose is hereby granted
  14:./tmk_core/protocol/lufa/LUFA-git/LUFA/Drivers/USB/Core/ConfigDescriptors.c ****   without fee, provided that the above copyright notice appear in
  15:./tmk_core/protocol/lufa/LUFA-git/LUFA/Drivers/USB/Core/ConfigDescriptors.c ****   all copies and that both that the copyright notice and this
  16:./tmk_core/protocol/lufa/LUFA-git/LUFA/Drivers/USB/Core/ConfigDescriptors.c ****   permission notice and warranty disclaimer appear in supporting
  17:./tmk_core/protocol/lufa/LUFA-git/LUFA/Drivers/USB/Core/ConfigDescriptors.c ****   documentation, and that the name of the author not be used in
  18:./tmk_core/protocol/lufa/LUFA-git/LUFA/Drivers/USB/Core/ConfigDescriptors.c ****   advertising or publicity pertaining to distribution of the
  19:./tmk_core/protocol/lufa/LUFA-git/LUFA/Drivers/USB/Core/ConfigDescriptors.c ****   software without specific, written prior permission.
  20:./tmk_core/protocol/lufa/LUFA-git/LUFA/Drivers/USB/Core/ConfigDescriptors.c **** 
  21:./tmk_core/protocol/lufa/LUFA-git/LUFA/Drivers/USB/Core/ConfigDescriptors.c ****   The author disclaims all warranties with regard to this
  22:./tmk_core/protocol/lufa/LUFA-git/LUFA/Drivers/USB/Core/ConfigDescriptors.c ****   software, including all implied warranties of merchantability
  23:./tmk_core/protocol/lufa/LUFA-git/LUFA/Drivers/USB/Core/ConfigDescriptors.c ****   and fitness.  In no event shall the author be liable for any
  24:./tmk_core/protocol/lufa/LUFA-git/LUFA/Drivers/USB/Core/ConfigDescriptors.c ****   special, indirect or consequential damages or any damages
  25:./tmk_core/protocol/lufa/LUFA-git/LUFA/Drivers/USB/Core/ConfigDescriptors.c ****   whatsoever resulting from loss of use, data or profits, whether
  26:./tmk_core/protocol/lufa/LUFA-git/LUFA/Drivers/USB/Core/ConfigDescriptors.c ****   in an action of contract, negligence or other tortious action,
  27:./tmk_core/protocol/lufa/LUFA-git/LUFA/Drivers/USB/Core/ConfigDescriptors.c ****   arising out of or in connection with the use or performance of
  28:./tmk_core/protocol/lufa/LUFA-git/LUFA/Drivers/USB/Core/ConfigDescriptors.c ****   this software.
  29:./tmk_core/protocol/lufa/LUFA-git/LUFA/Drivers/USB/Core/ConfigDescriptors.c **** */
  30:./tmk_core/protocol/lufa/LUFA-git/LUFA/Drivers/USB/Core/ConfigDescriptors.c **** 
  31:./tmk_core/protocol/lufa/LUFA-git/LUFA/Drivers/USB/Core/ConfigDescriptors.c **** #define  __INCLUDE_FROM_USB_DRIVER
  32:./tmk_core/protocol/lufa/LUFA-git/LUFA/Drivers/USB/Core/ConfigDescriptors.c **** #include "ConfigDescriptors.h"
  33:./tmk_core/protocol/lufa/LUFA-git/LUFA/Drivers/USB/Core/ConfigDescriptors.c **** 
  34:./tmk_core/protocol/lufa/LUFA-git/LUFA/Drivers/USB/Core/ConfigDescriptors.c **** #if defined(USB_CAN_BE_HOST)
  35:./tmk_core/protocol/lufa/LUFA-git/LUFA/Drivers/USB/Core/ConfigDescriptors.c **** uint8_t USB_Host_GetDeviceConfigDescriptor(const uint8_t ConfigNumber,
  36:./tmk_core/protocol/lufa/LUFA-git/LUFA/Drivers/USB/Core/ConfigDescriptors.c ****                                            uint16_t* const ConfigSizePtr,
  37:./tmk_core/protocol/lufa/LUFA-git/LUFA/Drivers/USB/Core/ConfigDescriptors.c ****                                            void* const BufferPtr,
  38:./tmk_core/protocol/lufa/LUFA-git/LUFA/Drivers/USB/Core/ConfigDescriptors.c ****                                            const uint16_t BufferSize)
  39:./tmk_core/protocol/lufa/LUFA-git/LUFA/Drivers/USB/Core/ConfigDescriptors.c **** {
  40:./tmk_core/protocol/lufa/LUFA-git/LUFA/Drivers/USB/Core/ConfigDescriptors.c **** 	uint8_t ErrorCode;
  41:./tmk_core/protocol/lufa/LUFA-git/LUFA/Drivers/USB/Core/ConfigDescriptors.c **** 	uint8_t ConfigHeader[sizeof(USB_Descriptor_Configuration_Header_t)];
  42:./tmk_core/protocol/lufa/LUFA-git/LUFA/Drivers/USB/Core/ConfigDescriptors.c **** 
  43:./tmk_core/protocol/lufa/LUFA-git/LUFA/Drivers/USB/Core/ConfigDescriptors.c **** 	USB_ControlRequest = (USB_Request_Header_t)
  44:./tmk_core/protocol/lufa/LUFA-git/LUFA/Drivers/USB/Core/ConfigDescriptors.c **** 		{
  45:./tmk_core/protocol/lufa/LUFA-git/LUFA/Drivers/USB/Core/ConfigDescriptors.c **** 			.bmRequestType = (REQDIR_DEVICETOHOST | REQTYPE_STANDARD | REQREC_DEVICE),
  46:./tmk_core/protocol/lufa/LUFA-git/LUFA/Drivers/USB/Core/ConfigDescriptors.c **** 			.bRequest      = REQ_GetDescriptor,
  47:./tmk_core/protocol/lufa/LUFA-git/LUFA/Drivers/USB/Core/ConfigDescriptors.c **** 			.wValue        = ((DTYPE_Configuration << 8) | (ConfigNumber - 1)),
  48:./tmk_core/protocol/lufa/LUFA-git/LUFA/Drivers/USB/Core/ConfigDescriptors.c **** 			.wIndex        = 0,
  49:./tmk_core/protocol/lufa/LUFA-git/LUFA/Drivers/USB/Core/ConfigDescriptors.c **** 			.wLength       = sizeof(USB_Descriptor_Configuration_Header_t),
  50:./tmk_core/protocol/lufa/LUFA-git/LUFA/Drivers/USB/Core/ConfigDescriptors.c **** 		};
  51:./tmk_core/protocol/lufa/LUFA-git/LUFA/Drivers/USB/Core/ConfigDescriptors.c **** 
  52:./tmk_core/protocol/lufa/LUFA-git/LUFA/Drivers/USB/Core/ConfigDescriptors.c **** 	Pipe_SelectPipe(PIPE_CONTROLPIPE);
  53:./tmk_core/protocol/lufa/LUFA-git/LUFA/Drivers/USB/Core/ConfigDescriptors.c **** 
  54:./tmk_core/protocol/lufa/LUFA-git/LUFA/Drivers/USB/Core/ConfigDescriptors.c **** 	if ((ErrorCode = USB_Host_SendControlRequest(ConfigHeader)) != HOST_SENDCONTROL_Successful)
  55:./tmk_core/protocol/lufa/LUFA-git/LUFA/Drivers/USB/Core/ConfigDescriptors.c **** 	  return ErrorCode;
  56:./tmk_core/protocol/lufa/LUFA-git/LUFA/Drivers/USB/Core/ConfigDescriptors.c **** 
  57:./tmk_core/protocol/lufa/LUFA-git/LUFA/Drivers/USB/Core/ConfigDescriptors.c **** 	*ConfigSizePtr = le16_to_cpu(DESCRIPTOR_PCAST(ConfigHeader, USB_Descriptor_Configuration_Header_t)
  58:./tmk_core/protocol/lufa/LUFA-git/LUFA/Drivers/USB/Core/ConfigDescriptors.c **** 
  59:./tmk_core/protocol/lufa/LUFA-git/LUFA/Drivers/USB/Core/ConfigDescriptors.c **** 	if (*ConfigSizePtr > BufferSize)
  60:./tmk_core/protocol/lufa/LUFA-git/LUFA/Drivers/USB/Core/ConfigDescriptors.c **** 	  return HOST_GETCONFIG_BuffOverflow;
  61:./tmk_core/protocol/lufa/LUFA-git/LUFA/Drivers/USB/Core/ConfigDescriptors.c **** 
  62:./tmk_core/protocol/lufa/LUFA-git/LUFA/Drivers/USB/Core/ConfigDescriptors.c **** 	USB_ControlRequest.wLength = *ConfigSizePtr;
  63:./tmk_core/protocol/lufa/LUFA-git/LUFA/Drivers/USB/Core/ConfigDescriptors.c **** 
  64:./tmk_core/protocol/lufa/LUFA-git/LUFA/Drivers/USB/Core/ConfigDescriptors.c **** 	if ((ErrorCode = USB_Host_SendControlRequest(BufferPtr)) != HOST_SENDCONTROL_Successful)
  65:./tmk_core/protocol/lufa/LUFA-git/LUFA/Drivers/USB/Core/ConfigDescriptors.c **** 	  return ErrorCode;
  66:./tmk_core/protocol/lufa/LUFA-git/LUFA/Drivers/USB/Core/ConfigDescriptors.c **** 
  67:./tmk_core/protocol/lufa/LUFA-git/LUFA/Drivers/USB/Core/ConfigDescriptors.c **** 	if (DESCRIPTOR_TYPE(BufferPtr) != DTYPE_Configuration)
  68:./tmk_core/protocol/lufa/LUFA-git/LUFA/Drivers/USB/Core/ConfigDescriptors.c **** 	  return HOST_GETCONFIG_InvalidData;
  69:./tmk_core/protocol/lufa/LUFA-git/LUFA/Drivers/USB/Core/ConfigDescriptors.c **** 
  70:./tmk_core/protocol/lufa/LUFA-git/LUFA/Drivers/USB/Core/ConfigDescriptors.c **** 	return HOST_GETCONFIG_Successful;
  71:./tmk_core/protocol/lufa/LUFA-git/LUFA/Drivers/USB/Core/ConfigDescriptors.c **** }
  72:./tmk_core/protocol/lufa/LUFA-git/LUFA/Drivers/USB/Core/ConfigDescriptors.c **** #endif
  73:./tmk_core/protocol/lufa/LUFA-git/LUFA/Drivers/USB/Core/ConfigDescriptors.c **** 
  74:./tmk_core/protocol/lufa/LUFA-git/LUFA/Drivers/USB/Core/ConfigDescriptors.c **** void USB_GetNextDescriptorOfType(uint16_t* const BytesRem,
  75:./tmk_core/protocol/lufa/LUFA-git/LUFA/Drivers/USB/Core/ConfigDescriptors.c ****                                  void** const CurrConfigLoc,
  76:./tmk_core/protocol/lufa/LUFA-git/LUFA/Drivers/USB/Core/ConfigDescriptors.c ****                                  const uint8_t Type)
  77:./tmk_core/protocol/lufa/LUFA-git/LUFA/Drivers/USB/Core/ConfigDescriptors.c **** {
  18               		.loc 1 77 1 view -0
  19               		.cfi_startproc
  20               		.loc 1 77 1 is_stmt 0 view .LVU1
  21 0000 CF93      		push r28
  22               	.LCFI0:
  23               		.cfi_def_cfa_offset 3
  24               		.cfi_offset 28, -2
  25 0002 DF93      		push r29
  26               	.LCFI1:
  27               		.cfi_def_cfa_offset 4
  28               		.cfi_offset 29, -3
  29               	/* prologue: function */
  30               	/* frame size = 0 */
  31               	/* stack size = 2 */
  32               	.L__stack_usage = 2
  33 0004 FC01      		movw r30,r24
  34 0006 DB01      		movw r26,r22
  78:./tmk_core/protocol/lufa/LUFA-git/LUFA/Drivers/USB/Core/ConfigDescriptors.c **** 	while (*BytesRem)
  35               		.loc 1 78 2 is_stmt 1 view .LVU2
  36               	.LVL1:
  37               	.L2:
  38               		.loc 1 78 9 view .LVU3
  39 0008 2081      		ld r18,Z
  40 000a 3181      		ldd r19,Z+1
  41 000c 2115      		cp r18,__zero_reg__
  42 000e 3105      		cpc r19,__zero_reg__
  43 0010 01F0      		breq .L1
  79:./tmk_core/protocol/lufa/LUFA-git/LUFA/Drivers/USB/Core/ConfigDescriptors.c **** 	{
  80:./tmk_core/protocol/lufa/LUFA-git/LUFA/Drivers/USB/Core/ConfigDescriptors.c **** 		USB_GetNextDescriptor(BytesRem, CurrConfigLoc);
  44               		.loc 1 80 3 view .LVU4
  45               	.LVL2:
  46               	.LBB4:
  47               	.LBI4:
  48               		.file 2 "./tmk_core/protocol/lufa/LUFA-git/LUFA/Drivers/USB/Core/ConfigDescriptors.h"
   1:./tmk_core/protocol/lufa/LUFA-git/LUFA/Drivers/USB/Core/ConfigDescriptors.h **** /*
   2:./tmk_core/protocol/lufa/LUFA-git/LUFA/Drivers/USB/Core/ConfigDescriptors.h ****              LUFA Library
   3:./tmk_core/protocol/lufa/LUFA-git/LUFA/Drivers/USB/Core/ConfigDescriptors.h ****      Copyright (C) Dean Camera, 2014.
   4:./tmk_core/protocol/lufa/LUFA-git/LUFA/Drivers/USB/Core/ConfigDescriptors.h **** 
   5:./tmk_core/protocol/lufa/LUFA-git/LUFA/Drivers/USB/Core/ConfigDescriptors.h ****   dean [at] fourwalledcubicle [dot] com
   6:./tmk_core/protocol/lufa/LUFA-git/LUFA/Drivers/USB/Core/ConfigDescriptors.h ****            www.lufa-lib.org
   7:./tmk_core/protocol/lufa/LUFA-git/LUFA/Drivers/USB/Core/ConfigDescriptors.h **** */
   8:./tmk_core/protocol/lufa/LUFA-git/LUFA/Drivers/USB/Core/ConfigDescriptors.h **** 
   9:./tmk_core/protocol/lufa/LUFA-git/LUFA/Drivers/USB/Core/ConfigDescriptors.h **** /*
  10:./tmk_core/protocol/lufa/LUFA-git/LUFA/Drivers/USB/Core/ConfigDescriptors.h ****   Copyright 2014  Dean Camera (dean [at] fourwalledcubicle [dot] com)
  11:./tmk_core/protocol/lufa/LUFA-git/LUFA/Drivers/USB/Core/ConfigDescriptors.h **** 
  12:./tmk_core/protocol/lufa/LUFA-git/LUFA/Drivers/USB/Core/ConfigDescriptors.h ****   Permission to use, copy, modify, distribute, and sell this
  13:./tmk_core/protocol/lufa/LUFA-git/LUFA/Drivers/USB/Core/ConfigDescriptors.h ****   software and its documentation for any purpose is hereby granted
  14:./tmk_core/protocol/lufa/LUFA-git/LUFA/Drivers/USB/Core/ConfigDescriptors.h ****   without fee, provided that the above copyright notice appear in
  15:./tmk_core/protocol/lufa/LUFA-git/LUFA/Drivers/USB/Core/ConfigDescriptors.h ****   all copies and that both that the copyright notice and this
  16:./tmk_core/protocol/lufa/LUFA-git/LUFA/Drivers/USB/Core/ConfigDescriptors.h ****   permission notice and warranty disclaimer appear in supporting
  17:./tmk_core/protocol/lufa/LUFA-git/LUFA/Drivers/USB/Core/ConfigDescriptors.h ****   documentation, and that the name of the author not be used in
  18:./tmk_core/protocol/lufa/LUFA-git/LUFA/Drivers/USB/Core/ConfigDescriptors.h ****   advertising or publicity pertaining to distribution of the
  19:./tmk_core/protocol/lufa/LUFA-git/LUFA/Drivers/USB/Core/ConfigDescriptors.h ****   software without specific, written prior permission.
  20:./tmk_core/protocol/lufa/LUFA-git/LUFA/Drivers/USB/Core/ConfigDescriptors.h **** 
  21:./tmk_core/protocol/lufa/LUFA-git/LUFA/Drivers/USB/Core/ConfigDescriptors.h ****   The author disclaims all warranties with regard to this
  22:./tmk_core/protocol/lufa/LUFA-git/LUFA/Drivers/USB/Core/ConfigDescriptors.h ****   software, including all implied warranties of merchantability
  23:./tmk_core/protocol/lufa/LUFA-git/LUFA/Drivers/USB/Core/ConfigDescriptors.h ****   and fitness.  In no event shall the author be liable for any
  24:./tmk_core/protocol/lufa/LUFA-git/LUFA/Drivers/USB/Core/ConfigDescriptors.h ****   special, indirect or consequential damages or any damages
  25:./tmk_core/protocol/lufa/LUFA-git/LUFA/Drivers/USB/Core/ConfigDescriptors.h ****   whatsoever resulting from loss of use, data or profits, whether
  26:./tmk_core/protocol/lufa/LUFA-git/LUFA/Drivers/USB/Core/ConfigDescriptors.h ****   in an action of contract, negligence or other tortious action,
  27:./tmk_core/protocol/lufa/LUFA-git/LUFA/Drivers/USB/Core/ConfigDescriptors.h ****   arising out of or in connection with the use or performance of
  28:./tmk_core/protocol/lufa/LUFA-git/LUFA/Drivers/USB/Core/ConfigDescriptors.h ****   this software.
  29:./tmk_core/protocol/lufa/LUFA-git/LUFA/Drivers/USB/Core/ConfigDescriptors.h **** */
  30:./tmk_core/protocol/lufa/LUFA-git/LUFA/Drivers/USB/Core/ConfigDescriptors.h **** 
  31:./tmk_core/protocol/lufa/LUFA-git/LUFA/Drivers/USB/Core/ConfigDescriptors.h **** /** \file
  32:./tmk_core/protocol/lufa/LUFA-git/LUFA/Drivers/USB/Core/ConfigDescriptors.h ****  *  \brief USB Configuration Descriptor definitions.
  33:./tmk_core/protocol/lufa/LUFA-git/LUFA/Drivers/USB/Core/ConfigDescriptors.h ****  *  \copydetails Group_ConfigDescriptorParser
  34:./tmk_core/protocol/lufa/LUFA-git/LUFA/Drivers/USB/Core/ConfigDescriptors.h ****  *
  35:./tmk_core/protocol/lufa/LUFA-git/LUFA/Drivers/USB/Core/ConfigDescriptors.h ****  *  \note This file should not be included directly. It is automatically included as needed by the 
  36:./tmk_core/protocol/lufa/LUFA-git/LUFA/Drivers/USB/Core/ConfigDescriptors.h ****  *        dispatch header located in LUFA/Drivers/USB/USB.h.
  37:./tmk_core/protocol/lufa/LUFA-git/LUFA/Drivers/USB/Core/ConfigDescriptors.h ****  */
  38:./tmk_core/protocol/lufa/LUFA-git/LUFA/Drivers/USB/Core/ConfigDescriptors.h **** 
  39:./tmk_core/protocol/lufa/LUFA-git/LUFA/Drivers/USB/Core/ConfigDescriptors.h **** /** \ingroup Group_StdDescriptors
  40:./tmk_core/protocol/lufa/LUFA-git/LUFA/Drivers/USB/Core/ConfigDescriptors.h ****  *  \defgroup Group_ConfigDescriptorParser Configuration Descriptor Parser
  41:./tmk_core/protocol/lufa/LUFA-git/LUFA/Drivers/USB/Core/ConfigDescriptors.h ****  *  \brief USB Configuration Descriptor definitions.
  42:./tmk_core/protocol/lufa/LUFA-git/LUFA/Drivers/USB/Core/ConfigDescriptors.h ****  *
  43:./tmk_core/protocol/lufa/LUFA-git/LUFA/Drivers/USB/Core/ConfigDescriptors.h ****  *  This section of the library gives a friendly API which can be used in host applications to easi
  44:./tmk_core/protocol/lufa/LUFA-git/LUFA/Drivers/USB/Core/ConfigDescriptors.h ****  *  parse an attached device's configuration descriptor so that endpoint, interface and other descr
  45:./tmk_core/protocol/lufa/LUFA-git/LUFA/Drivers/USB/Core/ConfigDescriptors.h ****  *  data can be extracted and used as needed.
  46:./tmk_core/protocol/lufa/LUFA-git/LUFA/Drivers/USB/Core/ConfigDescriptors.h ****  *
  47:./tmk_core/protocol/lufa/LUFA-git/LUFA/Drivers/USB/Core/ConfigDescriptors.h ****  *  @{
  48:./tmk_core/protocol/lufa/LUFA-git/LUFA/Drivers/USB/Core/ConfigDescriptors.h ****  */
  49:./tmk_core/protocol/lufa/LUFA-git/LUFA/Drivers/USB/Core/ConfigDescriptors.h **** 
  50:./tmk_core/protocol/lufa/LUFA-git/LUFA/Drivers/USB/Core/ConfigDescriptors.h **** #ifndef __CONFIGDESCRIPTORS_H__
  51:./tmk_core/protocol/lufa/LUFA-git/LUFA/Drivers/USB/Core/ConfigDescriptors.h **** #define __CONFIGDESCRIPTORS_H__
  52:./tmk_core/protocol/lufa/LUFA-git/LUFA/Drivers/USB/Core/ConfigDescriptors.h **** 
  53:./tmk_core/protocol/lufa/LUFA-git/LUFA/Drivers/USB/Core/ConfigDescriptors.h **** 	/* Includes: */
  54:./tmk_core/protocol/lufa/LUFA-git/LUFA/Drivers/USB/Core/ConfigDescriptors.h **** 		#include "../../../Common/Common.h"
  55:./tmk_core/protocol/lufa/LUFA-git/LUFA/Drivers/USB/Core/ConfigDescriptors.h **** 		#include "USBMode.h"
  56:./tmk_core/protocol/lufa/LUFA-git/LUFA/Drivers/USB/Core/ConfigDescriptors.h **** 		#include "HostStandardReq.h"
  57:./tmk_core/protocol/lufa/LUFA-git/LUFA/Drivers/USB/Core/ConfigDescriptors.h **** 		#include "StdDescriptors.h"
  58:./tmk_core/protocol/lufa/LUFA-git/LUFA/Drivers/USB/Core/ConfigDescriptors.h **** 
  59:./tmk_core/protocol/lufa/LUFA-git/LUFA/Drivers/USB/Core/ConfigDescriptors.h **** 	/* Enable C linkage for C++ Compilers: */
  60:./tmk_core/protocol/lufa/LUFA-git/LUFA/Drivers/USB/Core/ConfigDescriptors.h **** 		#if defined(__cplusplus)
  61:./tmk_core/protocol/lufa/LUFA-git/LUFA/Drivers/USB/Core/ConfigDescriptors.h **** 			extern "C" {
  62:./tmk_core/protocol/lufa/LUFA-git/LUFA/Drivers/USB/Core/ConfigDescriptors.h **** 		#endif
  63:./tmk_core/protocol/lufa/LUFA-git/LUFA/Drivers/USB/Core/ConfigDescriptors.h **** 
  64:./tmk_core/protocol/lufa/LUFA-git/LUFA/Drivers/USB/Core/ConfigDescriptors.h **** 	/* Preprocessor Checks: */
  65:./tmk_core/protocol/lufa/LUFA-git/LUFA/Drivers/USB/Core/ConfigDescriptors.h **** 		#if !defined(__INCLUDE_FROM_USB_DRIVER)
  66:./tmk_core/protocol/lufa/LUFA-git/LUFA/Drivers/USB/Core/ConfigDescriptors.h **** 			#error Do not include this file directly. Include LUFA/Drivers/USB/USB.h instead.
  67:./tmk_core/protocol/lufa/LUFA-git/LUFA/Drivers/USB/Core/ConfigDescriptors.h **** 		#endif
  68:./tmk_core/protocol/lufa/LUFA-git/LUFA/Drivers/USB/Core/ConfigDescriptors.h **** 
  69:./tmk_core/protocol/lufa/LUFA-git/LUFA/Drivers/USB/Core/ConfigDescriptors.h **** 	/* Public Interface - May be used in end-application: */
  70:./tmk_core/protocol/lufa/LUFA-git/LUFA/Drivers/USB/Core/ConfigDescriptors.h **** 		/* Macros: */
  71:./tmk_core/protocol/lufa/LUFA-git/LUFA/Drivers/USB/Core/ConfigDescriptors.h **** 			/** Casts a pointer to a descriptor inside the configuration descriptor into a pointer to the gi
  72:./tmk_core/protocol/lufa/LUFA-git/LUFA/Drivers/USB/Core/ConfigDescriptors.h **** 			 *  descriptor type.
  73:./tmk_core/protocol/lufa/LUFA-git/LUFA/Drivers/USB/Core/ConfigDescriptors.h **** 			 *
  74:./tmk_core/protocol/lufa/LUFA-git/LUFA/Drivers/USB/Core/ConfigDescriptors.h **** 			 *  Usage Example:
  75:./tmk_core/protocol/lufa/LUFA-git/LUFA/Drivers/USB/Core/ConfigDescriptors.h **** 			 *  \code
  76:./tmk_core/protocol/lufa/LUFA-git/LUFA/Drivers/USB/Core/ConfigDescriptors.h **** 			 *  uint8_t* CurrDescriptor = &ConfigDescriptor[0]; // Pointing to the configuration header
  77:./tmk_core/protocol/lufa/LUFA-git/LUFA/Drivers/USB/Core/ConfigDescriptors.h **** 			 *  USB_Descriptor_Configuration_Header_t* ConfigHeaderPtr = DESCRIPTOR_PCAST(CurrDescriptor,
  78:./tmk_core/protocol/lufa/LUFA-git/LUFA/Drivers/USB/Core/ConfigDescriptors.h **** 			 *                                                           USB_Descriptor_Configuration_Header
  79:./tmk_core/protocol/lufa/LUFA-git/LUFA/Drivers/USB/Core/ConfigDescriptors.h **** 			 *
  80:./tmk_core/protocol/lufa/LUFA-git/LUFA/Drivers/USB/Core/ConfigDescriptors.h **** 			 *  // Can now access elements of the configuration header struct using the -> indirection opera
  81:./tmk_core/protocol/lufa/LUFA-git/LUFA/Drivers/USB/Core/ConfigDescriptors.h **** 			 *  \endcode
  82:./tmk_core/protocol/lufa/LUFA-git/LUFA/Drivers/USB/Core/ConfigDescriptors.h **** 			 */
  83:./tmk_core/protocol/lufa/LUFA-git/LUFA/Drivers/USB/Core/ConfigDescriptors.h **** 			#define DESCRIPTOR_PCAST(DescriptorPtr, Type) ((Type*)(DescriptorPtr))
  84:./tmk_core/protocol/lufa/LUFA-git/LUFA/Drivers/USB/Core/ConfigDescriptors.h **** 
  85:./tmk_core/protocol/lufa/LUFA-git/LUFA/Drivers/USB/Core/ConfigDescriptors.h **** 			/** Casts a pointer to a descriptor inside the configuration descriptor into the given descripto
  86:./tmk_core/protocol/lufa/LUFA-git/LUFA/Drivers/USB/Core/ConfigDescriptors.h **** 			 *  type (as an actual struct instance rather than a pointer to a struct).
  87:./tmk_core/protocol/lufa/LUFA-git/LUFA/Drivers/USB/Core/ConfigDescriptors.h **** 			 *
  88:./tmk_core/protocol/lufa/LUFA-git/LUFA/Drivers/USB/Core/ConfigDescriptors.h **** 			 *  Usage Example:
  89:./tmk_core/protocol/lufa/LUFA-git/LUFA/Drivers/USB/Core/ConfigDescriptors.h **** 			 *  \code
  90:./tmk_core/protocol/lufa/LUFA-git/LUFA/Drivers/USB/Core/ConfigDescriptors.h **** 			 *  uint8_t* CurrDescriptor = &ConfigDescriptor[0]; // Pointing to the configuration header
  91:./tmk_core/protocol/lufa/LUFA-git/LUFA/Drivers/USB/Core/ConfigDescriptors.h **** 			 *  USB_Descriptor_Configuration_Header_t ConfigHeader = DESCRIPTOR_CAST(CurrDescriptor,
  92:./tmk_core/protocol/lufa/LUFA-git/LUFA/Drivers/USB/Core/ConfigDescriptors.h **** 			 *                                                       USB_Descriptor_Configuration_Header_t);
  93:./tmk_core/protocol/lufa/LUFA-git/LUFA/Drivers/USB/Core/ConfigDescriptors.h **** 			 *
  94:./tmk_core/protocol/lufa/LUFA-git/LUFA/Drivers/USB/Core/ConfigDescriptors.h **** 			 *  // Can now access elements of the configuration header struct using the . operator
  95:./tmk_core/protocol/lufa/LUFA-git/LUFA/Drivers/USB/Core/ConfigDescriptors.h **** 			 *  \endcode
  96:./tmk_core/protocol/lufa/LUFA-git/LUFA/Drivers/USB/Core/ConfigDescriptors.h **** 			 */
  97:./tmk_core/protocol/lufa/LUFA-git/LUFA/Drivers/USB/Core/ConfigDescriptors.h **** 			#define DESCRIPTOR_CAST(DescriptorPtr, Type)  (*DESCRIPTOR_PCAST(DescriptorPtr, Type))
  98:./tmk_core/protocol/lufa/LUFA-git/LUFA/Drivers/USB/Core/ConfigDescriptors.h **** 
  99:./tmk_core/protocol/lufa/LUFA-git/LUFA/Drivers/USB/Core/ConfigDescriptors.h **** 			/** Returns the descriptor's type, expressed as the 8-bit type value in the header of the descri
 100:./tmk_core/protocol/lufa/LUFA-git/LUFA/Drivers/USB/Core/ConfigDescriptors.h **** 			 *  This value's meaning depends on the descriptor's placement in the descriptor, but standard t
 101:./tmk_core/protocol/lufa/LUFA-git/LUFA/Drivers/USB/Core/ConfigDescriptors.h **** 			 *  values can be accessed in the \ref USB_DescriptorTypes_t enum.
 102:./tmk_core/protocol/lufa/LUFA-git/LUFA/Drivers/USB/Core/ConfigDescriptors.h **** 			 */
 103:./tmk_core/protocol/lufa/LUFA-git/LUFA/Drivers/USB/Core/ConfigDescriptors.h **** 			#define DESCRIPTOR_TYPE(DescriptorPtr)    DESCRIPTOR_PCAST(DescriptorPtr, USB_Descriptor_Header_
 104:./tmk_core/protocol/lufa/LUFA-git/LUFA/Drivers/USB/Core/ConfigDescriptors.h **** 
 105:./tmk_core/protocol/lufa/LUFA-git/LUFA/Drivers/USB/Core/ConfigDescriptors.h **** 			/** Returns the descriptor's size, expressed as the 8-bit value indicating the number of bytes. 
 106:./tmk_core/protocol/lufa/LUFA-git/LUFA/Drivers/USB/Core/ConfigDescriptors.h **** 			#define DESCRIPTOR_SIZE(DescriptorPtr)    DESCRIPTOR_PCAST(DescriptorPtr, USB_Descriptor_Header_
 107:./tmk_core/protocol/lufa/LUFA-git/LUFA/Drivers/USB/Core/ConfigDescriptors.h **** 
 108:./tmk_core/protocol/lufa/LUFA-git/LUFA/Drivers/USB/Core/ConfigDescriptors.h **** 		/* Type Defines: */
 109:./tmk_core/protocol/lufa/LUFA-git/LUFA/Drivers/USB/Core/ConfigDescriptors.h **** 			/** Type define for a Configuration Descriptor comparator function (function taking a pointer to
 110:./tmk_core/protocol/lufa/LUFA-git/LUFA/Drivers/USB/Core/ConfigDescriptors.h **** 			 *  of type void, returning a uint8_t value).
 111:./tmk_core/protocol/lufa/LUFA-git/LUFA/Drivers/USB/Core/ConfigDescriptors.h **** 			 *
 112:./tmk_core/protocol/lufa/LUFA-git/LUFA/Drivers/USB/Core/ConfigDescriptors.h **** 			 *  \see \ref USB_GetNextDescriptorComp function for more details.
 113:./tmk_core/protocol/lufa/LUFA-git/LUFA/Drivers/USB/Core/ConfigDescriptors.h **** 			 */
 114:./tmk_core/protocol/lufa/LUFA-git/LUFA/Drivers/USB/Core/ConfigDescriptors.h **** 			typedef uint8_t (* ConfigComparatorPtr_t)(void*);
 115:./tmk_core/protocol/lufa/LUFA-git/LUFA/Drivers/USB/Core/ConfigDescriptors.h **** 
 116:./tmk_core/protocol/lufa/LUFA-git/LUFA/Drivers/USB/Core/ConfigDescriptors.h **** 		/* Enums: */
 117:./tmk_core/protocol/lufa/LUFA-git/LUFA/Drivers/USB/Core/ConfigDescriptors.h **** 			/** Enum for the possible return codes of the \ref USB_Host_GetDeviceConfigDescriptor() function
 118:./tmk_core/protocol/lufa/LUFA-git/LUFA/Drivers/USB/Core/ConfigDescriptors.h **** 			enum USB_Host_GetConfigDescriptor_ErrorCodes_t
 119:./tmk_core/protocol/lufa/LUFA-git/LUFA/Drivers/USB/Core/ConfigDescriptors.h **** 			{
 120:./tmk_core/protocol/lufa/LUFA-git/LUFA/Drivers/USB/Core/ConfigDescriptors.h **** 				HOST_GETCONFIG_Successful       = 0, /**< No error occurred while retrieving the configuration 
 121:./tmk_core/protocol/lufa/LUFA-git/LUFA/Drivers/USB/Core/ConfigDescriptors.h **** 				HOST_GETCONFIG_DeviceDisconnect = 1, /**< The attached device was disconnected while retrieving
 122:./tmk_core/protocol/lufa/LUFA-git/LUFA/Drivers/USB/Core/ConfigDescriptors.h **** 				                                      *   descriptor.
 123:./tmk_core/protocol/lufa/LUFA-git/LUFA/Drivers/USB/Core/ConfigDescriptors.h **** 				                                      */
 124:./tmk_core/protocol/lufa/LUFA-git/LUFA/Drivers/USB/Core/ConfigDescriptors.h **** 				HOST_GETCONFIG_PipeError        = 2, /**< An error occurred in the pipe while sending the reque
 125:./tmk_core/protocol/lufa/LUFA-git/LUFA/Drivers/USB/Core/ConfigDescriptors.h **** 				HOST_GETCONFIG_SetupStalled     = 3, /**< The attached device stalled the request to retrieve t
 126:./tmk_core/protocol/lufa/LUFA-git/LUFA/Drivers/USB/Core/ConfigDescriptors.h **** 				                                      *   descriptor.
 127:./tmk_core/protocol/lufa/LUFA-git/LUFA/Drivers/USB/Core/ConfigDescriptors.h **** 				                                      */
 128:./tmk_core/protocol/lufa/LUFA-git/LUFA/Drivers/USB/Core/ConfigDescriptors.h **** 				HOST_GETCONFIG_SoftwareTimeOut  = 4, /**< The request or data transfer timed out. */
 129:./tmk_core/protocol/lufa/LUFA-git/LUFA/Drivers/USB/Core/ConfigDescriptors.h **** 				HOST_GETCONFIG_BuffOverflow     = 5, /**< The device's configuration descriptor is too large to
 130:./tmk_core/protocol/lufa/LUFA-git/LUFA/Drivers/USB/Core/ConfigDescriptors.h **** 				                                      *   buffer.
 131:./tmk_core/protocol/lufa/LUFA-git/LUFA/Drivers/USB/Core/ConfigDescriptors.h **** 				                                      */
 132:./tmk_core/protocol/lufa/LUFA-git/LUFA/Drivers/USB/Core/ConfigDescriptors.h **** 				HOST_GETCONFIG_InvalidData      = 6, /**< The device returned invalid configuration descriptor 
 133:./tmk_core/protocol/lufa/LUFA-git/LUFA/Drivers/USB/Core/ConfigDescriptors.h **** 			};
 134:./tmk_core/protocol/lufa/LUFA-git/LUFA/Drivers/USB/Core/ConfigDescriptors.h **** 
 135:./tmk_core/protocol/lufa/LUFA-git/LUFA/Drivers/USB/Core/ConfigDescriptors.h **** 			/** Enum for return values of a descriptor comparator function. */
 136:./tmk_core/protocol/lufa/LUFA-git/LUFA/Drivers/USB/Core/ConfigDescriptors.h **** 			enum DSearch_Return_ErrorCodes_t
 137:./tmk_core/protocol/lufa/LUFA-git/LUFA/Drivers/USB/Core/ConfigDescriptors.h **** 			{
 138:./tmk_core/protocol/lufa/LUFA-git/LUFA/Drivers/USB/Core/ConfigDescriptors.h **** 				DESCRIPTOR_SEARCH_Found                = 0, /**< Current descriptor matches comparator criteria
 139:./tmk_core/protocol/lufa/LUFA-git/LUFA/Drivers/USB/Core/ConfigDescriptors.h **** 				DESCRIPTOR_SEARCH_Fail                 = 1, /**< No further descriptor could possibly match cri
 140:./tmk_core/protocol/lufa/LUFA-git/LUFA/Drivers/USB/Core/ConfigDescriptors.h **** 				DESCRIPTOR_SEARCH_NotFound             = 2, /**< Current descriptor does not match comparator c
 141:./tmk_core/protocol/lufa/LUFA-git/LUFA/Drivers/USB/Core/ConfigDescriptors.h **** 			};
 142:./tmk_core/protocol/lufa/LUFA-git/LUFA/Drivers/USB/Core/ConfigDescriptors.h **** 
 143:./tmk_core/protocol/lufa/LUFA-git/LUFA/Drivers/USB/Core/ConfigDescriptors.h **** 			/** Enum for return values of \ref USB_GetNextDescriptorComp(). */
 144:./tmk_core/protocol/lufa/LUFA-git/LUFA/Drivers/USB/Core/ConfigDescriptors.h **** 			enum DSearch_Comp_Return_ErrorCodes_t
 145:./tmk_core/protocol/lufa/LUFA-git/LUFA/Drivers/USB/Core/ConfigDescriptors.h **** 			{
 146:./tmk_core/protocol/lufa/LUFA-git/LUFA/Drivers/USB/Core/ConfigDescriptors.h **** 				DESCRIPTOR_SEARCH_COMP_Found           = 0, /**< Configuration descriptor now points to descrip
 147:./tmk_core/protocol/lufa/LUFA-git/LUFA/Drivers/USB/Core/ConfigDescriptors.h **** 				                                             *   search criteria of the given comparator functi
 148:./tmk_core/protocol/lufa/LUFA-git/LUFA/Drivers/USB/Core/ConfigDescriptors.h **** 				DESCRIPTOR_SEARCH_COMP_Fail            = 1, /**< Comparator function returned \ref DESCRIPTOR_S
 149:./tmk_core/protocol/lufa/LUFA-git/LUFA/Drivers/USB/Core/ConfigDescriptors.h **** 				DESCRIPTOR_SEARCH_COMP_EndOfDescriptor = 2, /**< End of configuration descriptor reached before
 150:./tmk_core/protocol/lufa/LUFA-git/LUFA/Drivers/USB/Core/ConfigDescriptors.h **** 			};
 151:./tmk_core/protocol/lufa/LUFA-git/LUFA/Drivers/USB/Core/ConfigDescriptors.h **** 
 152:./tmk_core/protocol/lufa/LUFA-git/LUFA/Drivers/USB/Core/ConfigDescriptors.h **** 		/* Function Prototypes: */
 153:./tmk_core/protocol/lufa/LUFA-git/LUFA/Drivers/USB/Core/ConfigDescriptors.h **** 			/** Retrieves the configuration descriptor data from an attached device via a standard request i
 154:./tmk_core/protocol/lufa/LUFA-git/LUFA/Drivers/USB/Core/ConfigDescriptors.h **** 			 *  including validity and size checking to prevent a buffer overflow.
 155:./tmk_core/protocol/lufa/LUFA-git/LUFA/Drivers/USB/Core/ConfigDescriptors.h **** 			 *
 156:./tmk_core/protocol/lufa/LUFA-git/LUFA/Drivers/USB/Core/ConfigDescriptors.h **** 			 *  \param[in]     ConfigNumber   Device configuration descriptor number to fetch from the devic
 157:./tmk_core/protocol/lufa/LUFA-git/LUFA/Drivers/USB/Core/ConfigDescriptors.h **** 			 *                                single configuration devices).
 158:./tmk_core/protocol/lufa/LUFA-git/LUFA/Drivers/USB/Core/ConfigDescriptors.h **** 			 *  \param[in,out] ConfigSizePtr  Pointer to a location for storing the retrieved configuration 
 159:./tmk_core/protocol/lufa/LUFA-git/LUFA/Drivers/USB/Core/ConfigDescriptors.h **** 			 *  \param[out]    BufferPtr      Pointer to the buffer for storing the configuration descriptor
 160:./tmk_core/protocol/lufa/LUFA-git/LUFA/Drivers/USB/Core/ConfigDescriptors.h **** 			 *  \param[out]    BufferSize     Size of the allocated buffer where the configuration descripto
 161:./tmk_core/protocol/lufa/LUFA-git/LUFA/Drivers/USB/Core/ConfigDescriptors.h **** 			 *
 162:./tmk_core/protocol/lufa/LUFA-git/LUFA/Drivers/USB/Core/ConfigDescriptors.h **** 			 *  \return A value from the \ref USB_Host_GetConfigDescriptor_ErrorCodes_t enum.
 163:./tmk_core/protocol/lufa/LUFA-git/LUFA/Drivers/USB/Core/ConfigDescriptors.h **** 			 */
 164:./tmk_core/protocol/lufa/LUFA-git/LUFA/Drivers/USB/Core/ConfigDescriptors.h **** 			uint8_t USB_Host_GetDeviceConfigDescriptor(const uint8_t ConfigNumber,
 165:./tmk_core/protocol/lufa/LUFA-git/LUFA/Drivers/USB/Core/ConfigDescriptors.h **** 			                                           uint16_t* const ConfigSizePtr,
 166:./tmk_core/protocol/lufa/LUFA-git/LUFA/Drivers/USB/Core/ConfigDescriptors.h **** 			                                           void* const BufferPtr,
 167:./tmk_core/protocol/lufa/LUFA-git/LUFA/Drivers/USB/Core/ConfigDescriptors.h **** 			                                           const uint16_t BufferSize) ATTR_NON_NULL_PTR_ARG(2) A
 168:./tmk_core/protocol/lufa/LUFA-git/LUFA/Drivers/USB/Core/ConfigDescriptors.h **** 
 169:./tmk_core/protocol/lufa/LUFA-git/LUFA/Drivers/USB/Core/ConfigDescriptors.h **** 			/** Skips to the next sub-descriptor inside the configuration descriptor of the specified type v
 170:./tmk_core/protocol/lufa/LUFA-git/LUFA/Drivers/USB/Core/ConfigDescriptors.h **** 			 *  The bytes remaining value is automatically decremented.
 171:./tmk_core/protocol/lufa/LUFA-git/LUFA/Drivers/USB/Core/ConfigDescriptors.h **** 			 *
 172:./tmk_core/protocol/lufa/LUFA-git/LUFA/Drivers/USB/Core/ConfigDescriptors.h **** 			 * \param[in,out] BytesRem       Pointer to the number of bytes remaining of the configuration d
 173:./tmk_core/protocol/lufa/LUFA-git/LUFA/Drivers/USB/Core/ConfigDescriptors.h **** 			 * \param[in,out] CurrConfigLoc  Pointer to the current descriptor inside the configuration desc
 174:./tmk_core/protocol/lufa/LUFA-git/LUFA/Drivers/USB/Core/ConfigDescriptors.h **** 			 * \param[in]     Type           Descriptor type value to search for.
 175:./tmk_core/protocol/lufa/LUFA-git/LUFA/Drivers/USB/Core/ConfigDescriptors.h **** 			 */
 176:./tmk_core/protocol/lufa/LUFA-git/LUFA/Drivers/USB/Core/ConfigDescriptors.h **** 			void USB_GetNextDescriptorOfType(uint16_t* const BytesRem,
 177:./tmk_core/protocol/lufa/LUFA-git/LUFA/Drivers/USB/Core/ConfigDescriptors.h **** 			                                 void** const CurrConfigLoc,
 178:./tmk_core/protocol/lufa/LUFA-git/LUFA/Drivers/USB/Core/ConfigDescriptors.h **** 			                                 const uint8_t Type)
 179:./tmk_core/protocol/lufa/LUFA-git/LUFA/Drivers/USB/Core/ConfigDescriptors.h **** 			                                 ATTR_NON_NULL_PTR_ARG(1) ATTR_NON_NULL_PTR_ARG(2);
 180:./tmk_core/protocol/lufa/LUFA-git/LUFA/Drivers/USB/Core/ConfigDescriptors.h **** 
 181:./tmk_core/protocol/lufa/LUFA-git/LUFA/Drivers/USB/Core/ConfigDescriptors.h **** 			/** Skips to the next sub-descriptor inside the configuration descriptor of the specified type v
 182:./tmk_core/protocol/lufa/LUFA-git/LUFA/Drivers/USB/Core/ConfigDescriptors.h **** 			 *  which must come before a descriptor of the second given type value. If the BeforeType type
 183:./tmk_core/protocol/lufa/LUFA-git/LUFA/Drivers/USB/Core/ConfigDescriptors.h **** 			 *  descriptor is reached first, the number of bytes remaining to process is set to zero and the
 184:./tmk_core/protocol/lufa/LUFA-git/LUFA/Drivers/USB/Core/ConfigDescriptors.h **** 			 *  function exits. The bytes remaining value is automatically decremented.
 185:./tmk_core/protocol/lufa/LUFA-git/LUFA/Drivers/USB/Core/ConfigDescriptors.h **** 			 *
 186:./tmk_core/protocol/lufa/LUFA-git/LUFA/Drivers/USB/Core/ConfigDescriptors.h **** 			 * \param[in,out] BytesRem       Pointer to the number of bytes remaining of the configuration d
 187:./tmk_core/protocol/lufa/LUFA-git/LUFA/Drivers/USB/Core/ConfigDescriptors.h **** 			 * \param[in,out] CurrConfigLoc  Pointer to the current descriptor inside the configuration desc
 188:./tmk_core/protocol/lufa/LUFA-git/LUFA/Drivers/USB/Core/ConfigDescriptors.h **** 			 * \param[in]     Type           Descriptor type value to search for.
 189:./tmk_core/protocol/lufa/LUFA-git/LUFA/Drivers/USB/Core/ConfigDescriptors.h **** 			 * \param[in]     BeforeType     Descriptor type value which must not be reached before the give
 190:./tmk_core/protocol/lufa/LUFA-git/LUFA/Drivers/USB/Core/ConfigDescriptors.h **** 			 */
 191:./tmk_core/protocol/lufa/LUFA-git/LUFA/Drivers/USB/Core/ConfigDescriptors.h **** 			void USB_GetNextDescriptorOfTypeBefore(uint16_t* const BytesRem,
 192:./tmk_core/protocol/lufa/LUFA-git/LUFA/Drivers/USB/Core/ConfigDescriptors.h **** 			                                       void** const CurrConfigLoc,
 193:./tmk_core/protocol/lufa/LUFA-git/LUFA/Drivers/USB/Core/ConfigDescriptors.h **** 			                                       const uint8_t Type,
 194:./tmk_core/protocol/lufa/LUFA-git/LUFA/Drivers/USB/Core/ConfigDescriptors.h **** 			                                       const uint8_t BeforeType)
 195:./tmk_core/protocol/lufa/LUFA-git/LUFA/Drivers/USB/Core/ConfigDescriptors.h **** 			                                       ATTR_NON_NULL_PTR_ARG(1) ATTR_NON_NULL_PTR_ARG(2);
 196:./tmk_core/protocol/lufa/LUFA-git/LUFA/Drivers/USB/Core/ConfigDescriptors.h **** 
 197:./tmk_core/protocol/lufa/LUFA-git/LUFA/Drivers/USB/Core/ConfigDescriptors.h **** 			/** Skips to the next sub-descriptor inside the configuration descriptor of the specified type v
 198:./tmk_core/protocol/lufa/LUFA-git/LUFA/Drivers/USB/Core/ConfigDescriptors.h **** 			 *  which must come after a descriptor of the second given type value. The bytes remaining value
 199:./tmk_core/protocol/lufa/LUFA-git/LUFA/Drivers/USB/Core/ConfigDescriptors.h **** 			 *  automatically decremented.
 200:./tmk_core/protocol/lufa/LUFA-git/LUFA/Drivers/USB/Core/ConfigDescriptors.h **** 			 *
 201:./tmk_core/protocol/lufa/LUFA-git/LUFA/Drivers/USB/Core/ConfigDescriptors.h **** 			 * \param[in,out] BytesRem       Pointer to the number of bytes remaining of the configuration d
 202:./tmk_core/protocol/lufa/LUFA-git/LUFA/Drivers/USB/Core/ConfigDescriptors.h **** 			 * \param[in,out] CurrConfigLoc  Pointer to the current descriptor inside the configuration desc
 203:./tmk_core/protocol/lufa/LUFA-git/LUFA/Drivers/USB/Core/ConfigDescriptors.h **** 			 * \param[in]     Type           Descriptor type value to search for.
 204:./tmk_core/protocol/lufa/LUFA-git/LUFA/Drivers/USB/Core/ConfigDescriptors.h **** 			 * \param[in]     AfterType      Descriptor type value which must be reached before the given Ty
 205:./tmk_core/protocol/lufa/LUFA-git/LUFA/Drivers/USB/Core/ConfigDescriptors.h **** 			 */
 206:./tmk_core/protocol/lufa/LUFA-git/LUFA/Drivers/USB/Core/ConfigDescriptors.h **** 			void USB_GetNextDescriptorOfTypeAfter(uint16_t* const BytesRem,
 207:./tmk_core/protocol/lufa/LUFA-git/LUFA/Drivers/USB/Core/ConfigDescriptors.h **** 			                                      void** const CurrConfigLoc,
 208:./tmk_core/protocol/lufa/LUFA-git/LUFA/Drivers/USB/Core/ConfigDescriptors.h **** 			                                      const uint8_t Type,
 209:./tmk_core/protocol/lufa/LUFA-git/LUFA/Drivers/USB/Core/ConfigDescriptors.h **** 			                                      const uint8_t AfterType)
 210:./tmk_core/protocol/lufa/LUFA-git/LUFA/Drivers/USB/Core/ConfigDescriptors.h **** 			                                      ATTR_NON_NULL_PTR_ARG(1) ATTR_NON_NULL_PTR_ARG(2);
 211:./tmk_core/protocol/lufa/LUFA-git/LUFA/Drivers/USB/Core/ConfigDescriptors.h **** 
 212:./tmk_core/protocol/lufa/LUFA-git/LUFA/Drivers/USB/Core/ConfigDescriptors.h **** 			/** Searches for the next descriptor in the given configuration descriptor using a pre-made comp
 213:./tmk_core/protocol/lufa/LUFA-git/LUFA/Drivers/USB/Core/ConfigDescriptors.h **** 			 *  function. The routine updates the position and remaining configuration descriptor bytes valu
 214:./tmk_core/protocol/lufa/LUFA-git/LUFA/Drivers/USB/Core/ConfigDescriptors.h **** 			 *  automatically. If a comparator routine fails a search, the descriptor pointer is retreated b
 215:./tmk_core/protocol/lufa/LUFA-git/LUFA/Drivers/USB/Core/ConfigDescriptors.h **** 			 *  so that the next descriptor search invocation will start from the descriptor which first cau
 216:./tmk_core/protocol/lufa/LUFA-git/LUFA/Drivers/USB/Core/ConfigDescriptors.h **** 			 *  original search to fail. This behavior allows for one comparator to be used immediately afte
 217:./tmk_core/protocol/lufa/LUFA-git/LUFA/Drivers/USB/Core/ConfigDescriptors.h **** 			 *  has failed, starting the second search from the descriptor which failed the first.
 218:./tmk_core/protocol/lufa/LUFA-git/LUFA/Drivers/USB/Core/ConfigDescriptors.h **** 			 *
 219:./tmk_core/protocol/lufa/LUFA-git/LUFA/Drivers/USB/Core/ConfigDescriptors.h **** 			 *  Comparator functions should be standard functions which accept a pointer to the header of th
 220:./tmk_core/protocol/lufa/LUFA-git/LUFA/Drivers/USB/Core/ConfigDescriptors.h **** 			 *  descriptor inside the configuration descriptor which is being compared, and should return a 
 221:./tmk_core/protocol/lufa/LUFA-git/LUFA/Drivers/USB/Core/ConfigDescriptors.h **** 			 *  the \ref DSearch_Return_ErrorCodes_t enum as a uint8_t value.
 222:./tmk_core/protocol/lufa/LUFA-git/LUFA/Drivers/USB/Core/ConfigDescriptors.h **** 			 *
 223:./tmk_core/protocol/lufa/LUFA-git/LUFA/Drivers/USB/Core/ConfigDescriptors.h **** 			 *  \note This function is available in USB Host mode only.
 224:./tmk_core/protocol/lufa/LUFA-git/LUFA/Drivers/USB/Core/ConfigDescriptors.h **** 			 *
 225:./tmk_core/protocol/lufa/LUFA-git/LUFA/Drivers/USB/Core/ConfigDescriptors.h **** 			 *  \param[in,out] BytesRem           Pointer to an int storing the remaining bytes in the confi
 226:./tmk_core/protocol/lufa/LUFA-git/LUFA/Drivers/USB/Core/ConfigDescriptors.h **** 			 *  \param[in,out] CurrConfigLoc      Pointer to the current position in the configuration descr
 227:./tmk_core/protocol/lufa/LUFA-git/LUFA/Drivers/USB/Core/ConfigDescriptors.h **** 			 *  \param[in]     ComparatorRoutine  Name of the comparator search function to use on the confi
 228:./tmk_core/protocol/lufa/LUFA-git/LUFA/Drivers/USB/Core/ConfigDescriptors.h **** 			 *
 229:./tmk_core/protocol/lufa/LUFA-git/LUFA/Drivers/USB/Core/ConfigDescriptors.h **** 			 *  \return Value of one of the members of the \ref DSearch_Comp_Return_ErrorCodes_t enum.
 230:./tmk_core/protocol/lufa/LUFA-git/LUFA/Drivers/USB/Core/ConfigDescriptors.h **** 			 *
 231:./tmk_core/protocol/lufa/LUFA-git/LUFA/Drivers/USB/Core/ConfigDescriptors.h **** 			 *  Usage Example:
 232:./tmk_core/protocol/lufa/LUFA-git/LUFA/Drivers/USB/Core/ConfigDescriptors.h **** 			 *  \code
 233:./tmk_core/protocol/lufa/LUFA-git/LUFA/Drivers/USB/Core/ConfigDescriptors.h **** 			 *  uint8_t EndpointSearcher(void* CurrentDescriptor); // Comparator Prototype
 234:./tmk_core/protocol/lufa/LUFA-git/LUFA/Drivers/USB/Core/ConfigDescriptors.h **** 			 *
 235:./tmk_core/protocol/lufa/LUFA-git/LUFA/Drivers/USB/Core/ConfigDescriptors.h **** 			 *  uint8_t EndpointSearcher(void* CurrentDescriptor)
 236:./tmk_core/protocol/lufa/LUFA-git/LUFA/Drivers/USB/Core/ConfigDescriptors.h **** 			 *  {
 237:./tmk_core/protocol/lufa/LUFA-git/LUFA/Drivers/USB/Core/ConfigDescriptors.h **** 			 *     if (DESCRIPTOR_TYPE(CurrentDescriptor) == DTYPE_Endpoint)
 238:./tmk_core/protocol/lufa/LUFA-git/LUFA/Drivers/USB/Core/ConfigDescriptors.h **** 			 *         return DESCRIPTOR_SEARCH_Found;
 239:./tmk_core/protocol/lufa/LUFA-git/LUFA/Drivers/USB/Core/ConfigDescriptors.h **** 			 *     else
 240:./tmk_core/protocol/lufa/LUFA-git/LUFA/Drivers/USB/Core/ConfigDescriptors.h **** 			 *         return DESCRIPTOR_SEARCH_NotFound;
 241:./tmk_core/protocol/lufa/LUFA-git/LUFA/Drivers/USB/Core/ConfigDescriptors.h **** 			 *  }
 242:./tmk_core/protocol/lufa/LUFA-git/LUFA/Drivers/USB/Core/ConfigDescriptors.h **** 			 *
 243:./tmk_core/protocol/lufa/LUFA-git/LUFA/Drivers/USB/Core/ConfigDescriptors.h **** 			 *  //...
 244:./tmk_core/protocol/lufa/LUFA-git/LUFA/Drivers/USB/Core/ConfigDescriptors.h **** 			 *
 245:./tmk_core/protocol/lufa/LUFA-git/LUFA/Drivers/USB/Core/ConfigDescriptors.h **** 			 *  // After retrieving configuration descriptor:
 246:./tmk_core/protocol/lufa/LUFA-git/LUFA/Drivers/USB/Core/ConfigDescriptors.h **** 			 *  if (USB_Host_GetNextDescriptorComp(&BytesRemaining, &CurrentConfigLoc, EndpointSearcher) ==
 247:./tmk_core/protocol/lufa/LUFA-git/LUFA/Drivers/USB/Core/ConfigDescriptors.h **** 			 *      Descriptor_Search_Comp_Found)
 248:./tmk_core/protocol/lufa/LUFA-git/LUFA/Drivers/USB/Core/ConfigDescriptors.h **** 			 *  {
 249:./tmk_core/protocol/lufa/LUFA-git/LUFA/Drivers/USB/Core/ConfigDescriptors.h **** 			 *      // Do something with the endpoint descriptor
 250:./tmk_core/protocol/lufa/LUFA-git/LUFA/Drivers/USB/Core/ConfigDescriptors.h **** 			 *  }
 251:./tmk_core/protocol/lufa/LUFA-git/LUFA/Drivers/USB/Core/ConfigDescriptors.h **** 			 *  \endcode
 252:./tmk_core/protocol/lufa/LUFA-git/LUFA/Drivers/USB/Core/ConfigDescriptors.h **** 			 */
 253:./tmk_core/protocol/lufa/LUFA-git/LUFA/Drivers/USB/Core/ConfigDescriptors.h **** 			uint8_t USB_GetNextDescriptorComp(uint16_t* const BytesRem,
 254:./tmk_core/protocol/lufa/LUFA-git/LUFA/Drivers/USB/Core/ConfigDescriptors.h **** 			                                  void** const CurrConfigLoc,
 255:./tmk_core/protocol/lufa/LUFA-git/LUFA/Drivers/USB/Core/ConfigDescriptors.h **** 			                                  ConfigComparatorPtr_t const ComparatorRoutine) ATTR_NON_NULL_P
 256:./tmk_core/protocol/lufa/LUFA-git/LUFA/Drivers/USB/Core/ConfigDescriptors.h **** 			                                  ATTR_NON_NULL_PTR_ARG(2) ATTR_NON_NULL_PTR_ARG(3);
 257:./tmk_core/protocol/lufa/LUFA-git/LUFA/Drivers/USB/Core/ConfigDescriptors.h **** 
 258:./tmk_core/protocol/lufa/LUFA-git/LUFA/Drivers/USB/Core/ConfigDescriptors.h **** 		/* Inline Functions: */
 259:./tmk_core/protocol/lufa/LUFA-git/LUFA/Drivers/USB/Core/ConfigDescriptors.h **** 			/** Skips over the current sub-descriptor inside the configuration descriptor, so that the point
 260:./tmk_core/protocol/lufa/LUFA-git/LUFA/Drivers/USB/Core/ConfigDescriptors.h **** 			    points to the next sub-descriptor. The bytes remaining value is automatically decremented.
 261:./tmk_core/protocol/lufa/LUFA-git/LUFA/Drivers/USB/Core/ConfigDescriptors.h **** 			 *
 262:./tmk_core/protocol/lufa/LUFA-git/LUFA/Drivers/USB/Core/ConfigDescriptors.h **** 			 * \param[in,out] BytesRem       Pointer to the number of bytes remaining of the configuration d
 263:./tmk_core/protocol/lufa/LUFA-git/LUFA/Drivers/USB/Core/ConfigDescriptors.h **** 			 * \param[in,out] CurrConfigLoc  Pointer to the current descriptor inside the configuration desc
 264:./tmk_core/protocol/lufa/LUFA-git/LUFA/Drivers/USB/Core/ConfigDescriptors.h **** 			 */
 265:./tmk_core/protocol/lufa/LUFA-git/LUFA/Drivers/USB/Core/ConfigDescriptors.h **** 			static inline void USB_GetNextDescriptor(uint16_t* const BytesRem,
 266:./tmk_core/protocol/lufa/LUFA-git/LUFA/Drivers/USB/Core/ConfigDescriptors.h **** 			                                         void** CurrConfigLoc) ATTR_NON_NULL_PTR_ARG(1) ATTR_NON
 267:./tmk_core/protocol/lufa/LUFA-git/LUFA/Drivers/USB/Core/ConfigDescriptors.h **** 			static inline void USB_GetNextDescriptor(uint16_t* const BytesRem,
  49               		.loc 2 267 23 view .LVU5
  50               	.LBB5:
 268:./tmk_core/protocol/lufa/LUFA-git/LUFA/Drivers/USB/Core/ConfigDescriptors.h **** 			                                         void** CurrConfigLoc)
 269:./tmk_core/protocol/lufa/LUFA-git/LUFA/Drivers/USB/Core/ConfigDescriptors.h **** 			{
 270:./tmk_core/protocol/lufa/LUFA-git/LUFA/Drivers/USB/Core/ConfigDescriptors.h **** 				uint16_t CurrDescriptorSize = DESCRIPTOR_CAST(*CurrConfigLoc, USB_Descriptor_Header_t).Size;
  51               		.loc 2 270 5 view .LVU6
  52               		.loc 2 270 35 is_stmt 0 view .LVU7
  53 0012 CD91      		ld r28,X+
  54 0014 DC91      		ld r29,X
  55 0016 1197      		sbiw r26,1
  56               	.LVL3:
 271:./tmk_core/protocol/lufa/LUFA-git/LUFA/Drivers/USB/Core/ConfigDescriptors.h **** 
 272:./tmk_core/protocol/lufa/LUFA-git/LUFA/Drivers/USB/Core/ConfigDescriptors.h **** 				if (*BytesRem < CurrDescriptorSize)
  57               		.loc 2 272 5 is_stmt 1 view .LVU8
 270:./tmk_core/protocol/lufa/LUFA-git/LUFA/Drivers/USB/Core/ConfigDescriptors.h **** 
  58               		.loc 2 270 14 is_stmt 0 view .LVU9
  59 0018 8881      		ld r24,Y
  60 001a 90E0      		ldi r25,0
  61 001c 2817      		cp r18,r24
  62 001e 3907      		cpc r19,r25
  63 0020 00F4      		brsh .L3
  64 0022 C901      		movw r24,r18
  65               	.L3:
  66               	.LVL4:
 273:./tmk_core/protocol/lufa/LUFA-git/LUFA/Drivers/USB/Core/ConfigDescriptors.h **** 				  CurrDescriptorSize = *BytesRem;
 274:./tmk_core/protocol/lufa/LUFA-git/LUFA/Drivers/USB/Core/ConfigDescriptors.h **** 
 275:./tmk_core/protocol/lufa/LUFA-git/LUFA/Drivers/USB/Core/ConfigDescriptors.h **** 				*CurrConfigLoc  = (void*)((uintptr_t)*CurrConfigLoc + CurrDescriptorSize);
  67               		.loc 2 275 5 is_stmt 1 view .LVU10
  68               		.loc 2 275 57 is_stmt 0 view .LVU11
  69 0024 9E01      		movw r18,r28
  70 0026 280F      		add r18,r24
  71 0028 391F      		adc r19,r25
  72               		.loc 2 275 21 view .LVU12
  73 002a 1196      		adiw r26,1
  74 002c 3C93      		st X,r19
  75 002e 2E93      		st -X,r18
 276:./tmk_core/protocol/lufa/LUFA-git/LUFA/Drivers/USB/Core/ConfigDescriptors.h **** 				*BytesRem      -= CurrDescriptorSize;
  76               		.loc 2 276 5 is_stmt 1 view .LVU13
  77               		.loc 2 276 20 is_stmt 0 view .LVU14
  78 0030 2081      		ld r18,Z
  79 0032 3181      		ldd r19,Z+1
  80 0034 281B      		sub r18,r24
  81 0036 390B      		sbc r19,r25
  82 0038 3183      		std Z+1,r19
  83 003a 2083      		st Z,r18
  84               	.LVL5:
  85               		.loc 2 276 20 view .LVU15
  86               	.LBE5:
  87               	.LBE4:
  81:./tmk_core/protocol/lufa/LUFA-git/LUFA/Drivers/USB/Core/ConfigDescriptors.c **** 
  82:./tmk_core/protocol/lufa/LUFA-git/LUFA/Drivers/USB/Core/ConfigDescriptors.c **** 		if (DESCRIPTOR_TYPE(*CurrConfigLoc) == Type)
  88               		.loc 1 82 3 is_stmt 1 view .LVU16
  89               		.loc 1 82 7 is_stmt 0 view .LVU17
  90 003c CD91      		ld r28,X+
  91 003e DC91      		ld r29,X
  92 0040 1197      		sbiw r26,1
  93               		.loc 1 82 6 view .LVU18
  94 0042 8981      		ldd r24,Y+1
  95 0044 8413      		cpse r24,r20
  96 0046 00C0      		rjmp .L2
  97               	.L1:
  98               	/* epilogue start */
  83:./tmk_core/protocol/lufa/LUFA-git/LUFA/Drivers/USB/Core/ConfigDescriptors.c **** 		  return;
  84:./tmk_core/protocol/lufa/LUFA-git/LUFA/Drivers/USB/Core/ConfigDescriptors.c **** 	}
  85:./tmk_core/protocol/lufa/LUFA-git/LUFA/Drivers/USB/Core/ConfigDescriptors.c **** }
  99               		.loc 1 85 1 view .LVU19
 100 0048 DF91      		pop r29
 101 004a CF91      		pop r28
 102 004c 0895      		ret
 103               		.cfi_endproc
 104               	.LFE92:
 106               		.section	.text.USB_GetNextDescriptorOfTypeBefore,"ax",@progbits
 107               	.global	USB_GetNextDescriptorOfTypeBefore
 109               	USB_GetNextDescriptorOfTypeBefore:
 110               	.LVL6:
 111               	.LFB93:
  86:./tmk_core/protocol/lufa/LUFA-git/LUFA/Drivers/USB/Core/ConfigDescriptors.c **** 
  87:./tmk_core/protocol/lufa/LUFA-git/LUFA/Drivers/USB/Core/ConfigDescriptors.c **** void USB_GetNextDescriptorOfTypeBefore(uint16_t* const BytesRem,
  88:./tmk_core/protocol/lufa/LUFA-git/LUFA/Drivers/USB/Core/ConfigDescriptors.c ****                                        void** const CurrConfigLoc,
  89:./tmk_core/protocol/lufa/LUFA-git/LUFA/Drivers/USB/Core/ConfigDescriptors.c ****                                        const uint8_t Type,
  90:./tmk_core/protocol/lufa/LUFA-git/LUFA/Drivers/USB/Core/ConfigDescriptors.c ****                                        const uint8_t BeforeType)
  91:./tmk_core/protocol/lufa/LUFA-git/LUFA/Drivers/USB/Core/ConfigDescriptors.c **** {
 112               		.loc 1 91 1 is_stmt 1 view -0
 113               		.cfi_startproc
 114               		.loc 1 91 1 is_stmt 0 view .LVU21
 115 0000 CF93      		push r28
 116               	.LCFI2:
 117               		.cfi_def_cfa_offset 3
 118               		.cfi_offset 28, -2
 119 0002 DF93      		push r29
 120               	.LCFI3:
 121               		.cfi_def_cfa_offset 4
 122               		.cfi_offset 29, -3
 123               	/* prologue: function */
 124               	/* frame size = 0 */
 125               	/* stack size = 2 */
 126               	.L__stack_usage = 2
 127 0004 FC01      		movw r30,r24
 128 0006 DB01      		movw r26,r22
  92:./tmk_core/protocol/lufa/LUFA-git/LUFA/Drivers/USB/Core/ConfigDescriptors.c **** 	while (*BytesRem)
 129               		.loc 1 92 2 is_stmt 1 view .LVU22
 130               	.LVL7:
 131               	.L8:
 132               		.loc 1 92 9 view .LVU23
 133 0008 6081      		ld r22,Z
 134 000a 7181      		ldd r23,Z+1
 135 000c 6115      		cp r22,__zero_reg__
 136 000e 7105      		cpc r23,__zero_reg__
 137 0010 01F0      		breq .L7
  93:./tmk_core/protocol/lufa/LUFA-git/LUFA/Drivers/USB/Core/ConfigDescriptors.c **** 	{
  94:./tmk_core/protocol/lufa/LUFA-git/LUFA/Drivers/USB/Core/ConfigDescriptors.c **** 		USB_GetNextDescriptor(BytesRem, CurrConfigLoc);
 138               		.loc 1 94 3 view .LVU24
 139               	.LVL8:
 140               	.LBB8:
 141               	.LBI8:
 267:./tmk_core/protocol/lufa/LUFA-git/LUFA/Drivers/USB/Core/ConfigDescriptors.h **** 			                                         void** CurrConfigLoc)
 142               		.loc 2 267 23 view .LVU25
 143               	.LBB9:
 270:./tmk_core/protocol/lufa/LUFA-git/LUFA/Drivers/USB/Core/ConfigDescriptors.h **** 
 144               		.loc 2 270 5 view .LVU26
 270:./tmk_core/protocol/lufa/LUFA-git/LUFA/Drivers/USB/Core/ConfigDescriptors.h **** 
 145               		.loc 2 270 35 is_stmt 0 view .LVU27
 146 0012 CD91      		ld r28,X+
 147 0014 DC91      		ld r29,X
 148 0016 1197      		sbiw r26,1
 149               	.LVL9:
 272:./tmk_core/protocol/lufa/LUFA-git/LUFA/Drivers/USB/Core/ConfigDescriptors.h **** 				  CurrDescriptorSize = *BytesRem;
 150               		.loc 2 272 5 is_stmt 1 view .LVU28
 270:./tmk_core/protocol/lufa/LUFA-git/LUFA/Drivers/USB/Core/ConfigDescriptors.h **** 
 151               		.loc 2 270 14 is_stmt 0 view .LVU29
 152 0018 8881      		ld r24,Y
 153 001a 90E0      		ldi r25,0
 154 001c 6817      		cp r22,r24
 155 001e 7907      		cpc r23,r25
 156 0020 00F4      		brsh .L9
 157 0022 CB01      		movw r24,r22
 158               	.L9:
 159               	.LVL10:
 275:./tmk_core/protocol/lufa/LUFA-git/LUFA/Drivers/USB/Core/ConfigDescriptors.h **** 				*BytesRem      -= CurrDescriptorSize;
 160               		.loc 2 275 5 is_stmt 1 view .LVU30
 275:./tmk_core/protocol/lufa/LUFA-git/LUFA/Drivers/USB/Core/ConfigDescriptors.h **** 				*BytesRem      -= CurrDescriptorSize;
 161               		.loc 2 275 57 is_stmt 0 view .LVU31
 162 0024 BE01      		movw r22,r28
 163 0026 680F      		add r22,r24
 164 0028 791F      		adc r23,r25
 275:./tmk_core/protocol/lufa/LUFA-git/LUFA/Drivers/USB/Core/ConfigDescriptors.h **** 				*BytesRem      -= CurrDescriptorSize;
 165               		.loc 2 275 21 view .LVU32
 166 002a 1196      		adiw r26,1
 167 002c 7C93      		st X,r23
 168 002e 6E93      		st -X,r22
 169               		.loc 2 276 5 is_stmt 1 view .LVU33
 170               		.loc 2 276 20 is_stmt 0 view .LVU34
 171 0030 6081      		ld r22,Z
 172 0032 7181      		ldd r23,Z+1
 173 0034 681B      		sub r22,r24
 174 0036 790B      		sbc r23,r25
 175 0038 7183      		std Z+1,r23
 176 003a 6083      		st Z,r22
 177               	.LVL11:
 178               		.loc 2 276 20 view .LVU35
 179               	.LBE9:
 180               	.LBE8:
  95:./tmk_core/protocol/lufa/LUFA-git/LUFA/Drivers/USB/Core/ConfigDescriptors.c **** 
  96:./tmk_core/protocol/lufa/LUFA-git/LUFA/Drivers/USB/Core/ConfigDescriptors.c **** 		if (DESCRIPTOR_TYPE(*CurrConfigLoc) == Type)
 181               		.loc 1 96 3 is_stmt 1 view .LVU36
 182               		.loc 1 96 7 is_stmt 0 view .LVU37
 183 003c CD91      		ld r28,X+
 184 003e DC91      		ld r29,X
 185 0040 1197      		sbiw r26,1
 186 0042 8981      		ldd r24,Y+1
 187               		.loc 1 96 6 view .LVU38
 188 0044 8417      		cp r24,r20
 189 0046 01F0      		breq .L7
  97:./tmk_core/protocol/lufa/LUFA-git/LUFA/Drivers/USB/Core/ConfigDescriptors.c **** 		{
  98:./tmk_core/protocol/lufa/LUFA-git/LUFA/Drivers/USB/Core/ConfigDescriptors.c **** 			return;
  99:./tmk_core/protocol/lufa/LUFA-git/LUFA/Drivers/USB/Core/ConfigDescriptors.c **** 		}
 100:./tmk_core/protocol/lufa/LUFA-git/LUFA/Drivers/USB/Core/ConfigDescriptors.c **** 		else if (DESCRIPTOR_TYPE(*CurrConfigLoc) == BeforeType)
 190               		.loc 1 100 8 is_stmt 1 view .LVU39
 191               		.loc 1 100 11 is_stmt 0 view .LVU40
 192 0048 8213      		cpse r24,r18
 193 004a 00C0      		rjmp .L8
 101:./tmk_core/protocol/lufa/LUFA-git/LUFA/Drivers/USB/Core/ConfigDescriptors.c **** 		{
 102:./tmk_core/protocol/lufa/LUFA-git/LUFA/Drivers/USB/Core/ConfigDescriptors.c **** 			*BytesRem = 0;
 194               		.loc 1 102 4 is_stmt 1 view .LVU41
 195               		.loc 1 102 14 is_stmt 0 view .LVU42
 196 004c 1182      		std Z+1,__zero_reg__
 197 004e 1082      		st Z,__zero_reg__
 103:./tmk_core/protocol/lufa/LUFA-git/LUFA/Drivers/USB/Core/ConfigDescriptors.c **** 			return;
 198               		.loc 1 103 4 is_stmt 1 view .LVU43
 199               	.L7:
 200               	/* epilogue start */
 104:./tmk_core/protocol/lufa/LUFA-git/LUFA/Drivers/USB/Core/ConfigDescriptors.c **** 		}
 105:./tmk_core/protocol/lufa/LUFA-git/LUFA/Drivers/USB/Core/ConfigDescriptors.c **** 	}
 106:./tmk_core/protocol/lufa/LUFA-git/LUFA/Drivers/USB/Core/ConfigDescriptors.c **** }
 201               		.loc 1 106 1 is_stmt 0 view .LVU44
 202 0050 DF91      		pop r29
 203 0052 CF91      		pop r28
 204 0054 0895      		ret
 205               		.cfi_endproc
 206               	.LFE93:
 208               		.section	.text.USB_GetNextDescriptorOfTypeAfter,"ax",@progbits
 209               	.global	USB_GetNextDescriptorOfTypeAfter
 211               	USB_GetNextDescriptorOfTypeAfter:
 212               	.LVL12:
 213               	.LFB94:
 107:./tmk_core/protocol/lufa/LUFA-git/LUFA/Drivers/USB/Core/ConfigDescriptors.c **** 
 108:./tmk_core/protocol/lufa/LUFA-git/LUFA/Drivers/USB/Core/ConfigDescriptors.c **** void USB_GetNextDescriptorOfTypeAfter(uint16_t* const BytesRem,
 109:./tmk_core/protocol/lufa/LUFA-git/LUFA/Drivers/USB/Core/ConfigDescriptors.c ****                                       void** const CurrConfigLoc,
 110:./tmk_core/protocol/lufa/LUFA-git/LUFA/Drivers/USB/Core/ConfigDescriptors.c ****                                       const uint8_t Type,
 111:./tmk_core/protocol/lufa/LUFA-git/LUFA/Drivers/USB/Core/ConfigDescriptors.c ****                                       const uint8_t AfterType)
 112:./tmk_core/protocol/lufa/LUFA-git/LUFA/Drivers/USB/Core/ConfigDescriptors.c **** {
 214               		.loc 1 112 1 is_stmt 1 view -0
 215               		.cfi_startproc
 216               		.loc 1 112 1 is_stmt 0 view .LVU46
 217 0000 FF92      		push r15
 218               	.LCFI4:
 219               		.cfi_def_cfa_offset 3
 220               		.cfi_offset 15, -2
 221 0002 0F93      		push r16
 222               	.LCFI5:
 223               		.cfi_def_cfa_offset 4
 224               		.cfi_offset 16, -3
 225 0004 1F93      		push r17
 226               	.LCFI6:
 227               		.cfi_def_cfa_offset 5
 228               		.cfi_offset 17, -4
 229 0006 CF93      		push r28
 230               	.LCFI7:
 231               		.cfi_def_cfa_offset 6
 232               		.cfi_offset 28, -5
 233 0008 DF93      		push r29
 234               	.LCFI8:
 235               		.cfi_def_cfa_offset 7
 236               		.cfi_offset 29, -6
 237               	/* prologue: function */
 238               	/* frame size = 0 */
 239               	/* stack size = 5 */
 240               	.L__stack_usage = 5
 241 000a EC01      		movw r28,r24
 242 000c 8B01      		movw r16,r22
 243 000e F42E      		mov r15,r20
 244 0010 422F      		mov r20,r18
 245               	.LVL13:
 113:./tmk_core/protocol/lufa/LUFA-git/LUFA/Drivers/USB/Core/ConfigDescriptors.c **** 	USB_GetNextDescriptorOfType(BytesRem, CurrConfigLoc, AfterType);
 246               		.loc 1 113 2 is_stmt 1 view .LVU47
 247 0012 0E94 0000 		call USB_GetNextDescriptorOfType
 248               	.LVL14:
 114:./tmk_core/protocol/lufa/LUFA-git/LUFA/Drivers/USB/Core/ConfigDescriptors.c **** 
 115:./tmk_core/protocol/lufa/LUFA-git/LUFA/Drivers/USB/Core/ConfigDescriptors.c **** 	if (*BytesRem)
 249               		.loc 1 115 2 view .LVU48
 250               		.loc 1 115 5 is_stmt 0 view .LVU49
 251 0016 8881      		ld r24,Y
 252 0018 9981      		ldd r25,Y+1
 253 001a 892B      		or r24,r25
 254 001c 01F0      		breq .L15
 116:./tmk_core/protocol/lufa/LUFA-git/LUFA/Drivers/USB/Core/ConfigDescriptors.c **** 	  USB_GetNextDescriptorOfType(BytesRem, CurrConfigLoc, Type);
 255               		.loc 1 116 4 is_stmt 1 view .LVU50
 256 001e 4F2D      		mov r20,r15
 257 0020 B801      		movw r22,r16
 258 0022 CE01      		movw r24,r28
 259               	/* epilogue start */
 117:./tmk_core/protocol/lufa/LUFA-git/LUFA/Drivers/USB/Core/ConfigDescriptors.c **** }
 260               		.loc 1 117 1 is_stmt 0 view .LVU51
 261 0024 DF91      		pop r29
 262 0026 CF91      		pop r28
 263               	.LVL15:
 264               		.loc 1 117 1 view .LVU52
 265 0028 1F91      		pop r17
 266 002a 0F91      		pop r16
 267               	.LVL16:
 268               		.loc 1 117 1 view .LVU53
 269 002c FF90      		pop r15
 270               	.LVL17:
 116:./tmk_core/protocol/lufa/LUFA-git/LUFA/Drivers/USB/Core/ConfigDescriptors.c **** 	  USB_GetNextDescriptorOfType(BytesRem, CurrConfigLoc, Type);
 271               		.loc 1 116 4 view .LVU54
 272 002e 0C94 0000 		jmp USB_GetNextDescriptorOfType
 273               	.LVL18:
 274               	.L15:
 275               	/* epilogue start */
 276               		.loc 1 117 1 view .LVU55
 277 0032 DF91      		pop r29
 278 0034 CF91      		pop r28
 279               	.LVL19:
 280               		.loc 1 117 1 view .LVU56
 281 0036 1F91      		pop r17
 282 0038 0F91      		pop r16
 283               	.LVL20:
 284               		.loc 1 117 1 view .LVU57
 285 003a FF90      		pop r15
 286               	.LVL21:
 287               		.loc 1 117 1 view .LVU58
 288 003c 0895      		ret
 289               		.cfi_endproc
 290               	.LFE94:
 292               		.section	.text.USB_GetNextDescriptorComp,"ax",@progbits
 293               	.global	USB_GetNextDescriptorComp
 295               	USB_GetNextDescriptorComp:
 296               	.LVL22:
 297               	.LFB95:
 118:./tmk_core/protocol/lufa/LUFA-git/LUFA/Drivers/USB/Core/ConfigDescriptors.c **** 
 119:./tmk_core/protocol/lufa/LUFA-git/LUFA/Drivers/USB/Core/ConfigDescriptors.c **** uint8_t USB_GetNextDescriptorComp(uint16_t* const BytesRem,
 120:./tmk_core/protocol/lufa/LUFA-git/LUFA/Drivers/USB/Core/ConfigDescriptors.c ****                                   void** const CurrConfigLoc,
 121:./tmk_core/protocol/lufa/LUFA-git/LUFA/Drivers/USB/Core/ConfigDescriptors.c ****                                   ConfigComparatorPtr_t const ComparatorRoutine)
 122:./tmk_core/protocol/lufa/LUFA-git/LUFA/Drivers/USB/Core/ConfigDescriptors.c **** {
 298               		.loc 1 122 1 is_stmt 1 view -0
 299               		.cfi_startproc
 300               		.loc 1 122 1 is_stmt 0 view .LVU60
 301 0000 AF92      		push r10
 302               	.LCFI9:
 303               		.cfi_def_cfa_offset 3
 304               		.cfi_offset 10, -2
 305 0002 BF92      		push r11
 306               	.LCFI10:
 307               		.cfi_def_cfa_offset 4
 308               		.cfi_offset 11, -3
 309 0004 CF92      		push r12
 310               	.LCFI11:
 311               		.cfi_def_cfa_offset 5
 312               		.cfi_offset 12, -4
 313 0006 DF92      		push r13
 314               	.LCFI12:
 315               		.cfi_def_cfa_offset 6
 316               		.cfi_offset 13, -5
 317 0008 EF92      		push r14
 318               	.LCFI13:
 319               		.cfi_def_cfa_offset 7
 320               		.cfi_offset 14, -6
 321 000a FF92      		push r15
 322               	.LCFI14:
 323               		.cfi_def_cfa_offset 8
 324               		.cfi_offset 15, -7
 325 000c 0F93      		push r16
 326               	.LCFI15:
 327               		.cfi_def_cfa_offset 9
 328               		.cfi_offset 16, -8
 329 000e 1F93      		push r17
 330               	.LCFI16:
 331               		.cfi_def_cfa_offset 10
 332               		.cfi_offset 17, -9
 333 0010 CF93      		push r28
 334               	.LCFI17:
 335               		.cfi_def_cfa_offset 11
 336               		.cfi_offset 28, -10
 337 0012 DF93      		push r29
 338               	.LCFI18:
 339               		.cfi_def_cfa_offset 12
 340               		.cfi_offset 29, -11
 341               	/* prologue: function */
 342               	/* frame size = 0 */
 343               	/* stack size = 10 */
 344               	.L__stack_usage = 10
 345 0014 EC01      		movw r28,r24
 346 0016 8B01      		movw r16,r22
 347 0018 6A01      		movw r12,r20
 123:./tmk_core/protocol/lufa/LUFA-git/LUFA/Drivers/USB/Core/ConfigDescriptors.c **** 	uint8_t ErrorCode;
 348               		.loc 1 123 2 is_stmt 1 view .LVU61
 124:./tmk_core/protocol/lufa/LUFA-git/LUFA/Drivers/USB/Core/ConfigDescriptors.c **** 
 125:./tmk_core/protocol/lufa/LUFA-git/LUFA/Drivers/USB/Core/ConfigDescriptors.c **** 	while (*BytesRem)
 349               		.loc 1 125 2 view .LVU62
 350               	.LVL23:
 351               	.L18:
 352               		.loc 1 125 9 view .LVU63
 353 001a E880      		ld r14,Y
 354 001c F980      		ldd r15,Y+1
 355 001e E114      		cp r14,__zero_reg__
 356 0020 F104      		cpc r15,__zero_reg__
 357 0022 01F4      		brne .L22
 126:./tmk_core/protocol/lufa/LUFA-git/LUFA/Drivers/USB/Core/ConfigDescriptors.c **** 	{
 127:./tmk_core/protocol/lufa/LUFA-git/LUFA/Drivers/USB/Core/ConfigDescriptors.c **** 		uint8_t* PrevDescLoc  = *CurrConfigLoc;
 128:./tmk_core/protocol/lufa/LUFA-git/LUFA/Drivers/USB/Core/ConfigDescriptors.c **** 		uint16_t PrevBytesRem = *BytesRem;
 129:./tmk_core/protocol/lufa/LUFA-git/LUFA/Drivers/USB/Core/ConfigDescriptors.c **** 
 130:./tmk_core/protocol/lufa/LUFA-git/LUFA/Drivers/USB/Core/ConfigDescriptors.c **** 		USB_GetNextDescriptor(BytesRem, CurrConfigLoc);
 131:./tmk_core/protocol/lufa/LUFA-git/LUFA/Drivers/USB/Core/ConfigDescriptors.c **** 
 132:./tmk_core/protocol/lufa/LUFA-git/LUFA/Drivers/USB/Core/ConfigDescriptors.c **** 		if ((ErrorCode = ComparatorRoutine(*CurrConfigLoc)) != DESCRIPTOR_SEARCH_NotFound)
 133:./tmk_core/protocol/lufa/LUFA-git/LUFA/Drivers/USB/Core/ConfigDescriptors.c **** 		{
 134:./tmk_core/protocol/lufa/LUFA-git/LUFA/Drivers/USB/Core/ConfigDescriptors.c **** 			if (ErrorCode == DESCRIPTOR_SEARCH_Fail)
 135:./tmk_core/protocol/lufa/LUFA-git/LUFA/Drivers/USB/Core/ConfigDescriptors.c **** 			{
 136:./tmk_core/protocol/lufa/LUFA-git/LUFA/Drivers/USB/Core/ConfigDescriptors.c **** 				*CurrConfigLoc = PrevDescLoc;
 137:./tmk_core/protocol/lufa/LUFA-git/LUFA/Drivers/USB/Core/ConfigDescriptors.c **** 				*BytesRem      = PrevBytesRem;
 138:./tmk_core/protocol/lufa/LUFA-git/LUFA/Drivers/USB/Core/ConfigDescriptors.c **** 			}
 139:./tmk_core/protocol/lufa/LUFA-git/LUFA/Drivers/USB/Core/ConfigDescriptors.c **** 
 140:./tmk_core/protocol/lufa/LUFA-git/LUFA/Drivers/USB/Core/ConfigDescriptors.c **** 			return ErrorCode;
 141:./tmk_core/protocol/lufa/LUFA-git/LUFA/Drivers/USB/Core/ConfigDescriptors.c **** 		}
 142:./tmk_core/protocol/lufa/LUFA-git/LUFA/Drivers/USB/Core/ConfigDescriptors.c **** 	}
 143:./tmk_core/protocol/lufa/LUFA-git/LUFA/Drivers/USB/Core/ConfigDescriptors.c **** 
 144:./tmk_core/protocol/lufa/LUFA-git/LUFA/Drivers/USB/Core/ConfigDescriptors.c **** 	return DESCRIPTOR_SEARCH_COMP_EndOfDescriptor;
 358               		.loc 1 144 9 is_stmt 0 view .LVU64
 359 0024 82E0      		ldi r24,lo8(2)
 360 0026 00C0      		rjmp .L17
 361               	.L22:
 362               	.LBB13:
 127:./tmk_core/protocol/lufa/LUFA-git/LUFA/Drivers/USB/Core/ConfigDescriptors.c **** 		uint16_t PrevBytesRem = *BytesRem;
 363               		.loc 1 127 3 is_stmt 1 view .LVU65
 127:./tmk_core/protocol/lufa/LUFA-git/LUFA/Drivers/USB/Core/ConfigDescriptors.c **** 		uint16_t PrevBytesRem = *BytesRem;
 364               		.loc 1 127 12 is_stmt 0 view .LVU66
 365 0028 F801      		movw r30,r16
 366 002a A080      		ld r10,Z
 367 002c B180      		ldd r11,Z+1
 368               	.LVL24:
 128:./tmk_core/protocol/lufa/LUFA-git/LUFA/Drivers/USB/Core/ConfigDescriptors.c **** 
 369               		.loc 1 128 3 is_stmt 1 view .LVU67
 130:./tmk_core/protocol/lufa/LUFA-git/LUFA/Drivers/USB/Core/ConfigDescriptors.c **** 
 370               		.loc 1 130 3 view .LVU68
 371               	.LBB14:
 372               	.LBI14:
 267:./tmk_core/protocol/lufa/LUFA-git/LUFA/Drivers/USB/Core/ConfigDescriptors.h **** 			                                         void** CurrConfigLoc)
 373               		.loc 2 267 23 view .LVU69
 374               	.LBB15:
 270:./tmk_core/protocol/lufa/LUFA-git/LUFA/Drivers/USB/Core/ConfigDescriptors.h **** 
 375               		.loc 2 270 5 view .LVU70
 272:./tmk_core/protocol/lufa/LUFA-git/LUFA/Drivers/USB/Core/ConfigDescriptors.h **** 				  CurrDescriptorSize = *BytesRem;
 376               		.loc 2 272 5 view .LVU71
 270:./tmk_core/protocol/lufa/LUFA-git/LUFA/Drivers/USB/Core/ConfigDescriptors.h **** 
 377               		.loc 2 270 14 is_stmt 0 view .LVU72
 378 002e F501      		movw r30,r10
 379               	.LVL25:
 270:./tmk_core/protocol/lufa/LUFA-git/LUFA/Drivers/USB/Core/ConfigDescriptors.h **** 
 380               		.loc 2 270 14 view .LVU73
 381 0030 8081      		ld r24,Z
 382 0032 90E0      		ldi r25,0
 383 0034 E816      		cp r14,r24
 384 0036 F906      		cpc r15,r25
 385 0038 00F4      		brsh .L19
 386 003a C701      		movw r24,r14
 387               	.L19:
 388               	.LVL26:
 275:./tmk_core/protocol/lufa/LUFA-git/LUFA/Drivers/USB/Core/ConfigDescriptors.h **** 				*BytesRem      -= CurrDescriptorSize;
 389               		.loc 2 275 5 is_stmt 1 view .LVU74
 275:./tmk_core/protocol/lufa/LUFA-git/LUFA/Drivers/USB/Core/ConfigDescriptors.h **** 				*BytesRem      -= CurrDescriptorSize;
 390               		.loc 2 275 57 is_stmt 0 view .LVU75
 391 003c 9501      		movw r18,r10
 392 003e 280F      		add r18,r24
 393 0040 391F      		adc r19,r25
 275:./tmk_core/protocol/lufa/LUFA-git/LUFA/Drivers/USB/Core/ConfigDescriptors.h **** 				*BytesRem      -= CurrDescriptorSize;
 394               		.loc 2 275 21 view .LVU76
 395 0042 F801      		movw r30,r16
 396 0044 3183      		std Z+1,r19
 397 0046 2083      		st Z,r18
 398               		.loc 2 276 5 is_stmt 1 view .LVU77
 399               		.loc 2 276 20 is_stmt 0 view .LVU78
 400 0048 2881      		ld r18,Y
 401 004a 3981      		ldd r19,Y+1
 402 004c 281B      		sub r18,r24
 403 004e 390B      		sbc r19,r25
 404 0050 3983      		std Y+1,r19
 405 0052 2883      		st Y,r18
 406               	.LVL27:
 407               		.loc 2 276 20 view .LVU79
 408               	.LBE15:
 409               	.LBE14:
 132:./tmk_core/protocol/lufa/LUFA-git/LUFA/Drivers/USB/Core/ConfigDescriptors.c **** 		{
 410               		.loc 1 132 3 is_stmt 1 view .LVU80
 132:./tmk_core/protocol/lufa/LUFA-git/LUFA/Drivers/USB/Core/ConfigDescriptors.c **** 		{
 411               		.loc 1 132 20 is_stmt 0 view .LVU81
 412 0054 8081      		ld r24,Z
 413 0056 9181      		ldd r25,Z+1
 414 0058 F601      		movw r30,r12
 415 005a 0995      		icall
 416               	.LVL28:
 132:./tmk_core/protocol/lufa/LUFA-git/LUFA/Drivers/USB/Core/ConfigDescriptors.c **** 		{
 417               		.loc 1 132 6 view .LVU82
 418 005c 8230      		cpi r24,lo8(2)
 419 005e 01F0      		breq .L18
 134:./tmk_core/protocol/lufa/LUFA-git/LUFA/Drivers/USB/Core/ConfigDescriptors.c **** 			{
 420               		.loc 1 134 4 is_stmt 1 view .LVU83
 134:./tmk_core/protocol/lufa/LUFA-git/LUFA/Drivers/USB/Core/ConfigDescriptors.c **** 			{
 421               		.loc 1 134 7 is_stmt 0 view .LVU84
 422 0060 8130      		cpi r24,lo8(1)
 423 0062 01F4      		brne .L17
 136:./tmk_core/protocol/lufa/LUFA-git/LUFA/Drivers/USB/Core/ConfigDescriptors.c **** 				*BytesRem      = PrevBytesRem;
 424               		.loc 1 136 5 is_stmt 1 view .LVU85
 136:./tmk_core/protocol/lufa/LUFA-git/LUFA/Drivers/USB/Core/ConfigDescriptors.c **** 				*BytesRem      = PrevBytesRem;
 425               		.loc 1 136 20 is_stmt 0 view .LVU86
 426 0064 F801      		movw r30,r16
 427 0066 B182      		std Z+1,r11
 428 0068 A082      		st Z,r10
 137:./tmk_core/protocol/lufa/LUFA-git/LUFA/Drivers/USB/Core/ConfigDescriptors.c **** 			}
 429               		.loc 1 137 5 is_stmt 1 view .LVU87
 137:./tmk_core/protocol/lufa/LUFA-git/LUFA/Drivers/USB/Core/ConfigDescriptors.c **** 			}
 430               		.loc 1 137 20 is_stmt 0 view .LVU88
 431 006a F982      		std Y+1,r15
 432 006c E882      		st Y,r14
 433               	.LVL29:
 434               	.L17:
 435               	/* epilogue start */
 137:./tmk_core/protocol/lufa/LUFA-git/LUFA/Drivers/USB/Core/ConfigDescriptors.c **** 			}
 436               		.loc 1 137 20 view .LVU89
 437               	.LBE13:
 145:./tmk_core/protocol/lufa/LUFA-git/LUFA/Drivers/USB/Core/ConfigDescriptors.c **** }
 438               		.loc 1 145 1 view .LVU90
 439 006e DF91      		pop r29
 440 0070 CF91      		pop r28
 441               	.LVL30:
 442               		.loc 1 145 1 view .LVU91
 443 0072 1F91      		pop r17
 444 0074 0F91      		pop r16
 445               	.LVL31:
 446               		.loc 1 145 1 view .LVU92
 447 0076 FF90      		pop r15
 448 0078 EF90      		pop r14
 449 007a DF90      		pop r13
 450 007c CF90      		pop r12
 451               	.LVL32:
 452               		.loc 1 145 1 view .LVU93
 453 007e BF90      		pop r11
 454 0080 AF90      		pop r10
 455 0082 0895      		ret
 456               		.cfi_endproc
 457               	.LFE95:
 459               		.text
 460               	.Letext0:
 461               		.file 3 "/usr/avr/include/stdint.h"
 462               		.file 4 "./tmk_core/protocol/lufa/LUFA-git/LUFA/Drivers/USB/Core/AVR8/../StdDescriptors.h"
DEFINED SYMBOLS
                            *ABS*:0000000000000000 ConfigDescriptors.c
     /tmp/ccGDoDXz.s:2      *ABS*:000000000000003e __SP_H__
     /tmp/ccGDoDXz.s:3      *ABS*:000000000000003d __SP_L__
     /tmp/ccGDoDXz.s:4      *ABS*:000000000000003f __SREG__
     /tmp/ccGDoDXz.s:5      *ABS*:000000000000003b __RAMPZ__
     /tmp/ccGDoDXz.s:6      *ABS*:0000000000000000 __tmp_reg__
     /tmp/ccGDoDXz.s:7      *ABS*:0000000000000001 __zero_reg__
     /tmp/ccGDoDXz.s:15     .text.USB_GetNextDescriptorOfType:0000000000000000 USB_GetNextDescriptorOfType
     /tmp/ccGDoDXz.s:18     .text.USB_GetNextDescriptorOfType:0000000000000000 .Loc.0
     /tmp/ccGDoDXz.s:19     .text.USB_GetNextDescriptorOfType:0000000000000000 L0
     /tmp/ccGDoDXz.s:20     .text.USB_GetNextDescriptorOfType:0000000000000000 .Loc.1
     /tmp/ccGDoDXz.s:35     .text.USB_GetNextDescriptorOfType:0000000000000008 .Loc.2
     /tmp/ccGDoDXz.s:38     .text.USB_GetNextDescriptorOfType:0000000000000008 .Loc.3
     /tmp/ccGDoDXz.s:44     .text.USB_GetNextDescriptorOfType:0000000000000012 .Loc.4
     /tmp/ccGDoDXz.s:49     .text.USB_GetNextDescriptorOfType:0000000000000012 .Loc.5
     /tmp/ccGDoDXz.s:51     .text.USB_GetNextDescriptorOfType:0000000000000012 .Loc.6
     /tmp/ccGDoDXz.s:52     .text.USB_GetNextDescriptorOfType:0000000000000012 .Loc.7
     /tmp/ccGDoDXz.s:57     .text.USB_GetNextDescriptorOfType:0000000000000018 .Loc.8
     /tmp/ccGDoDXz.s:58     .text.USB_GetNextDescriptorOfType:0000000000000018 .Loc.9
     /tmp/ccGDoDXz.s:67     .text.USB_GetNextDescriptorOfType:0000000000000024 .Loc.10
     /tmp/ccGDoDXz.s:68     .text.USB_GetNextDescriptorOfType:0000000000000024 .Loc.11
     /tmp/ccGDoDXz.s:72     .text.USB_GetNextDescriptorOfType:000000000000002a .Loc.12
     /tmp/ccGDoDXz.s:76     .text.USB_GetNextDescriptorOfType:0000000000000030 .Loc.13
     /tmp/ccGDoDXz.s:77     .text.USB_GetNextDescriptorOfType:0000000000000030 .Loc.14
     /tmp/ccGDoDXz.s:85     .text.USB_GetNextDescriptorOfType:000000000000003c .Loc.15
     /tmp/ccGDoDXz.s:88     .text.USB_GetNextDescriptorOfType:000000000000003c .Loc.16
     /tmp/ccGDoDXz.s:89     .text.USB_GetNextDescriptorOfType:000000000000003c .Loc.17
     /tmp/ccGDoDXz.s:93     .text.USB_GetNextDescriptorOfType:0000000000000042 .Loc.18
     /tmp/ccGDoDXz.s:99     .text.USB_GetNextDescriptorOfType:0000000000000048 .Loc.19
     /tmp/ccGDoDXz.s:103    .text.USB_GetNextDescriptorOfType:000000000000004e L0
     /tmp/ccGDoDXz.s:109    .text.USB_GetNextDescriptorOfTypeBefore:0000000000000000 USB_GetNextDescriptorOfTypeBefore
     /tmp/ccGDoDXz.s:112    .text.USB_GetNextDescriptorOfTypeBefore:0000000000000000 .Loc.20
     /tmp/ccGDoDXz.s:113    .text.USB_GetNextDescriptorOfTypeBefore:0000000000000000 L0
     /tmp/ccGDoDXz.s:114    .text.USB_GetNextDescriptorOfTypeBefore:0000000000000000 .Loc.21
     /tmp/ccGDoDXz.s:129    .text.USB_GetNextDescriptorOfTypeBefore:0000000000000008 .Loc.22
     /tmp/ccGDoDXz.s:132    .text.USB_GetNextDescriptorOfTypeBefore:0000000000000008 .Loc.23
     /tmp/ccGDoDXz.s:138    .text.USB_GetNextDescriptorOfTypeBefore:0000000000000012 .Loc.24
     /tmp/ccGDoDXz.s:142    .text.USB_GetNextDescriptorOfTypeBefore:0000000000000012 .Loc.25
     /tmp/ccGDoDXz.s:144    .text.USB_GetNextDescriptorOfTypeBefore:0000000000000012 .Loc.26
     /tmp/ccGDoDXz.s:145    .text.USB_GetNextDescriptorOfTypeBefore:0000000000000012 .Loc.27
     /tmp/ccGDoDXz.s:150    .text.USB_GetNextDescriptorOfTypeBefore:0000000000000018 .Loc.28
     /tmp/ccGDoDXz.s:151    .text.USB_GetNextDescriptorOfTypeBefore:0000000000000018 .Loc.29
     /tmp/ccGDoDXz.s:160    .text.USB_GetNextDescriptorOfTypeBefore:0000000000000024 .Loc.30
     /tmp/ccGDoDXz.s:161    .text.USB_GetNextDescriptorOfTypeBefore:0000000000000024 .Loc.31
     /tmp/ccGDoDXz.s:165    .text.USB_GetNextDescriptorOfTypeBefore:000000000000002a .Loc.32
     /tmp/ccGDoDXz.s:169    .text.USB_GetNextDescriptorOfTypeBefore:0000000000000030 .Loc.33
     /tmp/ccGDoDXz.s:170    .text.USB_GetNextDescriptorOfTypeBefore:0000000000000030 .Loc.34
     /tmp/ccGDoDXz.s:178    .text.USB_GetNextDescriptorOfTypeBefore:000000000000003c .Loc.35
     /tmp/ccGDoDXz.s:181    .text.USB_GetNextDescriptorOfTypeBefore:000000000000003c .Loc.36
     /tmp/ccGDoDXz.s:182    .text.USB_GetNextDescriptorOfTypeBefore:000000000000003c .Loc.37
     /tmp/ccGDoDXz.s:187    .text.USB_GetNextDescriptorOfTypeBefore:0000000000000044 .Loc.38
     /tmp/ccGDoDXz.s:190    .text.USB_GetNextDescriptorOfTypeBefore:0000000000000048 .Loc.39
     /tmp/ccGDoDXz.s:191    .text.USB_GetNextDescriptorOfTypeBefore:0000000000000048 .Loc.40
     /tmp/ccGDoDXz.s:194    .text.USB_GetNextDescriptorOfTypeBefore:000000000000004c .Loc.41
     /tmp/ccGDoDXz.s:195    .text.USB_GetNextDescriptorOfTypeBefore:000000000000004c .Loc.42
     /tmp/ccGDoDXz.s:198    .text.USB_GetNextDescriptorOfTypeBefore:0000000000000050 .Loc.43
     /tmp/ccGDoDXz.s:201    .text.USB_GetNextDescriptorOfTypeBefore:0000000000000050 .Loc.44
     /tmp/ccGDoDXz.s:205    .text.USB_GetNextDescriptorOfTypeBefore:0000000000000056 L0
     /tmp/ccGDoDXz.s:211    .text.USB_GetNextDescriptorOfTypeAfter:0000000000000000 USB_GetNextDescriptorOfTypeAfter
     /tmp/ccGDoDXz.s:214    .text.USB_GetNextDescriptorOfTypeAfter:0000000000000000 .Loc.45
     /tmp/ccGDoDXz.s:215    .text.USB_GetNextDescriptorOfTypeAfter:0000000000000000 L0
     /tmp/ccGDoDXz.s:216    .text.USB_GetNextDescriptorOfTypeAfter:0000000000000000 .Loc.46
     /tmp/ccGDoDXz.s:246    .text.USB_GetNextDescriptorOfTypeAfter:0000000000000012 .Loc.47
     /tmp/ccGDoDXz.s:249    .text.USB_GetNextDescriptorOfTypeAfter:0000000000000016 .Loc.48
     /tmp/ccGDoDXz.s:250    .text.USB_GetNextDescriptorOfTypeAfter:0000000000000016 .Loc.49
     /tmp/ccGDoDXz.s:255    .text.USB_GetNextDescriptorOfTypeAfter:000000000000001e .Loc.50
     /tmp/ccGDoDXz.s:260    .text.USB_GetNextDescriptorOfTypeAfter:0000000000000024 .Loc.51
     /tmp/ccGDoDXz.s:264    .text.USB_GetNextDescriptorOfTypeAfter:0000000000000028 .Loc.52
     /tmp/ccGDoDXz.s:268    .text.USB_GetNextDescriptorOfTypeAfter:000000000000002c .Loc.53
     /tmp/ccGDoDXz.s:271    .text.USB_GetNextDescriptorOfTypeAfter:000000000000002e .Loc.54
     /tmp/ccGDoDXz.s:276    .text.USB_GetNextDescriptorOfTypeAfter:0000000000000032 .Loc.55
     /tmp/ccGDoDXz.s:280    .text.USB_GetNextDescriptorOfTypeAfter:0000000000000036 .Loc.56
     /tmp/ccGDoDXz.s:284    .text.USB_GetNextDescriptorOfTypeAfter:000000000000003a .Loc.57
     /tmp/ccGDoDXz.s:287    .text.USB_GetNextDescriptorOfTypeAfter:000000000000003c .Loc.58
     /tmp/ccGDoDXz.s:289    .text.USB_GetNextDescriptorOfTypeAfter:000000000000003e L0
     /tmp/ccGDoDXz.s:295    .text.USB_GetNextDescriptorComp:0000000000000000 USB_GetNextDescriptorComp
     /tmp/ccGDoDXz.s:298    .text.USB_GetNextDescriptorComp:0000000000000000 .Loc.59
     /tmp/ccGDoDXz.s:299    .text.USB_GetNextDescriptorComp:0000000000000000 L0
     /tmp/ccGDoDXz.s:300    .text.USB_GetNextDescriptorComp:0000000000000000 .Loc.60
     /tmp/ccGDoDXz.s:348    .text.USB_GetNextDescriptorComp:000000000000001a .Loc.61
     /tmp/ccGDoDXz.s:349    .text.USB_GetNextDescriptorComp:000000000000001a .Loc.62
     /tmp/ccGDoDXz.s:352    .text.USB_GetNextDescriptorComp:000000000000001a .Loc.63
     /tmp/ccGDoDXz.s:358    .text.USB_GetNextDescriptorComp:0000000000000024 .Loc.64
     /tmp/ccGDoDXz.s:363    .text.USB_GetNextDescriptorComp:0000000000000028 .Loc.65
     /tmp/ccGDoDXz.s:364    .text.USB_GetNextDescriptorComp:0000000000000028 .Loc.66
     /tmp/ccGDoDXz.s:369    .text.USB_GetNextDescriptorComp:000000000000002e .Loc.67
     /tmp/ccGDoDXz.s:370    .text.USB_GetNextDescriptorComp:000000000000002e .Loc.68
     /tmp/ccGDoDXz.s:373    .text.USB_GetNextDescriptorComp:000000000000002e .Loc.69
     /tmp/ccGDoDXz.s:375    .text.USB_GetNextDescriptorComp:000000000000002e .Loc.70
     /tmp/ccGDoDXz.s:376    .text.USB_GetNextDescriptorComp:000000000000002e .Loc.71
     /tmp/ccGDoDXz.s:377    .text.USB_GetNextDescriptorComp:000000000000002e .Loc.72
     /tmp/ccGDoDXz.s:380    .text.USB_GetNextDescriptorComp:0000000000000030 .Loc.73
     /tmp/ccGDoDXz.s:389    .text.USB_GetNextDescriptorComp:000000000000003c .Loc.74
     /tmp/ccGDoDXz.s:390    .text.USB_GetNextDescriptorComp:000000000000003c .Loc.75
     /tmp/ccGDoDXz.s:394    .text.USB_GetNextDescriptorComp:0000000000000042 .Loc.76
     /tmp/ccGDoDXz.s:398    .text.USB_GetNextDescriptorComp:0000000000000048 .Loc.77
     /tmp/ccGDoDXz.s:399    .text.USB_GetNextDescriptorComp:0000000000000048 .Loc.78
     /tmp/ccGDoDXz.s:407    .text.USB_GetNextDescriptorComp:0000000000000054 .Loc.79
     /tmp/ccGDoDXz.s:410    .text.USB_GetNextDescriptorComp:0000000000000054 .Loc.80
     /tmp/ccGDoDXz.s:411    .text.USB_GetNextDescriptorComp:0000000000000054 .Loc.81
     /tmp/ccGDoDXz.s:417    .text.USB_GetNextDescriptorComp:000000000000005c .Loc.82
     /tmp/ccGDoDXz.s:420    .text.USB_GetNextDescriptorComp:0000000000000060 .Loc.83
     /tmp/ccGDoDXz.s:421    .text.USB_GetNextDescriptorComp:0000000000000060 .Loc.84
     /tmp/ccGDoDXz.s:424    .text.USB_GetNextDescriptorComp:0000000000000064 .Loc.85
     /tmp/ccGDoDXz.s:425    .text.USB_GetNextDescriptorComp:0000000000000064 .Loc.86
     /tmp/ccGDoDXz.s:429    .text.USB_GetNextDescriptorComp:000000000000006a .Loc.87
     /tmp/ccGDoDXz.s:430    .text.USB_GetNextDescriptorComp:000000000000006a .Loc.88
     /tmp/ccGDoDXz.s:436    .text.USB_GetNextDescriptorComp:000000000000006e .Loc.89
     /tmp/ccGDoDXz.s:438    .text.USB_GetNextDescriptorComp:000000000000006e .Loc.90
     /tmp/ccGDoDXz.s:442    .text.USB_GetNextDescriptorComp:0000000000000072 .Loc.91
     /tmp/ccGDoDXz.s:446    .text.USB_GetNextDescriptorComp:0000000000000076 .Loc.92
     /tmp/ccGDoDXz.s:452    .text.USB_GetNextDescriptorComp:000000000000007e .Loc.93
     /tmp/ccGDoDXz.s:456    .text.USB_GetNextDescriptorComp:0000000000000084 L0
     /tmp/ccGDoDXz.s:106    .text.USB_GetNextDescriptorOfType:000000000000004e L0
     /tmp/ccGDoDXz.s:208    .text.USB_GetNextDescriptorOfTypeBefore:0000000000000056 L0
     /tmp/ccGDoDXz.s:292    .text.USB_GetNextDescriptorOfTypeAfter:000000000000003e L0
     /tmp/ccGDoDXz.s:459    .text.USB_GetNextDescriptorComp:0000000000000084 L0
                     .debug_frame:0000000000000000 L0
     /tmp/ccGDoDXz.s:97     .text.USB_GetNextDescriptorOfType:0000000000000048 .L1
     /tmp/ccGDoDXz.s:65     .text.USB_GetNextDescriptorOfType:0000000000000024 .L3
     /tmp/ccGDoDXz.s:37     .text.USB_GetNextDescriptorOfType:0000000000000008 .L2
     /tmp/ccGDoDXz.s:199    .text.USB_GetNextDescriptorOfTypeBefore:0000000000000050 .L7
     /tmp/ccGDoDXz.s:158    .text.USB_GetNextDescriptorOfTypeBefore:0000000000000024 .L9
     /tmp/ccGDoDXz.s:131    .text.USB_GetNextDescriptorOfTypeBefore:0000000000000008 .L8
     /tmp/ccGDoDXz.s:274    .text.USB_GetNextDescriptorOfTypeAfter:0000000000000032 .L15
     /tmp/ccGDoDXz.s:361    .text.USB_GetNextDescriptorComp:0000000000000028 .L22
     /tmp/ccGDoDXz.s:434    .text.USB_GetNextDescriptorComp:000000000000006e .L17
     /tmp/ccGDoDXz.s:387    .text.USB_GetNextDescriptorComp:000000000000003c .L19
     /tmp/ccGDoDXz.s:351    .text.USB_GetNextDescriptorComp:000000000000001a .L18
     /tmp/ccGDoDXz.s:1004   .debug_abbrev:0000000000000000 .Ldebug_abbrev0
     /tmp/ccGDoDXz.s:2231   .debug_ranges:0000000000000000 .Ldebug_ranges0
     /tmp/ccGDoDXz.s:2243   .debug_line:0000000000000000 .Ldebug_line0
     /tmp/ccGDoDXz.s:297    .text.USB_GetNextDescriptorComp:0000000000000000 .LFB95
     /tmp/ccGDoDXz.s:457    .text.USB_GetNextDescriptorComp:0000000000000084 .LFE95
     /tmp/ccGDoDXz.s:1457   .debug_loc:0000000000000000 .LLST16
     /tmp/ccGDoDXz.s:1533   .debug_loc:000000000000009d .LLST17
     /tmp/ccGDoDXz.s:1526   .debug_loc:0000000000000097 .LVUS17
     /tmp/ccGDoDXz.s:1568   .debug_loc:00000000000000d9 .LLST18
     /tmp/ccGDoDXz.s:1561   .debug_loc:00000000000000d3 .LVUS18
     /tmp/ccGDoDXz.s:1603   .debug_loc:0000000000000115 .LLST19
     /tmp/ccGDoDXz.s:1596   .debug_loc:000000000000010f .LVUS19
     /tmp/ccGDoDXz.s:1634   .debug_loc:000000000000014d .LLST20
     /tmp/ccGDoDXz.s:1631   .debug_loc:000000000000014b .LVUS20
     /tmp/ccGDoDXz.s:362    .text.USB_GetNextDescriptorComp:0000000000000028 .LBB13
     /tmp/ccGDoDXz.s:437    .text.USB_GetNextDescriptorComp:000000000000006e .LBE13
     /tmp/ccGDoDXz.s:1644   .debug_loc:0000000000000162 .LLST21
     /tmp/ccGDoDXz.s:1641   .debug_loc:0000000000000160 .LVUS21
     /tmp/ccGDoDXz.s:1659   .debug_loc:000000000000017c .LLST22
     /tmp/ccGDoDXz.s:1656   .debug_loc:000000000000017a .LVUS22
     /tmp/ccGDoDXz.s:372    .text.USB_GetNextDescriptorComp:000000000000002e .LBI14
     /tmp/ccGDoDXz.s:371    .text.USB_GetNextDescriptorComp:000000000000002e .LBB14
     /tmp/ccGDoDXz.s:409    .text.USB_GetNextDescriptorComp:0000000000000054 .LBE14
     /tmp/ccGDoDXz.s:1676   .debug_loc:0000000000000198 .LLST23
     /tmp/ccGDoDXz.s:1671   .debug_loc:0000000000000194 .LVUS23
     /tmp/ccGDoDXz.s:1700   .debug_loc:00000000000001c2 .LLST24
     /tmp/ccGDoDXz.s:1697   .debug_loc:00000000000001c0 .LVUS24
     /tmp/ccGDoDXz.s:1717   .debug_loc:00000000000001de .LLST25
     /tmp/ccGDoDXz.s:1712   .debug_loc:00000000000001da .LVUS25
     /tmp/ccGDoDXz.s:416    .text.USB_GetNextDescriptorComp:000000000000005c .LVL28
     /tmp/ccGDoDXz.s:213    .text.USB_GetNextDescriptorOfTypeAfter:0000000000000000 .LFB94
     /tmp/ccGDoDXz.s:290    .text.USB_GetNextDescriptorOfTypeAfter:000000000000003e .LFE94
     /tmp/ccGDoDXz.s:1740   .debug_loc:0000000000000208 .LLST11
     /tmp/ccGDoDXz.s:1792   .debug_loc:000000000000026a .LLST12
     /tmp/ccGDoDXz.s:1779   .debug_loc:000000000000025e .LVUS12
     /tmp/ccGDoDXz.s:1858   .debug_loc:00000000000002da .LLST13
     /tmp/ccGDoDXz.s:1845   .debug_loc:00000000000002ce .LVUS13
     /tmp/ccGDoDXz.s:1924   .debug_loc:000000000000034a .LLST14
     /tmp/ccGDoDXz.s:1911   .debug_loc:000000000000033e .LVUS14
     /tmp/ccGDoDXz.s:1962   .debug_loc:000000000000039e .LLST15
     /tmp/ccGDoDXz.s:1957   .debug_loc:000000000000039a .LVUS15
     /tmp/ccGDoDXz.s:248    .text.USB_GetNextDescriptorOfTypeAfter:0000000000000016 .LVL14
     /tmp/ccGDoDXz.s:273    .text.USB_GetNextDescriptorOfTypeAfter:0000000000000032 .LVL18
     /tmp/ccGDoDXz.s:111    .text.USB_GetNextDescriptorOfTypeBefore:0000000000000000 .LFB93
     /tmp/ccGDoDXz.s:206    .text.USB_GetNextDescriptorOfTypeBefore:0000000000000056 .LFE93
     /tmp/ccGDoDXz.s:1976   .debug_loc:00000000000003bf .LLST5
     /tmp/ccGDoDXz.s:2002   .debug_loc:00000000000003f2 .LLST6
     /tmp/ccGDoDXz.s:1997   .debug_loc:00000000000003ee .LVUS6
     /tmp/ccGDoDXz.s:2028   .debug_loc:000000000000041e .LLST7
     /tmp/ccGDoDXz.s:2023   .debug_loc:000000000000041a .LVUS7
     /tmp/ccGDoDXz.s:141    .text.USB_GetNextDescriptorOfTypeBefore:0000000000000012 .LBI8
     /tmp/ccGDoDXz.s:140    .text.USB_GetNextDescriptorOfTypeBefore:0000000000000012 .LBB8
     /tmp/ccGDoDXz.s:180    .text.USB_GetNextDescriptorOfTypeBefore:000000000000003c .LBE8
     /tmp/ccGDoDXz.s:2052   .debug_loc:0000000000000448 .LLST8
     /tmp/ccGDoDXz.s:2049   .debug_loc:0000000000000446 .LVUS8
     /tmp/ccGDoDXz.s:2067   .debug_loc:0000000000000462 .LLST9
     /tmp/ccGDoDXz.s:2064   .debug_loc:0000000000000460 .LVUS9
     /tmp/ccGDoDXz.s:2084   .debug_loc:000000000000047e .LLST10
     /tmp/ccGDoDXz.s:2079   .debug_loc:000000000000047a .LVUS10
     /tmp/ccGDoDXz.s:17     .text.USB_GetNextDescriptorOfType:0000000000000000 .LFB92
     /tmp/ccGDoDXz.s:104    .text.USB_GetNextDescriptorOfType:000000000000004e .LFE92
     /tmp/ccGDoDXz.s:2107   .debug_loc:00000000000004a8 .LLST0
     /tmp/ccGDoDXz.s:2133   .debug_loc:00000000000004db .LLST1
     /tmp/ccGDoDXz.s:2128   .debug_loc:00000000000004d7 .LVUS1
     /tmp/ccGDoDXz.s:47     .text.USB_GetNextDescriptorOfType:0000000000000012 .LBI4
     /tmp/ccGDoDXz.s:46     .text.USB_GetNextDescriptorOfType:0000000000000012 .LBB4
     /tmp/ccGDoDXz.s:87     .text.USB_GetNextDescriptorOfType:000000000000003c .LBE4
     /tmp/ccGDoDXz.s:2157   .debug_loc:0000000000000505 .LLST2
     /tmp/ccGDoDXz.s:2154   .debug_loc:0000000000000503 .LVUS2
     /tmp/ccGDoDXz.s:2172   .debug_loc:000000000000051f .LLST3
     /tmp/ccGDoDXz.s:2169   .debug_loc:000000000000051d .LVUS3
     /tmp/ccGDoDXz.s:2189   .debug_loc:000000000000053b .LLST4
     /tmp/ccGDoDXz.s:2184   .debug_loc:0000000000000537 .LVUS4
     /tmp/ccGDoDXz.s:302    .text.USB_GetNextDescriptorComp:0000000000000002 .LCFI9
     /tmp/ccGDoDXz.s:306    .text.USB_GetNextDescriptorComp:0000000000000004 .LCFI10
     /tmp/ccGDoDXz.s:310    .text.USB_GetNextDescriptorComp:0000000000000006 .LCFI11
     /tmp/ccGDoDXz.s:314    .text.USB_GetNextDescriptorComp:0000000000000008 .LCFI12
     /tmp/ccGDoDXz.s:318    .text.USB_GetNextDescriptorComp:000000000000000a .LCFI13
     /tmp/ccGDoDXz.s:322    .text.USB_GetNextDescriptorComp:000000000000000c .LCFI14
     /tmp/ccGDoDXz.s:326    .text.USB_GetNextDescriptorComp:000000000000000e .LCFI15
     /tmp/ccGDoDXz.s:330    .text.USB_GetNextDescriptorComp:0000000000000010 .LCFI16
     /tmp/ccGDoDXz.s:334    .text.USB_GetNextDescriptorComp:0000000000000012 .LCFI17
     /tmp/ccGDoDXz.s:338    .text.USB_GetNextDescriptorComp:0000000000000014 .LCFI18
     /tmp/ccGDoDXz.s:296    .text.USB_GetNextDescriptorComp:0000000000000000 .LVL22
     /tmp/ccGDoDXz.s:350    .text.USB_GetNextDescriptorComp:000000000000001a .LVL23
     /tmp/ccGDoDXz.s:441    .text.USB_GetNextDescriptorComp:0000000000000072 .LVL30
     /tmp/ccGDoDXz.s:445    .text.USB_GetNextDescriptorComp:0000000000000076 .LVL31
     /tmp/ccGDoDXz.s:451    .text.USB_GetNextDescriptorComp:000000000000007e .LVL32
     /tmp/ccGDoDXz.s:433    .text.USB_GetNextDescriptorComp:000000000000006e .LVL29
     /tmp/ccGDoDXz.s:368    .text.USB_GetNextDescriptorComp:000000000000002e .LVL24
     /tmp/ccGDoDXz.s:379    .text.USB_GetNextDescriptorComp:0000000000000030 .LVL25
     /tmp/ccGDoDXz.s:406    .text.USB_GetNextDescriptorComp:0000000000000054 .LVL27
     /tmp/ccGDoDXz.s:388    .text.USB_GetNextDescriptorComp:000000000000003c .LVL26
     /tmp/ccGDoDXz.s:218    .text.USB_GetNextDescriptorOfTypeAfter:0000000000000002 .LCFI4
     /tmp/ccGDoDXz.s:222    .text.USB_GetNextDescriptorOfTypeAfter:0000000000000004 .LCFI5
     /tmp/ccGDoDXz.s:226    .text.USB_GetNextDescriptorOfTypeAfter:0000000000000006 .LCFI6
     /tmp/ccGDoDXz.s:230    .text.USB_GetNextDescriptorOfTypeAfter:0000000000000008 .LCFI7
     /tmp/ccGDoDXz.s:234    .text.USB_GetNextDescriptorOfTypeAfter:000000000000000a .LCFI8
     /tmp/ccGDoDXz.s:212    .text.USB_GetNextDescriptorOfTypeAfter:0000000000000000 .LVL12
     /tmp/ccGDoDXz.s:263    .text.USB_GetNextDescriptorOfTypeAfter:0000000000000028 .LVL15
     /tmp/ccGDoDXz.s:279    .text.USB_GetNextDescriptorOfTypeAfter:0000000000000036 .LVL19
     /tmp/ccGDoDXz.s:267    .text.USB_GetNextDescriptorOfTypeAfter:000000000000002c .LVL16
     /tmp/ccGDoDXz.s:283    .text.USB_GetNextDescriptorOfTypeAfter:000000000000003a .LVL20
     /tmp/ccGDoDXz.s:245    .text.USB_GetNextDescriptorOfTypeAfter:0000000000000012 .LVL13
     /tmp/ccGDoDXz.s:270    .text.USB_GetNextDescriptorOfTypeAfter:000000000000002e .LVL17
     /tmp/ccGDoDXz.s:286    .text.USB_GetNextDescriptorOfTypeAfter:000000000000003c .LVL21
     /tmp/ccGDoDXz.s:116    .text.USB_GetNextDescriptorOfTypeBefore:0000000000000002 .LCFI2
     /tmp/ccGDoDXz.s:120    .text.USB_GetNextDescriptorOfTypeBefore:0000000000000004 .LCFI3
     /tmp/ccGDoDXz.s:110    .text.USB_GetNextDescriptorOfTypeBefore:0000000000000000 .LVL6
     /tmp/ccGDoDXz.s:130    .text.USB_GetNextDescriptorOfTypeBefore:0000000000000008 .LVL7
     /tmp/ccGDoDXz.s:139    .text.USB_GetNextDescriptorOfTypeBefore:0000000000000012 .LVL8
     /tmp/ccGDoDXz.s:177    .text.USB_GetNextDescriptorOfTypeBefore:000000000000003c .LVL11
     /tmp/ccGDoDXz.s:149    .text.USB_GetNextDescriptorOfTypeBefore:0000000000000018 .LVL9
     /tmp/ccGDoDXz.s:159    .text.USB_GetNextDescriptorOfTypeBefore:0000000000000024 .LVL10
     /tmp/ccGDoDXz.s:22     .text.USB_GetNextDescriptorOfType:0000000000000002 .LCFI0
     /tmp/ccGDoDXz.s:26     .text.USB_GetNextDescriptorOfType:0000000000000004 .LCFI1
     /tmp/ccGDoDXz.s:16     .text.USB_GetNextDescriptorOfType:0000000000000000 .LVL0
     /tmp/ccGDoDXz.s:36     .text.USB_GetNextDescriptorOfType:0000000000000008 .LVL1
     /tmp/ccGDoDXz.s:45     .text.USB_GetNextDescriptorOfType:0000000000000012 .LVL2
     /tmp/ccGDoDXz.s:84     .text.USB_GetNextDescriptorOfType:000000000000003c .LVL5
     /tmp/ccGDoDXz.s:56     .text.USB_GetNextDescriptorOfType:0000000000000018 .LVL3
     /tmp/ccGDoDXz.s:66     .text.USB_GetNextDescriptorOfType:0000000000000024 .LVL4
     /tmp/ccGDoDXz.s:464    .debug_info:0000000000000000 .Ldebug_info0

NO UNDEFINED SYMBOLS
