   1               		.file	"Events.c"
   2               	__SP_H__ = 0x3e
   3               	__SP_L__ = 0x3d
   4               	__SREG__ = 0x3f
   5               	__RAMPZ__ = 0x3b
   6               	__tmp_reg__ = 0
   7               	__zero_reg__ = 1
   8               		.text
   9               	.Ltext0:
  10               		.cfi_sections	.debug_frame
  11               		.file 1 "./tmk_core/protocol/lufa/LUFA-git/LUFA/Drivers/USB/Core/Events.c"
  12               		.section	.text.USB_Event_Stub,"ax",@progbits
  13               	.global	USB_Event_Stub
  15               	USB_Event_Stub:
  16               	.LFB20:
   1:./tmk_core/protocol/lufa/LUFA-git/LUFA/Drivers/USB/Core/Events.c **** /*
   2:./tmk_core/protocol/lufa/LUFA-git/LUFA/Drivers/USB/Core/Events.c ****              LUFA Library
   3:./tmk_core/protocol/lufa/LUFA-git/LUFA/Drivers/USB/Core/Events.c ****      Copyright (C) Dean Camera, 2014.
   4:./tmk_core/protocol/lufa/LUFA-git/LUFA/Drivers/USB/Core/Events.c **** 
   5:./tmk_core/protocol/lufa/LUFA-git/LUFA/Drivers/USB/Core/Events.c ****   dean [at] fourwalledcubicle [dot] com
   6:./tmk_core/protocol/lufa/LUFA-git/LUFA/Drivers/USB/Core/Events.c ****            www.lufa-lib.org
   7:./tmk_core/protocol/lufa/LUFA-git/LUFA/Drivers/USB/Core/Events.c **** */
   8:./tmk_core/protocol/lufa/LUFA-git/LUFA/Drivers/USB/Core/Events.c **** 
   9:./tmk_core/protocol/lufa/LUFA-git/LUFA/Drivers/USB/Core/Events.c **** /*
  10:./tmk_core/protocol/lufa/LUFA-git/LUFA/Drivers/USB/Core/Events.c ****   Copyright 2014  Dean Camera (dean [at] fourwalledcubicle [dot] com)
  11:./tmk_core/protocol/lufa/LUFA-git/LUFA/Drivers/USB/Core/Events.c **** 
  12:./tmk_core/protocol/lufa/LUFA-git/LUFA/Drivers/USB/Core/Events.c ****   Permission to use, copy, modify, distribute, and sell this
  13:./tmk_core/protocol/lufa/LUFA-git/LUFA/Drivers/USB/Core/Events.c ****   software and its documentation for any purpose is hereby granted
  14:./tmk_core/protocol/lufa/LUFA-git/LUFA/Drivers/USB/Core/Events.c ****   without fee, provided that the above copyright notice appear in
  15:./tmk_core/protocol/lufa/LUFA-git/LUFA/Drivers/USB/Core/Events.c ****   all copies and that both that the copyright notice and this
  16:./tmk_core/protocol/lufa/LUFA-git/LUFA/Drivers/USB/Core/Events.c ****   permission notice and warranty disclaimer appear in supporting
  17:./tmk_core/protocol/lufa/LUFA-git/LUFA/Drivers/USB/Core/Events.c ****   documentation, and that the name of the author not be used in
  18:./tmk_core/protocol/lufa/LUFA-git/LUFA/Drivers/USB/Core/Events.c ****   advertising or publicity pertaining to distribution of the
  19:./tmk_core/protocol/lufa/LUFA-git/LUFA/Drivers/USB/Core/Events.c ****   software without specific, written prior permission.
  20:./tmk_core/protocol/lufa/LUFA-git/LUFA/Drivers/USB/Core/Events.c **** 
  21:./tmk_core/protocol/lufa/LUFA-git/LUFA/Drivers/USB/Core/Events.c ****   The author disclaims all warranties with regard to this
  22:./tmk_core/protocol/lufa/LUFA-git/LUFA/Drivers/USB/Core/Events.c ****   software, including all implied warranties of merchantability
  23:./tmk_core/protocol/lufa/LUFA-git/LUFA/Drivers/USB/Core/Events.c ****   and fitness.  In no event shall the author be liable for any
  24:./tmk_core/protocol/lufa/LUFA-git/LUFA/Drivers/USB/Core/Events.c ****   special, indirect or consequential damages or any damages
  25:./tmk_core/protocol/lufa/LUFA-git/LUFA/Drivers/USB/Core/Events.c ****   whatsoever resulting from loss of use, data or profits, whether
  26:./tmk_core/protocol/lufa/LUFA-git/LUFA/Drivers/USB/Core/Events.c ****   in an action of contract, negligence or other tortious action,
  27:./tmk_core/protocol/lufa/LUFA-git/LUFA/Drivers/USB/Core/Events.c ****   arising out of or in connection with the use or performance of
  28:./tmk_core/protocol/lufa/LUFA-git/LUFA/Drivers/USB/Core/Events.c ****   this software.
  29:./tmk_core/protocol/lufa/LUFA-git/LUFA/Drivers/USB/Core/Events.c **** */
  30:./tmk_core/protocol/lufa/LUFA-git/LUFA/Drivers/USB/Core/Events.c **** 
  31:./tmk_core/protocol/lufa/LUFA-git/LUFA/Drivers/USB/Core/Events.c **** #define  __INCLUDE_FROM_EVENTS_C
  32:./tmk_core/protocol/lufa/LUFA-git/LUFA/Drivers/USB/Core/Events.c **** #define  __INCLUDE_FROM_USB_DRIVER
  33:./tmk_core/protocol/lufa/LUFA-git/LUFA/Drivers/USB/Core/Events.c **** #include "Events.h"
  34:./tmk_core/protocol/lufa/LUFA-git/LUFA/Drivers/USB/Core/Events.c **** 
  35:./tmk_core/protocol/lufa/LUFA-git/LUFA/Drivers/USB/Core/Events.c **** void USB_Event_Stub(void)
  36:./tmk_core/protocol/lufa/LUFA-git/LUFA/Drivers/USB/Core/Events.c **** {
  17               		.loc 1 36 1 view -0
  18               		.cfi_startproc
  19               	/* prologue: function */
  20               	/* frame size = 0 */
  21               	/* stack size = 0 */
  22               	.L__stack_usage = 0
  37:./tmk_core/protocol/lufa/LUFA-git/LUFA/Drivers/USB/Core/Events.c **** 
  38:./tmk_core/protocol/lufa/LUFA-git/LUFA/Drivers/USB/Core/Events.c **** }
  23               		.loc 1 38 1 view .LVU1
  24               	/* epilogue start */
  25 0000 0895      		ret
  26               		.cfi_endproc
  27               	.LFE20:
  29               		.weak	EVENT_USB_Device_StartOfFrame
  30               		.set	EVENT_USB_Device_StartOfFrame,USB_Event_Stub
  31               		.weak	EVENT_USB_Device_Reset
  32               		.set	EVENT_USB_Device_Reset,USB_Event_Stub
  33               		.weak	EVENT_USB_Device_WakeUp
  34               		.set	EVENT_USB_Device_WakeUp,USB_Event_Stub
  35               		.weak	EVENT_USB_Device_Suspend
  36               		.set	EVENT_USB_Device_Suspend,USB_Event_Stub
  37               		.weak	EVENT_USB_Device_ConfigurationChanged
  38               		.set	EVENT_USB_Device_ConfigurationChanged,USB_Event_Stub
  39               		.weak	EVENT_USB_Device_ControlRequest
  40               		.set	EVENT_USB_Device_ControlRequest,USB_Event_Stub
  41               		.weak	EVENT_USB_Device_Disconnect
  42               		.set	EVENT_USB_Device_Disconnect,USB_Event_Stub
  43               		.weak	EVENT_USB_Device_Connect
  44               		.set	EVENT_USB_Device_Connect,USB_Event_Stub
  45               		.text
  46               	.Letext0:
DEFINED SYMBOLS
                            *ABS*:0000000000000000 Events.c
     /tmp/cclEFw1v.s:2      *ABS*:000000000000003e __SP_H__
     /tmp/cclEFw1v.s:3      *ABS*:000000000000003d __SP_L__
     /tmp/cclEFw1v.s:4      *ABS*:000000000000003f __SREG__
     /tmp/cclEFw1v.s:5      *ABS*:000000000000003b __RAMPZ__
     /tmp/cclEFw1v.s:6      *ABS*:0000000000000000 __tmp_reg__
     /tmp/cclEFw1v.s:7      *ABS*:0000000000000001 __zero_reg__
     /tmp/cclEFw1v.s:15     .text.USB_Event_Stub:0000000000000000 USB_Event_Stub
     /tmp/cclEFw1v.s:17     .text.USB_Event_Stub:0000000000000000 .Loc.0
     /tmp/cclEFw1v.s:18     .text.USB_Event_Stub:0000000000000000 L0
     /tmp/cclEFw1v.s:23     .text.USB_Event_Stub:0000000000000000 .Loc.1
     /tmp/cclEFw1v.s:26     .text.USB_Event_Stub:0000000000000002 L0
     /tmp/cclEFw1v.s:15     .text.USB_Event_Stub:0000000000000000 EVENT_USB_Device_StartOfFrame
     /tmp/cclEFw1v.s:15     .text.USB_Event_Stub:0000000000000000 EVENT_USB_Device_Reset
     /tmp/cclEFw1v.s:15     .text.USB_Event_Stub:0000000000000000 EVENT_USB_Device_WakeUp
     /tmp/cclEFw1v.s:15     .text.USB_Event_Stub:0000000000000000 EVENT_USB_Device_Suspend
     /tmp/cclEFw1v.s:15     .text.USB_Event_Stub:0000000000000000 EVENT_USB_Device_ConfigurationChanged
     /tmp/cclEFw1v.s:15     .text.USB_Event_Stub:0000000000000000 EVENT_USB_Device_ControlRequest
     /tmp/cclEFw1v.s:15     .text.USB_Event_Stub:0000000000000000 EVENT_USB_Device_Disconnect
     /tmp/cclEFw1v.s:15     .text.USB_Event_Stub:0000000000000000 EVENT_USB_Device_Connect
     /tmp/cclEFw1v.s:45     .text.USB_Event_Stub:0000000000000002 L0
                     .debug_frame:0000000000000000 L0
     /tmp/cclEFw1v.s:110    .debug_abbrev:0000000000000000 .Ldebug_abbrev0
     /tmp/cclEFw1v.s:193    .debug_ranges:0000000000000000 .Ldebug_ranges0
     /tmp/cclEFw1v.s:199    .debug_line:0000000000000000 .Ldebug_line0
     /tmp/cclEFw1v.s:16     .text.USB_Event_Stub:0000000000000000 .LFB20
     /tmp/cclEFw1v.s:27     .text.USB_Event_Stub:0000000000000002 .LFE20
     /tmp/cclEFw1v.s:48     .debug_info:0000000000000000 .Ldebug_info0

NO UNDEFINED SYMBOLS
