   1               		.file	"process_space_cadet.c"
   2               	__SP_H__ = 0x3e
   3               	__SP_L__ = 0x3d
   4               	__SREG__ = 0x3f
   5               	__RAMPZ__ = 0x3b
   6               	__tmp_reg__ = 0
   7               	__zero_reg__ = 1
   8               		.text
   9               	.Ltext0:
  10               		.cfi_sections	.debug_frame
  11               		.section	.text.perform_space_cadet,"ax",@progbits
  12               	.global	perform_space_cadet
  14               	perform_space_cadet:
  15               	.LVL0:
  16               	.LFB117:
  17               		.file 1 "quantum/process_keycode/process_space_cadet.c"
   1:quantum/process_keycode/process_space_cadet.c **** /* Copyright 2019 Jack Humbert
   2:quantum/process_keycode/process_space_cadet.c ****  *
   3:quantum/process_keycode/process_space_cadet.c ****  * This program is free software: you can redistribute it and/or modify
   4:quantum/process_keycode/process_space_cadet.c ****  * it under the terms of the GNU General Public License as published by
   5:quantum/process_keycode/process_space_cadet.c ****  * the Free Software Foundation, either version 2 of the License, or
   6:quantum/process_keycode/process_space_cadet.c ****  * (at your option) any later version.
   7:quantum/process_keycode/process_space_cadet.c ****  *
   8:quantum/process_keycode/process_space_cadet.c ****  * This program is distributed in the hope that it will be useful,
   9:quantum/process_keycode/process_space_cadet.c ****  * but WITHOUT ANY WARRANTY; without even the implied warranty of
  10:quantum/process_keycode/process_space_cadet.c ****  * MERCHANTABILITY or FITNESS FOR A PARTICULAR PURPOSE.  See the
  11:quantum/process_keycode/process_space_cadet.c ****  * GNU General Public License for more details.
  12:quantum/process_keycode/process_space_cadet.c ****  *
  13:quantum/process_keycode/process_space_cadet.c ****  * You should have received a copy of the GNU General Public License
  14:quantum/process_keycode/process_space_cadet.c ****  * along with this program.  If not, see <http://www.gnu.org/licenses/>.
  15:quantum/process_keycode/process_space_cadet.c ****  */
  16:quantum/process_keycode/process_space_cadet.c **** #include "process_space_cadet.h"
  17:quantum/process_keycode/process_space_cadet.c **** #include "action_tapping.h"
  18:quantum/process_keycode/process_space_cadet.c **** 
  19:quantum/process_keycode/process_space_cadet.c **** #ifdef NO_ACTION_TAPPING
  20:quantum/process_keycode/process_space_cadet.c **** __attribute__((weak)) uint16_t get_tapping_term(uint16_t keycode, keyrecord_t *record) { return TAP
  21:quantum/process_keycode/process_space_cadet.c **** #endif
  22:quantum/process_keycode/process_space_cadet.c **** 
  23:quantum/process_keycode/process_space_cadet.c **** // ********** OBSOLETE DEFINES, STOP USING! (pls?) **********
  24:quantum/process_keycode/process_space_cadet.c **** // Shift / paren setup
  25:quantum/process_keycode/process_space_cadet.c **** #ifndef LSPO_KEY
  26:quantum/process_keycode/process_space_cadet.c **** #    define LSPO_KEY KC_9
  27:quantum/process_keycode/process_space_cadet.c **** #endif
  28:quantum/process_keycode/process_space_cadet.c **** #ifndef RSPC_KEY
  29:quantum/process_keycode/process_space_cadet.c **** #    define RSPC_KEY KC_0
  30:quantum/process_keycode/process_space_cadet.c **** #endif
  31:quantum/process_keycode/process_space_cadet.c **** 
  32:quantum/process_keycode/process_space_cadet.c **** // Shift / Enter setup
  33:quantum/process_keycode/process_space_cadet.c **** #ifndef SFTENT_KEY
  34:quantum/process_keycode/process_space_cadet.c **** #    define SFTENT_KEY KC_ENT
  35:quantum/process_keycode/process_space_cadet.c **** #endif
  36:quantum/process_keycode/process_space_cadet.c **** 
  37:quantum/process_keycode/process_space_cadet.c **** #ifdef DISABLE_SPACE_CADET_MODIFIER
  38:quantum/process_keycode/process_space_cadet.c **** #    ifndef LSPO_MOD
  39:quantum/process_keycode/process_space_cadet.c **** #        define LSPO_MOD KC_TRNS
  40:quantum/process_keycode/process_space_cadet.c **** #    endif
  41:quantum/process_keycode/process_space_cadet.c **** #    ifndef RSPC_MOD
  42:quantum/process_keycode/process_space_cadet.c **** #        define RSPC_MOD KC_TRNS
  43:quantum/process_keycode/process_space_cadet.c **** #    endif
  44:quantum/process_keycode/process_space_cadet.c **** #else
  45:quantum/process_keycode/process_space_cadet.c **** #    ifndef LSPO_MOD
  46:quantum/process_keycode/process_space_cadet.c **** #        define LSPO_MOD KC_LSFT
  47:quantum/process_keycode/process_space_cadet.c **** #    endif
  48:quantum/process_keycode/process_space_cadet.c **** #    ifndef RSPC_MOD
  49:quantum/process_keycode/process_space_cadet.c **** #        define RSPC_MOD KC_RSFT
  50:quantum/process_keycode/process_space_cadet.c **** #    endif
  51:quantum/process_keycode/process_space_cadet.c **** #endif
  52:quantum/process_keycode/process_space_cadet.c **** // **********************************************************
  53:quantum/process_keycode/process_space_cadet.c **** 
  54:quantum/process_keycode/process_space_cadet.c **** // Shift / paren setup
  55:quantum/process_keycode/process_space_cadet.c **** #ifndef LSPO_KEYS
  56:quantum/process_keycode/process_space_cadet.c **** #    define LSPO_KEYS KC_LSFT, LSPO_MOD, LSPO_KEY
  57:quantum/process_keycode/process_space_cadet.c **** #endif
  58:quantum/process_keycode/process_space_cadet.c **** #ifndef RSPC_KEYS
  59:quantum/process_keycode/process_space_cadet.c **** #    define RSPC_KEYS KC_RSFT, RSPC_MOD, RSPC_KEY
  60:quantum/process_keycode/process_space_cadet.c **** #endif
  61:quantum/process_keycode/process_space_cadet.c **** 
  62:quantum/process_keycode/process_space_cadet.c **** // Control / paren setup
  63:quantum/process_keycode/process_space_cadet.c **** #ifndef LCPO_KEYS
  64:quantum/process_keycode/process_space_cadet.c **** #    define LCPO_KEYS KC_LCTL, KC_LSFT, KC_9
  65:quantum/process_keycode/process_space_cadet.c **** #endif
  66:quantum/process_keycode/process_space_cadet.c **** #ifndef RCPC_KEYS
  67:quantum/process_keycode/process_space_cadet.c **** #    define RCPC_KEYS KC_RCTL, KC_RSFT, KC_0
  68:quantum/process_keycode/process_space_cadet.c **** #endif
  69:quantum/process_keycode/process_space_cadet.c **** 
  70:quantum/process_keycode/process_space_cadet.c **** // Alt / paren setup
  71:quantum/process_keycode/process_space_cadet.c **** #ifndef LAPO_KEYS
  72:quantum/process_keycode/process_space_cadet.c **** #    define LAPO_KEYS KC_LALT, KC_LSFT, KC_9
  73:quantum/process_keycode/process_space_cadet.c **** #endif
  74:quantum/process_keycode/process_space_cadet.c **** #ifndef RAPC_KEYS
  75:quantum/process_keycode/process_space_cadet.c **** #    define RAPC_KEYS KC_RALT, KC_RSFT, KC_0
  76:quantum/process_keycode/process_space_cadet.c **** #endif
  77:quantum/process_keycode/process_space_cadet.c **** 
  78:quantum/process_keycode/process_space_cadet.c **** // Shift / Enter setup
  79:quantum/process_keycode/process_space_cadet.c **** #ifndef SFTENT_KEYS
  80:quantum/process_keycode/process_space_cadet.c **** #    define SFTENT_KEYS KC_RSFT, KC_TRNS, SFTENT_KEY
  81:quantum/process_keycode/process_space_cadet.c **** #endif
  82:quantum/process_keycode/process_space_cadet.c **** 
  83:quantum/process_keycode/process_space_cadet.c **** static uint8_t  sc_last  = 0;
  84:quantum/process_keycode/process_space_cadet.c **** static uint16_t sc_timer = 0;
  85:quantum/process_keycode/process_space_cadet.c **** #ifdef SPACE_CADET_MODIFIER_CARRYOVER
  86:quantum/process_keycode/process_space_cadet.c **** static uint8_t sc_mods = 0;
  87:quantum/process_keycode/process_space_cadet.c **** #endif
  88:quantum/process_keycode/process_space_cadet.c **** 
  89:quantum/process_keycode/process_space_cadet.c **** void perform_space_cadet(keyrecord_t *record, uint16_t sc_keycode, uint8_t holdMod, uint8_t tapMod,
  18               		.loc 1 89 118 view -0
  19               		.cfi_startproc
  20               		.loc 1 89 118 is_stmt 0 view .LVU1
  21 0000 AF92      		push r10
  22               	.LCFI0:
  23               		.cfi_def_cfa_offset 3
  24               		.cfi_offset 10, -2
  25 0002 BF92      		push r11
  26               	.LCFI1:
  27               		.cfi_def_cfa_offset 4
  28               		.cfi_offset 11, -3
  29 0004 CF92      		push r12
  30               	.LCFI2:
  31               		.cfi_def_cfa_offset 5
  32               		.cfi_offset 12, -4
  33 0006 DF92      		push r13
  34               	.LCFI3:
  35               		.cfi_def_cfa_offset 6
  36               		.cfi_offset 13, -5
  37 0008 EF92      		push r14
  38               	.LCFI4:
  39               		.cfi_def_cfa_offset 7
  40               		.cfi_offset 14, -6
  41 000a FF92      		push r15
  42               	.LCFI5:
  43               		.cfi_def_cfa_offset 8
  44               		.cfi_offset 15, -7
  45 000c 0F93      		push r16
  46               	.LCFI6:
  47               		.cfi_def_cfa_offset 9
  48               		.cfi_offset 16, -8
  49 000e 1F93      		push r17
  50               	.LCFI7:
  51               		.cfi_def_cfa_offset 10
  52               		.cfi_offset 17, -9
  53 0010 CF93      		push r28
  54               	.LCFI8:
  55               		.cfi_def_cfa_offset 11
  56               		.cfi_offset 28, -10
  57 0012 DF93      		push r29
  58               	.LCFI9:
  59               		.cfi_def_cfa_offset 12
  60               		.cfi_offset 29, -11
  61               	/* prologue: function */
  62               	/* frame size = 0 */
  63               	/* stack size = 10 */
  64               	.L__stack_usage = 10
  65 0014 7C01      		movw r14,r24
  66 0016 5B01      		movw r10,r22
  67 0018 C42F      		mov r28,r20
  68 001a D22F      		mov r29,r18
  90:quantum/process_keycode/process_space_cadet.c ****     if (record->event.pressed) {
  69               		.loc 1 90 5 is_stmt 1 view .LVU2
  70               		.loc 1 90 8 is_stmt 0 view .LVU3
  71 001c FC01      		movw r30,r24
  72 001e 8281      		ldd r24,Z+2
  73               	.LVL1:
  74               		.loc 1 90 8 view .LVU4
  75 0020 8823      		tst r24
  76 0022 01F0      		breq .L2
  91:quantum/process_keycode/process_space_cadet.c ****         sc_last  = holdMod;
  77               		.loc 1 91 9 is_stmt 1 view .LVU5
  78               		.loc 1 91 18 is_stmt 0 view .LVU6
  79 0024 4093 0000 		sts sc_last,r20
  92:quantum/process_keycode/process_space_cadet.c ****         sc_timer = timer_read();
  80               		.loc 1 92 9 is_stmt 1 view .LVU7
  81               		.loc 1 92 20 is_stmt 0 view .LVU8
  82 0028 0E94 0000 		call timer_read
  83               	.LVL2:
  84               		.loc 1 92 18 view .LVU9
  85 002c 9093 0000 		sts sc_timer+1,r25
  86 0030 8093 0000 		sts sc_timer,r24
  93:quantum/process_keycode/process_space_cadet.c **** #ifdef SPACE_CADET_MODIFIER_CARRYOVER
  94:quantum/process_keycode/process_space_cadet.c ****         sc_mods = get_mods();
  95:quantum/process_keycode/process_space_cadet.c **** #endif
  96:quantum/process_keycode/process_space_cadet.c ****         if (IS_MOD(holdMod)) {
  87               		.loc 1 96 9 is_stmt 1 view .LVU10
  88               		.loc 1 96 13 is_stmt 0 view .LVU11
  89 0034 80E2      		ldi r24,lo8(32)
  90 0036 8C0F      		add r24,r28
  91               		.loc 1 96 12 view .LVU12
  92 0038 8830      		cpi r24,lo8(8)
  93 003a 00F0      		brlo .+2
  94 003c 00C0      		rjmp .L1
  97:quantum/process_keycode/process_space_cadet.c ****             register_mods(MOD_BIT(holdMod));
  95               		.loc 1 97 13 is_stmt 1 view .LVU13
  96               		.loc 1 97 27 is_stmt 0 view .LVU14
  97 003e C770      		andi r28,lo8(7)
  98               	.LVL3:
  99               		.loc 1 97 13 view .LVU15
 100 0040 81E0      		ldi r24,lo8(1)
 101 0042 00C0      		rjmp 2f
 102               		1:
 103 0044 880F      		lsl r24
 104               		2:
 105 0046 CA95      		dec r28
 106 0048 02F4      		brpl 1b
 107               	/* epilogue start */
  98:quantum/process_keycode/process_space_cadet.c ****         }
  99:quantum/process_keycode/process_space_cadet.c ****     } else {
 100:quantum/process_keycode/process_space_cadet.c ****         if (sc_last == holdMod && timer_elapsed(sc_timer) < get_tapping_term(sc_keycode, record)) {
 101:quantum/process_keycode/process_space_cadet.c ****             if (holdMod != tapMod) {
 102:quantum/process_keycode/process_space_cadet.c ****                 if (IS_MOD(holdMod)) {
 103:quantum/process_keycode/process_space_cadet.c ****                     unregister_mods(MOD_BIT(holdMod));
 104:quantum/process_keycode/process_space_cadet.c ****                 }
 105:quantum/process_keycode/process_space_cadet.c ****                 if (IS_MOD(tapMod)) {
 106:quantum/process_keycode/process_space_cadet.c ****                     register_mods(MOD_BIT(tapMod));
 107:quantum/process_keycode/process_space_cadet.c ****                 }
 108:quantum/process_keycode/process_space_cadet.c ****             }
 109:quantum/process_keycode/process_space_cadet.c **** #ifdef SPACE_CADET_MODIFIER_CARRYOVER
 110:quantum/process_keycode/process_space_cadet.c ****             set_weak_mods(sc_mods);
 111:quantum/process_keycode/process_space_cadet.c **** #endif
 112:quantum/process_keycode/process_space_cadet.c ****             tap_code(keycode);
 113:quantum/process_keycode/process_space_cadet.c **** #ifdef SPACE_CADET_MODIFIER_CARRYOVER
 114:quantum/process_keycode/process_space_cadet.c ****             clear_weak_mods();
 115:quantum/process_keycode/process_space_cadet.c **** #endif
 116:quantum/process_keycode/process_space_cadet.c ****             if (IS_MOD(tapMod)) {
 117:quantum/process_keycode/process_space_cadet.c ****                 unregister_mods(MOD_BIT(tapMod));
 118:quantum/process_keycode/process_space_cadet.c ****             }
 119:quantum/process_keycode/process_space_cadet.c ****         } else {
 120:quantum/process_keycode/process_space_cadet.c ****             if (IS_MOD(holdMod)) {
 121:quantum/process_keycode/process_space_cadet.c ****                 unregister_mods(MOD_BIT(holdMod));
 122:quantum/process_keycode/process_space_cadet.c ****             }
 123:quantum/process_keycode/process_space_cadet.c ****         }
 124:quantum/process_keycode/process_space_cadet.c ****     }
 125:quantum/process_keycode/process_space_cadet.c **** }
 108               		.loc 1 125 1 view .LVU16
 109 004a DF91      		pop r29
 110               	.LVL4:
 111               		.loc 1 125 1 view .LVU17
 112 004c CF91      		pop r28
 113 004e 1F91      		pop r17
 114 0050 0F91      		pop r16
 115               	.LVL5:
 116               		.loc 1 125 1 view .LVU18
 117 0052 FF90      		pop r15
 118 0054 EF90      		pop r14
 119               	.LVL6:
 120               		.loc 1 125 1 view .LVU19
 121 0056 DF90      		pop r13
 122 0058 CF90      		pop r12
 123 005a BF90      		pop r11
 124 005c AF90      		pop r10
 125               	.LVL7:
  97:quantum/process_keycode/process_space_cadet.c ****             register_mods(MOD_BIT(holdMod));
 126               		.loc 1 97 13 view .LVU20
 127 005e 0C94 0000 		jmp register_mods
 128               	.LVL8:
 129               	.L2:
 100:quantum/process_keycode/process_space_cadet.c ****             if (holdMod != tapMod) {
 130               		.loc 1 100 9 is_stmt 1 view .LVU21
 100:quantum/process_keycode/process_space_cadet.c ****             if (holdMod != tapMod) {
 131               		.loc 1 100 12 is_stmt 0 view .LVU22
 132 0062 1091 0000 		lds r17,sc_last
 133 0066 1413      		cpse r17,r20
 134 0068 00C0      		rjmp .L5
 100:quantum/process_keycode/process_space_cadet.c ****             if (holdMod != tapMod) {
 135               		.loc 1 100 35 discriminator 1 view .LVU23
 136 006a 8091 0000 		lds r24,sc_timer
 137 006e 9091 0000 		lds r25,sc_timer+1
 138 0072 0E94 0000 		call timer_elapsed
 139               	.LVL9:
 100:quantum/process_keycode/process_space_cadet.c ****             if (holdMod != tapMod) {
 140               		.loc 1 100 35 discriminator 1 view .LVU24
 141 0076 6C01      		movw r12,r24
 100:quantum/process_keycode/process_space_cadet.c ****             if (holdMod != tapMod) {
 142               		.loc 1 100 61 discriminator 1 view .LVU25
 143 0078 B701      		movw r22,r14
 144 007a C501      		movw r24,r10
 145 007c 0E94 0000 		call get_tapping_term
 146               	.LVL10:
 100:quantum/process_keycode/process_space_cadet.c ****             if (holdMod != tapMod) {
 147               		.loc 1 100 32 discriminator 1 view .LVU26
 148 0080 C816      		cp r12,r24
 149 0082 D906      		cpc r13,r25
 150 0084 00F4      		brsh .L5
 101:quantum/process_keycode/process_space_cadet.c ****                 if (IS_MOD(holdMod)) {
 151               		.loc 1 101 13 is_stmt 1 view .LVU27
 152 0086 C0E2      		ldi r28,lo8(32)
 153               	.LVL11:
 101:quantum/process_keycode/process_space_cadet.c ****                 if (IS_MOD(holdMod)) {
 154               		.loc 1 101 13 is_stmt 0 view .LVU28
 155 0088 CD0F      		add r28,r29
 101:quantum/process_keycode/process_space_cadet.c ****                 if (IS_MOD(holdMod)) {
 156               		.loc 1 101 16 view .LVU29
 157 008a 1D17      		cp r17,r29
 158 008c 01F0      		breq .L7
 102:quantum/process_keycode/process_space_cadet.c ****                     unregister_mods(MOD_BIT(holdMod));
 159               		.loc 1 102 17 is_stmt 1 view .LVU30
 102:quantum/process_keycode/process_space_cadet.c ****                     unregister_mods(MOD_BIT(holdMod));
 160               		.loc 1 102 21 is_stmt 0 view .LVU31
 161 008e 80E2      		ldi r24,lo8(32)
 162 0090 810F      		add r24,r17
 102:quantum/process_keycode/process_space_cadet.c ****                     unregister_mods(MOD_BIT(holdMod));
 163               		.loc 1 102 20 view .LVU32
 164 0092 8830      		cpi r24,lo8(8)
 165 0094 00F4      		brsh .L8
 103:quantum/process_keycode/process_space_cadet.c ****                 }
 166               		.loc 1 103 21 is_stmt 1 view .LVU33
 103:quantum/process_keycode/process_space_cadet.c ****                 }
 167               		.loc 1 103 37 is_stmt 0 view .LVU34
 168 0096 1770      		andi r17,lo8(7)
 103:quantum/process_keycode/process_space_cadet.c ****                 }
 169               		.loc 1 103 21 view .LVU35
 170 0098 81E0      		ldi r24,lo8(1)
 171 009a 00C0      		rjmp 2f
 172               		1:
 173 009c 880F      		lsl r24
 174               		2:
 175 009e 1A95      		dec r17
 176 00a0 02F4      		brpl 1b
 177 00a2 0E94 0000 		call unregister_mods
 178               	.LVL12:
 179               	.L8:
 105:quantum/process_keycode/process_space_cadet.c ****                     register_mods(MOD_BIT(tapMod));
 180               		.loc 1 105 17 is_stmt 1 view .LVU36
 105:quantum/process_keycode/process_space_cadet.c ****                     register_mods(MOD_BIT(tapMod));
 181               		.loc 1 105 20 is_stmt 0 view .LVU37
 182 00a6 C830      		cpi r28,lo8(8)
 183 00a8 00F4      		brsh .L7
 106:quantum/process_keycode/process_space_cadet.c ****                 }
 184               		.loc 1 106 21 is_stmt 1 view .LVU38
 185 00aa 81E0      		ldi r24,lo8(1)
 186 00ac 9D2F      		mov r25,r29
 187 00ae 9770      		andi r25,lo8(7)
 188 00b0 00C0      		rjmp 2f
 189               		1:
 190 00b2 880F      		lsl r24
 191               		2:
 192 00b4 9A95      		dec r25
 193 00b6 02F4      		brpl 1b
 194 00b8 0E94 0000 		call register_mods
 195               	.LVL13:
 196               	.L7:
 112:quantum/process_keycode/process_space_cadet.c **** #ifdef SPACE_CADET_MODIFIER_CARRYOVER
 197               		.loc 1 112 13 view .LVU39
 198 00bc 802F      		mov r24,r16
 199 00be 0E94 0000 		call tap_code
 200               	.LVL14:
 116:quantum/process_keycode/process_space_cadet.c ****                 unregister_mods(MOD_BIT(tapMod));
 201               		.loc 1 116 13 view .LVU40
 116:quantum/process_keycode/process_space_cadet.c ****                 unregister_mods(MOD_BIT(tapMod));
 202               		.loc 1 116 16 is_stmt 0 view .LVU41
 203 00c2 C830      		cpi r28,lo8(8)
 204 00c4 00F4      		brsh .L1
 117:quantum/process_keycode/process_space_cadet.c ****             }
 205               		.loc 1 117 17 is_stmt 1 view .LVU42
 117:quantum/process_keycode/process_space_cadet.c ****             }
 206               		.loc 1 117 33 is_stmt 0 view .LVU43
 207 00c6 D770      		andi r29,lo8(7)
 208               	.LVL15:
 117:quantum/process_keycode/process_space_cadet.c ****             }
 209               		.loc 1 117 17 view .LVU44
 210 00c8 81E0      		ldi r24,lo8(1)
 211 00ca 00C0      		rjmp 2f
 212               		1:
 213 00cc 880F      		lsl r24
 214               		2:
 215 00ce DA95      		dec r29
 216 00d0 02F4      		brpl 1b
 217               	.L11:
 218               	/* epilogue start */
 219               		.loc 1 125 1 view .LVU45
 220 00d2 DF91      		pop r29
 221 00d4 CF91      		pop r28
 222 00d6 1F91      		pop r17
 223 00d8 0F91      		pop r16
 224               	.LVL16:
 225               		.loc 1 125 1 view .LVU46
 226 00da FF90      		pop r15
 227 00dc EF90      		pop r14
 228               	.LVL17:
 229               		.loc 1 125 1 view .LVU47
 230 00de DF90      		pop r13
 231 00e0 CF90      		pop r12
 232 00e2 BF90      		pop r11
 233 00e4 AF90      		pop r10
 234               	.LVL18:
 121:quantum/process_keycode/process_space_cadet.c ****             }
 235               		.loc 1 121 17 view .LVU48
 236 00e6 0C94 0000 		jmp unregister_mods
 237               	.LVL19:
 238               	.L5:
 120:quantum/process_keycode/process_space_cadet.c ****                 unregister_mods(MOD_BIT(holdMod));
 239               		.loc 1 120 13 is_stmt 1 view .LVU49
 120:quantum/process_keycode/process_space_cadet.c ****                 unregister_mods(MOD_BIT(holdMod));
 240               		.loc 1 120 17 is_stmt 0 view .LVU50
 241 00ea 80E2      		ldi r24,lo8(32)
 242 00ec 8C0F      		add r24,r28
 120:quantum/process_keycode/process_space_cadet.c ****                 unregister_mods(MOD_BIT(holdMod));
 243               		.loc 1 120 16 view .LVU51
 244 00ee 8830      		cpi r24,lo8(8)
 245 00f0 00F4      		brsh .L1
 121:quantum/process_keycode/process_space_cadet.c ****             }
 246               		.loc 1 121 17 is_stmt 1 view .LVU52
 121:quantum/process_keycode/process_space_cadet.c ****             }
 247               		.loc 1 121 33 is_stmt 0 view .LVU53
 248 00f2 C770      		andi r28,lo8(7)
 249               	.LVL20:
 121:quantum/process_keycode/process_space_cadet.c ****             }
 250               		.loc 1 121 17 view .LVU54
 251 00f4 81E0      		ldi r24,lo8(1)
 252 00f6 00C0      		rjmp 2f
 253               		1:
 254 00f8 880F      		lsl r24
 255               		2:
 256 00fa CA95      		dec r28
 257 00fc 02F4      		brpl 1b
 258 00fe 00C0      		rjmp .L11
 259               	.L1:
 260               	/* epilogue start */
 261               		.loc 1 125 1 view .LVU55
 262 0100 DF91      		pop r29
 263               	.LVL21:
 264               		.loc 1 125 1 view .LVU56
 265 0102 CF91      		pop r28
 266 0104 1F91      		pop r17
 267 0106 0F91      		pop r16
 268               	.LVL22:
 269               		.loc 1 125 1 view .LVU57
 270 0108 FF90      		pop r15
 271 010a EF90      		pop r14
 272               	.LVL23:
 273               		.loc 1 125 1 view .LVU58
 274 010c DF90      		pop r13
 275 010e CF90      		pop r12
 276 0110 BF90      		pop r11
 277 0112 AF90      		pop r10
 278               	.LVL24:
 279               		.loc 1 125 1 view .LVU59
 280 0114 0895      		ret
 281               		.cfi_endproc
 282               	.LFE117:
 284               		.section	.text.process_space_cadet,"ax",@progbits
 285               	.global	process_space_cadet
 287               	process_space_cadet:
 288               	.LVL25:
 289               	.LFB118:
 126:quantum/process_keycode/process_space_cadet.c **** 
 127:quantum/process_keycode/process_space_cadet.c **** bool process_space_cadet(uint16_t keycode, keyrecord_t *record) {
 290               		.loc 1 127 65 is_stmt 1 view -0
 291               		.cfi_startproc
 292               		.loc 1 127 65 is_stmt 0 view .LVU61
 293 0000 0F93      		push r16
 294               	.LCFI10:
 295               		.cfi_def_cfa_offset 3
 296               		.cfi_offset 16, -2
 297               	/* prologue: function */
 298               	/* frame size = 0 */
 299               	/* stack size = 1 */
 300               	.L__stack_usage = 1
 301 0002 9C01      		movw r18,r24
 302 0004 CB01      		movw r24,r22
 303               	.LVL26:
 128:quantum/process_keycode/process_space_cadet.c ****     switch (keycode) {
 304               		.loc 1 128 5 is_stmt 1 view .LVU62
 305 0006 243F      		cpi r18,-12
 306 0008 4CE5      		ldi r20,92
 307 000a 3407      		cpc r19,r20
 308 000c 01F0      		breq .L13
 309 000e 00F4      		brsh .L14
 310 0010 293D      		cpi r18,-39
 311 0012 FCE5      		ldi r31,92
 312 0014 3F07      		cpc r19,r31
 313 0016 01F0      		breq .L15
 314 0018 2A3D      		cpi r18,-38
 315 001a 4CE5      		ldi r20,92
 316 001c 3407      		cpc r19,r20
 317 001e 01F0      		breq .L16
 318 0020 283D      		cpi r18,-40
 319 0022 3C45      		sbci r19,92
 320 0024 01F4      		brne .L18
 129:quantum/process_keycode/process_space_cadet.c ****         case KC_LSPO: {
 130:quantum/process_keycode/process_space_cadet.c ****             perform_space_cadet(record, keycode, LSPO_KEYS);
 321               		.loc 1 130 13 view .LVU63
 322 0026 06E2      		ldi r16,lo8(38)
 323 0028 21EE      		ldi r18,lo8(-31)
 324               	.LVL27:
 325               		.loc 1 130 13 is_stmt 0 view .LVU64
 326 002a 41EE      		ldi r20,lo8(-31)
 327 002c 68ED      		ldi r22,lo8(-40)
 328 002e 7CE5      		ldi r23,lo8(92)
 329               	.LVL28:
 330               	.L24:
 131:quantum/process_keycode/process_space_cadet.c ****             return false;
 132:quantum/process_keycode/process_space_cadet.c ****         }
 133:quantum/process_keycode/process_space_cadet.c ****         case KC_RSPC: {
 134:quantum/process_keycode/process_space_cadet.c ****             perform_space_cadet(record, keycode, RSPC_KEYS);
 135:quantum/process_keycode/process_space_cadet.c ****             return false;
 136:quantum/process_keycode/process_space_cadet.c ****         }
 137:quantum/process_keycode/process_space_cadet.c ****         case KC_LCPO: {
 138:quantum/process_keycode/process_space_cadet.c ****             perform_space_cadet(record, keycode, LCPO_KEYS);
 139:quantum/process_keycode/process_space_cadet.c ****             return false;
 140:quantum/process_keycode/process_space_cadet.c ****         }
 141:quantum/process_keycode/process_space_cadet.c ****         case KC_RCPC: {
 142:quantum/process_keycode/process_space_cadet.c ****             perform_space_cadet(record, keycode, RCPC_KEYS);
 143:quantum/process_keycode/process_space_cadet.c ****             return false;
 144:quantum/process_keycode/process_space_cadet.c ****         }
 145:quantum/process_keycode/process_space_cadet.c ****         case KC_LAPO: {
 146:quantum/process_keycode/process_space_cadet.c ****             perform_space_cadet(record, keycode, LAPO_KEYS);
 147:quantum/process_keycode/process_space_cadet.c ****             return false;
 148:quantum/process_keycode/process_space_cadet.c ****         }
 149:quantum/process_keycode/process_space_cadet.c ****         case KC_RAPC: {
 150:quantum/process_keycode/process_space_cadet.c ****             perform_space_cadet(record, keycode, RAPC_KEYS);
 151:quantum/process_keycode/process_space_cadet.c ****             return false;
 152:quantum/process_keycode/process_space_cadet.c ****         }
 153:quantum/process_keycode/process_space_cadet.c ****         case KC_SFTENT: {
 154:quantum/process_keycode/process_space_cadet.c ****             perform_space_cadet(record, keycode, SFTENT_KEYS);
 331               		.loc 1 154 13 view .LVU65
 332 0030 0E94 0000 		call perform_space_cadet
 333               	.LVL29:
 155:quantum/process_keycode/process_space_cadet.c ****             return false;
 334               		.loc 1 155 13 is_stmt 1 view .LVU66
 335               		.loc 1 155 20 is_stmt 0 view .LVU67
 336 0034 80E0      		ldi r24,0
 337               	.L12:
 338               	/* epilogue start */
 156:quantum/process_keycode/process_space_cadet.c ****         }
 157:quantum/process_keycode/process_space_cadet.c ****         default: {
 158:quantum/process_keycode/process_space_cadet.c ****             if (record->event.pressed) {
 159:quantum/process_keycode/process_space_cadet.c ****                 sc_last = 0;
 160:quantum/process_keycode/process_space_cadet.c ****             }
 161:quantum/process_keycode/process_space_cadet.c ****             break;
 162:quantum/process_keycode/process_space_cadet.c ****         }
 163:quantum/process_keycode/process_space_cadet.c ****     }
 164:quantum/process_keycode/process_space_cadet.c ****     return true;
 165:quantum/process_keycode/process_space_cadet.c **** }
 339               		.loc 1 165 1 view .LVU68
 340 0036 0F91      		pop r16
 341 0038 0895      		ret
 342               	.LVL30:
 343               	.L14:
 128:quantum/process_keycode/process_space_cadet.c ****         case KC_LSPO: {
 344               		.loc 1 128 5 view .LVU69
 345 003a 263F      		cpi r18,-10
 346 003c FCE5      		ldi r31,92
 347 003e 3F07      		cpc r19,r31
 348 0040 01F0      		breq .L19
 349 0042 00F0      		brlo .L20
 350 0044 273F      		cpi r18,-9
 351 0046 3C45      		sbci r19,92
 352 0048 01F0      		breq .L21
 353               	.L18:
 158:quantum/process_keycode/process_space_cadet.c ****                 sc_last = 0;
 354               		.loc 1 158 13 is_stmt 1 view .LVU70
 158:quantum/process_keycode/process_space_cadet.c ****                 sc_last = 0;
 355               		.loc 1 158 30 is_stmt 0 view .LVU71
 356 004a FC01      		movw r30,r24
 357 004c 8281      		ldd r24,Z+2
 158:quantum/process_keycode/process_space_cadet.c ****                 sc_last = 0;
 358               		.loc 1 158 16 view .LVU72
 359 004e 8823      		tst r24
 360 0050 01F0      		breq .L23
 159:quantum/process_keycode/process_space_cadet.c ****             }
 361               		.loc 1 159 17 is_stmt 1 view .LVU73
 159:quantum/process_keycode/process_space_cadet.c ****             }
 362               		.loc 1 159 25 is_stmt 0 view .LVU74
 363 0052 1092 0000 		sts sc_last,__zero_reg__
 364 0056 00C0      		rjmp .L12
 365               	.L15:
 134:quantum/process_keycode/process_space_cadet.c ****             return false;
 366               		.loc 1 134 13 is_stmt 1 view .LVU75
 367 0058 07E2      		ldi r16,lo8(39)
 368 005a 25EE      		ldi r18,lo8(-27)
 369               	.LVL31:
 134:quantum/process_keycode/process_space_cadet.c ****             return false;
 370               		.loc 1 134 13 is_stmt 0 view .LVU76
 371 005c 45EE      		ldi r20,lo8(-27)
 372 005e 69ED      		ldi r22,lo8(-39)
 373 0060 7CE5      		ldi r23,lo8(92)
 374               	.LVL32:
 134:quantum/process_keycode/process_space_cadet.c ****             return false;
 375               		.loc 1 134 13 view .LVU77
 376 0062 00C0      		rjmp .L24
 377               	.LVL33:
 378               	.L13:
 138:quantum/process_keycode/process_space_cadet.c ****             return false;
 379               		.loc 1 138 13 is_stmt 1 view .LVU78
 380 0064 06E2      		ldi r16,lo8(38)
 381 0066 21EE      		ldi r18,lo8(-31)
 382               	.LVL34:
 138:quantum/process_keycode/process_space_cadet.c ****             return false;
 383               		.loc 1 138 13 is_stmt 0 view .LVU79
 384 0068 40EE      		ldi r20,lo8(-32)
 385 006a 64EF      		ldi r22,lo8(-12)
 386 006c 7CE5      		ldi r23,lo8(92)
 387               	.LVL35:
 138:quantum/process_keycode/process_space_cadet.c ****             return false;
 388               		.loc 1 138 13 view .LVU80
 389 006e 00C0      		rjmp .L24
 390               	.LVL36:
 391               	.L20:
 142:quantum/process_keycode/process_space_cadet.c ****             return false;
 392               		.loc 1 142 13 is_stmt 1 view .LVU81
 393 0070 07E2      		ldi r16,lo8(39)
 394 0072 25EE      		ldi r18,lo8(-27)
 395               	.LVL37:
 142:quantum/process_keycode/process_space_cadet.c ****             return false;
 396               		.loc 1 142 13 is_stmt 0 view .LVU82
 397 0074 44EE      		ldi r20,lo8(-28)
 398 0076 65EF      		ldi r22,lo8(-11)
 399 0078 7CE5      		ldi r23,lo8(92)
 400               	.LVL38:
 142:quantum/process_keycode/process_space_cadet.c ****             return false;
 401               		.loc 1 142 13 view .LVU83
 402 007a 00C0      		rjmp .L24
 403               	.LVL39:
 404               	.L19:
 146:quantum/process_keycode/process_space_cadet.c ****             return false;
 405               		.loc 1 146 13 is_stmt 1 view .LVU84
 406 007c 06E2      		ldi r16,lo8(38)
 407 007e 21EE      		ldi r18,lo8(-31)
 408               	.LVL40:
 146:quantum/process_keycode/process_space_cadet.c ****             return false;
 409               		.loc 1 146 13 is_stmt 0 view .LVU85
 410 0080 42EE      		ldi r20,lo8(-30)
 411 0082 66EF      		ldi r22,lo8(-10)
 412 0084 7CE5      		ldi r23,lo8(92)
 413               	.LVL41:
 146:quantum/process_keycode/process_space_cadet.c ****             return false;
 414               		.loc 1 146 13 view .LVU86
 415 0086 00C0      		rjmp .L24
 416               	.LVL42:
 417               	.L21:
 150:quantum/process_keycode/process_space_cadet.c ****             return false;
 418               		.loc 1 150 13 is_stmt 1 view .LVU87
 419 0088 07E2      		ldi r16,lo8(39)
 420 008a 25EE      		ldi r18,lo8(-27)
 421               	.LVL43:
 150:quantum/process_keycode/process_space_cadet.c ****             return false;
 422               		.loc 1 150 13 is_stmt 0 view .LVU88
 423 008c 46EE      		ldi r20,lo8(-26)
 424 008e 67EF      		ldi r22,lo8(-9)
 425 0090 7CE5      		ldi r23,lo8(92)
 426               	.LVL44:
 150:quantum/process_keycode/process_space_cadet.c ****             return false;
 427               		.loc 1 150 13 view .LVU89
 428 0092 00C0      		rjmp .L24
 429               	.LVL45:
 430               	.L16:
 154:quantum/process_keycode/process_space_cadet.c ****             return false;
 431               		.loc 1 154 13 is_stmt 1 view .LVU90
 432 0094 08E2      		ldi r16,lo8(40)
 433 0096 21E0      		ldi r18,lo8(1)
 434               	.LVL46:
 154:quantum/process_keycode/process_space_cadet.c ****             return false;
 435               		.loc 1 154 13 is_stmt 0 view .LVU91
 436 0098 45EE      		ldi r20,lo8(-27)
 437 009a 6AED      		ldi r22,lo8(-38)
 438 009c 7CE5      		ldi r23,lo8(92)
 439               	.LVL47:
 154:quantum/process_keycode/process_space_cadet.c ****             return false;
 440               		.loc 1 154 13 view .LVU92
 441 009e 00C0      		rjmp .L24
 442               	.LVL48:
 443               	.L23:
 164:quantum/process_keycode/process_space_cadet.c **** }
 444               		.loc 1 164 12 view .LVU93
 445 00a0 81E0      		ldi r24,lo8(1)
 446 00a2 00C0      		rjmp .L12
 447               		.cfi_endproc
 448               	.LFE118:
 450               		.section	.bss.sc_timer,"aw",@nobits
 453               	sc_timer:
 454 0000 0000      		.zero	2
 455               		.section	.bss.sc_last,"aw",@nobits
 458               	sc_last:
 459 0000 00        		.zero	1
 460               		.text
 461               	.Letext0:
 462               		.file 2 "/usr/avr/include/stdint.h"
 463               		.file 3 "/usr/lib/gcc/avr/8.3.0/include/stddef.h"
 464               		.file 4 "tmk_core/common/keyboard.h"
 465               		.file 5 "tmk_core/common/action.h"
 466               		.file 6 "lib/lufa/LUFA/Drivers/USB/Core/AVR8/../StdRequestType.h"
 467               		.file 7 "lib/lufa/LUFA/Drivers/USB/Core/AVR8/../DeviceStandardReq.h"
 468               		.file 8 "lib/lufa/LUFA/Drivers/USB/Core/USBTask.h"
 469               		.file 9 "lib/lufa/LUFA/Drivers/USB/Core/HostStandardReq.h"
 470               		.file 10 "/usr/avr/include/stdio.h"
 471               		.file 11 "tmk_core/common/report.h"
 472               		.file 12 "tmk_core/common/host.h"
 473               		.file 13 "tmk_core/common/debug.h"
 474               		.file 14 "quantum/keycode_config.h"
 475               		.file 15 "tmk_core/common/keycode.h"
 476               		.file 16 "quantum/quantum_keycodes.h"
 477               		.file 17 "quantum/keymap.h"
 478               		.file 18 "tmk_core/common/action_layer.h"
 479               		.file 19 "tmk_core/common/timer.h"
 480               		.file 20 "tmk_core/common/action_util.h"
 481               		.file 21 "/usr/avr/include/stdlib.h"
 482               		.file 22 "quantum/quantum.h"
 483               		.file 23 "tmk_core/common/action_tapping.h"
DEFINED SYMBOLS
                            *ABS*:0000000000000000 process_space_cadet.c
     /tmp/cc3qEMWZ.s:2      *ABS*:000000000000003e __SP_H__
     /tmp/cc3qEMWZ.s:3      *ABS*:000000000000003d __SP_L__
     /tmp/cc3qEMWZ.s:4      *ABS*:000000000000003f __SREG__
     /tmp/cc3qEMWZ.s:5      *ABS*:000000000000003b __RAMPZ__
     /tmp/cc3qEMWZ.s:6      *ABS*:0000000000000000 __tmp_reg__
     /tmp/cc3qEMWZ.s:7      *ABS*:0000000000000001 __zero_reg__
     /tmp/cc3qEMWZ.s:14     .text.perform_space_cadet:0000000000000000 perform_space_cadet
     /tmp/cc3qEMWZ.s:458    .bss.sc_last:0000000000000000 sc_last
     /tmp/cc3qEMWZ.s:453    .bss.sc_timer:0000000000000000 sc_timer
     /tmp/cc3qEMWZ.s:287    .text.process_space_cadet:0000000000000000 process_space_cadet

UNDEFINED SYMBOLS
timer_read
register_mods
timer_elapsed
get_tapping_term
unregister_mods
tap_code
__do_clear_bss
