   1               		.file	"action_util.c"
   2               	__SP_H__ = 0x3e
   3               	__SP_L__ = 0x3d
   4               	__SREG__ = 0x3f
   5               	__RAMPZ__ = 0x3b
   6               	__tmp_reg__ = 0
   7               	__zero_reg__ = 1
   8               		.text
   9               	.Ltext0:
  10               		.cfi_sections	.debug_frame
  11               		.section	.text.get_oneshot_locked_mods,"ax",@progbits
  12               	.global	get_oneshot_locked_mods
  14               	get_oneshot_locked_mods:
  15               	.LFB103:
  16               		.file 1 "./tmk_core/common/action_util.c"
   1:./tmk_core/common/action_util.c **** /*
   2:./tmk_core/common/action_util.c **** Copyright 2013 Jun Wako <wakojun@gmail.com>
   3:./tmk_core/common/action_util.c **** 
   4:./tmk_core/common/action_util.c **** This program is free software: you can redistribute it and/or modify
   5:./tmk_core/common/action_util.c **** it under the terms of the GNU General Public License as published by
   6:./tmk_core/common/action_util.c **** the Free Software Foundation, either version 2 of the License, or
   7:./tmk_core/common/action_util.c **** (at your option) any later version.
   8:./tmk_core/common/action_util.c **** 
   9:./tmk_core/common/action_util.c **** This program is distributed in the hope that it will be useful,
  10:./tmk_core/common/action_util.c **** but WITHOUT ANY WARRANTY; without even the implied warranty of
  11:./tmk_core/common/action_util.c **** MERCHANTABILITY or FITNESS FOR A PARTICULAR PURPOSE.  See the
  12:./tmk_core/common/action_util.c **** GNU General Public License for more details.
  13:./tmk_core/common/action_util.c **** 
  14:./tmk_core/common/action_util.c **** You should have received a copy of the GNU General Public License
  15:./tmk_core/common/action_util.c **** along with this program.  If not, see <http://www.gnu.org/licenses/>.
  16:./tmk_core/common/action_util.c **** */
  17:./tmk_core/common/action_util.c **** #include "host.h"
  18:./tmk_core/common/action_util.c **** #include "report.h"
  19:./tmk_core/common/action_util.c **** #include "debug.h"
  20:./tmk_core/common/action_util.c **** #include "action_util.h"
  21:./tmk_core/common/action_util.c **** #include "action_layer.h"
  22:./tmk_core/common/action_util.c **** #include "timer.h"
  23:./tmk_core/common/action_util.c **** #include "keycode_config.h"
  24:./tmk_core/common/action_util.c **** 
  25:./tmk_core/common/action_util.c **** extern keymap_config_t keymap_config;
  26:./tmk_core/common/action_util.c **** 
  27:./tmk_core/common/action_util.c **** 
  28:./tmk_core/common/action_util.c **** static inline void add_key_byte(uint8_t code);
  29:./tmk_core/common/action_util.c **** static inline void del_key_byte(uint8_t code);
  30:./tmk_core/common/action_util.c **** #ifdef NKRO_ENABLE
  31:./tmk_core/common/action_util.c **** static inline void add_key_bit(uint8_t code);
  32:./tmk_core/common/action_util.c **** static inline void del_key_bit(uint8_t code);
  33:./tmk_core/common/action_util.c **** #endif
  34:./tmk_core/common/action_util.c **** 
  35:./tmk_core/common/action_util.c **** static uint8_t real_mods = 0;
  36:./tmk_core/common/action_util.c **** static uint8_t weak_mods = 0;
  37:./tmk_core/common/action_util.c **** static uint8_t macro_mods = 0;
  38:./tmk_core/common/action_util.c **** 
  39:./tmk_core/common/action_util.c **** #ifdef USB_6KRO_ENABLE
  40:./tmk_core/common/action_util.c **** #define RO_ADD(a, b) ((a + b) % KEYBOARD_REPORT_KEYS)
  41:./tmk_core/common/action_util.c **** #define RO_SUB(a, b) ((a - b + KEYBOARD_REPORT_KEYS) % KEYBOARD_REPORT_KEYS)
  42:./tmk_core/common/action_util.c **** #define RO_INC(a) RO_ADD(a, 1)
  43:./tmk_core/common/action_util.c **** #define RO_DEC(a) RO_SUB(a, 1)
  44:./tmk_core/common/action_util.c **** static int8_t cb_head = 0;
  45:./tmk_core/common/action_util.c **** static int8_t cb_tail = 0;
  46:./tmk_core/common/action_util.c **** static int8_t cb_count = 0;
  47:./tmk_core/common/action_util.c **** #endif
  48:./tmk_core/common/action_util.c **** 
  49:./tmk_core/common/action_util.c **** // TODO: pointer variable is not needed
  50:./tmk_core/common/action_util.c **** //report_keyboard_t keyboard_report = {};
  51:./tmk_core/common/action_util.c **** report_keyboard_t *keyboard_report = &(report_keyboard_t){};
  52:./tmk_core/common/action_util.c **** 
  53:./tmk_core/common/action_util.c **** #ifndef NO_ACTION_ONESHOT
  54:./tmk_core/common/action_util.c **** static int8_t oneshot_mods = 0;
  55:./tmk_core/common/action_util.c **** static int8_t oneshot_locked_mods = 0;
  56:./tmk_core/common/action_util.c **** int8_t get_oneshot_locked_mods(void) { return oneshot_locked_mods; }
  17               		.loc 1 56 38 view -0
  18               		.cfi_startproc
  19               	/* prologue: function */
  20               	/* frame size = 0 */
  21               	/* stack size = 0 */
  22               	.L__stack_usage = 0
  23               		.loc 1 56 40 view .LVU1
  24               		.loc 1 56 68 is_stmt 0 view .LVU2
  25 0000 8091 0000 		lds r24,oneshot_locked_mods
  26               	/* epilogue start */
  27 0004 0895      		ret
  28               		.cfi_endproc
  29               	.LFE103:
  31               		.section	.text.set_oneshot_locked_mods,"ax",@progbits
  32               	.global	set_oneshot_locked_mods
  34               	set_oneshot_locked_mods:
  35               	.LVL0:
  36               	.LFB104:
  57:./tmk_core/common/action_util.c **** void set_oneshot_locked_mods(int8_t mods) { oneshot_locked_mods = mods; }
  37               		.loc 1 57 43 is_stmt 1 view -0
  38               		.cfi_startproc
  39               	/* prologue: function */
  40               	/* frame size = 0 */
  41               	/* stack size = 0 */
  42               	.L__stack_usage = 0
  43               		.loc 1 57 45 view .LVU4
  44               		.loc 1 57 65 is_stmt 0 view .LVU5
  45 0000 8093 0000 		sts oneshot_locked_mods,r24
  46               	/* epilogue start */
  47               		.loc 1 57 73 view .LVU6
  48 0004 0895      		ret
  49               		.cfi_endproc
  50               	.LFE104:
  52               		.section	.text.clear_oneshot_locked_mods,"ax",@progbits
  53               	.global	clear_oneshot_locked_mods
  55               	clear_oneshot_locked_mods:
  56               	.LFB105:
  58:./tmk_core/common/action_util.c **** void clear_oneshot_locked_mods(void) { oneshot_locked_mods = 0; }
  57               		.loc 1 58 38 is_stmt 1 view -0
  58               		.cfi_startproc
  59               	/* prologue: function */
  60               	/* frame size = 0 */
  61               	/* stack size = 0 */
  62               	.L__stack_usage = 0
  63               		.loc 1 58 40 view .LVU8
  64               		.loc 1 58 60 is_stmt 0 view .LVU9
  65 0000 1092 0000 		sts oneshot_locked_mods,__zero_reg__
  66               	/* epilogue start */
  67               		.loc 1 58 65 view .LVU10
  68 0004 0895      		ret
  69               		.cfi_endproc
  70               	.LFE105:
  72               		.section	.text.get_oneshot_layer,"ax",@progbits
  73               	.global	get_oneshot_layer
  75               	get_oneshot_layer:
  76               	.LFB106:
  59:./tmk_core/common/action_util.c **** #if (defined(ONESHOT_TIMEOUT) && (ONESHOT_TIMEOUT > 0))
  60:./tmk_core/common/action_util.c **** static int16_t oneshot_time = 0;
  61:./tmk_core/common/action_util.c **** inline bool has_oneshot_mods_timed_out() {
  62:./tmk_core/common/action_util.c ****   return TIMER_DIFF_16(timer_read(), oneshot_time) >= ONESHOT_TIMEOUT;
  63:./tmk_core/common/action_util.c **** }
  64:./tmk_core/common/action_util.c **** #endif
  65:./tmk_core/common/action_util.c **** #endif
  66:./tmk_core/common/action_util.c **** 
  67:./tmk_core/common/action_util.c **** /* oneshot layer */
  68:./tmk_core/common/action_util.c **** #ifndef NO_ACTION_ONESHOT
  69:./tmk_core/common/action_util.c **** /* oneshot_layer_data bits
  70:./tmk_core/common/action_util.c **** * LLLL LSSS
  71:./tmk_core/common/action_util.c **** * where:
  72:./tmk_core/common/action_util.c **** *   L => are layer bits
  73:./tmk_core/common/action_util.c **** *   S => oneshot state bits
  74:./tmk_core/common/action_util.c **** */
  75:./tmk_core/common/action_util.c **** static int8_t oneshot_layer_data = 0;
  76:./tmk_core/common/action_util.c **** 
  77:./tmk_core/common/action_util.c **** inline uint8_t get_oneshot_layer(void) { return oneshot_layer_data >> 3; }
  77               		.loc 1 77 40 is_stmt 1 view -0
  78               		.cfi_startproc
  79               	/* prologue: function */
  80               	/* frame size = 0 */
  81               	/* stack size = 0 */
  82               	.L__stack_usage = 0
  83               		.loc 1 77 42 view .LVU12
  84               		.loc 1 77 68 is_stmt 0 view .LVU13
  85 0000 8091 0000 		lds r24,oneshot_layer_data
  86               		.loc 1 77 74 view .LVU14
  87 0004 8595      		asr r24
  88 0006 8595      		asr r24
  89 0008 8595      		asr r24
  90               	/* epilogue start */
  91 000a 0895      		ret
  92               		.cfi_endproc
  93               	.LFE106:
  95               		.section	.text.get_oneshot_layer_state,"ax",@progbits
  96               	.global	get_oneshot_layer_state
  98               	get_oneshot_layer_state:
  99               	.LFB107:
  78:./tmk_core/common/action_util.c **** inline uint8_t get_oneshot_layer_state(void) { return oneshot_layer_data & 0b111; }
 100               		.loc 1 78 46 is_stmt 1 view -0
 101               		.cfi_startproc
 102               	/* prologue: function */
 103               	/* frame size = 0 */
 104               	/* stack size = 0 */
 105               	.L__stack_usage = 0
 106               		.loc 1 78 48 view .LVU16
 107               		.loc 1 78 74 is_stmt 0 view .LVU17
 108 0000 8091 0000 		lds r24,oneshot_layer_data
 109               		.loc 1 78 83 view .LVU18
 110 0004 8770      		andi r24,lo8(7)
 111               	/* epilogue start */
 112 0006 0895      		ret
 113               		.cfi_endproc
 114               	.LFE107:
 116               		.section	.text.set_oneshot_layer,"ax",@progbits
 117               	.global	set_oneshot_layer
 119               	set_oneshot_layer:
 120               	.LVL1:
 121               	.LFB108:
  79:./tmk_core/common/action_util.c **** 
  80:./tmk_core/common/action_util.c **** #if (defined(ONESHOT_TIMEOUT) && (ONESHOT_TIMEOUT > 0))
  81:./tmk_core/common/action_util.c **** static int16_t oneshot_layer_time = 0;
  82:./tmk_core/common/action_util.c **** inline bool has_oneshot_layer_timed_out() {
  83:./tmk_core/common/action_util.c ****     return TIMER_DIFF_16(timer_read(), oneshot_layer_time) >= ONESHOT_TIMEOUT &&
  84:./tmk_core/common/action_util.c ****         !(get_oneshot_layer_state() & ONESHOT_TOGGLED);
  85:./tmk_core/common/action_util.c **** }
  86:./tmk_core/common/action_util.c **** #endif
  87:./tmk_core/common/action_util.c **** 
  88:./tmk_core/common/action_util.c **** /* Oneshot layer */
  89:./tmk_core/common/action_util.c **** void set_oneshot_layer(uint8_t layer, uint8_t state)
  90:./tmk_core/common/action_util.c **** {
 122               		.loc 1 90 1 is_stmt 1 view -0
 123               		.cfi_startproc
 124               	/* prologue: function */
 125               	/* frame size = 0 */
 126               	/* stack size = 0 */
 127               	.L__stack_usage = 0
  91:./tmk_core/common/action_util.c ****     oneshot_layer_data = layer << 3 | state;
 128               		.loc 1 91 5 view .LVU20
 129               		.loc 1 91 32 is_stmt 0 view .LVU21
 130 0000 98E0      		ldi r25,lo8(8)
 131 0002 899F      		mul r24,r25
 132 0004 9001      		movw r18,r0
 133 0006 1124      		clr __zero_reg__
 134               		.loc 1 91 37 view .LVU22
 135 0008 622B      		or r22,r18
 136               	.LVL2:
 137               		.loc 1 91 24 view .LVU23
 138 000a 6093 0000 		sts oneshot_layer_data,r22
  92:./tmk_core/common/action_util.c ****     layer_on(layer);
 139               		.loc 1 92 5 is_stmt 1 view .LVU24
 140 000e 0C94 0000 		jmp layer_on
 141               	.LVL3:
 142               		.loc 1 92 5 is_stmt 0 view .LVU25
 143               		.cfi_endproc
 144               	.LFE108:
 146               		.section	.text.reset_oneshot_layer,"ax",@progbits
 147               	.global	reset_oneshot_layer
 149               	reset_oneshot_layer:
 150               	.LFB109:
  93:./tmk_core/common/action_util.c **** #if (defined(ONESHOT_TIMEOUT) && (ONESHOT_TIMEOUT > 0))
  94:./tmk_core/common/action_util.c ****     oneshot_layer_time = timer_read();
  95:./tmk_core/common/action_util.c **** #endif
  96:./tmk_core/common/action_util.c **** }
  97:./tmk_core/common/action_util.c **** void reset_oneshot_layer(void) {
 151               		.loc 1 97 32 is_stmt 1 view -0
 152               		.cfi_startproc
 153               	/* prologue: function */
 154               	/* frame size = 0 */
 155               	/* stack size = 0 */
 156               	.L__stack_usage = 0
  98:./tmk_core/common/action_util.c ****     oneshot_layer_data = 0;
 157               		.loc 1 98 5 view .LVU27
 158               		.loc 1 98 24 is_stmt 0 view .LVU28
 159 0000 1092 0000 		sts oneshot_layer_data,__zero_reg__
 160               	/* epilogue start */
  99:./tmk_core/common/action_util.c **** #if (defined(ONESHOT_TIMEOUT) && (ONESHOT_TIMEOUT > 0))
 100:./tmk_core/common/action_util.c ****     oneshot_layer_time = 0;
 101:./tmk_core/common/action_util.c **** #endif
 102:./tmk_core/common/action_util.c **** }
 161               		.loc 1 102 1 view .LVU29
 162 0004 0895      		ret
 163               		.cfi_endproc
 164               	.LFE109:
 166               		.section	.text.clear_oneshot_layer_state,"ax",@progbits
 167               	.global	clear_oneshot_layer_state
 169               	clear_oneshot_layer_state:
 170               	.LVL4:
 171               	.LFB110:
 103:./tmk_core/common/action_util.c **** void clear_oneshot_layer_state(oneshot_fullfillment_t state)
 104:./tmk_core/common/action_util.c **** {
 172               		.loc 1 104 1 is_stmt 1 view -0
 173               		.cfi_startproc
 174               	/* prologue: function */
 175               	/* frame size = 0 */
 176               	/* stack size = 0 */
 177               	.L__stack_usage = 0
 105:./tmk_core/common/action_util.c ****     uint8_t start_state = oneshot_layer_data;
 178               		.loc 1 105 5 view .LVU31
 179               		.loc 1 105 13 is_stmt 0 view .LVU32
 180 0000 9091 0000 		lds r25,oneshot_layer_data
 181               	.LVL5:
 106:./tmk_core/common/action_util.c ****     oneshot_layer_data &= ~state;
 182               		.loc 1 106 5 is_stmt 1 view .LVU33
 183               		.loc 1 106 24 is_stmt 0 view .LVU34
 184 0004 8095      		com r24
 185               	.LVL6:
 186               		.loc 1 106 24 view .LVU35
 187 0006 8923      		and r24,r25
 188               	.LVL7:
 189               		.loc 1 106 24 view .LVU36
 190 0008 8093 0000 		sts oneshot_layer_data,r24
 107:./tmk_core/common/action_util.c ****     if (!get_oneshot_layer_state() && start_state != oneshot_layer_data) {
 191               		.loc 1 107 5 is_stmt 1 view .LVU37
 192               	.LBB8:
 193               	.LBI8:
  78:./tmk_core/common/action_util.c **** 
 194               		.loc 1 78 16 view .LVU38
 195               	.LBB9:
  78:./tmk_core/common/action_util.c **** 
 196               		.loc 1 78 48 view .LVU39
  78:./tmk_core/common/action_util.c **** 
 197               		.loc 1 78 74 is_stmt 0 view .LVU40
 198 000c 282F      		mov r18,r24
 199 000e 2770      		andi r18,lo8(7)
 200               	.LBE9:
 201               	.LBE8:
 202               		.loc 1 107 8 view .LVU41
 203 0010 01F4      		brne .L8
 204               		.loc 1 107 51 discriminator 1 view .LVU42
 205 0012 282F      		mov r18,r24
 206 0014 082E      		mov __tmp_reg__,r24
 207 0016 000C      		lsl r0
 208 0018 330B      		sbc r19,r19
 209               		.loc 1 107 36 discriminator 1 view .LVU43
 210 001a 9217      		cp r25,r18
 211 001c 1306      		cpc __zero_reg__,r19
 212 001e 01F0      		breq .L8
 108:./tmk_core/common/action_util.c ****         layer_off(get_oneshot_layer());
 213               		.loc 1 108 9 is_stmt 1 view .LVU44
 214               	.LBB10:
 215               	.LBI10:
  77:./tmk_core/common/action_util.c **** inline uint8_t get_oneshot_layer_state(void) { return oneshot_layer_data & 0b111; }
 216               		.loc 1 77 16 view .LVU45
 217               	.LBB11:
  77:./tmk_core/common/action_util.c **** inline uint8_t get_oneshot_layer_state(void) { return oneshot_layer_data & 0b111; }
 218               		.loc 1 77 42 view .LVU46
 219               	.LBE11:
 220               	.LBE10:
 221               		.loc 1 108 9 is_stmt 0 view .LVU47
 222 0020 8595      		asr r24
 223 0022 8595      		asr r24
 224 0024 8595      		asr r24
 225 0026 0C94 0000 		jmp layer_off
 226               	.LVL8:
 227               	.L8:
 228               	/* epilogue start */
 109:./tmk_core/common/action_util.c **** #if (defined(ONESHOT_TIMEOUT) && (ONESHOT_TIMEOUT > 0))
 110:./tmk_core/common/action_util.c ****     oneshot_layer_time = 0;
 111:./tmk_core/common/action_util.c **** #endif
 112:./tmk_core/common/action_util.c ****     }
 113:./tmk_core/common/action_util.c **** }
 229               		.loc 1 113 1 view .LVU48
 230 002a 0895      		ret
 231               		.cfi_endproc
 232               	.LFE110:
 234               		.section	.text.is_oneshot_layer_active,"ax",@progbits
 235               	.global	is_oneshot_layer_active
 237               	is_oneshot_layer_active:
 238               	.LFB111:
 114:./tmk_core/common/action_util.c **** bool is_oneshot_layer_active(void)
 115:./tmk_core/common/action_util.c **** {
 239               		.loc 1 115 1 is_stmt 1 view -0
 240               		.cfi_startproc
 241               	/* prologue: function */
 242               	/* frame size = 0 */
 243               	/* stack size = 0 */
 244               	.L__stack_usage = 0
 116:./tmk_core/common/action_util.c ****     return get_oneshot_layer_state();
 245               		.loc 1 116 5 view .LVU50
 246               	.LBB12:
 247               	.LBI12:
  78:./tmk_core/common/action_util.c **** 
 248               		.loc 1 78 16 view .LVU51
 249               	.LBB13:
  78:./tmk_core/common/action_util.c **** 
 250               		.loc 1 78 48 view .LVU52
  78:./tmk_core/common/action_util.c **** 
 251               		.loc 1 78 74 is_stmt 0 view .LVU53
 252 0000 9091 0000 		lds r25,oneshot_layer_data
 253 0004 9770      		andi r25,lo8(7)
 254               	.LBE13:
 255               	.LBE12:
 256               		.loc 1 116 12 view .LVU54
 257 0006 81E0      		ldi r24,lo8(1)
 258 0008 01F4      		brne .L11
 259 000a 80E0      		ldi r24,0
 260               	.L11:
 261               	/* epilogue start */
 117:./tmk_core/common/action_util.c **** }
 262               		.loc 1 117 1 view .LVU55
 263 000c 0895      		ret
 264               		.cfi_endproc
 265               	.LFE111:
 267               		.section	.text.add_key,"ax",@progbits
 268               	.global	add_key
 270               	add_key:
 271               	.LVL9:
 272               	.LFB113:
 118:./tmk_core/common/action_util.c **** #endif
 119:./tmk_core/common/action_util.c **** 
 120:./tmk_core/common/action_util.c **** void send_keyboard_report(void) {
 121:./tmk_core/common/action_util.c ****     keyboard_report->mods  = real_mods;
 122:./tmk_core/common/action_util.c ****     keyboard_report->mods |= weak_mods;
 123:./tmk_core/common/action_util.c ****     keyboard_report->mods |= macro_mods;
 124:./tmk_core/common/action_util.c **** #ifndef NO_ACTION_ONESHOT
 125:./tmk_core/common/action_util.c ****     if (oneshot_mods) {
 126:./tmk_core/common/action_util.c **** #if (defined(ONESHOT_TIMEOUT) && (ONESHOT_TIMEOUT > 0))
 127:./tmk_core/common/action_util.c ****         if (has_oneshot_mods_timed_out()) {
 128:./tmk_core/common/action_util.c ****             dprintf("Oneshot: timeout\n");
 129:./tmk_core/common/action_util.c ****             clear_oneshot_mods();
 130:./tmk_core/common/action_util.c ****         }
 131:./tmk_core/common/action_util.c **** #endif
 132:./tmk_core/common/action_util.c ****         keyboard_report->mods |= oneshot_mods;
 133:./tmk_core/common/action_util.c ****         if (has_anykey()) {
 134:./tmk_core/common/action_util.c ****             clear_oneshot_mods();
 135:./tmk_core/common/action_util.c ****         }
 136:./tmk_core/common/action_util.c ****     }
 137:./tmk_core/common/action_util.c **** 
 138:./tmk_core/common/action_util.c **** #endif
 139:./tmk_core/common/action_util.c ****     host_keyboard_send(keyboard_report);
 140:./tmk_core/common/action_util.c **** }
 141:./tmk_core/common/action_util.c **** 
 142:./tmk_core/common/action_util.c **** /* key */
 143:./tmk_core/common/action_util.c **** void add_key(uint8_t key)
 144:./tmk_core/common/action_util.c **** {
 273               		.loc 1 144 1 is_stmt 1 view -0
 274               		.cfi_startproc
 275               	/* prologue: function */
 276               	/* frame size = 0 */
 277               	/* stack size = 0 */
 278               	.L__stack_usage = 0
 145:./tmk_core/common/action_util.c **** #ifdef NKRO_ENABLE
 146:./tmk_core/common/action_util.c ****     if (keyboard_protocol && keymap_config.nkro) {
 279               		.loc 1 146 5 view .LVU57
 280               		.loc 1 146 8 is_stmt 0 view .LVU58
 281 0000 9091 0000 		lds r25,keyboard_protocol
 282 0004 9923      		tst r25
 283 0006 01F0      		breq .L13
 284               		.loc 1 146 27 discriminator 1 view .LVU59
 285 0008 9091 0000 		lds r25,keymap_config
 286 000c 97FF      		sbrs r25,7
 287 000e 00C0      		rjmp .L13
 147:./tmk_core/common/action_util.c ****         add_key_bit(key);
 288               		.loc 1 147 9 is_stmt 1 view .LVU60
 289               	.LVL10:
 290               	.LBB18:
 291               	.LBI18:
 148:./tmk_core/common/action_util.c ****         return;
 149:./tmk_core/common/action_util.c ****     }
 150:./tmk_core/common/action_util.c **** #endif
 151:./tmk_core/common/action_util.c ****     add_key_byte(key);
 152:./tmk_core/common/action_util.c **** }
 153:./tmk_core/common/action_util.c **** 
 154:./tmk_core/common/action_util.c **** void del_key(uint8_t key)
 155:./tmk_core/common/action_util.c **** {
 156:./tmk_core/common/action_util.c **** #ifdef NKRO_ENABLE
 157:./tmk_core/common/action_util.c ****     if (keyboard_protocol && keymap_config.nkro) {
 158:./tmk_core/common/action_util.c ****         del_key_bit(key);
 159:./tmk_core/common/action_util.c ****         return;
 160:./tmk_core/common/action_util.c ****     }
 161:./tmk_core/common/action_util.c **** #endif
 162:./tmk_core/common/action_util.c ****     del_key_byte(key);
 163:./tmk_core/common/action_util.c **** }
 164:./tmk_core/common/action_util.c **** 
 165:./tmk_core/common/action_util.c **** void clear_keys(void)
 166:./tmk_core/common/action_util.c **** {
 167:./tmk_core/common/action_util.c ****     // not clear mods
 168:./tmk_core/common/action_util.c ****     for (int8_t i = 1; i < KEYBOARD_REPORT_SIZE; i++) {
 169:./tmk_core/common/action_util.c ****         keyboard_report->raw[i] = 0;
 170:./tmk_core/common/action_util.c ****     }
 171:./tmk_core/common/action_util.c **** }
 172:./tmk_core/common/action_util.c **** 
 173:./tmk_core/common/action_util.c **** 
 174:./tmk_core/common/action_util.c **** /* modifier */
 175:./tmk_core/common/action_util.c **** uint8_t get_mods(void) { return real_mods; }
 176:./tmk_core/common/action_util.c **** void add_mods(uint8_t mods) { real_mods |= mods; }
 177:./tmk_core/common/action_util.c **** void del_mods(uint8_t mods) { real_mods &= ~mods; }
 178:./tmk_core/common/action_util.c **** void set_mods(uint8_t mods) { real_mods = mods; }
 179:./tmk_core/common/action_util.c **** void clear_mods(void) { real_mods = 0; }
 180:./tmk_core/common/action_util.c **** 
 181:./tmk_core/common/action_util.c **** /* weak modifier */
 182:./tmk_core/common/action_util.c **** uint8_t get_weak_mods(void) { return weak_mods; }
 183:./tmk_core/common/action_util.c **** void add_weak_mods(uint8_t mods) { weak_mods |= mods; }
 184:./tmk_core/common/action_util.c **** void del_weak_mods(uint8_t mods) { weak_mods &= ~mods; }
 185:./tmk_core/common/action_util.c **** void set_weak_mods(uint8_t mods) { weak_mods = mods; }
 186:./tmk_core/common/action_util.c **** void clear_weak_mods(void) { weak_mods = 0; }
 187:./tmk_core/common/action_util.c **** 
 188:./tmk_core/common/action_util.c **** /* macro modifier */
 189:./tmk_core/common/action_util.c **** uint8_t get_macro_mods(void) { return macro_mods; }
 190:./tmk_core/common/action_util.c **** void add_macro_mods(uint8_t mods) { macro_mods |= mods; }
 191:./tmk_core/common/action_util.c **** void del_macro_mods(uint8_t mods) { macro_mods &= ~mods; }
 192:./tmk_core/common/action_util.c **** void set_macro_mods(uint8_t mods) { macro_mods = mods; }
 193:./tmk_core/common/action_util.c **** void clear_macro_mods(void) { macro_mods = 0; }
 194:./tmk_core/common/action_util.c **** 
 195:./tmk_core/common/action_util.c **** /* Oneshot modifier */
 196:./tmk_core/common/action_util.c **** #ifndef NO_ACTION_ONESHOT
 197:./tmk_core/common/action_util.c **** void set_oneshot_mods(uint8_t mods)
 198:./tmk_core/common/action_util.c **** {
 199:./tmk_core/common/action_util.c ****     oneshot_mods = mods;
 200:./tmk_core/common/action_util.c **** #if (defined(ONESHOT_TIMEOUT) && (ONESHOT_TIMEOUT > 0))
 201:./tmk_core/common/action_util.c ****     oneshot_time = timer_read();
 202:./tmk_core/common/action_util.c **** #endif
 203:./tmk_core/common/action_util.c **** }
 204:./tmk_core/common/action_util.c **** void clear_oneshot_mods(void)
 205:./tmk_core/common/action_util.c **** {
 206:./tmk_core/common/action_util.c ****     oneshot_mods = 0;
 207:./tmk_core/common/action_util.c **** #if (defined(ONESHOT_TIMEOUT) && (ONESHOT_TIMEOUT > 0))
 208:./tmk_core/common/action_util.c ****     oneshot_time = 0;
 209:./tmk_core/common/action_util.c **** #endif
 210:./tmk_core/common/action_util.c **** }
 211:./tmk_core/common/action_util.c **** uint8_t get_oneshot_mods(void)
 212:./tmk_core/common/action_util.c **** {
 213:./tmk_core/common/action_util.c ****     return oneshot_mods;
 214:./tmk_core/common/action_util.c **** }
 215:./tmk_core/common/action_util.c **** #endif
 216:./tmk_core/common/action_util.c **** 
 217:./tmk_core/common/action_util.c **** /*
 218:./tmk_core/common/action_util.c ****  * inspect keyboard state
 219:./tmk_core/common/action_util.c ****  */
 220:./tmk_core/common/action_util.c **** uint8_t has_anykey(void)
 221:./tmk_core/common/action_util.c **** {
 222:./tmk_core/common/action_util.c ****     uint8_t cnt = 0;
 223:./tmk_core/common/action_util.c ****     for (uint8_t i = 1; i < KEYBOARD_REPORT_SIZE; i++) {
 224:./tmk_core/common/action_util.c ****         if (keyboard_report->raw[i])
 225:./tmk_core/common/action_util.c ****             cnt++;
 226:./tmk_core/common/action_util.c ****     }
 227:./tmk_core/common/action_util.c ****     return cnt;
 228:./tmk_core/common/action_util.c **** }
 229:./tmk_core/common/action_util.c **** 
 230:./tmk_core/common/action_util.c **** uint8_t has_anymod(void)
 231:./tmk_core/common/action_util.c **** {
 232:./tmk_core/common/action_util.c ****     return bitpop(real_mods);
 233:./tmk_core/common/action_util.c **** }
 234:./tmk_core/common/action_util.c **** 
 235:./tmk_core/common/action_util.c **** uint8_t get_first_key(void)
 236:./tmk_core/common/action_util.c **** {
 237:./tmk_core/common/action_util.c **** #ifdef NKRO_ENABLE
 238:./tmk_core/common/action_util.c ****     if (keyboard_protocol && keymap_config.nkro) {
 239:./tmk_core/common/action_util.c ****         uint8_t i = 0;
 240:./tmk_core/common/action_util.c ****         for (; i < KEYBOARD_REPORT_BITS && !keyboard_report->nkro.bits[i]; i++)
 241:./tmk_core/common/action_util.c ****             ;
 242:./tmk_core/common/action_util.c ****         return i<<3 | biton(keyboard_report->nkro.bits[i]);
 243:./tmk_core/common/action_util.c ****     }
 244:./tmk_core/common/action_util.c **** #endif
 245:./tmk_core/common/action_util.c **** #ifdef USB_6KRO_ENABLE
 246:./tmk_core/common/action_util.c ****     uint8_t i = cb_head;
 247:./tmk_core/common/action_util.c ****     do {
 248:./tmk_core/common/action_util.c ****         if (keyboard_report->keys[i] != 0) {
 249:./tmk_core/common/action_util.c ****             break;
 250:./tmk_core/common/action_util.c ****         }
 251:./tmk_core/common/action_util.c ****         i = RO_INC(i);
 252:./tmk_core/common/action_util.c ****     } while (i != cb_tail);
 253:./tmk_core/common/action_util.c ****     return keyboard_report->keys[i];
 254:./tmk_core/common/action_util.c **** #else
 255:./tmk_core/common/action_util.c ****     return keyboard_report->keys[0];
 256:./tmk_core/common/action_util.c **** #endif
 257:./tmk_core/common/action_util.c **** }
 258:./tmk_core/common/action_util.c **** 
 259:./tmk_core/common/action_util.c **** 
 260:./tmk_core/common/action_util.c **** 
 261:./tmk_core/common/action_util.c **** /* local functions */
 262:./tmk_core/common/action_util.c **** static inline void add_key_byte(uint8_t code)
 263:./tmk_core/common/action_util.c **** {
 264:./tmk_core/common/action_util.c **** #ifdef USB_6KRO_ENABLE
 265:./tmk_core/common/action_util.c ****     int8_t i = cb_head;
 266:./tmk_core/common/action_util.c ****     int8_t empty = -1;
 267:./tmk_core/common/action_util.c ****     if (cb_count) {
 268:./tmk_core/common/action_util.c ****         do {
 269:./tmk_core/common/action_util.c ****             if (keyboard_report->keys[i] == code) {
 270:./tmk_core/common/action_util.c ****                 return;
 271:./tmk_core/common/action_util.c ****             }
 272:./tmk_core/common/action_util.c ****             if (empty == -1 && keyboard_report->keys[i] == 0) {
 273:./tmk_core/common/action_util.c ****                 empty = i;
 274:./tmk_core/common/action_util.c ****             }
 275:./tmk_core/common/action_util.c ****             i = RO_INC(i);
 276:./tmk_core/common/action_util.c ****         } while (i != cb_tail);
 277:./tmk_core/common/action_util.c ****         if (i == cb_tail) {
 278:./tmk_core/common/action_util.c ****             if (cb_tail == cb_head) {
 279:./tmk_core/common/action_util.c ****                 // buffer is full
 280:./tmk_core/common/action_util.c ****                 if (empty == -1) {
 281:./tmk_core/common/action_util.c ****                     // pop head when has no empty space
 282:./tmk_core/common/action_util.c ****                     cb_head = RO_INC(cb_head);
 283:./tmk_core/common/action_util.c ****                     cb_count--;
 284:./tmk_core/common/action_util.c ****                 }
 285:./tmk_core/common/action_util.c ****                 else {
 286:./tmk_core/common/action_util.c ****                     // left shift when has empty space
 287:./tmk_core/common/action_util.c ****                     uint8_t offset = 1;
 288:./tmk_core/common/action_util.c ****                     i = RO_INC(empty);
 289:./tmk_core/common/action_util.c ****                     do {
 290:./tmk_core/common/action_util.c ****                         if (keyboard_report->keys[i] != 0) {
 291:./tmk_core/common/action_util.c ****                             keyboard_report->keys[empty] = keyboard_report->keys[i];
 292:./tmk_core/common/action_util.c ****                             keyboard_report->keys[i] = 0;
 293:./tmk_core/common/action_util.c ****                             empty = RO_INC(empty);
 294:./tmk_core/common/action_util.c ****                         }
 295:./tmk_core/common/action_util.c ****                         else {
 296:./tmk_core/common/action_util.c ****                             offset++;
 297:./tmk_core/common/action_util.c ****                         }
 298:./tmk_core/common/action_util.c ****                         i = RO_INC(i);
 299:./tmk_core/common/action_util.c ****                     } while (i != cb_tail);
 300:./tmk_core/common/action_util.c ****                     cb_tail = RO_SUB(cb_tail, offset);
 301:./tmk_core/common/action_util.c ****                 }
 302:./tmk_core/common/action_util.c ****             }
 303:./tmk_core/common/action_util.c ****         }
 304:./tmk_core/common/action_util.c ****     }
 305:./tmk_core/common/action_util.c ****     // add to tail
 306:./tmk_core/common/action_util.c ****     keyboard_report->keys[cb_tail] = code;
 307:./tmk_core/common/action_util.c ****     cb_tail = RO_INC(cb_tail);
 308:./tmk_core/common/action_util.c ****     cb_count++;
 309:./tmk_core/common/action_util.c **** #else
 310:./tmk_core/common/action_util.c ****     int8_t i = 0;
 311:./tmk_core/common/action_util.c ****     int8_t empty = -1;
 312:./tmk_core/common/action_util.c ****     for (; i < KEYBOARD_REPORT_KEYS; i++) {
 313:./tmk_core/common/action_util.c ****         if (keyboard_report->keys[i] == code) {
 314:./tmk_core/common/action_util.c ****             break;
 315:./tmk_core/common/action_util.c ****         }
 316:./tmk_core/common/action_util.c ****         if (empty == -1 && keyboard_report->keys[i] == 0) {
 317:./tmk_core/common/action_util.c ****             empty = i;
 318:./tmk_core/common/action_util.c ****         }
 319:./tmk_core/common/action_util.c ****     }
 320:./tmk_core/common/action_util.c ****     if (i == KEYBOARD_REPORT_KEYS) {
 321:./tmk_core/common/action_util.c ****         if (empty != -1) {
 322:./tmk_core/common/action_util.c ****             keyboard_report->keys[empty] = code;
 323:./tmk_core/common/action_util.c ****         }
 324:./tmk_core/common/action_util.c ****     }
 325:./tmk_core/common/action_util.c **** #endif
 326:./tmk_core/common/action_util.c **** }
 327:./tmk_core/common/action_util.c **** 
 328:./tmk_core/common/action_util.c **** static inline void del_key_byte(uint8_t code)
 329:./tmk_core/common/action_util.c **** {
 330:./tmk_core/common/action_util.c **** #ifdef USB_6KRO_ENABLE
 331:./tmk_core/common/action_util.c ****     uint8_t i = cb_head;
 332:./tmk_core/common/action_util.c ****     if (cb_count) {
 333:./tmk_core/common/action_util.c ****         do {
 334:./tmk_core/common/action_util.c ****             if (keyboard_report->keys[i] == code) {
 335:./tmk_core/common/action_util.c ****                 keyboard_report->keys[i] = 0;
 336:./tmk_core/common/action_util.c ****                 cb_count--;
 337:./tmk_core/common/action_util.c ****                 if (cb_count == 0) {
 338:./tmk_core/common/action_util.c ****                     // reset head and tail
 339:./tmk_core/common/action_util.c ****                     cb_tail = cb_head = 0;
 340:./tmk_core/common/action_util.c ****                 }
 341:./tmk_core/common/action_util.c ****                 if (i == RO_DEC(cb_tail)) {
 342:./tmk_core/common/action_util.c ****                     // left shift when next to tail
 343:./tmk_core/common/action_util.c ****                     do {
 344:./tmk_core/common/action_util.c ****                         cb_tail = RO_DEC(cb_tail);
 345:./tmk_core/common/action_util.c ****                         if (keyboard_report->keys[RO_DEC(cb_tail)] != 0) {
 346:./tmk_core/common/action_util.c ****                             break;
 347:./tmk_core/common/action_util.c ****                         }
 348:./tmk_core/common/action_util.c ****                     } while (cb_tail != cb_head);
 349:./tmk_core/common/action_util.c ****                 }
 350:./tmk_core/common/action_util.c ****                 break;
 351:./tmk_core/common/action_util.c ****             }
 352:./tmk_core/common/action_util.c ****             i = RO_INC(i);
 353:./tmk_core/common/action_util.c ****         } while (i != cb_tail);
 354:./tmk_core/common/action_util.c ****     }
 355:./tmk_core/common/action_util.c **** #else
 356:./tmk_core/common/action_util.c ****     for (uint8_t i = 0; i < KEYBOARD_REPORT_KEYS; i++) {
 357:./tmk_core/common/action_util.c ****         if (keyboard_report->keys[i] == code) {
 358:./tmk_core/common/action_util.c ****             keyboard_report->keys[i] = 0;
 359:./tmk_core/common/action_util.c ****         }
 360:./tmk_core/common/action_util.c ****     }
 361:./tmk_core/common/action_util.c **** #endif
 362:./tmk_core/common/action_util.c **** }
 363:./tmk_core/common/action_util.c **** 
 364:./tmk_core/common/action_util.c **** #ifdef NKRO_ENABLE
 365:./tmk_core/common/action_util.c **** static inline void add_key_bit(uint8_t code)
 292               		.loc 1 365 20 view .LVU61
 293               	.LBB19:
 366:./tmk_core/common/action_util.c **** {
 367:./tmk_core/common/action_util.c ****     if ((code>>3) < KEYBOARD_REPORT_BITS) {
 294               		.loc 1 367 5 view .LVU62
 295               		.loc 1 367 19 is_stmt 0 view .LVU63
 296 0010 982F      		mov r25,r24
 297 0012 9695      		lsr r25
 298 0014 9695      		lsr r25
 299 0016 9695      		lsr r25
 300               		.loc 1 367 8 view .LVU64
 301 0018 9F31      		cpi r25,lo8(31)
 302 001a 01F0      		breq .L12
 368:./tmk_core/common/action_util.c ****         keyboard_report->nkro.bits[code>>3] |= 1<<(code&7);
 303               		.loc 1 368 9 is_stmt 1 view .LVU65
 304               		.loc 1 368 45 is_stmt 0 view .LVU66
 305 001c E091 0000 		lds r30,keyboard_report
 306 0020 F091 0000 		lds r31,keyboard_report+1
 307 0024 E90F      		add r30,r25
 308 0026 F11D      		adc r31,__zero_reg__
 309               		.loc 1 368 56 view .LVU67
 310 0028 8770      		andi r24,lo8(7)
 311               	.LVL11:
 312               		.loc 1 368 49 view .LVU68
 313 002a 21E0      		ldi r18,lo8(1)
 314 002c 30E0      		ldi r19,0
 315 002e 00C0      		rjmp 2f
 316               		1:
 317 0030 220F      		lsl r18
 318               		2:
 319 0032 8A95      		dec r24
 320 0034 02F4      		brpl 1b
 321               		.loc 1 368 45 view .LVU69
 322 0036 8181      		ldd r24,Z+1
 323 0038 822B      		or r24,r18
 324 003a 8183      		std Z+1,r24
 325 003c 0895      		ret
 326               	.LVL12:
 327               	.L13:
 328               		.loc 1 368 45 view .LVU70
 329               	.LBE19:
 330               	.LBE18:
 331               	.LBB20:
 332               	.LBB21:
 313:./tmk_core/common/action_util.c ****             break;
 333               		.loc 1 313 28 view .LVU71
 334 003e 2091 0000 		lds r18,keyboard_report
 335 0042 3091 0000 		lds r19,keyboard_report+1
 336 0046 F901      		movw r30,r18
 337 0048 3296      		adiw r30,2
 338 004a 9FEF      		ldi r25,lo8(-1)
 339 004c 40E0      		ldi r20,0
 340               	.L16:
 341               	.LVL13:
 313:./tmk_core/common/action_util.c ****             break;
 342               		.loc 1 313 9 is_stmt 1 view .LVU72
 313:./tmk_core/common/action_util.c ****             break;
 343               		.loc 1 313 34 is_stmt 0 view .LVU73
 344 004e 5191      		ld r21,Z+
 313:./tmk_core/common/action_util.c ****             break;
 345               		.loc 1 313 12 view .LVU74
 346 0050 8517      		cp r24,r21
 347 0052 01F0      		breq .L12
 316:./tmk_core/common/action_util.c ****             empty = i;
 348               		.loc 1 316 9 is_stmt 1 view .LVU75
 316:./tmk_core/common/action_util.c ****             empty = i;
 349               		.loc 1 316 12 is_stmt 0 view .LVU76
 350 0054 9F3F      		cpi r25,lo8(-1)
 351 0056 01F4      		brne .L15
 316:./tmk_core/common/action_util.c ****             empty = i;
 352               		.loc 1 316 25 view .LVU77
 353 0058 5111      		cpse r21,__zero_reg__
 354 005a 00C0      		rjmp .L15
 355 005c 942F      		mov r25,r20
 356               	.LVL14:
 357               	.L15:
 312:./tmk_core/common/action_util.c ****         if (keyboard_report->keys[i] == code) {
 358               		.loc 1 312 38 is_stmt 1 view .LVU78
 359 005e 4F5F      		subi r20,lo8(-(1))
 360               	.LVL15:
 312:./tmk_core/common/action_util.c ****         if (keyboard_report->keys[i] == code) {
 361               		.loc 1 312 12 view .LVU79
 312:./tmk_core/common/action_util.c ****         if (keyboard_report->keys[i] == code) {
 362               		.loc 1 312 5 is_stmt 0 view .LVU80
 363 0060 4E31      		cpi r20,lo8(30)
 364 0062 01F4      		brne .L16
 320:./tmk_core/common/action_util.c ****         if (empty != -1) {
 365               		.loc 1 320 5 is_stmt 1 view .LVU81
 321:./tmk_core/common/action_util.c ****             keyboard_report->keys[empty] = code;
 366               		.loc 1 321 9 view .LVU82
 321:./tmk_core/common/action_util.c ****             keyboard_report->keys[empty] = code;
 367               		.loc 1 321 12 is_stmt 0 view .LVU83
 368 0064 9F3F      		cpi r25,lo8(-1)
 369 0066 01F4      		brne .L18
 370               	.LVL16:
 371               	.L12:
 372               	/* epilogue start */
 321:./tmk_core/common/action_util.c ****             keyboard_report->keys[empty] = code;
 373               		.loc 1 321 12 view .LVU84
 374               	.LBE21:
 375               	.LBE20:
 152:./tmk_core/common/action_util.c **** 
 376               		.loc 1 152 1 view .LVU85
 377 0068 0895      		ret
 378               	.LVL17:
 379               	.L18:
 380               	.LBB23:
 381               	.LBB22:
 322:./tmk_core/common/action_util.c ****         }
 382               		.loc 1 322 13 is_stmt 1 view .LVU86
 322:./tmk_core/common/action_util.c ****         }
 383               		.loc 1 322 42 is_stmt 0 view .LVU87
 384 006a 290F      		add r18,r25
 385 006c 311D      		adc r19,__zero_reg__
 386 006e 97FD      		sbrc r25,7
 387 0070 3A95      		dec r19
 388 0072 F901      		movw r30,r18
 389 0074 8283      		std Z+2,r24
 390               	.LVL18:
 322:./tmk_core/common/action_util.c ****         }
 391               		.loc 1 322 42 view .LVU88
 392 0076 0895      		ret
 393               	.LBE22:
 394               	.LBE23:
 395               		.cfi_endproc
 396               	.LFE113:
 398               		.section	.text.del_key,"ax",@progbits
 399               	.global	del_key
 401               	del_key:
 402               	.LVL19:
 403               	.LFB114:
 155:./tmk_core/common/action_util.c **** #ifdef NKRO_ENABLE
 404               		.loc 1 155 1 is_stmt 1 view -0
 405               		.cfi_startproc
 406               	/* prologue: function */
 407               	/* frame size = 0 */
 408               	/* stack size = 0 */
 409               	.L__stack_usage = 0
 157:./tmk_core/common/action_util.c ****         del_key_bit(key);
 410               		.loc 1 157 5 view .LVU90
 157:./tmk_core/common/action_util.c ****         del_key_bit(key);
 411               		.loc 1 157 8 is_stmt 0 view .LVU91
 412 0000 9091 0000 		lds r25,keyboard_protocol
 413 0004 9923      		tst r25
 414 0006 01F0      		breq .L28
 157:./tmk_core/common/action_util.c ****         del_key_bit(key);
 415               		.loc 1 157 27 discriminator 1 view .LVU92
 416 0008 9091 0000 		lds r25,keymap_config
 417 000c 97FF      		sbrs r25,7
 418 000e 00C0      		rjmp .L28
 158:./tmk_core/common/action_util.c ****         return;
 419               		.loc 1 158 9 is_stmt 1 view .LVU93
 420               	.LVL20:
 421               	.LBB29:
 422               	.LBI29:
 369:./tmk_core/common/action_util.c ****     } else {
 370:./tmk_core/common/action_util.c ****         dprintf("add_key_bit: can't add: %02X\n", code);
 371:./tmk_core/common/action_util.c ****     }
 372:./tmk_core/common/action_util.c **** }
 373:./tmk_core/common/action_util.c **** 
 374:./tmk_core/common/action_util.c **** static inline void del_key_bit(uint8_t code)
 423               		.loc 1 374 20 view .LVU94
 424               	.LBB30:
 375:./tmk_core/common/action_util.c **** {
 376:./tmk_core/common/action_util.c ****     if ((code>>3) < KEYBOARD_REPORT_BITS) {
 425               		.loc 1 376 5 view .LVU95
 426               		.loc 1 376 19 is_stmt 0 view .LVU96
 427 0010 982F      		mov r25,r24
 428 0012 9695      		lsr r25
 429 0014 9695      		lsr r25
 430 0016 9695      		lsr r25
 431               		.loc 1 376 8 view .LVU97
 432 0018 9F31      		cpi r25,lo8(31)
 433 001a 01F0      		breq .L27
 377:./tmk_core/common/action_util.c ****         keyboard_report->nkro.bits[code>>3] &= ~(1<<(code&7));
 434               		.loc 1 377 9 is_stmt 1 view .LVU98
 435               		.loc 1 377 45 is_stmt 0 view .LVU99
 436 001c E091 0000 		lds r30,keyboard_report
 437 0020 F091 0000 		lds r31,keyboard_report+1
 438 0024 E90F      		add r30,r25
 439 0026 F11D      		adc r31,__zero_reg__
 440               		.loc 1 377 58 view .LVU100
 441 0028 8770      		andi r24,lo8(7)
 442               	.LVL21:
 443               		.loc 1 377 51 view .LVU101
 444 002a 21E0      		ldi r18,lo8(1)
 445 002c 30E0      		ldi r19,0
 446 002e A901      		movw r20,r18
 447 0030 00C0      		rjmp 2f
 448               		1:
 449 0032 440F      		lsl r20
 450 0034 551F      		rol r21
 451               		2:
 452 0036 8A95      		dec r24
 453 0038 02F4      		brpl 1b
 454 003a CA01      		movw r24,r20
 455               		.loc 1 377 45 view .LVU102
 456 003c 8095      		com r24
 457 003e 9181      		ldd r25,Z+1
 458 0040 8923      		and r24,r25
 459 0042 8183      		std Z+1,r24
 460 0044 0895      		ret
 461               	.LVL22:
 462               	.L28:
 463               		.loc 1 377 45 view .LVU103
 464               	.LBE30:
 465               	.LBE29:
 466               	.LBB31:
 467               	.LBB32:
 357:./tmk_core/common/action_util.c ****             keyboard_report->keys[i] = 0;
 468               		.loc 1 357 28 view .LVU104
 469 0046 2091 0000 		lds r18,keyboard_report
 470 004a 3091 0000 		lds r19,keyboard_report+1
 471 004e F901      		movw r30,r18
 472 0050 3296      		adiw r30,2
 473 0052 205E      		subi r18,-32
 474 0054 3F4F      		sbci r19,-1
 475               	.L32:
 476               	.LVL23:
 357:./tmk_core/common/action_util.c ****             keyboard_report->keys[i] = 0;
 477               		.loc 1 357 9 is_stmt 1 view .LVU105
 357:./tmk_core/common/action_util.c ****             keyboard_report->keys[i] = 0;
 478               		.loc 1 357 34 is_stmt 0 view .LVU106
 479 0056 9191      		ld r25,Z+
 480               	.LVL24:
 357:./tmk_core/common/action_util.c ****             keyboard_report->keys[i] = 0;
 481               		.loc 1 357 12 view .LVU107
 482 0058 8913      		cpse r24,r25
 483 005a 00C0      		rjmp .L31
 358:./tmk_core/common/action_util.c ****         }
 484               		.loc 1 358 13 is_stmt 1 view .LVU108
 358:./tmk_core/common/action_util.c ****         }
 485               		.loc 1 358 38 is_stmt 0 view .LVU109
 486 005c DF01      		movw r26,r30
 487 005e 1197      		sbiw r26,1
 488 0060 1C92      		st X,__zero_reg__
 489               	.L31:
 356:./tmk_core/common/action_util.c ****         if (keyboard_report->keys[i] == code) {
 490               		.loc 1 356 51 is_stmt 1 view .LVU110
 491               	.LVL25:
 356:./tmk_core/common/action_util.c ****         if (keyboard_report->keys[i] == code) {
 492               		.loc 1 356 25 view .LVU111
 356:./tmk_core/common/action_util.c ****         if (keyboard_report->keys[i] == code) {
 493               		.loc 1 356 5 is_stmt 0 view .LVU112
 494 0062 E217      		cp r30,r18
 495 0064 F307      		cpc r31,r19
 496 0066 01F4      		brne .L32
 497               	.LVL26:
 498               	.L27:
 499               	/* epilogue start */
 356:./tmk_core/common/action_util.c ****         if (keyboard_report->keys[i] == code) {
 500               		.loc 1 356 5 view .LVU113
 501               	.LBE32:
 502               	.LBE31:
 163:./tmk_core/common/action_util.c **** 
 503               		.loc 1 163 1 view .LVU114
 504 0068 0895      		ret
 505               		.cfi_endproc
 506               	.LFE114:
 508               		.section	.text.clear_keys,"ax",@progbits
 509               	.global	clear_keys
 511               	clear_keys:
 512               	.LFB115:
 166:./tmk_core/common/action_util.c ****     // not clear mods
 513               		.loc 1 166 1 is_stmt 1 view -0
 514               		.cfi_startproc
 515               	/* prologue: function */
 516               	/* frame size = 0 */
 517               	/* stack size = 0 */
 518               	.L__stack_usage = 0
 168:./tmk_core/common/action_util.c ****         keyboard_report->raw[i] = 0;
 519               		.loc 1 168 5 view .LVU116
 520               	.LBB33:
 168:./tmk_core/common/action_util.c ****         keyboard_report->raw[i] = 0;
 521               		.loc 1 168 10 view .LVU117
 522               	.LVL27:
 168:./tmk_core/common/action_util.c ****         keyboard_report->raw[i] = 0;
 523               		.loc 1 168 24 view .LVU118
 524               	.LBE33:
 166:./tmk_core/common/action_util.c ****     // not clear mods
 525               		.loc 1 166 1 is_stmt 0 view .LVU119
 526 0000 81E0      		ldi r24,lo8(1)
 527 0002 90E0      		ldi r25,0
 528               	.LVL28:
 529               	.L41:
 530               	.LBB34:
 169:./tmk_core/common/action_util.c ****     }
 531               		.loc 1 169 9 is_stmt 1 discriminator 3 view .LVU120
 169:./tmk_core/common/action_util.c ****     }
 532               		.loc 1 169 24 is_stmt 0 discriminator 3 view .LVU121
 533 0004 E091 0000 		lds r30,keyboard_report
 534 0008 F091 0000 		lds r31,keyboard_report+1
 169:./tmk_core/common/action_util.c ****     }
 535               		.loc 1 169 33 discriminator 3 view .LVU122
 536 000c E80F      		add r30,r24
 537 000e F91F      		adc r31,r25
 538 0010 1082      		st Z,__zero_reg__
 168:./tmk_core/common/action_util.c ****         keyboard_report->raw[i] = 0;
 539               		.loc 1 168 50 is_stmt 1 discriminator 3 view .LVU123
 540               	.LVL29:
 168:./tmk_core/common/action_util.c ****         keyboard_report->raw[i] = 0;
 541               		.loc 1 168 24 discriminator 3 view .LVU124
 168:./tmk_core/common/action_util.c ****         keyboard_report->raw[i] = 0;
 542               		.loc 1 168 5 is_stmt 0 discriminator 3 view .LVU125
 543 0012 0196      		adiw r24,1
 544               	.LVL30:
 168:./tmk_core/common/action_util.c ****         keyboard_report->raw[i] = 0;
 545               		.loc 1 168 5 discriminator 3 view .LVU126
 546 0014 8032      		cpi r24,32
 547 0016 9105      		cpc r25,__zero_reg__
 548 0018 01F4      		brne .L41
 549               	/* epilogue start */
 550               	.LBE34:
 171:./tmk_core/common/action_util.c **** 
 551               		.loc 1 171 1 view .LVU127
 552 001a 0895      		ret
 553               		.cfi_endproc
 554               	.LFE115:
 556               		.section	.text.get_mods,"ax",@progbits
 557               	.global	get_mods
 559               	get_mods:
 560               	.LFB116:
 175:./tmk_core/common/action_util.c **** void add_mods(uint8_t mods) { real_mods |= mods; }
 561               		.loc 1 175 24 is_stmt 1 view -0
 562               		.cfi_startproc
 563               	/* prologue: function */
 564               	/* frame size = 0 */
 565               	/* stack size = 0 */
 566               	.L__stack_usage = 0
 175:./tmk_core/common/action_util.c **** void add_mods(uint8_t mods) { real_mods |= mods; }
 567               		.loc 1 175 26 view .LVU129
 175:./tmk_core/common/action_util.c **** void add_mods(uint8_t mods) { real_mods |= mods; }
 568               		.loc 1 175 44 is_stmt 0 view .LVU130
 569 0000 8091 0000 		lds r24,real_mods
 570               	/* epilogue start */
 571 0004 0895      		ret
 572               		.cfi_endproc
 573               	.LFE116:
 575               		.section	.text.add_mods,"ax",@progbits
 576               	.global	add_mods
 578               	add_mods:
 579               	.LVL31:
 580               	.LFB117:
 176:./tmk_core/common/action_util.c **** void del_mods(uint8_t mods) { real_mods &= ~mods; }
 581               		.loc 1 176 29 is_stmt 1 view -0
 582               		.cfi_startproc
 583               	/* prologue: function */
 584               	/* frame size = 0 */
 585               	/* stack size = 0 */
 586               	.L__stack_usage = 0
 176:./tmk_core/common/action_util.c **** void del_mods(uint8_t mods) { real_mods &= ~mods; }
 587               		.loc 1 176 31 view .LVU132
 176:./tmk_core/common/action_util.c **** void del_mods(uint8_t mods) { real_mods &= ~mods; }
 588               		.loc 1 176 41 is_stmt 0 view .LVU133
 589 0000 9091 0000 		lds r25,real_mods
 590 0004 982B      		or r25,r24
 591 0006 9093 0000 		sts real_mods,r25
 592               	/* epilogue start */
 176:./tmk_core/common/action_util.c **** void del_mods(uint8_t mods) { real_mods &= ~mods; }
 593               		.loc 1 176 50 view .LVU134
 594 000a 0895      		ret
 595               		.cfi_endproc
 596               	.LFE117:
 598               		.section	.text.del_mods,"ax",@progbits
 599               	.global	del_mods
 601               	del_mods:
 602               	.LVL32:
 603               	.LFB118:
 177:./tmk_core/common/action_util.c **** void set_mods(uint8_t mods) { real_mods = mods; }
 604               		.loc 1 177 29 is_stmt 1 view -0
 605               		.cfi_startproc
 606               	/* prologue: function */
 607               	/* frame size = 0 */
 608               	/* stack size = 0 */
 609               	.L__stack_usage = 0
 177:./tmk_core/common/action_util.c **** void set_mods(uint8_t mods) { real_mods = mods; }
 610               		.loc 1 177 31 view .LVU136
 177:./tmk_core/common/action_util.c **** void set_mods(uint8_t mods) { real_mods = mods; }
 611               		.loc 1 177 41 is_stmt 0 view .LVU137
 612 0000 982F      		mov r25,r24
 613 0002 9095      		com r25
 614 0004 8091 0000 		lds r24,real_mods
 615               	.LVL33:
 177:./tmk_core/common/action_util.c **** void set_mods(uint8_t mods) { real_mods = mods; }
 616               		.loc 1 177 41 view .LVU138
 617 0008 8923      		and r24,r25
 618 000a 8093 0000 		sts real_mods,r24
 619               	/* epilogue start */
 177:./tmk_core/common/action_util.c **** void set_mods(uint8_t mods) { real_mods = mods; }
 620               		.loc 1 177 51 view .LVU139
 621 000e 0895      		ret
 622               		.cfi_endproc
 623               	.LFE118:
 625               		.section	.text.set_mods,"ax",@progbits
 626               	.global	set_mods
 628               	set_mods:
 629               	.LVL34:
 630               	.LFB119:
 178:./tmk_core/common/action_util.c **** void clear_mods(void) { real_mods = 0; }
 631               		.loc 1 178 29 is_stmt 1 view -0
 632               		.cfi_startproc
 633               	/* prologue: function */
 634               	/* frame size = 0 */
 635               	/* stack size = 0 */
 636               	.L__stack_usage = 0
 178:./tmk_core/common/action_util.c **** void clear_mods(void) { real_mods = 0; }
 637               		.loc 1 178 31 view .LVU141
 178:./tmk_core/common/action_util.c **** void clear_mods(void) { real_mods = 0; }
 638               		.loc 1 178 41 is_stmt 0 view .LVU142
 639 0000 8093 0000 		sts real_mods,r24
 640               	/* epilogue start */
 178:./tmk_core/common/action_util.c **** void clear_mods(void) { real_mods = 0; }
 641               		.loc 1 178 49 view .LVU143
 642 0004 0895      		ret
 643               		.cfi_endproc
 644               	.LFE119:
 646               		.section	.text.clear_mods,"ax",@progbits
 647               	.global	clear_mods
 649               	clear_mods:
 650               	.LFB120:
 179:./tmk_core/common/action_util.c **** 
 651               		.loc 1 179 23 is_stmt 1 view -0
 652               		.cfi_startproc
 653               	/* prologue: function */
 654               	/* frame size = 0 */
 655               	/* stack size = 0 */
 656               	.L__stack_usage = 0
 179:./tmk_core/common/action_util.c **** 
 657               		.loc 1 179 25 view .LVU145
 179:./tmk_core/common/action_util.c **** 
 658               		.loc 1 179 35 is_stmt 0 view .LVU146
 659 0000 1092 0000 		sts real_mods,__zero_reg__
 660               	/* epilogue start */
 179:./tmk_core/common/action_util.c **** 
 661               		.loc 1 179 40 view .LVU147
 662 0004 0895      		ret
 663               		.cfi_endproc
 664               	.LFE120:
 666               		.section	.text.get_weak_mods,"ax",@progbits
 667               	.global	get_weak_mods
 669               	get_weak_mods:
 670               	.LFB121:
 182:./tmk_core/common/action_util.c **** void add_weak_mods(uint8_t mods) { weak_mods |= mods; }
 671               		.loc 1 182 29 is_stmt 1 view -0
 672               		.cfi_startproc
 673               	/* prologue: function */
 674               	/* frame size = 0 */
 675               	/* stack size = 0 */
 676               	.L__stack_usage = 0
 182:./tmk_core/common/action_util.c **** void add_weak_mods(uint8_t mods) { weak_mods |= mods; }
 677               		.loc 1 182 31 view .LVU149
 182:./tmk_core/common/action_util.c **** void add_weak_mods(uint8_t mods) { weak_mods |= mods; }
 678               		.loc 1 182 49 is_stmt 0 view .LVU150
 679 0000 8091 0000 		lds r24,weak_mods
 680               	/* epilogue start */
 681 0004 0895      		ret
 682               		.cfi_endproc
 683               	.LFE121:
 685               		.section	.text.add_weak_mods,"ax",@progbits
 686               	.global	add_weak_mods
 688               	add_weak_mods:
 689               	.LVL35:
 690               	.LFB122:
 183:./tmk_core/common/action_util.c **** void del_weak_mods(uint8_t mods) { weak_mods &= ~mods; }
 691               		.loc 1 183 34 is_stmt 1 view -0
 692               		.cfi_startproc
 693               	/* prologue: function */
 694               	/* frame size = 0 */
 695               	/* stack size = 0 */
 696               	.L__stack_usage = 0
 183:./tmk_core/common/action_util.c **** void del_weak_mods(uint8_t mods) { weak_mods &= ~mods; }
 697               		.loc 1 183 36 view .LVU152
 183:./tmk_core/common/action_util.c **** void del_weak_mods(uint8_t mods) { weak_mods &= ~mods; }
 698               		.loc 1 183 46 is_stmt 0 view .LVU153
 699 0000 9091 0000 		lds r25,weak_mods
 700 0004 982B      		or r25,r24
 701 0006 9093 0000 		sts weak_mods,r25
 702               	/* epilogue start */
 183:./tmk_core/common/action_util.c **** void del_weak_mods(uint8_t mods) { weak_mods &= ~mods; }
 703               		.loc 1 183 55 view .LVU154
 704 000a 0895      		ret
 705               		.cfi_endproc
 706               	.LFE122:
 708               		.section	.text.del_weak_mods,"ax",@progbits
 709               	.global	del_weak_mods
 711               	del_weak_mods:
 712               	.LVL36:
 713               	.LFB123:
 184:./tmk_core/common/action_util.c **** void set_weak_mods(uint8_t mods) { weak_mods = mods; }
 714               		.loc 1 184 34 is_stmt 1 view -0
 715               		.cfi_startproc
 716               	/* prologue: function */
 717               	/* frame size = 0 */
 718               	/* stack size = 0 */
 719               	.L__stack_usage = 0
 184:./tmk_core/common/action_util.c **** void set_weak_mods(uint8_t mods) { weak_mods = mods; }
 720               		.loc 1 184 36 view .LVU156
 184:./tmk_core/common/action_util.c **** void set_weak_mods(uint8_t mods) { weak_mods = mods; }
 721               		.loc 1 184 46 is_stmt 0 view .LVU157
 722 0000 982F      		mov r25,r24
 723 0002 9095      		com r25
 724 0004 8091 0000 		lds r24,weak_mods
 725               	.LVL37:
 184:./tmk_core/common/action_util.c **** void set_weak_mods(uint8_t mods) { weak_mods = mods; }
 726               		.loc 1 184 46 view .LVU158
 727 0008 8923      		and r24,r25
 728 000a 8093 0000 		sts weak_mods,r24
 729               	/* epilogue start */
 184:./tmk_core/common/action_util.c **** void set_weak_mods(uint8_t mods) { weak_mods = mods; }
 730               		.loc 1 184 56 view .LVU159
 731 000e 0895      		ret
 732               		.cfi_endproc
 733               	.LFE123:
 735               		.section	.text.set_weak_mods,"ax",@progbits
 736               	.global	set_weak_mods
 738               	set_weak_mods:
 739               	.LVL38:
 740               	.LFB124:
 185:./tmk_core/common/action_util.c **** void clear_weak_mods(void) { weak_mods = 0; }
 741               		.loc 1 185 34 is_stmt 1 view -0
 742               		.cfi_startproc
 743               	/* prologue: function */
 744               	/* frame size = 0 */
 745               	/* stack size = 0 */
 746               	.L__stack_usage = 0
 185:./tmk_core/common/action_util.c **** void clear_weak_mods(void) { weak_mods = 0; }
 747               		.loc 1 185 36 view .LVU161
 185:./tmk_core/common/action_util.c **** void clear_weak_mods(void) { weak_mods = 0; }
 748               		.loc 1 185 46 is_stmt 0 view .LVU162
 749 0000 8093 0000 		sts weak_mods,r24
 750               	/* epilogue start */
 185:./tmk_core/common/action_util.c **** void clear_weak_mods(void) { weak_mods = 0; }
 751               		.loc 1 185 54 view .LVU163
 752 0004 0895      		ret
 753               		.cfi_endproc
 754               	.LFE124:
 756               		.section	.text.clear_weak_mods,"ax",@progbits
 757               	.global	clear_weak_mods
 759               	clear_weak_mods:
 760               	.LFB125:
 186:./tmk_core/common/action_util.c **** 
 761               		.loc 1 186 28 is_stmt 1 view -0
 762               		.cfi_startproc
 763               	/* prologue: function */
 764               	/* frame size = 0 */
 765               	/* stack size = 0 */
 766               	.L__stack_usage = 0
 186:./tmk_core/common/action_util.c **** 
 767               		.loc 1 186 30 view .LVU165
 186:./tmk_core/common/action_util.c **** 
 768               		.loc 1 186 40 is_stmt 0 view .LVU166
 769 0000 1092 0000 		sts weak_mods,__zero_reg__
 770               	/* epilogue start */
 186:./tmk_core/common/action_util.c **** 
 771               		.loc 1 186 45 view .LVU167
 772 0004 0895      		ret
 773               		.cfi_endproc
 774               	.LFE125:
 776               		.section	.text.get_macro_mods,"ax",@progbits
 777               	.global	get_macro_mods
 779               	get_macro_mods:
 780               	.LFB126:
 189:./tmk_core/common/action_util.c **** void add_macro_mods(uint8_t mods) { macro_mods |= mods; }
 781               		.loc 1 189 30 is_stmt 1 view -0
 782               		.cfi_startproc
 783               	/* prologue: function */
 784               	/* frame size = 0 */
 785               	/* stack size = 0 */
 786               	.L__stack_usage = 0
 189:./tmk_core/common/action_util.c **** void add_macro_mods(uint8_t mods) { macro_mods |= mods; }
 787               		.loc 1 189 32 view .LVU169
 189:./tmk_core/common/action_util.c **** void add_macro_mods(uint8_t mods) { macro_mods |= mods; }
 788               		.loc 1 189 51 is_stmt 0 view .LVU170
 789 0000 8091 0000 		lds r24,macro_mods
 790               	/* epilogue start */
 791 0004 0895      		ret
 792               		.cfi_endproc
 793               	.LFE126:
 795               		.section	.text.add_macro_mods,"ax",@progbits
 796               	.global	add_macro_mods
 798               	add_macro_mods:
 799               	.LVL39:
 800               	.LFB127:
 190:./tmk_core/common/action_util.c **** void del_macro_mods(uint8_t mods) { macro_mods &= ~mods; }
 801               		.loc 1 190 35 is_stmt 1 view -0
 802               		.cfi_startproc
 803               	/* prologue: function */
 804               	/* frame size = 0 */
 805               	/* stack size = 0 */
 806               	.L__stack_usage = 0
 190:./tmk_core/common/action_util.c **** void del_macro_mods(uint8_t mods) { macro_mods &= ~mods; }
 807               		.loc 1 190 37 view .LVU172
 190:./tmk_core/common/action_util.c **** void del_macro_mods(uint8_t mods) { macro_mods &= ~mods; }
 808               		.loc 1 190 48 is_stmt 0 view .LVU173
 809 0000 9091 0000 		lds r25,macro_mods
 810 0004 982B      		or r25,r24
 811 0006 9093 0000 		sts macro_mods,r25
 812               	/* epilogue start */
 190:./tmk_core/common/action_util.c **** void del_macro_mods(uint8_t mods) { macro_mods &= ~mods; }
 813               		.loc 1 190 57 view .LVU174
 814 000a 0895      		ret
 815               		.cfi_endproc
 816               	.LFE127:
 818               		.section	.text.del_macro_mods,"ax",@progbits
 819               	.global	del_macro_mods
 821               	del_macro_mods:
 822               	.LVL40:
 823               	.LFB128:
 191:./tmk_core/common/action_util.c **** void set_macro_mods(uint8_t mods) { macro_mods = mods; }
 824               		.loc 1 191 35 is_stmt 1 view -0
 825               		.cfi_startproc
 826               	/* prologue: function */
 827               	/* frame size = 0 */
 828               	/* stack size = 0 */
 829               	.L__stack_usage = 0
 191:./tmk_core/common/action_util.c **** void set_macro_mods(uint8_t mods) { macro_mods = mods; }
 830               		.loc 1 191 37 view .LVU176
 191:./tmk_core/common/action_util.c **** void set_macro_mods(uint8_t mods) { macro_mods = mods; }
 831               		.loc 1 191 48 is_stmt 0 view .LVU177
 832 0000 982F      		mov r25,r24
 833 0002 9095      		com r25
 834 0004 8091 0000 		lds r24,macro_mods
 835               	.LVL41:
 191:./tmk_core/common/action_util.c **** void set_macro_mods(uint8_t mods) { macro_mods = mods; }
 836               		.loc 1 191 48 view .LVU178
 837 0008 8923      		and r24,r25
 838 000a 8093 0000 		sts macro_mods,r24
 839               	/* epilogue start */
 191:./tmk_core/common/action_util.c **** void set_macro_mods(uint8_t mods) { macro_mods = mods; }
 840               		.loc 1 191 58 view .LVU179
 841 000e 0895      		ret
 842               		.cfi_endproc
 843               	.LFE128:
 845               		.section	.text.set_macro_mods,"ax",@progbits
 846               	.global	set_macro_mods
 848               	set_macro_mods:
 849               	.LVL42:
 850               	.LFB129:
 192:./tmk_core/common/action_util.c **** void clear_macro_mods(void) { macro_mods = 0; }
 851               		.loc 1 192 35 is_stmt 1 view -0
 852               		.cfi_startproc
 853               	/* prologue: function */
 854               	/* frame size = 0 */
 855               	/* stack size = 0 */
 856               	.L__stack_usage = 0
 192:./tmk_core/common/action_util.c **** void clear_macro_mods(void) { macro_mods = 0; }
 857               		.loc 1 192 37 view .LVU181
 192:./tmk_core/common/action_util.c **** void clear_macro_mods(void) { macro_mods = 0; }
 858               		.loc 1 192 48 is_stmt 0 view .LVU182
 859 0000 8093 0000 		sts macro_mods,r24
 860               	/* epilogue start */
 192:./tmk_core/common/action_util.c **** void clear_macro_mods(void) { macro_mods = 0; }
 861               		.loc 1 192 56 view .LVU183
 862 0004 0895      		ret
 863               		.cfi_endproc
 864               	.LFE129:
 866               		.section	.text.clear_macro_mods,"ax",@progbits
 867               	.global	clear_macro_mods
 869               	clear_macro_mods:
 870               	.LFB130:
 193:./tmk_core/common/action_util.c **** 
 871               		.loc 1 193 29 is_stmt 1 view -0
 872               		.cfi_startproc
 873               	/* prologue: function */
 874               	/* frame size = 0 */
 875               	/* stack size = 0 */
 876               	.L__stack_usage = 0
 193:./tmk_core/common/action_util.c **** 
 877               		.loc 1 193 31 view .LVU185
 193:./tmk_core/common/action_util.c **** 
 878               		.loc 1 193 42 is_stmt 0 view .LVU186
 879 0000 1092 0000 		sts macro_mods,__zero_reg__
 880               	/* epilogue start */
 193:./tmk_core/common/action_util.c **** 
 881               		.loc 1 193 47 view .LVU187
 882 0004 0895      		ret
 883               		.cfi_endproc
 884               	.LFE130:
 886               		.section	.text.set_oneshot_mods,"ax",@progbits
 887               	.global	set_oneshot_mods
 889               	set_oneshot_mods:
 890               	.LVL43:
 891               	.LFB131:
 198:./tmk_core/common/action_util.c ****     oneshot_mods = mods;
 892               		.loc 1 198 1 is_stmt 1 view -0
 893               		.cfi_startproc
 894               	/* prologue: function */
 895               	/* frame size = 0 */
 896               	/* stack size = 0 */
 897               	.L__stack_usage = 0
 199:./tmk_core/common/action_util.c **** #if (defined(ONESHOT_TIMEOUT) && (ONESHOT_TIMEOUT > 0))
 898               		.loc 1 199 5 view .LVU189
 199:./tmk_core/common/action_util.c **** #if (defined(ONESHOT_TIMEOUT) && (ONESHOT_TIMEOUT > 0))
 899               		.loc 1 199 18 is_stmt 0 view .LVU190
 900 0000 8093 0000 		sts oneshot_mods,r24
 901               	/* epilogue start */
 203:./tmk_core/common/action_util.c **** void clear_oneshot_mods(void)
 902               		.loc 1 203 1 view .LVU191
 903 0004 0895      		ret
 904               		.cfi_endproc
 905               	.LFE131:
 907               		.section	.text.clear_oneshot_mods,"ax",@progbits
 908               	.global	clear_oneshot_mods
 910               	clear_oneshot_mods:
 911               	.LFB132:
 205:./tmk_core/common/action_util.c ****     oneshot_mods = 0;
 912               		.loc 1 205 1 is_stmt 1 view -0
 913               		.cfi_startproc
 914               	/* prologue: function */
 915               	/* frame size = 0 */
 916               	/* stack size = 0 */
 917               	.L__stack_usage = 0
 206:./tmk_core/common/action_util.c **** #if (defined(ONESHOT_TIMEOUT) && (ONESHOT_TIMEOUT > 0))
 918               		.loc 1 206 5 view .LVU193
 206:./tmk_core/common/action_util.c **** #if (defined(ONESHOT_TIMEOUT) && (ONESHOT_TIMEOUT > 0))
 919               		.loc 1 206 18 is_stmt 0 view .LVU194
 920 0000 1092 0000 		sts oneshot_mods,__zero_reg__
 921               	/* epilogue start */
 210:./tmk_core/common/action_util.c **** uint8_t get_oneshot_mods(void)
 922               		.loc 1 210 1 view .LVU195
 923 0004 0895      		ret
 924               		.cfi_endproc
 925               	.LFE132:
 927               		.section	.text.get_oneshot_mods,"ax",@progbits
 928               	.global	get_oneshot_mods
 930               	get_oneshot_mods:
 931               	.LFB133:
 212:./tmk_core/common/action_util.c ****     return oneshot_mods;
 932               		.loc 1 212 1 is_stmt 1 view -0
 933               		.cfi_startproc
 934               	/* prologue: function */
 935               	/* frame size = 0 */
 936               	/* stack size = 0 */
 937               	.L__stack_usage = 0
 213:./tmk_core/common/action_util.c **** }
 938               		.loc 1 213 5 view .LVU197
 214:./tmk_core/common/action_util.c **** #endif
 939               		.loc 1 214 1 is_stmt 0 view .LVU198
 940 0000 8091 0000 		lds r24,oneshot_mods
 941               	/* epilogue start */
 942 0004 0895      		ret
 943               		.cfi_endproc
 944               	.LFE133:
 946               		.section	.text.has_anykey,"ax",@progbits
 947               	.global	has_anykey
 949               	has_anykey:
 950               	.LFB134:
 221:./tmk_core/common/action_util.c ****     uint8_t cnt = 0;
 951               		.loc 1 221 1 is_stmt 1 view -0
 952               		.cfi_startproc
 953               	/* prologue: function */
 954               	/* frame size = 0 */
 955               	/* stack size = 0 */
 956               	.L__stack_usage = 0
 222:./tmk_core/common/action_util.c ****     for (uint8_t i = 1; i < KEYBOARD_REPORT_SIZE; i++) {
 957               		.loc 1 222 5 view .LVU200
 958               	.LVL44:
 223:./tmk_core/common/action_util.c ****         if (keyboard_report->raw[i])
 959               		.loc 1 223 5 view .LVU201
 960               	.LBB35:
 223:./tmk_core/common/action_util.c ****         if (keyboard_report->raw[i])
 961               		.loc 1 223 10 view .LVU202
 223:./tmk_core/common/action_util.c ****         if (keyboard_report->raw[i])
 962               		.loc 1 223 25 view .LVU203
 224:./tmk_core/common/action_util.c ****             cnt++;
 963               		.loc 1 224 28 is_stmt 0 view .LVU204
 964 0000 2091 0000 		lds r18,keyboard_report
 965 0004 3091 0000 		lds r19,keyboard_report+1
 966 0008 F901      		movw r30,r18
 967 000a 3196      		adiw r30,1
 968 000c 205E      		subi r18,-32
 969 000e 3F4F      		sbci r19,-1
 970               	.LBE35:
 222:./tmk_core/common/action_util.c ****     for (uint8_t i = 1; i < KEYBOARD_REPORT_SIZE; i++) {
 971               		.loc 1 222 13 view .LVU205
 972 0010 80E0      		ldi r24,0
 973               	.LVL45:
 974               	.L63:
 975               	.LBB36:
 224:./tmk_core/common/action_util.c ****             cnt++;
 976               		.loc 1 224 9 is_stmt 1 view .LVU206
 224:./tmk_core/common/action_util.c ****             cnt++;
 977               		.loc 1 224 33 is_stmt 0 view .LVU207
 978 0012 9191      		ld r25,Z+
 979               	.LVL46:
 224:./tmk_core/common/action_util.c ****             cnt++;
 980               		.loc 1 224 12 view .LVU208
 981 0014 9111      		cpse r25,__zero_reg__
 225:./tmk_core/common/action_util.c ****     }
 982               		.loc 1 225 13 is_stmt 1 view .LVU209
 225:./tmk_core/common/action_util.c ****     }
 983               		.loc 1 225 16 is_stmt 0 view .LVU210
 984 0016 8F5F      		subi r24,lo8(-(1))
 985               	.LVL47:
 986               	.L62:
 223:./tmk_core/common/action_util.c ****         if (keyboard_report->raw[i])
 987               		.loc 1 223 51 is_stmt 1 discriminator 2 view .LVU211
 223:./tmk_core/common/action_util.c ****         if (keyboard_report->raw[i])
 988               		.loc 1 223 25 discriminator 2 view .LVU212
 223:./tmk_core/common/action_util.c ****         if (keyboard_report->raw[i])
 989               		.loc 1 223 5 is_stmt 0 discriminator 2 view .LVU213
 990 0018 E217      		cp r30,r18
 991 001a F307      		cpc r31,r19
 992 001c 01F4      		brne .L63
 223:./tmk_core/common/action_util.c ****         if (keyboard_report->raw[i])
 993               		.loc 1 223 5 discriminator 2 view .LVU214
 994               	.LBE36:
 227:./tmk_core/common/action_util.c **** }
 995               		.loc 1 227 5 is_stmt 1 view .LVU215
 996               	/* epilogue start */
 228:./tmk_core/common/action_util.c **** 
 997               		.loc 1 228 1 is_stmt 0 view .LVU216
 998 001e 0895      		ret
 999               		.cfi_endproc
 1000               	.LFE134:
 1002               		.section	.text.send_keyboard_report,"ax",@progbits
 1003               	.global	send_keyboard_report
 1005               	send_keyboard_report:
 1006               	.LFB112:
 120:./tmk_core/common/action_util.c ****     keyboard_report->mods  = real_mods;
 1007               		.loc 1 120 33 is_stmt 1 view -0
 1008               		.cfi_startproc
 1009               	/* prologue: function */
 1010               	/* frame size = 0 */
 1011               	/* stack size = 0 */
 1012               	.L__stack_usage = 0
 121:./tmk_core/common/action_util.c ****     keyboard_report->mods |= weak_mods;
 1013               		.loc 1 121 5 view .LVU218
 121:./tmk_core/common/action_util.c ****     keyboard_report->mods |= weak_mods;
 1014               		.loc 1 121 20 is_stmt 0 view .LVU219
 1015 0000 E091 0000 		lds r30,keyboard_report
 1016 0004 F091 0000 		lds r31,keyboard_report+1
 121:./tmk_core/common/action_util.c ****     keyboard_report->mods |= weak_mods;
 1017               		.loc 1 121 28 view .LVU220
 1018 0008 8091 0000 		lds r24,real_mods
 1019 000c 8083      		st Z,r24
 122:./tmk_core/common/action_util.c ****     keyboard_report->mods |= macro_mods;
 1020               		.loc 1 122 5 is_stmt 1 view .LVU221
 122:./tmk_core/common/action_util.c ****     keyboard_report->mods |= macro_mods;
 1021               		.loc 1 122 27 is_stmt 0 view .LVU222
 1022 000e E091 0000 		lds r30,keyboard_report
 1023 0012 F091 0000 		lds r31,keyboard_report+1
 1024 0016 8081      		ld r24,Z
 1025 0018 9091 0000 		lds r25,weak_mods
 1026 001c 892B      		or r24,r25
 1027 001e 8083      		st Z,r24
 123:./tmk_core/common/action_util.c **** #ifndef NO_ACTION_ONESHOT
 1028               		.loc 1 123 5 is_stmt 1 view .LVU223
 123:./tmk_core/common/action_util.c **** #ifndef NO_ACTION_ONESHOT
 1029               		.loc 1 123 27 is_stmt 0 view .LVU224
 1030 0020 E091 0000 		lds r30,keyboard_report
 1031 0024 F091 0000 		lds r31,keyboard_report+1
 1032 0028 8081      		ld r24,Z
 1033 002a 9091 0000 		lds r25,macro_mods
 1034 002e 892B      		or r24,r25
 1035 0030 8083      		st Z,r24
 125:./tmk_core/common/action_util.c **** #if (defined(ONESHOT_TIMEOUT) && (ONESHOT_TIMEOUT > 0))
 1036               		.loc 1 125 5 is_stmt 1 view .LVU225
 125:./tmk_core/common/action_util.c **** #if (defined(ONESHOT_TIMEOUT) && (ONESHOT_TIMEOUT > 0))
 1037               		.loc 1 125 9 is_stmt 0 view .LVU226
 1038 0032 9091 0000 		lds r25,oneshot_mods
 125:./tmk_core/common/action_util.c **** #if (defined(ONESHOT_TIMEOUT) && (ONESHOT_TIMEOUT > 0))
 1039               		.loc 1 125 8 view .LVU227
 1040 0036 9923      		tst r25
 1041 0038 01F0      		breq .L70
 132:./tmk_core/common/action_util.c ****         if (has_anykey()) {
 1042               		.loc 1 132 9 is_stmt 1 view .LVU228
 132:./tmk_core/common/action_util.c ****         if (has_anykey()) {
 1043               		.loc 1 132 31 is_stmt 0 view .LVU229
 1044 003a E091 0000 		lds r30,keyboard_report
 1045 003e F091 0000 		lds r31,keyboard_report+1
 1046 0042 8081      		ld r24,Z
 1047 0044 892B      		or r24,r25
 1048 0046 8083      		st Z,r24
 133:./tmk_core/common/action_util.c ****             clear_oneshot_mods();
 1049               		.loc 1 133 9 is_stmt 1 view .LVU230
 133:./tmk_core/common/action_util.c ****             clear_oneshot_mods();
 1050               		.loc 1 133 13 is_stmt 0 view .LVU231
 1051 0048 0E94 0000 		call has_anykey
 1052               	.LVL48:
 133:./tmk_core/common/action_util.c ****             clear_oneshot_mods();
 1053               		.loc 1 133 12 view .LVU232
 1054 004c 8111      		cpse r24,__zero_reg__
 134:./tmk_core/common/action_util.c ****         }
 1055               		.loc 1 134 13 is_stmt 1 view .LVU233
 1056               	.LBB39:
 1057               	.LBI39:
 204:./tmk_core/common/action_util.c **** {
 1058               		.loc 1 204 6 view .LVU234
 1059               	.LBB40:
 206:./tmk_core/common/action_util.c **** #if (defined(ONESHOT_TIMEOUT) && (ONESHOT_TIMEOUT > 0))
 1060               		.loc 1 206 5 view .LVU235
 206:./tmk_core/common/action_util.c **** #if (defined(ONESHOT_TIMEOUT) && (ONESHOT_TIMEOUT > 0))
 1061               		.loc 1 206 18 is_stmt 0 view .LVU236
 1062 004e 1092 0000 		sts oneshot_mods,__zero_reg__
 1063               	.L70:
 1064               	.LBE40:
 1065               	.LBE39:
 139:./tmk_core/common/action_util.c **** }
 1066               		.loc 1 139 5 is_stmt 1 view .LVU237
 1067 0052 8091 0000 		lds r24,keyboard_report
 1068 0056 9091 0000 		lds r25,keyboard_report+1
 1069 005a 0C94 0000 		jmp host_keyboard_send
 1070               	.LVL49:
 1071               		.cfi_endproc
 1072               	.LFE112:
 1074               		.section	.text.has_anymod,"ax",@progbits
 1075               	.global	has_anymod
 1077               	has_anymod:
 1078               	.LFB135:
 231:./tmk_core/common/action_util.c ****     return bitpop(real_mods);
 1079               		.loc 1 231 1 view -0
 1080               		.cfi_startproc
 1081               	/* prologue: function */
 1082               	/* frame size = 0 */
 1083               	/* stack size = 0 */
 1084               	.L__stack_usage = 0
 232:./tmk_core/common/action_util.c **** }
 1085               		.loc 1 232 5 view .LVU239
 232:./tmk_core/common/action_util.c **** }
 1086               		.loc 1 232 12 is_stmt 0 view .LVU240
 1087 0000 8091 0000 		lds r24,real_mods
 1088 0004 0C94 0000 		jmp bitpop
 1089               	.LVL50:
 1090               		.cfi_endproc
 1091               	.LFE135:
 1093               		.section	.text.get_first_key,"ax",@progbits
 1094               	.global	get_first_key
 1096               	get_first_key:
 1097               	.LFB136:
 236:./tmk_core/common/action_util.c **** #ifdef NKRO_ENABLE
 1098               		.loc 1 236 1 is_stmt 1 view -0
 1099               		.cfi_startproc
 1100 0000 CF93      		push r28
 1101               	.LCFI0:
 1102               		.cfi_def_cfa_offset 3
 1103               		.cfi_offset 28, -2
 1104 0002 DF93      		push r29
 1105               	.LCFI1:
 1106               		.cfi_def_cfa_offset 4
 1107               		.cfi_offset 29, -3
 1108               	/* prologue: function */
 1109               	/* frame size = 0 */
 1110               	/* stack size = 2 */
 1111               	.L__stack_usage = 2
 238:./tmk_core/common/action_util.c ****         uint8_t i = 0;
 1112               		.loc 1 238 5 view .LVU242
 1113               	.LBB41:
 240:./tmk_core/common/action_util.c ****             ;
 1114               		.loc 1 240 60 is_stmt 0 view .LVU243
 1115 0004 E091 0000 		lds r30,keyboard_report
 1116 0008 F091 0000 		lds r31,keyboard_report+1
 1117               	.LBE41:
 238:./tmk_core/common/action_util.c ****         uint8_t i = 0;
 1118               		.loc 1 238 8 view .LVU244
 1119 000c 8091 0000 		lds r24,keyboard_protocol
 1120 0010 8823      		tst r24
 1121 0012 01F0      		breq .L77
 238:./tmk_core/common/action_util.c ****         uint8_t i = 0;
 1122               		.loc 1 238 27 discriminator 1 view .LVU245
 1123 0014 8091 0000 		lds r24,keymap_config
 1124 0018 DF01      		movw r26,r30
 1125 001a 1196      		adiw r26,1
 1126               	.LBB42:
 239:./tmk_core/common/action_util.c ****         for (; i < KEYBOARD_REPORT_BITS && !keyboard_report->nkro.bits[i]; i++)
 1127               		.loc 1 239 17 discriminator 1 view .LVU246
 1128 001c C0E0      		ldi r28,0
 1129               	.LBE42:
 238:./tmk_core/common/action_util.c ****         uint8_t i = 0;
 1130               		.loc 1 238 27 discriminator 1 view .LVU247
 1131 001e 87FD      		sbrc r24,7
 1132 0020 00C0      		rjmp .L78
 1133               	.L77:
 255:./tmk_core/common/action_util.c **** #endif
 1134               		.loc 1 255 5 is_stmt 1 view .LVU248
 255:./tmk_core/common/action_util.c **** #endif
 1135               		.loc 1 255 33 is_stmt 0 view .LVU249
 1136 0022 8281      		ldd r24,Z+2
 1137 0024 00C0      		rjmp .L76
 1138               	.LVL51:
 1139               	.L80:
 1140               	.LBB43:
 241:./tmk_core/common/action_util.c ****         return i<<3 | biton(keyboard_report->nkro.bits[i]);
 1141               		.loc 1 241 13 is_stmt 1 discriminator 3 view .LVU250
 240:./tmk_core/common/action_util.c ****             ;
 1142               		.loc 1 240 76 discriminator 3 view .LVU251
 240:./tmk_core/common/action_util.c ****             ;
 1143               		.loc 1 240 77 is_stmt 0 discriminator 3 view .LVU252
 1144 0026 CF5F      		subi r28,lo8(-(1))
 1145               	.LVL52:
 240:./tmk_core/common/action_util.c ****             ;
 1146               		.loc 1 240 16 is_stmt 1 discriminator 3 view .LVU253
 240:./tmk_core/common/action_util.c ****             ;
 1147               		.loc 1 240 9 is_stmt 0 discriminator 3 view .LVU254
 1148 0028 CF31      		cpi r28,lo8(31)
 1149 002a 01F0      		breq .L79
 1150               	.LVL53:
 1151               	.L78:
 240:./tmk_core/common/action_util.c ****             ;
 1152               		.loc 1 240 71 discriminator 2 view .LVU255
 1153 002c 8D91      		ld r24,X+
 240:./tmk_core/common/action_util.c ****             ;
 1154               		.loc 1 240 41 discriminator 2 view .LVU256
 1155 002e 8823      		tst r24
 1156 0030 01F0      		breq .L80
 1157               	.L79:
 242:./tmk_core/common/action_util.c ****     }
 1158               		.loc 1 242 9 is_stmt 1 view .LVU257
 242:./tmk_core/common/action_util.c ****     }
 1159               		.loc 1 242 17 is_stmt 0 view .LVU258
 1160 0032 D0E0      		ldi r29,0
 242:./tmk_core/common/action_util.c ****     }
 1161               		.loc 1 242 23 view .LVU259
 1162 0034 EC0F      		add r30,r28
 1163 0036 FD1F      		adc r31,r29
 1164 0038 8181      		ldd r24,Z+1
 1165 003a 0E94 0000 		call biton
 1166               	.LVL54:
 242:./tmk_core/common/action_util.c ****     }
 1167               		.loc 1 242 17 view .LVU260
 1168 003e 93E0      		ldi r25,3
 1169               		1:
 1170 0040 CC0F      		lsl r28
 1171 0042 DD1F      		rol r29
 1172 0044 9A95      		dec r25
 1173 0046 01F4      		brne 1b
 1174               	.LVL55:
 242:./tmk_core/common/action_util.c ****     }
 1175               		.loc 1 242 21 view .LVU261
 1176 0048 8C2B      		or r24,r28
 1177               	.L76:
 1178               	/* epilogue start */
 242:./tmk_core/common/action_util.c ****     }
 1179               		.loc 1 242 21 view .LVU262
 1180               	.LBE43:
 257:./tmk_core/common/action_util.c **** 
 1181               		.loc 1 257 1 view .LVU263
 1182 004a DF91      		pop r29
 1183 004c CF91      		pop r28
 1184 004e 0895      		ret
 1185               		.cfi_endproc
 1186               	.LFE136:
 1188               		.section	.bss.oneshot_layer_data,"aw",@nobits
 1191               	oneshot_layer_data:
 1192 0000 00        		.zero	1
 1193               		.section	.bss.oneshot_locked_mods,"aw",@nobits
 1196               	oneshot_locked_mods:
 1197 0000 00        		.zero	1
 1198               		.section	.bss.oneshot_mods,"aw",@nobits
 1201               	oneshot_mods:
 1202 0000 00        		.zero	1
 1203               	.global	keyboard_report
 1204               		.section	.data.keyboard_report,"aw"
 1207               	keyboard_report:
 1208 0000 0000      		.word	__compound_literal.0
 1209               		.section	.bss.__compound_literal.0,"aw",@nobits
 1212               	__compound_literal.0:
 1213 0000 0000 0000 		.zero	32
 1213      0000 0000 
 1213      0000 0000 
 1213      0000 0000 
 1213      0000 0000 
 1214               		.section	.bss.macro_mods,"aw",@nobits
 1217               	macro_mods:
 1218 0000 00        		.zero	1
 1219               		.section	.bss.weak_mods,"aw",@nobits
 1222               	weak_mods:
 1223 0000 00        		.zero	1
 1224               		.section	.bss.real_mods,"aw",@nobits
 1227               	real_mods:
 1228 0000 00        		.zero	1
 1229               		.text
 1230               	.Letext0:
 1231               		.file 2 "/usr/avr/include/stdint.h"
 1232               		.file 3 "./tmk_core/common/report.h"
 1233               		.file 4 "./tmk_core/common/host.h"
 1234               		.file 5 "./tmk_core/common/action_util.h"
 1235               		.file 6 "./quantum/keycode_config.h"
 1236               		.file 7 "./tmk_core/common/util.h"
 1237               		.file 8 "./tmk_core/common/action_layer.h"
DEFINED SYMBOLS
                            *ABS*:0000000000000000 action_util.c
     /tmp/ccQhvpGW.s:2      *ABS*:000000000000003e __SP_H__
     /tmp/ccQhvpGW.s:3      *ABS*:000000000000003d __SP_L__
     /tmp/ccQhvpGW.s:4      *ABS*:000000000000003f __SREG__
     /tmp/ccQhvpGW.s:5      *ABS*:000000000000003b __RAMPZ__
     /tmp/ccQhvpGW.s:6      *ABS*:0000000000000000 __tmp_reg__
     /tmp/ccQhvpGW.s:7      *ABS*:0000000000000001 __zero_reg__
     /tmp/ccQhvpGW.s:14     .text.get_oneshot_locked_mods:0000000000000000 get_oneshot_locked_mods
     /tmp/ccQhvpGW.s:1196   .bss.oneshot_locked_mods:0000000000000000 oneshot_locked_mods
     /tmp/ccQhvpGW.s:34     .text.set_oneshot_locked_mods:0000000000000000 set_oneshot_locked_mods
     /tmp/ccQhvpGW.s:55     .text.clear_oneshot_locked_mods:0000000000000000 clear_oneshot_locked_mods
     /tmp/ccQhvpGW.s:75     .text.get_oneshot_layer:0000000000000000 get_oneshot_layer
     /tmp/ccQhvpGW.s:1191   .bss.oneshot_layer_data:0000000000000000 oneshot_layer_data
     /tmp/ccQhvpGW.s:98     .text.get_oneshot_layer_state:0000000000000000 get_oneshot_layer_state
     /tmp/ccQhvpGW.s:119    .text.set_oneshot_layer:0000000000000000 set_oneshot_layer
     /tmp/ccQhvpGW.s:149    .text.reset_oneshot_layer:0000000000000000 reset_oneshot_layer
     /tmp/ccQhvpGW.s:169    .text.clear_oneshot_layer_state:0000000000000000 clear_oneshot_layer_state
     /tmp/ccQhvpGW.s:237    .text.is_oneshot_layer_active:0000000000000000 is_oneshot_layer_active
     /tmp/ccQhvpGW.s:270    .text.add_key:0000000000000000 add_key
     /tmp/ccQhvpGW.s:1207   .data.keyboard_report:0000000000000000 keyboard_report
     /tmp/ccQhvpGW.s:401    .text.del_key:0000000000000000 del_key
     /tmp/ccQhvpGW.s:511    .text.clear_keys:0000000000000000 clear_keys
     /tmp/ccQhvpGW.s:559    .text.get_mods:0000000000000000 get_mods
     /tmp/ccQhvpGW.s:1227   .bss.real_mods:0000000000000000 real_mods
     /tmp/ccQhvpGW.s:578    .text.add_mods:0000000000000000 add_mods
     /tmp/ccQhvpGW.s:601    .text.del_mods:0000000000000000 del_mods
     /tmp/ccQhvpGW.s:628    .text.set_mods:0000000000000000 set_mods
     /tmp/ccQhvpGW.s:649    .text.clear_mods:0000000000000000 clear_mods
     /tmp/ccQhvpGW.s:669    .text.get_weak_mods:0000000000000000 get_weak_mods
     /tmp/ccQhvpGW.s:1222   .bss.weak_mods:0000000000000000 weak_mods
     /tmp/ccQhvpGW.s:688    .text.add_weak_mods:0000000000000000 add_weak_mods
     /tmp/ccQhvpGW.s:711    .text.del_weak_mods:0000000000000000 del_weak_mods
     /tmp/ccQhvpGW.s:738    .text.set_weak_mods:0000000000000000 set_weak_mods
     /tmp/ccQhvpGW.s:759    .text.clear_weak_mods:0000000000000000 clear_weak_mods
     /tmp/ccQhvpGW.s:779    .text.get_macro_mods:0000000000000000 get_macro_mods
     /tmp/ccQhvpGW.s:1217   .bss.macro_mods:0000000000000000 macro_mods
     /tmp/ccQhvpGW.s:798    .text.add_macro_mods:0000000000000000 add_macro_mods
     /tmp/ccQhvpGW.s:821    .text.del_macro_mods:0000000000000000 del_macro_mods
     /tmp/ccQhvpGW.s:848    .text.set_macro_mods:0000000000000000 set_macro_mods
     /tmp/ccQhvpGW.s:869    .text.clear_macro_mods:0000000000000000 clear_macro_mods
     /tmp/ccQhvpGW.s:889    .text.set_oneshot_mods:0000000000000000 set_oneshot_mods
     /tmp/ccQhvpGW.s:1201   .bss.oneshot_mods:0000000000000000 oneshot_mods
     /tmp/ccQhvpGW.s:910    .text.clear_oneshot_mods:0000000000000000 clear_oneshot_mods
     /tmp/ccQhvpGW.s:930    .text.get_oneshot_mods:0000000000000000 get_oneshot_mods
     /tmp/ccQhvpGW.s:949    .text.has_anykey:0000000000000000 has_anykey
     /tmp/ccQhvpGW.s:1005   .text.send_keyboard_report:0000000000000000 send_keyboard_report
     /tmp/ccQhvpGW.s:1077   .text.has_anymod:0000000000000000 has_anymod
     /tmp/ccQhvpGW.s:1096   .text.get_first_key:0000000000000000 get_first_key
     /tmp/ccQhvpGW.s:1212   .bss.__compound_literal.0:0000000000000000 __compound_literal.0

UNDEFINED SYMBOLS
layer_on
layer_off
keyboard_protocol
keymap_config
host_keyboard_send
bitpop
biton
__do_copy_data
__do_clear_bss
