   1               		.file	"keymap.c"
   2               	__SP_H__ = 0x3e
   3               	__SP_L__ = 0x3d
   4               	__SREG__ = 0x3f
   5               	__RAMPZ__ = 0x3b
   6               	__tmp_reg__ = 0
   7               	__zero_reg__ = 1
   8               		.text
   9               	.Ltext0:
  10               		.cfi_sections	.debug_frame
  11               		.section	.text.matrix_init_user,"ax",@progbits
  12               	.global	matrix_init_user
  14               	matrix_init_user:
  15               	.LFB117:
  16               		.file 1 "keyboards/NECOvalCreamPC98/keymaps/default/keymap.c"
   1:keyboards/NECOvalCreamPC98/keymaps/default/keymap.c **** #include "kb.h"
   2:keyboards/NECOvalCreamPC98/keymaps/default/keymap.c **** 
   3:keyboards/NECOvalCreamPC98/keymaps/default/keymap.c **** const uint16_t PROGMEM keymaps[][MATRIX_ROWS][MATRIX_COLS] = {
   4:keyboards/NECOvalCreamPC98/keymaps/default/keymap.c **** 
   5:keyboards/NECOvalCreamPC98/keymaps/default/keymap.c **** 	KEYMAP(
   6:keyboards/NECOvalCreamPC98/keymaps/default/keymap.c **** 		KC_GRV, KC_8, KC_Q, KC_O, KC_F, KC_BSLS, KC_COMM, KC_LEFT, KC_P6, KC_INS, KC_PAST, MO(1), KC_F1, 
   7:keyboards/NECOvalCreamPC98/keymaps/default/keymap.c **** 		KC_1, KC_9, KC_W, KC_P, KC_G, KC_Z, KC_DOT, KC_RGHT, KC_P1, LCA(KC_UP), KC_PPLS, KC_F2, KC_F10, 
   8:keyboards/NECOvalCreamPC98/keymaps/default/keymap.c **** 		KC_2, KC_0, KC_E, KC_LBRC, KC_H, KC_X, KC_SLSH, KC_DOWN, KC_P2, LCA(KC_DOWN), KC_PEQL, KC_F3, KC_
   9:keyboards/NECOvalCreamPC98/keymaps/default/keymap.c **** 		KC_3, KC_MINS, KC_R, KC_RBRC, KC_J, KC_C, KC_NUBS, KC_P7, KC_P3, KC_PCMM, KC_LCTL, KC_F4, KC_F12,
  10:keyboards/NECOvalCreamPC98/keymaps/default/keymap.c **** 		KC_4, KC_EQL, KC_T, KC_ENT, KC_K, KC_V, KC_LALT, KC_P8, KC_P0, MO(1), KC_LCTL, KC_F5, KC_MUTE, 
  11:keyboards/NECOvalCreamPC98/keymaps/default/keymap.c **** 		KC_5, KC_BSLS, KC_Y, KC_A, KC_L, KC_B, KC_SPC, KC_P9, KC_PDOT, KC_PAUS, KC_LSFT, KC_F6, KC_VOLD, 
  12:keyboards/NECOvalCreamPC98/keymaps/default/keymap.c **** 		KC_6, KC_BSPC, KC_U, KC_S, KC_SCLN, KC_N, KC_RALT, KC_P4, KC_ESC, KC_PMNS, KC_LGUI, KC_F7, KC_VOL
  13:keyboards/NECOvalCreamPC98/keymaps/default/keymap.c **** 		KC_7, KC_TAB, KC_I, KC_D, KC_QUOT, KC_M, KC_UP, KC_P5, KC_PSLS, KC_F8, KC_DEL, KC_PSCR),
  14:keyboards/NECOvalCreamPC98/keymaps/default/keymap.c **** 
  15:keyboards/NECOvalCreamPC98/keymaps/default/keymap.c **** 	KEYMAP(
  16:keyboards/NECOvalCreamPC98/keymaps/default/keymap.c **** 		KC_TRNS, KC_TRNS, KC_TRNS, KC_TRNS, KC_TRNS, KC_WH_R, KC_TRNS, KC_MS_L, KC_TRNS, KC_PGUP, KC_TRNS
  17:keyboards/NECOvalCreamPC98/keymaps/default/keymap.c **** 		KC_TRNS, KC_TRNS, KC_TRNS, KC_ACL0, KC_TRNS, KC_TRNS, KC_BTN3, KC_MS_R, KC_TRNS, KC_END, KC_TRNS,
  18:keyboards/NECOvalCreamPC98/keymaps/default/keymap.c **** 		KC_TRNS, KC_TRNS, KC_TRNS, KC_WH_U, KC_TRNS, KC_TRNS, KC_BTN4, KC_MS_D, KC_TRNS, KC_PGDN, KC_TRNS
  19:keyboards/NECOvalCreamPC98/keymaps/default/keymap.c **** 		KC_TRNS, KC_TRNS, KC_TRNS, KC_ACL1, KC_TRNS, KC_TRNS, KC_BTN5, KC_TRNS, KC_TRNS, KC_TRNS, KC_TRNS
  20:keyboards/NECOvalCreamPC98/keymaps/default/keymap.c **** 		KC_TRNS, KC_TRNS, KC_TRNS, KC_BTN1, KC_TRNS, KC_TRNS, KC_TRNS, KC_TRNS, KC_TRNS, KC_TRNS, KC_TRNS
  21:keyboards/NECOvalCreamPC98/keymaps/default/keymap.c **** 		KC_TRNS, KC_TRNS, KC_TRNS, KC_TRNS, KC_TRNS, KC_TRNS, KC_TRNS, KC_TRNS, KC_TRNS, KC_TRNS, KC_TRNS
  22:keyboards/NECOvalCreamPC98/keymaps/default/keymap.c **** 		KC_TRNS, KC_TRNS, KC_TRNS, KC_TRNS, KC_WH_L, KC_TRNS, KC_TRNS, KC_TRNS, LALT(KC_F4), KC_TRNS, KC_
  23:keyboards/NECOvalCreamPC98/keymaps/default/keymap.c **** 		KC_TRNS, KC_TRNS, KC_TRNS, KC_TRNS, KC_WH_D, KC_TRNS, KC_MS_U, KC_TRNS, KC_TRNS, KC_F20, KC_HOME,
  24:keyboards/NECOvalCreamPC98/keymaps/default/keymap.c **** 
  25:keyboards/NECOvalCreamPC98/keymaps/default/keymap.c **** 	KEYMAP(
  26:keyboards/NECOvalCreamPC98/keymaps/default/keymap.c **** 		KC_TRNS, KC_TRNS, KC_TRNS, KC_TRNS, KC_TRNS, KC_TRNS, KC_TRNS, KC_TRNS, KC_TRNS, KC_TRNS, KC_TRNS
  27:keyboards/NECOvalCreamPC98/keymaps/default/keymap.c **** 		KC_TRNS, KC_TRNS, KC_TRNS, KC_TRNS, KC_TRNS, KC_TRNS, KC_TRNS, KC_TRNS, KC_TRNS, KC_TRNS, KC_TRNS
  28:keyboards/NECOvalCreamPC98/keymaps/default/keymap.c **** 		KC_TRNS, KC_TRNS, KC_TRNS, KC_TRNS, KC_TRNS, KC_TRNS, KC_TRNS, KC_TRNS, KC_TRNS, KC_TRNS, KC_TRNS
  29:keyboards/NECOvalCreamPC98/keymaps/default/keymap.c **** 		KC_TRNS, KC_TRNS, KC_TRNS, KC_TRNS, KC_TRNS, KC_TRNS, KC_TRNS, KC_TRNS, KC_TRNS, KC_TRNS, KC_TRNS
  30:keyboards/NECOvalCreamPC98/keymaps/default/keymap.c **** 		KC_TRNS, KC_TRNS, KC_TRNS, KC_TRNS, KC_TRNS, KC_TRNS, KC_TRNS, KC_TRNS, KC_TRNS, KC_TRNS, KC_TRNS
  31:keyboards/NECOvalCreamPC98/keymaps/default/keymap.c **** 		KC_TRNS, KC_TRNS, KC_TRNS, KC_TRNS, KC_TRNS, KC_TRNS, KC_TRNS, KC_TRNS, KC_TRNS, KC_TRNS, KC_TRNS
  32:keyboards/NECOvalCreamPC98/keymaps/default/keymap.c **** 		KC_TRNS, KC_TRNS, KC_TRNS, KC_TRNS, KC_TRNS, KC_TRNS, KC_TRNS, KC_TRNS, KC_TRNS, KC_TRNS, KC_TRNS
  33:keyboards/NECOvalCreamPC98/keymaps/default/keymap.c **** 		KC_TRNS, KC_TRNS, KC_TRNS, KC_TRNS, KC_TRNS, KC_TRNS, KC_TRNS, KC_TRNS, KC_TRNS, KC_TRNS, KC_TRNS
  34:keyboards/NECOvalCreamPC98/keymaps/default/keymap.c **** 
  35:keyboards/NECOvalCreamPC98/keymaps/default/keymap.c **** 	KEYMAP(
  36:keyboards/NECOvalCreamPC98/keymaps/default/keymap.c **** 		KC_TRNS, KC_TRNS, KC_TRNS, KC_TRNS, KC_TRNS, KC_TRNS, KC_TRNS, KC_TRNS, KC_TRNS, KC_TRNS, KC_TRNS
  37:keyboards/NECOvalCreamPC98/keymaps/default/keymap.c **** 		KC_TRNS, KC_TRNS, KC_TRNS, KC_TRNS, KC_TRNS, KC_TRNS, KC_TRNS, KC_TRNS, KC_TRNS, KC_TRNS, KC_TRNS
  38:keyboards/NECOvalCreamPC98/keymaps/default/keymap.c **** 		KC_TRNS, KC_TRNS, KC_TRNS, KC_TRNS, KC_TRNS, KC_TRNS, KC_TRNS, KC_TRNS, KC_TRNS, KC_TRNS, KC_TRNS
  39:keyboards/NECOvalCreamPC98/keymaps/default/keymap.c **** 		KC_TRNS, KC_TRNS, KC_TRNS, KC_TRNS, KC_TRNS, KC_TRNS, KC_TRNS, KC_TRNS, KC_TRNS, KC_TRNS, KC_TRNS
  40:keyboards/NECOvalCreamPC98/keymaps/default/keymap.c **** 		KC_TRNS, KC_TRNS, KC_TRNS, KC_TRNS, KC_TRNS, KC_TRNS, KC_TRNS, KC_TRNS, KC_TRNS, KC_TRNS, KC_TRNS
  41:keyboards/NECOvalCreamPC98/keymaps/default/keymap.c **** 		KC_TRNS, KC_TRNS, KC_TRNS, KC_TRNS, KC_TRNS, KC_TRNS, KC_TRNS, KC_TRNS, KC_TRNS, KC_TRNS, KC_TRNS
  42:keyboards/NECOvalCreamPC98/keymaps/default/keymap.c **** 		KC_TRNS, KC_TRNS, KC_TRNS, KC_TRNS, KC_TRNS, KC_TRNS, KC_TRNS, KC_TRNS, KC_TRNS, KC_TRNS, KC_TRNS
  43:keyboards/NECOvalCreamPC98/keymaps/default/keymap.c **** 		KC_TRNS, KC_TRNS, KC_TRNS, KC_TRNS, KC_TRNS, KC_TRNS, KC_TRNS, KC_TRNS, KC_TRNS, KC_TRNS, KC_TRNS
  44:keyboards/NECOvalCreamPC98/keymaps/default/keymap.c **** 
  45:keyboards/NECOvalCreamPC98/keymaps/default/keymap.c **** 	KEYMAP(
  46:keyboards/NECOvalCreamPC98/keymaps/default/keymap.c **** 		KC_TRNS, KC_TRNS, KC_TRNS, KC_TRNS, KC_TRNS, KC_TRNS, KC_TRNS, KC_TRNS, KC_TRNS, KC_TRNS, KC_TRNS
  47:keyboards/NECOvalCreamPC98/keymaps/default/keymap.c **** 		KC_TRNS, KC_TRNS, KC_TRNS, KC_TRNS, KC_TRNS, KC_TRNS, KC_TRNS, KC_TRNS, KC_TRNS, KC_TRNS, KC_TRNS
  48:keyboards/NECOvalCreamPC98/keymaps/default/keymap.c **** 		KC_TRNS, KC_TRNS, KC_TRNS, KC_TRNS, KC_TRNS, KC_TRNS, KC_TRNS, KC_TRNS, KC_TRNS, KC_TRNS, KC_TRNS
  49:keyboards/NECOvalCreamPC98/keymaps/default/keymap.c **** 		KC_TRNS, KC_TRNS, KC_TRNS, KC_TRNS, KC_TRNS, KC_TRNS, KC_TRNS, KC_TRNS, KC_TRNS, KC_TRNS, KC_TRNS
  50:keyboards/NECOvalCreamPC98/keymaps/default/keymap.c **** 		KC_TRNS, KC_TRNS, KC_TRNS, KC_TRNS, KC_TRNS, KC_TRNS, KC_TRNS, KC_TRNS, KC_TRNS, KC_TRNS, KC_TRNS
  51:keyboards/NECOvalCreamPC98/keymaps/default/keymap.c **** 		KC_TRNS, KC_TRNS, KC_TRNS, KC_TRNS, KC_TRNS, KC_TRNS, KC_TRNS, KC_TRNS, KC_TRNS, KC_TRNS, KC_TRNS
  52:keyboards/NECOvalCreamPC98/keymaps/default/keymap.c **** 		KC_TRNS, KC_TRNS, KC_TRNS, KC_TRNS, KC_TRNS, KC_TRNS, KC_TRNS, KC_TRNS, KC_TRNS, KC_TRNS, KC_TRNS
  53:keyboards/NECOvalCreamPC98/keymaps/default/keymap.c **** 		KC_TRNS, KC_TRNS, KC_TRNS, KC_TRNS, KC_TRNS, KC_TRNS, KC_TRNS, KC_TRNS, KC_TRNS, KC_TRNS, KC_TRNS
  54:keyboards/NECOvalCreamPC98/keymaps/default/keymap.c **** 
  55:keyboards/NECOvalCreamPC98/keymaps/default/keymap.c **** 	KEYMAP(
  56:keyboards/NECOvalCreamPC98/keymaps/default/keymap.c **** 		KC_TRNS, KC_TRNS, KC_TRNS, KC_TRNS, KC_TRNS, KC_TRNS, KC_TRNS, KC_TRNS, KC_TRNS, KC_TRNS, KC_TRNS
  57:keyboards/NECOvalCreamPC98/keymaps/default/keymap.c **** 		KC_TRNS, KC_TRNS, KC_TRNS, KC_TRNS, KC_TRNS, KC_TRNS, KC_TRNS, KC_TRNS, KC_TRNS, KC_TRNS, KC_TRNS
  58:keyboards/NECOvalCreamPC98/keymaps/default/keymap.c **** 		KC_TRNS, KC_TRNS, KC_TRNS, KC_TRNS, KC_TRNS, KC_TRNS, KC_TRNS, KC_TRNS, KC_TRNS, KC_TRNS, KC_TRNS
  59:keyboards/NECOvalCreamPC98/keymaps/default/keymap.c **** 		KC_TRNS, KC_TRNS, KC_TRNS, KC_TRNS, KC_TRNS, KC_TRNS, KC_TRNS, KC_TRNS, KC_TRNS, KC_TRNS, KC_TRNS
  60:keyboards/NECOvalCreamPC98/keymaps/default/keymap.c **** 		KC_TRNS, KC_TRNS, KC_TRNS, KC_TRNS, KC_TRNS, KC_TRNS, KC_TRNS, KC_TRNS, KC_TRNS, KC_TRNS, KC_TRNS
  61:keyboards/NECOvalCreamPC98/keymaps/default/keymap.c **** 		KC_TRNS, KC_TRNS, KC_TRNS, KC_TRNS, KC_TRNS, KC_TRNS, KC_TRNS, KC_TRNS, KC_TRNS, KC_TRNS, KC_TRNS
  62:keyboards/NECOvalCreamPC98/keymaps/default/keymap.c **** 		KC_TRNS, KC_TRNS, KC_TRNS, KC_TRNS, KC_TRNS, KC_TRNS, KC_TRNS, KC_TRNS, KC_TRNS, KC_TRNS, KC_TRNS
  63:keyboards/NECOvalCreamPC98/keymaps/default/keymap.c **** 		KC_TRNS, KC_TRNS, KC_TRNS, KC_TRNS, KC_TRNS, KC_TRNS, KC_TRNS, KC_TRNS, KC_TRNS, KC_TRNS, KC_TRNS
  64:keyboards/NECOvalCreamPC98/keymaps/default/keymap.c **** 
  65:keyboards/NECOvalCreamPC98/keymaps/default/keymap.c **** 	KEYMAP(
  66:keyboards/NECOvalCreamPC98/keymaps/default/keymap.c **** 		KC_TRNS, KC_TRNS, KC_TRNS, KC_TRNS, KC_TRNS, KC_TRNS, KC_TRNS, KC_TRNS, KC_TRNS, KC_TRNS, KC_TRNS
  67:keyboards/NECOvalCreamPC98/keymaps/default/keymap.c **** 		KC_TRNS, KC_TRNS, KC_TRNS, KC_TRNS, KC_TRNS, KC_TRNS, KC_TRNS, KC_TRNS, KC_TRNS, KC_TRNS, KC_TRNS
  68:keyboards/NECOvalCreamPC98/keymaps/default/keymap.c **** 		KC_TRNS, KC_TRNS, KC_TRNS, KC_TRNS, KC_TRNS, KC_TRNS, KC_TRNS, KC_TRNS, KC_TRNS, KC_TRNS, KC_TRNS
  69:keyboards/NECOvalCreamPC98/keymaps/default/keymap.c **** 		KC_TRNS, KC_TRNS, KC_TRNS, KC_TRNS, KC_TRNS, KC_TRNS, KC_TRNS, KC_TRNS, KC_TRNS, KC_TRNS, KC_TRNS
  70:keyboards/NECOvalCreamPC98/keymaps/default/keymap.c **** 		KC_TRNS, KC_TRNS, KC_TRNS, KC_TRNS, KC_TRNS, KC_TRNS, KC_TRNS, KC_TRNS, KC_TRNS, KC_TRNS, KC_TRNS
  71:keyboards/NECOvalCreamPC98/keymaps/default/keymap.c **** 		KC_TRNS, KC_TRNS, KC_TRNS, KC_TRNS, KC_TRNS, KC_TRNS, KC_TRNS, KC_TRNS, KC_TRNS, KC_TRNS, KC_TRNS
  72:keyboards/NECOvalCreamPC98/keymaps/default/keymap.c **** 		KC_TRNS, KC_TRNS, KC_TRNS, KC_TRNS, KC_TRNS, KC_TRNS, KC_TRNS, KC_TRNS, KC_TRNS, KC_TRNS, KC_TRNS
  73:keyboards/NECOvalCreamPC98/keymaps/default/keymap.c **** 		KC_TRNS, KC_TRNS, KC_TRNS, KC_TRNS, KC_TRNS, KC_TRNS, KC_TRNS, KC_TRNS, KC_TRNS, KC_TRNS, KC_TRNS
  74:keyboards/NECOvalCreamPC98/keymaps/default/keymap.c **** 
  75:keyboards/NECOvalCreamPC98/keymaps/default/keymap.c **** 	KEYMAP(
  76:keyboards/NECOvalCreamPC98/keymaps/default/keymap.c **** 		KC_TRNS, KC_TRNS, KC_TRNS, KC_TRNS, KC_TRNS, KC_TRNS, KC_TRNS, KC_TRNS, KC_TRNS, KC_TRNS, KC_TRNS
  77:keyboards/NECOvalCreamPC98/keymaps/default/keymap.c **** 		KC_TRNS, KC_TRNS, KC_TRNS, KC_TRNS, KC_TRNS, KC_TRNS, KC_TRNS, KC_TRNS, KC_TRNS, KC_TRNS, KC_TRNS
  78:keyboards/NECOvalCreamPC98/keymaps/default/keymap.c **** 		KC_TRNS, KC_TRNS, KC_TRNS, KC_TRNS, KC_TRNS, KC_TRNS, KC_TRNS, KC_TRNS, KC_TRNS, KC_TRNS, KC_TRNS
  79:keyboards/NECOvalCreamPC98/keymaps/default/keymap.c **** 		KC_TRNS, KC_TRNS, KC_TRNS, KC_TRNS, KC_TRNS, KC_TRNS, KC_TRNS, KC_TRNS, KC_TRNS, KC_TRNS, KC_TRNS
  80:keyboards/NECOvalCreamPC98/keymaps/default/keymap.c **** 		KC_TRNS, KC_TRNS, KC_TRNS, KC_TRNS, KC_TRNS, KC_TRNS, KC_TRNS, KC_TRNS, KC_TRNS, KC_TRNS, KC_TRNS
  81:keyboards/NECOvalCreamPC98/keymaps/default/keymap.c **** 		KC_TRNS, KC_TRNS, KC_TRNS, KC_TRNS, KC_TRNS, KC_TRNS, KC_TRNS, KC_TRNS, KC_TRNS, KC_TRNS, KC_TRNS
  82:keyboards/NECOvalCreamPC98/keymaps/default/keymap.c **** 		KC_TRNS, KC_TRNS, KC_TRNS, KC_TRNS, KC_TRNS, KC_TRNS, KC_TRNS, KC_TRNS, KC_TRNS, KC_TRNS, KC_TRNS
  83:keyboards/NECOvalCreamPC98/keymaps/default/keymap.c **** 		KC_TRNS, KC_TRNS, KC_TRNS, KC_TRNS, KC_TRNS, KC_TRNS, KC_TRNS, KC_TRNS, KC_TRNS, KC_TRNS, KC_TRNS
  84:keyboards/NECOvalCreamPC98/keymaps/default/keymap.c **** 
  85:keyboards/NECOvalCreamPC98/keymaps/default/keymap.c **** 	KEYMAP(
  86:keyboards/NECOvalCreamPC98/keymaps/default/keymap.c **** 		KC_TRNS, KC_TRNS, KC_TRNS, KC_TRNS, KC_TRNS, KC_TRNS, KC_TRNS, KC_TRNS, KC_TRNS, KC_TRNS, KC_TRNS
  87:keyboards/NECOvalCreamPC98/keymaps/default/keymap.c **** 		KC_TRNS, KC_TRNS, KC_TRNS, KC_TRNS, KC_TRNS, KC_TRNS, KC_TRNS, KC_TRNS, KC_TRNS, KC_TRNS, KC_TRNS
  88:keyboards/NECOvalCreamPC98/keymaps/default/keymap.c **** 		KC_TRNS, KC_TRNS, KC_TRNS, KC_TRNS, KC_TRNS, KC_TRNS, KC_TRNS, KC_TRNS, KC_TRNS, KC_TRNS, KC_TRNS
  89:keyboards/NECOvalCreamPC98/keymaps/default/keymap.c **** 		KC_TRNS, KC_TRNS, KC_TRNS, KC_TRNS, KC_TRNS, KC_TRNS, KC_TRNS, KC_TRNS, KC_TRNS, KC_TRNS, KC_TRNS
  90:keyboards/NECOvalCreamPC98/keymaps/default/keymap.c **** 		KC_TRNS, KC_TRNS, KC_TRNS, KC_TRNS, KC_TRNS, KC_TRNS, KC_TRNS, KC_TRNS, KC_TRNS, KC_TRNS, KC_TRNS
  91:keyboards/NECOvalCreamPC98/keymaps/default/keymap.c **** 		KC_TRNS, KC_TRNS, KC_TRNS, KC_TRNS, KC_TRNS, KC_TRNS, KC_TRNS, KC_TRNS, KC_TRNS, KC_TRNS, KC_TRNS
  92:keyboards/NECOvalCreamPC98/keymaps/default/keymap.c **** 		KC_TRNS, KC_TRNS, KC_TRNS, KC_TRNS, KC_TRNS, KC_TRNS, KC_TRNS, KC_TRNS, KC_TRNS, KC_TRNS, KC_TRNS
  93:keyboards/NECOvalCreamPC98/keymaps/default/keymap.c **** 		KC_TRNS, KC_TRNS, KC_TRNS, KC_TRNS, KC_TRNS, KC_TRNS, KC_TRNS, KC_TRNS, KC_TRNS, KC_TRNS, KC_TRNS
  94:keyboards/NECOvalCreamPC98/keymaps/default/keymap.c **** 
  95:keyboards/NECOvalCreamPC98/keymaps/default/keymap.c **** 	KEYMAP(
  96:keyboards/NECOvalCreamPC98/keymaps/default/keymap.c **** 		KC_TRNS, KC_TRNS, KC_TRNS, KC_TRNS, KC_TRNS, KC_TRNS, KC_TRNS, KC_TRNS, KC_TRNS, KC_TRNS, KC_TRNS
  97:keyboards/NECOvalCreamPC98/keymaps/default/keymap.c **** 		KC_TRNS, KC_TRNS, KC_TRNS, KC_TRNS, KC_TRNS, KC_TRNS, KC_TRNS, KC_TRNS, KC_TRNS, KC_TRNS, KC_TRNS
  98:keyboards/NECOvalCreamPC98/keymaps/default/keymap.c **** 		KC_TRNS, KC_TRNS, KC_TRNS, KC_TRNS, KC_TRNS, KC_TRNS, KC_TRNS, KC_TRNS, KC_TRNS, KC_TRNS, KC_TRNS
  99:keyboards/NECOvalCreamPC98/keymaps/default/keymap.c **** 		KC_TRNS, KC_TRNS, KC_TRNS, KC_TRNS, KC_TRNS, KC_TRNS, KC_TRNS, KC_TRNS, KC_TRNS, KC_TRNS, KC_TRNS
 100:keyboards/NECOvalCreamPC98/keymaps/default/keymap.c **** 		KC_TRNS, KC_TRNS, KC_TRNS, KC_TRNS, KC_TRNS, KC_TRNS, KC_TRNS, KC_TRNS, KC_TRNS, KC_TRNS, KC_TRNS
 101:keyboards/NECOvalCreamPC98/keymaps/default/keymap.c **** 		KC_TRNS, KC_TRNS, KC_TRNS, KC_TRNS, KC_TRNS, KC_TRNS, KC_TRNS, KC_TRNS, KC_TRNS, KC_TRNS, KC_TRNS
 102:keyboards/NECOvalCreamPC98/keymaps/default/keymap.c **** 		KC_TRNS, KC_TRNS, KC_TRNS, KC_TRNS, KC_TRNS, KC_TRNS, KC_TRNS, KC_TRNS, KC_TRNS, KC_TRNS, KC_TRNS
 103:keyboards/NECOvalCreamPC98/keymaps/default/keymap.c **** 		KC_TRNS, KC_TRNS, KC_TRNS, KC_TRNS, KC_TRNS, KC_TRNS, KC_TRNS, KC_TRNS, KC_TRNS, KC_TRNS, KC_TRNS
 104:keyboards/NECOvalCreamPC98/keymaps/default/keymap.c **** 
 105:keyboards/NECOvalCreamPC98/keymaps/default/keymap.c **** 	KEYMAP(
 106:keyboards/NECOvalCreamPC98/keymaps/default/keymap.c **** 		KC_TRNS, KC_TRNS, KC_TRNS, KC_TRNS, KC_TRNS, KC_TRNS, KC_TRNS, KC_TRNS, KC_TRNS, KC_TRNS, KC_TRNS
 107:keyboards/NECOvalCreamPC98/keymaps/default/keymap.c **** 		KC_TRNS, KC_TRNS, KC_TRNS, KC_TRNS, KC_TRNS, KC_TRNS, KC_TRNS, KC_TRNS, KC_TRNS, KC_TRNS, KC_TRNS
 108:keyboards/NECOvalCreamPC98/keymaps/default/keymap.c **** 		KC_TRNS, KC_TRNS, KC_TRNS, KC_TRNS, KC_TRNS, KC_TRNS, KC_TRNS, KC_TRNS, KC_TRNS, KC_TRNS, KC_TRNS
 109:keyboards/NECOvalCreamPC98/keymaps/default/keymap.c **** 		KC_TRNS, KC_TRNS, KC_TRNS, KC_TRNS, KC_TRNS, KC_TRNS, KC_TRNS, KC_TRNS, KC_TRNS, KC_TRNS, KC_TRNS
 110:keyboards/NECOvalCreamPC98/keymaps/default/keymap.c **** 		KC_TRNS, KC_TRNS, KC_TRNS, KC_TRNS, KC_TRNS, KC_TRNS, KC_TRNS, KC_TRNS, KC_TRNS, KC_TRNS, KC_TRNS
 111:keyboards/NECOvalCreamPC98/keymaps/default/keymap.c **** 		KC_TRNS, KC_TRNS, KC_TRNS, KC_TRNS, KC_TRNS, KC_TRNS, KC_TRNS, KC_TRNS, KC_TRNS, KC_TRNS, KC_TRNS
 112:keyboards/NECOvalCreamPC98/keymaps/default/keymap.c **** 		KC_TRNS, KC_TRNS, KC_TRNS, KC_TRNS, KC_TRNS, KC_TRNS, KC_TRNS, KC_TRNS, KC_TRNS, KC_TRNS, KC_TRNS
 113:keyboards/NECOvalCreamPC98/keymaps/default/keymap.c **** 		KC_TRNS, KC_TRNS, KC_TRNS, KC_TRNS, KC_TRNS, KC_TRNS, KC_TRNS, KC_TRNS, KC_TRNS, KC_TRNS, KC_TRNS
 114:keyboards/NECOvalCreamPC98/keymaps/default/keymap.c **** 
 115:keyboards/NECOvalCreamPC98/keymaps/default/keymap.c **** 	KEYMAP(
 116:keyboards/NECOvalCreamPC98/keymaps/default/keymap.c **** 		KC_TRNS, KC_TRNS, KC_TRNS, KC_TRNS, KC_TRNS, KC_TRNS, KC_TRNS, KC_TRNS, KC_TRNS, KC_TRNS, KC_TRNS
 117:keyboards/NECOvalCreamPC98/keymaps/default/keymap.c **** 		KC_TRNS, KC_TRNS, KC_TRNS, KC_TRNS, KC_TRNS, KC_TRNS, KC_TRNS, KC_TRNS, KC_TRNS, KC_TRNS, KC_TRNS
 118:keyboards/NECOvalCreamPC98/keymaps/default/keymap.c **** 		KC_TRNS, KC_TRNS, KC_TRNS, KC_TRNS, KC_TRNS, KC_TRNS, KC_TRNS, KC_TRNS, KC_TRNS, KC_TRNS, KC_TRNS
 119:keyboards/NECOvalCreamPC98/keymaps/default/keymap.c **** 		KC_TRNS, KC_TRNS, KC_TRNS, KC_TRNS, KC_TRNS, KC_TRNS, KC_TRNS, KC_TRNS, KC_TRNS, KC_TRNS, KC_TRNS
 120:keyboards/NECOvalCreamPC98/keymaps/default/keymap.c **** 		KC_TRNS, KC_TRNS, KC_TRNS, KC_TRNS, KC_TRNS, KC_TRNS, KC_TRNS, KC_TRNS, KC_TRNS, KC_TRNS, KC_TRNS
 121:keyboards/NECOvalCreamPC98/keymaps/default/keymap.c **** 		KC_TRNS, KC_TRNS, KC_TRNS, KC_TRNS, KC_TRNS, KC_TRNS, KC_TRNS, KC_TRNS, KC_TRNS, KC_TRNS, KC_TRNS
 122:keyboards/NECOvalCreamPC98/keymaps/default/keymap.c **** 		KC_TRNS, KC_TRNS, KC_TRNS, KC_TRNS, KC_TRNS, KC_TRNS, KC_TRNS, KC_TRNS, KC_TRNS, KC_TRNS, KC_TRNS
 123:keyboards/NECOvalCreamPC98/keymaps/default/keymap.c **** 		KC_TRNS, KC_TRNS, KC_TRNS, KC_TRNS, KC_TRNS, KC_TRNS, KC_TRNS, KC_TRNS, KC_TRNS, KC_TRNS, KC_TRNS
 124:keyboards/NECOvalCreamPC98/keymaps/default/keymap.c **** 
 125:keyboards/NECOvalCreamPC98/keymaps/default/keymap.c **** 	KEYMAP(
 126:keyboards/NECOvalCreamPC98/keymaps/default/keymap.c **** 		KC_TRNS, KC_TRNS, KC_TRNS, KC_TRNS, KC_TRNS, KC_TRNS, KC_TRNS, KC_TRNS, KC_TRNS, KC_TRNS, KC_TRNS
 127:keyboards/NECOvalCreamPC98/keymaps/default/keymap.c **** 		KC_TRNS, KC_TRNS, KC_TRNS, KC_TRNS, KC_TRNS, KC_TRNS, KC_TRNS, KC_TRNS, KC_TRNS, KC_TRNS, KC_TRNS
 128:keyboards/NECOvalCreamPC98/keymaps/default/keymap.c **** 		KC_TRNS, KC_TRNS, KC_TRNS, KC_TRNS, KC_TRNS, KC_TRNS, KC_TRNS, KC_TRNS, KC_TRNS, KC_TRNS, KC_TRNS
 129:keyboards/NECOvalCreamPC98/keymaps/default/keymap.c **** 		KC_TRNS, KC_TRNS, KC_TRNS, KC_TRNS, KC_TRNS, KC_TRNS, KC_TRNS, KC_TRNS, KC_TRNS, KC_TRNS, KC_TRNS
 130:keyboards/NECOvalCreamPC98/keymaps/default/keymap.c **** 		KC_TRNS, KC_TRNS, KC_TRNS, KC_TRNS, KC_TRNS, KC_TRNS, KC_TRNS, KC_TRNS, KC_TRNS, KC_TRNS, KC_TRNS
 131:keyboards/NECOvalCreamPC98/keymaps/default/keymap.c **** 		KC_TRNS, KC_TRNS, KC_TRNS, KC_TRNS, KC_TRNS, KC_TRNS, KC_TRNS, KC_TRNS, KC_TRNS, KC_TRNS, KC_TRNS
 132:keyboards/NECOvalCreamPC98/keymaps/default/keymap.c **** 		KC_TRNS, KC_TRNS, KC_TRNS, KC_TRNS, KC_TRNS, KC_TRNS, KC_TRNS, KC_TRNS, KC_TRNS, KC_TRNS, KC_TRNS
 133:keyboards/NECOvalCreamPC98/keymaps/default/keymap.c **** 		KC_TRNS, KC_TRNS, KC_TRNS, KC_TRNS, KC_TRNS, KC_TRNS, KC_TRNS, KC_TRNS, KC_TRNS, KC_TRNS, KC_TRNS
 134:keyboards/NECOvalCreamPC98/keymaps/default/keymap.c **** 
 135:keyboards/NECOvalCreamPC98/keymaps/default/keymap.c **** 	KEYMAP(
 136:keyboards/NECOvalCreamPC98/keymaps/default/keymap.c **** 		KC_TRNS, KC_TRNS, KC_TRNS, KC_TRNS, KC_TRNS, KC_TRNS, KC_TRNS, KC_TRNS, KC_TRNS, KC_TRNS, KC_TRNS
 137:keyboards/NECOvalCreamPC98/keymaps/default/keymap.c **** 		KC_TRNS, KC_TRNS, KC_TRNS, KC_TRNS, KC_TRNS, KC_TRNS, KC_TRNS, KC_TRNS, KC_TRNS, KC_TRNS, KC_TRNS
 138:keyboards/NECOvalCreamPC98/keymaps/default/keymap.c **** 		KC_TRNS, KC_TRNS, KC_TRNS, KC_TRNS, KC_TRNS, KC_TRNS, KC_TRNS, KC_TRNS, KC_TRNS, KC_TRNS, KC_TRNS
 139:keyboards/NECOvalCreamPC98/keymaps/default/keymap.c **** 		KC_TRNS, KC_TRNS, KC_TRNS, KC_TRNS, KC_TRNS, KC_TRNS, KC_TRNS, KC_TRNS, KC_TRNS, KC_TRNS, KC_TRNS
 140:keyboards/NECOvalCreamPC98/keymaps/default/keymap.c **** 		KC_TRNS, KC_TRNS, KC_TRNS, KC_TRNS, KC_TRNS, KC_TRNS, KC_TRNS, KC_TRNS, KC_TRNS, KC_TRNS, KC_TRNS
 141:keyboards/NECOvalCreamPC98/keymaps/default/keymap.c **** 		KC_TRNS, KC_TRNS, KC_TRNS, KC_TRNS, KC_TRNS, KC_TRNS, KC_TRNS, KC_TRNS, KC_TRNS, KC_TRNS, KC_TRNS
 142:keyboards/NECOvalCreamPC98/keymaps/default/keymap.c **** 		KC_TRNS, KC_TRNS, KC_TRNS, KC_TRNS, KC_TRNS, KC_TRNS, KC_TRNS, KC_TRNS, KC_TRNS, KC_TRNS, KC_TRNS
 143:keyboards/NECOvalCreamPC98/keymaps/default/keymap.c **** 		KC_TRNS, KC_TRNS, KC_TRNS, KC_TRNS, KC_TRNS, KC_TRNS, KC_TRNS, KC_TRNS, KC_TRNS, KC_TRNS, KC_TRNS
 144:keyboards/NECOvalCreamPC98/keymaps/default/keymap.c **** 
 145:keyboards/NECOvalCreamPC98/keymaps/default/keymap.c **** 	KEYMAP(
 146:keyboards/NECOvalCreamPC98/keymaps/default/keymap.c **** 		KC_TRNS, KC_TRNS, KC_TRNS, KC_TRNS, KC_TRNS, KC_TRNS, KC_TRNS, KC_TRNS, KC_TRNS, KC_TRNS, KC_TRNS
 147:keyboards/NECOvalCreamPC98/keymaps/default/keymap.c **** 		KC_TRNS, KC_TRNS, KC_TRNS, KC_TRNS, KC_TRNS, KC_TRNS, KC_TRNS, KC_TRNS, KC_TRNS, KC_TRNS, KC_TRNS
 148:keyboards/NECOvalCreamPC98/keymaps/default/keymap.c **** 		KC_TRNS, KC_TRNS, KC_TRNS, KC_TRNS, KC_TRNS, KC_TRNS, KC_TRNS, KC_TRNS, KC_TRNS, KC_TRNS, KC_TRNS
 149:keyboards/NECOvalCreamPC98/keymaps/default/keymap.c **** 		KC_TRNS, KC_TRNS, KC_TRNS, KC_TRNS, KC_TRNS, KC_TRNS, KC_TRNS, KC_TRNS, KC_TRNS, KC_TRNS, KC_TRNS
 150:keyboards/NECOvalCreamPC98/keymaps/default/keymap.c **** 		KC_TRNS, KC_TRNS, KC_TRNS, KC_TRNS, KC_TRNS, KC_TRNS, KC_TRNS, KC_TRNS, KC_TRNS, KC_TRNS, KC_TRNS
 151:keyboards/NECOvalCreamPC98/keymaps/default/keymap.c **** 		KC_TRNS, KC_TRNS, KC_TRNS, KC_TRNS, KC_TRNS, KC_TRNS, KC_TRNS, KC_TRNS, KC_TRNS, KC_TRNS, KC_TRNS
 152:keyboards/NECOvalCreamPC98/keymaps/default/keymap.c **** 		KC_TRNS, KC_TRNS, KC_TRNS, KC_TRNS, KC_TRNS, KC_TRNS, KC_TRNS, KC_TRNS, KC_TRNS, KC_TRNS, KC_TRNS
 153:keyboards/NECOvalCreamPC98/keymaps/default/keymap.c **** 		KC_TRNS, KC_TRNS, KC_TRNS, KC_TRNS, KC_TRNS, KC_TRNS, KC_TRNS, KC_TRNS, KC_TRNS, KC_TRNS, KC_TRNS
 154:keyboards/NECOvalCreamPC98/keymaps/default/keymap.c **** 
 155:keyboards/NECOvalCreamPC98/keymaps/default/keymap.c **** 	KEYMAP(
 156:keyboards/NECOvalCreamPC98/keymaps/default/keymap.c **** 		KC_TRNS, KC_TRNS, KC_TRNS, KC_TRNS, KC_TRNS, KC_TRNS, KC_TRNS, KC_TRNS, KC_TRNS, KC_TRNS, KC_TRNS
 157:keyboards/NECOvalCreamPC98/keymaps/default/keymap.c **** 		KC_TRNS, KC_TRNS, KC_TRNS, KC_TRNS, KC_TRNS, KC_TRNS, KC_TRNS, KC_TRNS, KC_TRNS, KC_TRNS, KC_TRNS
 158:keyboards/NECOvalCreamPC98/keymaps/default/keymap.c **** 		KC_TRNS, KC_TRNS, KC_TRNS, KC_TRNS, KC_TRNS, KC_TRNS, KC_TRNS, KC_TRNS, KC_TRNS, KC_TRNS, KC_TRNS
 159:keyboards/NECOvalCreamPC98/keymaps/default/keymap.c **** 		KC_TRNS, KC_TRNS, KC_TRNS, KC_TRNS, KC_TRNS, KC_TRNS, KC_TRNS, KC_TRNS, KC_TRNS, KC_TRNS, KC_TRNS
 160:keyboards/NECOvalCreamPC98/keymaps/default/keymap.c **** 		KC_TRNS, KC_TRNS, KC_TRNS, KC_TRNS, KC_TRNS, KC_TRNS, KC_TRNS, KC_TRNS, KC_TRNS, KC_TRNS, KC_TRNS
 161:keyboards/NECOvalCreamPC98/keymaps/default/keymap.c **** 		KC_TRNS, KC_TRNS, KC_TRNS, KC_TRNS, KC_TRNS, KC_TRNS, KC_TRNS, KC_TRNS, KC_TRNS, KC_TRNS, KC_TRNS
 162:keyboards/NECOvalCreamPC98/keymaps/default/keymap.c **** 		KC_TRNS, KC_TRNS, KC_TRNS, KC_TRNS, KC_TRNS, KC_TRNS, KC_TRNS, KC_TRNS, KC_TRNS, KC_TRNS, KC_TRNS
 163:keyboards/NECOvalCreamPC98/keymaps/default/keymap.c **** 		KC_TRNS, KC_TRNS, KC_TRNS, KC_TRNS, KC_TRNS, KC_TRNS, KC_TRNS, KC_TRNS, KC_TRNS, KC_TRNS, KC_TRNS
 164:keyboards/NECOvalCreamPC98/keymaps/default/keymap.c **** 
 165:keyboards/NECOvalCreamPC98/keymaps/default/keymap.c **** };
 166:keyboards/NECOvalCreamPC98/keymaps/default/keymap.c **** 
 167:keyboards/NECOvalCreamPC98/keymaps/default/keymap.c **** 
 168:keyboards/NECOvalCreamPC98/keymaps/default/keymap.c **** void matrix_init_user(void) {
  17               		.loc 1 168 29 view -0
  18               		.cfi_startproc
  19               	/* prologue: function */
  20               	/* frame size = 0 */
  21               	/* stack size = 0 */
  22               	.L__stack_usage = 0
 169:keyboards/NECOvalCreamPC98/keymaps/default/keymap.c **** }
  23               		.loc 1 169 1 view .LVU1
  24               	/* epilogue start */
  25 0000 0895      		ret
  26               		.cfi_endproc
  27               	.LFE117:
  29               		.section	.text.matrix_scan_user,"ax",@progbits
  30               	.global	matrix_scan_user
  32               	matrix_scan_user:
  33               	.LFB122:
  34               		.cfi_startproc
  35               	/* prologue: function */
  36               	/* frame size = 0 */
  37               	/* stack size = 0 */
  38               	.L__stack_usage = 0
  39               	/* epilogue start */
  40 0000 0895      		ret
  41               		.cfi_endproc
  42               	.LFE122:
  44               		.section	.text.process_record_user,"ax",@progbits
  45               	.global	process_record_user
  47               	process_record_user:
  48               	.LVL0:
  49               	.LFB119:
 170:keyboards/NECOvalCreamPC98/keymaps/default/keymap.c **** 
 171:keyboards/NECOvalCreamPC98/keymaps/default/keymap.c **** void matrix_scan_user(void) {
 172:keyboards/NECOvalCreamPC98/keymaps/default/keymap.c **** }
 173:keyboards/NECOvalCreamPC98/keymaps/default/keymap.c **** 
 174:keyboards/NECOvalCreamPC98/keymaps/default/keymap.c **** bool process_record_user(uint16_t keycode, keyrecord_t *record) {
  50               		.loc 1 174 65 view -0
  51               		.cfi_startproc
  52               	/* prologue: function */
  53               	/* frame size = 0 */
  54               	/* stack size = 0 */
  55               	.L__stack_usage = 0
 175:keyboards/NECOvalCreamPC98/keymaps/default/keymap.c **** 	return true;
  56               		.loc 1 175 2 view .LVU3
 176:keyboards/NECOvalCreamPC98/keymaps/default/keymap.c **** }
  57               		.loc 1 176 1 is_stmt 0 view .LVU4
  58 0000 81E0      		ldi r24,lo8(1)
  59               	.LVL1:
  60               	/* epilogue start */
  61               		.loc 1 176 1 view .LVU5
  62 0002 0895      		ret
  63               		.cfi_endproc
  64               	.LFE119:
  66               		.section	.text.led_set_user,"ax",@progbits
  67               	.global	led_set_user
  69               	led_set_user:
  70               	.LVL2:
  71               	.LFB120:
 177:keyboards/NECOvalCreamPC98/keymaps/default/keymap.c **** 
 178:keyboards/NECOvalCreamPC98/keymaps/default/keymap.c **** void led_set_user(uint8_t usb_led) {
  72               		.loc 1 178 36 is_stmt 1 view -0
  73               		.cfi_startproc
  74               	/* prologue: function */
  75               	/* frame size = 0 */
  76               	/* stack size = 0 */
  77               	.L__stack_usage = 0
 179:keyboards/NECOvalCreamPC98/keymaps/default/keymap.c **** 
 180:keyboards/NECOvalCreamPC98/keymaps/default/keymap.c **** 	if (usb_led & (1 << USB_LED_NUM_LOCK)) {
  78               		.loc 1 180 2 view .LVU7
 181:keyboards/NECOvalCreamPC98/keymaps/default/keymap.c **** 		
 182:keyboards/NECOvalCreamPC98/keymaps/default/keymap.c **** 	} else {
 183:keyboards/NECOvalCreamPC98/keymaps/default/keymap.c **** 		
 184:keyboards/NECOvalCreamPC98/keymaps/default/keymap.c **** 	}
  79               		.loc 1 184 2 view .LVU8
 185:keyboards/NECOvalCreamPC98/keymaps/default/keymap.c **** 
 186:keyboards/NECOvalCreamPC98/keymaps/default/keymap.c **** 	if (usb_led & (1 << USB_LED_CAPS_LOCK)) {
  80               		.loc 1 186 2 view .LVU9
 187:keyboards/NECOvalCreamPC98/keymaps/default/keymap.c **** 		
 188:keyboards/NECOvalCreamPC98/keymaps/default/keymap.c **** 	} else {
 189:keyboards/NECOvalCreamPC98/keymaps/default/keymap.c **** 		
 190:keyboards/NECOvalCreamPC98/keymaps/default/keymap.c **** 	}
  81               		.loc 1 190 2 view .LVU10
 191:keyboards/NECOvalCreamPC98/keymaps/default/keymap.c **** 
 192:keyboards/NECOvalCreamPC98/keymaps/default/keymap.c **** 	if (usb_led & (1 << USB_LED_SCROLL_LOCK)) {
  82               		.loc 1 192 2 view .LVU11
 193:keyboards/NECOvalCreamPC98/keymaps/default/keymap.c **** 		
 194:keyboards/NECOvalCreamPC98/keymaps/default/keymap.c **** 	} else {
 195:keyboards/NECOvalCreamPC98/keymaps/default/keymap.c **** 		
 196:keyboards/NECOvalCreamPC98/keymaps/default/keymap.c **** 	}
  83               		.loc 1 196 2 view .LVU12
 197:keyboards/NECOvalCreamPC98/keymaps/default/keymap.c **** 
 198:keyboards/NECOvalCreamPC98/keymaps/default/keymap.c **** 	if (usb_led & (1 << USB_LED_COMPOSE)) {
  84               		.loc 1 198 2 view .LVU13
 199:keyboards/NECOvalCreamPC98/keymaps/default/keymap.c **** 		
 200:keyboards/NECOvalCreamPC98/keymaps/default/keymap.c **** 	} else {
 201:keyboards/NECOvalCreamPC98/keymaps/default/keymap.c **** 		
 202:keyboards/NECOvalCreamPC98/keymaps/default/keymap.c **** 	}
  85               		.loc 1 202 2 view .LVU14
 203:keyboards/NECOvalCreamPC98/keymaps/default/keymap.c **** 
 204:keyboards/NECOvalCreamPC98/keymaps/default/keymap.c **** 	if (usb_led & (1 << USB_LED_KANA)) {
  86               		.loc 1 204 2 view .LVU15
 205:keyboards/NECOvalCreamPC98/keymaps/default/keymap.c **** 		
 206:keyboards/NECOvalCreamPC98/keymaps/default/keymap.c **** 	} else {
 207:keyboards/NECOvalCreamPC98/keymaps/default/keymap.c **** 		
 208:keyboards/NECOvalCreamPC98/keymaps/default/keymap.c **** 	}
  87               		.loc 1 208 2 view .LVU16
  88               	/* epilogue start */
 209:keyboards/NECOvalCreamPC98/keymaps/default/keymap.c **** 
 210:keyboards/NECOvalCreamPC98/keymaps/default/keymap.c **** }
  89               		.loc 1 210 1 is_stmt 0 view .LVU17
  90 0000 0895      		ret
  91               		.cfi_endproc
  92               	.LFE120:
  94               	.global	keymaps
  95               		.section	.progmem.data.keymaps,"a"
  98               	keymaps:
  99 0000 3500      		.word	53
 100 0002 2500      		.word	37
 101 0004 1400      		.word	20
 102 0006 1200      		.word	18
 103 0008 0900      		.word	9
 104 000a 3100      		.word	49
 105 000c 3600      		.word	54
 106 000e 5000      		.word	80
 107 0010 5E00      		.word	94
 108 0012 4900      		.word	73
 109 0014 5500      		.word	85
 110 0016 0151      		.word	20737
 111 0018 3A00      		.word	58
 112 001a 4200      		.word	66
 113 001c 0000      		.word	0
 114 001e 1E00      		.word	30
 115 0020 2600      		.word	38
 116 0022 1A00      		.word	26
 117 0024 1300      		.word	19
 118 0026 0A00      		.word	10
 119 0028 1D00      		.word	29
 120 002a 3700      		.word	55
 121 002c 4F00      		.word	79
 122 002e 5900      		.word	89
 123 0030 5205      		.word	1362
 124 0032 5700      		.word	87
 125 0034 0000      		.word	0
 126 0036 3B00      		.word	59
 127 0038 4300      		.word	67
 128 003a 0000      		.word	0
 129 003c 1F00      		.word	31
 130 003e 2700      		.word	39
 131 0040 0800      		.word	8
 132 0042 2F00      		.word	47
 133 0044 0B00      		.word	11
 134 0046 1B00      		.word	27
 135 0048 3800      		.word	56
 136 004a 5100      		.word	81
 137 004c 5A00      		.word	90
 138 004e 5105      		.word	1361
 139 0050 6700      		.word	103
 140 0052 0000      		.word	0
 141 0054 3C00      		.word	60
 142 0056 4400      		.word	68
 143 0058 5800      		.word	88
 144 005a 2000      		.word	32
 145 005c 2D00      		.word	45
 146 005e 1500      		.word	21
 147 0060 3000      		.word	48
 148 0062 0D00      		.word	13
 149 0064 0600      		.word	6
 150 0066 6400      		.word	100
 151 0068 5F00      		.word	95
 152 006a 5B00      		.word	91
 153 006c 0000      		.word	0
 154 006e 8500      		.word	133
 155 0070 E000      		.word	224
 156 0072 3D00      		.word	61
 157 0074 4500      		.word	69
 158 0076 E500      		.word	229
 159 0078 2100      		.word	33
 160 007a 2E00      		.word	46
 161 007c 1700      		.word	23
 162 007e 2800      		.word	40
 163 0080 0E00      		.word	14
 164 0082 1900      		.word	25
 165 0084 E200      		.word	226
 166 0086 6000      		.word	96
 167 0088 6200      		.word	98
 168 008a 0151      		.word	20737
 169 008c 0000      		.word	0
 170 008e E000      		.word	224
 171 0090 3E00      		.word	62
 172 0092 A800      		.word	168
 173 0094 0000      		.word	0
 174 0096 2200      		.word	34
 175 0098 3100      		.word	49
 176 009a 1C00      		.word	28
 177 009c 0400      		.word	4
 178 009e 0F00      		.word	15
 179 00a0 0500      		.word	5
 180 00a2 2C00      		.word	44
 181 00a4 6100      		.word	97
 182 00a6 6300      		.word	99
 183 00a8 4800      		.word	72
 184 00aa 0000      		.word	0
 185 00ac E100      		.word	225
 186 00ae 3F00      		.word	63
 187 00b0 AA00      		.word	170
 188 00b2 0000      		.word	0
 189 00b4 2300      		.word	35
 190 00b6 2A00      		.word	42
 191 00b8 1800      		.word	24
 192 00ba 1600      		.word	22
 193 00bc 3300      		.word	51
 194 00be 1100      		.word	17
 195 00c0 E600      		.word	230
 196 00c2 5C00      		.word	92
 197 00c4 2900      		.word	41
 198 00c6 5600      		.word	86
 199 00c8 0000      		.word	0
 200 00ca E300      		.word	227
 201 00cc 4000      		.word	64
 202 00ce A900      		.word	169
 203 00d0 0000      		.word	0
 204 00d2 2400      		.word	36
 205 00d4 2B00      		.word	43
 206 00d6 0C00      		.word	12
 207 00d8 0700      		.word	7
 208 00da 3400      		.word	52
 209 00dc 1000      		.word	16
 210 00de 5200      		.word	82
 211 00e0 5D00      		.word	93
 212 00e2 0000      		.word	0
 213 00e4 5400      		.word	84
 214 00e6 0000      		.word	0
 215 00e8 0000      		.word	0
 216 00ea 4100      		.word	65
 217 00ec 4C00      		.word	76
 218 00ee 4600      		.word	70
 219 00f0 0100      		.word	1
 220 00f2 0100      		.word	1
 221 00f4 0100      		.word	1
 222 00f6 0100      		.word	1
 223 00f8 0100      		.word	1
 224 00fa FC00      		.word	252
 225 00fc 0100      		.word	1
 226 00fe F200      		.word	242
 227 0100 0100      		.word	1
 228 0102 4B00      		.word	75
 229 0104 0100      		.word	1
 230 0106 0100      		.word	1
 231 0108 6800      		.word	104
 232 010a 7000      		.word	112
 233 010c 0000      		.word	0
 234 010e 0100      		.word	1
 235 0110 0100      		.word	1
 236 0112 0100      		.word	1
 237 0114 FD00      		.word	253
 238 0116 0100      		.word	1
 239 0118 0100      		.word	1
 240 011a F600      		.word	246
 241 011c F300      		.word	243
 242 011e 0100      		.word	1
 243 0120 4D00      		.word	77
 244 0122 0100      		.word	1
 245 0124 0000      		.word	0
 246 0126 6900      		.word	105
 247 0128 7100      		.word	113
 248 012a 0000      		.word	0
 249 012c 0100      		.word	1
 250 012e 0100      		.word	1
 251 0130 0100      		.word	1
 252 0132 F900      		.word	249
 253 0134 0100      		.word	1
 254 0136 0100      		.word	1
 255 0138 F700      		.word	247
 256 013a F100      		.word	241
 257 013c 0100      		.word	1
 258 013e 4E00      		.word	78
 259 0140 0100      		.word	1
 260 0142 0000      		.word	0
 261 0144 6A00      		.word	106
 262 0146 7200      		.word	114
 263 0148 0100      		.word	1
 264 014a 0100      		.word	1
 265 014c 0100      		.word	1
 266 014e 0100      		.word	1
 267 0150 FE00      		.word	254
 268 0152 0100      		.word	1
 269 0154 0100      		.word	1
 270 0156 F800      		.word	248
 271 0158 0100      		.word	1
 272 015a 0100      		.word	1
 273 015c 0000      		.word	0
 274 015e 0100      		.word	1
 275 0160 0100      		.word	1
 276 0162 6B00      		.word	107
 277 0164 7300      		.word	115
 278 0166 F500      		.word	245
 279 0168 0100      		.word	1
 280 016a 0100      		.word	1
 281 016c 0100      		.word	1
 282 016e F400      		.word	244
 283 0170 0100      		.word	1
 284 0172 0100      		.word	1
 285 0174 0100      		.word	1
 286 0176 0100      		.word	1
 287 0178 0100      		.word	1
 288 017a 0100      		.word	1
 289 017c 0000      		.word	0
 290 017e 0100      		.word	1
 291 0180 6C00      		.word	108
 292 0182 AC00      		.word	172
 293 0184 0000      		.word	0
 294 0186 0100      		.word	1
 295 0188 0100      		.word	1
 296 018a 0100      		.word	1
 297 018c 0100      		.word	1
 298 018e 0100      		.word	1
 299 0190 0100      		.word	1
 300 0192 0100      		.word	1
 301 0194 0100      		.word	1
 302 0196 0100      		.word	1
 303 0198 0100      		.word	1
 304 019a 0000      		.word	0
 305 019c 0100      		.word	1
 306 019e 6D00      		.word	109
 307 01a0 AE00      		.word	174
 308 01a2 0000      		.word	0
 309 01a4 0100      		.word	1
 310 01a6 0100      		.word	1
 311 01a8 0100      		.word	1
 312 01aa 0100      		.word	1
 313 01ac FB00      		.word	251
 314 01ae 0100      		.word	1
 315 01b0 0100      		.word	1
 316 01b2 0100      		.word	1
 317 01b4 3D04      		.word	1085
 318 01b6 0100      		.word	1
 319 01b8 0000      		.word	0
 320 01ba 0100      		.word	1
 321 01bc 6E00      		.word	110
 322 01be AB00      		.word	171
 323 01c0 0000      		.word	0
 324 01c2 0100      		.word	1
 325 01c4 0100      		.word	1
 326 01c6 0100      		.word	1
 327 01c8 0100      		.word	1
 328 01ca FA00      		.word	250
 329 01cc 0100      		.word	1
 330 01ce F000      		.word	240
 331 01d0 0100      		.word	1
 332 01d2 0000      		.word	0
 333 01d4 0100      		.word	1
 334 01d6 0000      		.word	0
 335 01d8 0000      		.word	0
 336 01da 6F00      		.word	111
 337 01dc 4A00      		.word	74
 338 01de 1A01      		.word	282
 339 01e0 0100      		.word	1
 340 01e2 0100      		.word	1
 341 01e4 0100      		.word	1
 342 01e6 0100      		.word	1
 343 01e8 0100      		.word	1
 344 01ea 0100      		.word	1
 345 01ec 0100      		.word	1
 346 01ee 0100      		.word	1
 347 01f0 0100      		.word	1
 348 01f2 0100      		.word	1
 349 01f4 0100      		.word	1
 350 01f6 0100      		.word	1
 351 01f8 0100      		.word	1
 352 01fa 0100      		.word	1
 353 01fc 0000      		.word	0
 354 01fe 0100      		.word	1
 355 0200 0100      		.word	1
 356 0202 0100      		.word	1
 357 0204 0100      		.word	1
 358 0206 0100      		.word	1
 359 0208 0100      		.word	1
 360 020a 0100      		.word	1
 361 020c 0100      		.word	1
 362 020e 0100      		.word	1
 363 0210 0100      		.word	1
 364 0212 0100      		.word	1
 365 0214 0000      		.word	0
 366 0216 0100      		.word	1
 367 0218 0100      		.word	1
 368 021a 0000      		.word	0
 369 021c 0100      		.word	1
 370 021e 0100      		.word	1
 371 0220 0100      		.word	1
 372 0222 0100      		.word	1
 373 0224 0100      		.word	1
 374 0226 0100      		.word	1
 375 0228 0100      		.word	1
 376 022a 0100      		.word	1
 377 022c 0100      		.word	1
 378 022e 0100      		.word	1
 379 0230 0100      		.word	1
 380 0232 0000      		.word	0
 381 0234 0100      		.word	1
 382 0236 0100      		.word	1
 383 0238 0100      		.word	1
 384 023a 0100      		.word	1
 385 023c 0100      		.word	1
 386 023e 0100      		.word	1
 387 0240 0100      		.word	1
 388 0242 0100      		.word	1
 389 0244 0100      		.word	1
 390 0246 0100      		.word	1
 391 0248 0100      		.word	1
 392 024a 0100      		.word	1
 393 024c 0000      		.word	0
 394 024e 0100      		.word	1
 395 0250 0100      		.word	1
 396 0252 0100      		.word	1
 397 0254 0100      		.word	1
 398 0256 0100      		.word	1
 399 0258 0100      		.word	1
 400 025a 0100      		.word	1
 401 025c 0100      		.word	1
 402 025e 0100      		.word	1
 403 0260 0100      		.word	1
 404 0262 0100      		.word	1
 405 0264 0100      		.word	1
 406 0266 0100      		.word	1
 407 0268 0100      		.word	1
 408 026a 0100      		.word	1
 409 026c 0000      		.word	0
 410 026e 0100      		.word	1
 411 0270 0100      		.word	1
 412 0272 0100      		.word	1
 413 0274 0000      		.word	0
 414 0276 0100      		.word	1
 415 0278 0100      		.word	1
 416 027a 0100      		.word	1
 417 027c 0100      		.word	1
 418 027e 0100      		.word	1
 419 0280 0100      		.word	1
 420 0282 0100      		.word	1
 421 0284 0100      		.word	1
 422 0286 0100      		.word	1
 423 0288 0100      		.word	1
 424 028a 0000      		.word	0
 425 028c 0100      		.word	1
 426 028e 0100      		.word	1
 427 0290 0100      		.word	1
 428 0292 0000      		.word	0
 429 0294 0100      		.word	1
 430 0296 0100      		.word	1
 431 0298 0100      		.word	1
 432 029a 0100      		.word	1
 433 029c 0100      		.word	1
 434 029e 0100      		.word	1
 435 02a0 0100      		.word	1
 436 02a2 0100      		.word	1
 437 02a4 0100      		.word	1
 438 02a6 0100      		.word	1
 439 02a8 0000      		.word	0
 440 02aa 0100      		.word	1
 441 02ac 0100      		.word	1
 442 02ae 0100      		.word	1
 443 02b0 0000      		.word	0
 444 02b2 0100      		.word	1
 445 02b4 0100      		.word	1
 446 02b6 0100      		.word	1
 447 02b8 0100      		.word	1
 448 02ba 0100      		.word	1
 449 02bc 0100      		.word	1
 450 02be 0100      		.word	1
 451 02c0 0100      		.word	1
 452 02c2 0000      		.word	0
 453 02c4 0100      		.word	1
 454 02c6 0000      		.word	0
 455 02c8 0000      		.word	0
 456 02ca 0100      		.word	1
 457 02cc 0100      		.word	1
 458 02ce 0100      		.word	1
 459 02d0 0100      		.word	1
 460 02d2 0100      		.word	1
 461 02d4 0100      		.word	1
 462 02d6 0100      		.word	1
 463 02d8 0100      		.word	1
 464 02da 0100      		.word	1
 465 02dc 0100      		.word	1
 466 02de 0100      		.word	1
 467 02e0 0100      		.word	1
 468 02e2 0100      		.word	1
 469 02e4 0100      		.word	1
 470 02e6 0100      		.word	1
 471 02e8 0100      		.word	1
 472 02ea 0100      		.word	1
 473 02ec 0000      		.word	0
 474 02ee 0100      		.word	1
 475 02f0 0100      		.word	1
 476 02f2 0100      		.word	1
 477 02f4 0100      		.word	1
 478 02f6 0100      		.word	1
 479 02f8 0100      		.word	1
 480 02fa 0100      		.word	1
 481 02fc 0100      		.word	1
 482 02fe 0100      		.word	1
 483 0300 0100      		.word	1
 484 0302 0100      		.word	1
 485 0304 0000      		.word	0
 486 0306 0100      		.word	1
 487 0308 0100      		.word	1
 488 030a 0000      		.word	0
 489 030c 0100      		.word	1
 490 030e 0100      		.word	1
 491 0310 0100      		.word	1
 492 0312 0100      		.word	1
 493 0314 0100      		.word	1
 494 0316 0100      		.word	1
 495 0318 0100      		.word	1
 496 031a 0100      		.word	1
 497 031c 0100      		.word	1
 498 031e 0100      		.word	1
 499 0320 0100      		.word	1
 500 0322 0000      		.word	0
 501 0324 0100      		.word	1
 502 0326 0100      		.word	1
 503 0328 0100      		.word	1
 504 032a 0100      		.word	1
 505 032c 0100      		.word	1
 506 032e 0100      		.word	1
 507 0330 0100      		.word	1
 508 0332 0100      		.word	1
 509 0334 0100      		.word	1
 510 0336 0100      		.word	1
 511 0338 0100      		.word	1
 512 033a 0100      		.word	1
 513 033c 0000      		.word	0
 514 033e 0100      		.word	1
 515 0340 0100      		.word	1
 516 0342 0100      		.word	1
 517 0344 0100      		.word	1
 518 0346 0100      		.word	1
 519 0348 0100      		.word	1
 520 034a 0100      		.word	1
 521 034c 0100      		.word	1
 522 034e 0100      		.word	1
 523 0350 0100      		.word	1
 524 0352 0100      		.word	1
 525 0354 0100      		.word	1
 526 0356 0100      		.word	1
 527 0358 0100      		.word	1
 528 035a 0100      		.word	1
 529 035c 0000      		.word	0
 530 035e 0100      		.word	1
 531 0360 0100      		.word	1
 532 0362 0100      		.word	1
 533 0364 0000      		.word	0
 534 0366 0100      		.word	1
 535 0368 0100      		.word	1
 536 036a 0100      		.word	1
 537 036c 0100      		.word	1
 538 036e 0100      		.word	1
 539 0370 0100      		.word	1
 540 0372 0100      		.word	1
 541 0374 0100      		.word	1
 542 0376 0100      		.word	1
 543 0378 0100      		.word	1
 544 037a 0000      		.word	0
 545 037c 0100      		.word	1
 546 037e 0100      		.word	1
 547 0380 0100      		.word	1
 548 0382 0000      		.word	0
 549 0384 0100      		.word	1
 550 0386 0100      		.word	1
 551 0388 0100      		.word	1
 552 038a 0100      		.word	1
 553 038c 0100      		.word	1
 554 038e 0100      		.word	1
 555 0390 0100      		.word	1
 556 0392 0100      		.word	1
 557 0394 0100      		.word	1
 558 0396 0100      		.word	1
 559 0398 0000      		.word	0
 560 039a 0100      		.word	1
 561 039c 0100      		.word	1
 562 039e 0100      		.word	1
 563 03a0 0000      		.word	0
 564 03a2 0100      		.word	1
 565 03a4 0100      		.word	1
 566 03a6 0100      		.word	1
 567 03a8 0100      		.word	1
 568 03aa 0100      		.word	1
 569 03ac 0100      		.word	1
 570 03ae 0100      		.word	1
 571 03b0 0100      		.word	1
 572 03b2 0000      		.word	0
 573 03b4 0100      		.word	1
 574 03b6 0000      		.word	0
 575 03b8 0000      		.word	0
 576 03ba 0100      		.word	1
 577 03bc 0100      		.word	1
 578 03be 0100      		.word	1
 579 03c0 0100      		.word	1
 580 03c2 0100      		.word	1
 581 03c4 0100      		.word	1
 582 03c6 0100      		.word	1
 583 03c8 0100      		.word	1
 584 03ca 0100      		.word	1
 585 03cc 0100      		.word	1
 586 03ce 0100      		.word	1
 587 03d0 0100      		.word	1
 588 03d2 0100      		.word	1
 589 03d4 0100      		.word	1
 590 03d6 0100      		.word	1
 591 03d8 0100      		.word	1
 592 03da 0100      		.word	1
 593 03dc 0000      		.word	0
 594 03de 0100      		.word	1
 595 03e0 0100      		.word	1
 596 03e2 0100      		.word	1
 597 03e4 0100      		.word	1
 598 03e6 0100      		.word	1
 599 03e8 0100      		.word	1
 600 03ea 0100      		.word	1
 601 03ec 0100      		.word	1
 602 03ee 0100      		.word	1
 603 03f0 0100      		.word	1
 604 03f2 0100      		.word	1
 605 03f4 0000      		.word	0
 606 03f6 0100      		.word	1
 607 03f8 0100      		.word	1
 608 03fa 0000      		.word	0
 609 03fc 0100      		.word	1
 610 03fe 0100      		.word	1
 611 0400 0100      		.word	1
 612 0402 0100      		.word	1
 613 0404 0100      		.word	1
 614 0406 0100      		.word	1
 615 0408 0100      		.word	1
 616 040a 0100      		.word	1
 617 040c 0100      		.word	1
 618 040e 0100      		.word	1
 619 0410 0100      		.word	1
 620 0412 0000      		.word	0
 621 0414 0100      		.word	1
 622 0416 0100      		.word	1
 623 0418 0100      		.word	1
 624 041a 0100      		.word	1
 625 041c 0100      		.word	1
 626 041e 0100      		.word	1
 627 0420 0100      		.word	1
 628 0422 0100      		.word	1
 629 0424 0100      		.word	1
 630 0426 0100      		.word	1
 631 0428 0100      		.word	1
 632 042a 0100      		.word	1
 633 042c 0000      		.word	0
 634 042e 0100      		.word	1
 635 0430 0100      		.word	1
 636 0432 0100      		.word	1
 637 0434 0100      		.word	1
 638 0436 0100      		.word	1
 639 0438 0100      		.word	1
 640 043a 0100      		.word	1
 641 043c 0100      		.word	1
 642 043e 0100      		.word	1
 643 0440 0100      		.word	1
 644 0442 0100      		.word	1
 645 0444 0100      		.word	1
 646 0446 0100      		.word	1
 647 0448 0100      		.word	1
 648 044a 0100      		.word	1
 649 044c 0000      		.word	0
 650 044e 0100      		.word	1
 651 0450 0100      		.word	1
 652 0452 0100      		.word	1
 653 0454 0000      		.word	0
 654 0456 0100      		.word	1
 655 0458 0100      		.word	1
 656 045a 0100      		.word	1
 657 045c 0100      		.word	1
 658 045e 0100      		.word	1
 659 0460 0100      		.word	1
 660 0462 0100      		.word	1
 661 0464 0100      		.word	1
 662 0466 0100      		.word	1
 663 0468 0100      		.word	1
 664 046a 0000      		.word	0
 665 046c 0100      		.word	1
 666 046e 0100      		.word	1
 667 0470 0100      		.word	1
 668 0472 0000      		.word	0
 669 0474 0100      		.word	1
 670 0476 0100      		.word	1
 671 0478 0100      		.word	1
 672 047a 0100      		.word	1
 673 047c 0100      		.word	1
 674 047e 0100      		.word	1
 675 0480 0100      		.word	1
 676 0482 0100      		.word	1
 677 0484 0100      		.word	1
 678 0486 0100      		.word	1
 679 0488 0000      		.word	0
 680 048a 0100      		.word	1
 681 048c 0100      		.word	1
 682 048e 0100      		.word	1
 683 0490 0000      		.word	0
 684 0492 0100      		.word	1
 685 0494 0100      		.word	1
 686 0496 0100      		.word	1
 687 0498 0100      		.word	1
 688 049a 0100      		.word	1
 689 049c 0100      		.word	1
 690 049e 0100      		.word	1
 691 04a0 0100      		.word	1
 692 04a2 0000      		.word	0
 693 04a4 0100      		.word	1
 694 04a6 0000      		.word	0
 695 04a8 0000      		.word	0
 696 04aa 0100      		.word	1
 697 04ac 0100      		.word	1
 698 04ae 0100      		.word	1
 699 04b0 0100      		.word	1
 700 04b2 0100      		.word	1
 701 04b4 0100      		.word	1
 702 04b6 0100      		.word	1
 703 04b8 0100      		.word	1
 704 04ba 0100      		.word	1
 705 04bc 0100      		.word	1
 706 04be 0100      		.word	1
 707 04c0 0100      		.word	1
 708 04c2 0100      		.word	1
 709 04c4 0100      		.word	1
 710 04c6 0100      		.word	1
 711 04c8 0100      		.word	1
 712 04ca 0100      		.word	1
 713 04cc 0000      		.word	0
 714 04ce 0100      		.word	1
 715 04d0 0100      		.word	1
 716 04d2 0100      		.word	1
 717 04d4 0100      		.word	1
 718 04d6 0100      		.word	1
 719 04d8 0100      		.word	1
 720 04da 0100      		.word	1
 721 04dc 0100      		.word	1
 722 04de 0100      		.word	1
 723 04e0 0100      		.word	1
 724 04e2 0100      		.word	1
 725 04e4 0000      		.word	0
 726 04e6 0100      		.word	1
 727 04e8 0100      		.word	1
 728 04ea 0000      		.word	0
 729 04ec 0100      		.word	1
 730 04ee 0100      		.word	1
 731 04f0 0100      		.word	1
 732 04f2 0100      		.word	1
 733 04f4 0100      		.word	1
 734 04f6 0100      		.word	1
 735 04f8 0100      		.word	1
 736 04fa 0100      		.word	1
 737 04fc 0100      		.word	1
 738 04fe 0100      		.word	1
 739 0500 0100      		.word	1
 740 0502 0000      		.word	0
 741 0504 0100      		.word	1
 742 0506 0100      		.word	1
 743 0508 0100      		.word	1
 744 050a 0100      		.word	1
 745 050c 0100      		.word	1
 746 050e 0100      		.word	1
 747 0510 0100      		.word	1
 748 0512 0100      		.word	1
 749 0514 0100      		.word	1
 750 0516 0100      		.word	1
 751 0518 0100      		.word	1
 752 051a 0100      		.word	1
 753 051c 0000      		.word	0
 754 051e 0100      		.word	1
 755 0520 0100      		.word	1
 756 0522 0100      		.word	1
 757 0524 0100      		.word	1
 758 0526 0100      		.word	1
 759 0528 0100      		.word	1
 760 052a 0100      		.word	1
 761 052c 0100      		.word	1
 762 052e 0100      		.word	1
 763 0530 0100      		.word	1
 764 0532 0100      		.word	1
 765 0534 0100      		.word	1
 766 0536 0100      		.word	1
 767 0538 0100      		.word	1
 768 053a 0100      		.word	1
 769 053c 0000      		.word	0
 770 053e 0100      		.word	1
 771 0540 0100      		.word	1
 772 0542 0100      		.word	1
 773 0544 0000      		.word	0
 774 0546 0100      		.word	1
 775 0548 0100      		.word	1
 776 054a 0100      		.word	1
 777 054c 0100      		.word	1
 778 054e 0100      		.word	1
 779 0550 0100      		.word	1
 780 0552 0100      		.word	1
 781 0554 0100      		.word	1
 782 0556 0100      		.word	1
 783 0558 0100      		.word	1
 784 055a 0000      		.word	0
 785 055c 0100      		.word	1
 786 055e 0100      		.word	1
 787 0560 0100      		.word	1
 788 0562 0000      		.word	0
 789 0564 0100      		.word	1
 790 0566 0100      		.word	1
 791 0568 0100      		.word	1
 792 056a 0100      		.word	1
 793 056c 0100      		.word	1
 794 056e 0100      		.word	1
 795 0570 0100      		.word	1
 796 0572 0100      		.word	1
 797 0574 0100      		.word	1
 798 0576 0100      		.word	1
 799 0578 0000      		.word	0
 800 057a 0100      		.word	1
 801 057c 0100      		.word	1
 802 057e 0100      		.word	1
 803 0580 0000      		.word	0
 804 0582 0100      		.word	1
 805 0584 0100      		.word	1
 806 0586 0100      		.word	1
 807 0588 0100      		.word	1
 808 058a 0100      		.word	1
 809 058c 0100      		.word	1
 810 058e 0100      		.word	1
 811 0590 0100      		.word	1
 812 0592 0000      		.word	0
 813 0594 0100      		.word	1
 814 0596 0000      		.word	0
 815 0598 0000      		.word	0
 816 059a 0100      		.word	1
 817 059c 0100      		.word	1
 818 059e 0100      		.word	1
 819 05a0 0100      		.word	1
 820 05a2 0100      		.word	1
 821 05a4 0100      		.word	1
 822 05a6 0100      		.word	1
 823 05a8 0100      		.word	1
 824 05aa 0100      		.word	1
 825 05ac 0100      		.word	1
 826 05ae 0100      		.word	1
 827 05b0 0100      		.word	1
 828 05b2 0100      		.word	1
 829 05b4 0100      		.word	1
 830 05b6 0100      		.word	1
 831 05b8 0100      		.word	1
 832 05ba 0100      		.word	1
 833 05bc 0000      		.word	0
 834 05be 0100      		.word	1
 835 05c0 0100      		.word	1
 836 05c2 0100      		.word	1
 837 05c4 0100      		.word	1
 838 05c6 0100      		.word	1
 839 05c8 0100      		.word	1
 840 05ca 0100      		.word	1
 841 05cc 0100      		.word	1
 842 05ce 0100      		.word	1
 843 05d0 0100      		.word	1
 844 05d2 0100      		.word	1
 845 05d4 0000      		.word	0
 846 05d6 0100      		.word	1
 847 05d8 0100      		.word	1
 848 05da 0000      		.word	0
 849 05dc 0100      		.word	1
 850 05de 0100      		.word	1
 851 05e0 0100      		.word	1
 852 05e2 0100      		.word	1
 853 05e4 0100      		.word	1
 854 05e6 0100      		.word	1
 855 05e8 0100      		.word	1
 856 05ea 0100      		.word	1
 857 05ec 0100      		.word	1
 858 05ee 0100      		.word	1
 859 05f0 0100      		.word	1
 860 05f2 0000      		.word	0
 861 05f4 0100      		.word	1
 862 05f6 0100      		.word	1
 863 05f8 0100      		.word	1
 864 05fa 0100      		.word	1
 865 05fc 0100      		.word	1
 866 05fe 0100      		.word	1
 867 0600 0100      		.word	1
 868 0602 0100      		.word	1
 869 0604 0100      		.word	1
 870 0606 0100      		.word	1
 871 0608 0100      		.word	1
 872 060a 0100      		.word	1
 873 060c 0000      		.word	0
 874 060e 0100      		.word	1
 875 0610 0100      		.word	1
 876 0612 0100      		.word	1
 877 0614 0100      		.word	1
 878 0616 0100      		.word	1
 879 0618 0100      		.word	1
 880 061a 0100      		.word	1
 881 061c 0100      		.word	1
 882 061e 0100      		.word	1
 883 0620 0100      		.word	1
 884 0622 0100      		.word	1
 885 0624 0100      		.word	1
 886 0626 0100      		.word	1
 887 0628 0100      		.word	1
 888 062a 0100      		.word	1
 889 062c 0000      		.word	0
 890 062e 0100      		.word	1
 891 0630 0100      		.word	1
 892 0632 0100      		.word	1
 893 0634 0000      		.word	0
 894 0636 0100      		.word	1
 895 0638 0100      		.word	1
 896 063a 0100      		.word	1
 897 063c 0100      		.word	1
 898 063e 0100      		.word	1
 899 0640 0100      		.word	1
 900 0642 0100      		.word	1
 901 0644 0100      		.word	1
 902 0646 0100      		.word	1
 903 0648 0100      		.word	1
 904 064a 0000      		.word	0
 905 064c 0100      		.word	1
 906 064e 0100      		.word	1
 907 0650 0100      		.word	1
 908 0652 0000      		.word	0
 909 0654 0100      		.word	1
 910 0656 0100      		.word	1
 911 0658 0100      		.word	1
 912 065a 0100      		.word	1
 913 065c 0100      		.word	1
 914 065e 0100      		.word	1
 915 0660 0100      		.word	1
 916 0662 0100      		.word	1
 917 0664 0100      		.word	1
 918 0666 0100      		.word	1
 919 0668 0000      		.word	0
 920 066a 0100      		.word	1
 921 066c 0100      		.word	1
 922 066e 0100      		.word	1
 923 0670 0000      		.word	0
 924 0672 0100      		.word	1
 925 0674 0100      		.word	1
 926 0676 0100      		.word	1
 927 0678 0100      		.word	1
 928 067a 0100      		.word	1
 929 067c 0100      		.word	1
 930 067e 0100      		.word	1
 931 0680 0100      		.word	1
 932 0682 0000      		.word	0
 933 0684 0100      		.word	1
 934 0686 0000      		.word	0
 935 0688 0000      		.word	0
 936 068a 0100      		.word	1
 937 068c 0100      		.word	1
 938 068e 0100      		.word	1
 939 0690 0100      		.word	1
 940 0692 0100      		.word	1
 941 0694 0100      		.word	1
 942 0696 0100      		.word	1
 943 0698 0100      		.word	1
 944 069a 0100      		.word	1
 945 069c 0100      		.word	1
 946 069e 0100      		.word	1
 947 06a0 0100      		.word	1
 948 06a2 0100      		.word	1
 949 06a4 0100      		.word	1
 950 06a6 0100      		.word	1
 951 06a8 0100      		.word	1
 952 06aa 0100      		.word	1
 953 06ac 0000      		.word	0
 954 06ae 0100      		.word	1
 955 06b0 0100      		.word	1
 956 06b2 0100      		.word	1
 957 06b4 0100      		.word	1
 958 06b6 0100      		.word	1
 959 06b8 0100      		.word	1
 960 06ba 0100      		.word	1
 961 06bc 0100      		.word	1
 962 06be 0100      		.word	1
 963 06c0 0100      		.word	1
 964 06c2 0100      		.word	1
 965 06c4 0000      		.word	0
 966 06c6 0100      		.word	1
 967 06c8 0100      		.word	1
 968 06ca 0000      		.word	0
 969 06cc 0100      		.word	1
 970 06ce 0100      		.word	1
 971 06d0 0100      		.word	1
 972 06d2 0100      		.word	1
 973 06d4 0100      		.word	1
 974 06d6 0100      		.word	1
 975 06d8 0100      		.word	1
 976 06da 0100      		.word	1
 977 06dc 0100      		.word	1
 978 06de 0100      		.word	1
 979 06e0 0100      		.word	1
 980 06e2 0000      		.word	0
 981 06e4 0100      		.word	1
 982 06e6 0100      		.word	1
 983 06e8 0100      		.word	1
 984 06ea 0100      		.word	1
 985 06ec 0100      		.word	1
 986 06ee 0100      		.word	1
 987 06f0 0100      		.word	1
 988 06f2 0100      		.word	1
 989 06f4 0100      		.word	1
 990 06f6 0100      		.word	1
 991 06f8 0100      		.word	1
 992 06fa 0100      		.word	1
 993 06fc 0000      		.word	0
 994 06fe 0100      		.word	1
 995 0700 0100      		.word	1
 996 0702 0100      		.word	1
 997 0704 0100      		.word	1
 998 0706 0100      		.word	1
 999 0708 0100      		.word	1
 1000 070a 0100      		.word	1
 1001 070c 0100      		.word	1
 1002 070e 0100      		.word	1
 1003 0710 0100      		.word	1
 1004 0712 0100      		.word	1
 1005 0714 0100      		.word	1
 1006 0716 0100      		.word	1
 1007 0718 0100      		.word	1
 1008 071a 0100      		.word	1
 1009 071c 0000      		.word	0
 1010 071e 0100      		.word	1
 1011 0720 0100      		.word	1
 1012 0722 0100      		.word	1
 1013 0724 0000      		.word	0
 1014 0726 0100      		.word	1
 1015 0728 0100      		.word	1
 1016 072a 0100      		.word	1
 1017 072c 0100      		.word	1
 1018 072e 0100      		.word	1
 1019 0730 0100      		.word	1
 1020 0732 0100      		.word	1
 1021 0734 0100      		.word	1
 1022 0736 0100      		.word	1
 1023 0738 0100      		.word	1
 1024 073a 0000      		.word	0
 1025 073c 0100      		.word	1
 1026 073e 0100      		.word	1
 1027 0740 0100      		.word	1
 1028 0742 0000      		.word	0
 1029 0744 0100      		.word	1
 1030 0746 0100      		.word	1
 1031 0748 0100      		.word	1
 1032 074a 0100      		.word	1
 1033 074c 0100      		.word	1
 1034 074e 0100      		.word	1
 1035 0750 0100      		.word	1
 1036 0752 0100      		.word	1
 1037 0754 0100      		.word	1
 1038 0756 0100      		.word	1
 1039 0758 0000      		.word	0
 1040 075a 0100      		.word	1
 1041 075c 0100      		.word	1
 1042 075e 0100      		.word	1
 1043 0760 0000      		.word	0
 1044 0762 0100      		.word	1
 1045 0764 0100      		.word	1
 1046 0766 0100      		.word	1
 1047 0768 0100      		.word	1
 1048 076a 0100      		.word	1
 1049 076c 0100      		.word	1
 1050 076e 0100      		.word	1
 1051 0770 0100      		.word	1
 1052 0772 0000      		.word	0
 1053 0774 0100      		.word	1
 1054 0776 0000      		.word	0
 1055 0778 0000      		.word	0
 1056 077a 0100      		.word	1
 1057 077c 0100      		.word	1
 1058 077e 0100      		.word	1
 1059 0780 0100      		.word	1
 1060 0782 0100      		.word	1
 1061 0784 0100      		.word	1
 1062 0786 0100      		.word	1
 1063 0788 0100      		.word	1
 1064 078a 0100      		.word	1
 1065 078c 0100      		.word	1
 1066 078e 0100      		.word	1
 1067 0790 0100      		.word	1
 1068 0792 0100      		.word	1
 1069 0794 0100      		.word	1
 1070 0796 0100      		.word	1
 1071 0798 0100      		.word	1
 1072 079a 0100      		.word	1
 1073 079c 0000      		.word	0
 1074 079e 0100      		.word	1
 1075 07a0 0100      		.word	1
 1076 07a2 0100      		.word	1
 1077 07a4 0100      		.word	1
 1078 07a6 0100      		.word	1
 1079 07a8 0100      		.word	1
 1080 07aa 0100      		.word	1
 1081 07ac 0100      		.word	1
 1082 07ae 0100      		.word	1
 1083 07b0 0100      		.word	1
 1084 07b2 0100      		.word	1
 1085 07b4 0000      		.word	0
 1086 07b6 0100      		.word	1
 1087 07b8 0100      		.word	1
 1088 07ba 0000      		.word	0
 1089 07bc 0100      		.word	1
 1090 07be 0100      		.word	1
 1091 07c0 0100      		.word	1
 1092 07c2 0100      		.word	1
 1093 07c4 0100      		.word	1
 1094 07c6 0100      		.word	1
 1095 07c8 0100      		.word	1
 1096 07ca 0100      		.word	1
 1097 07cc 0100      		.word	1
 1098 07ce 0100      		.word	1
 1099 07d0 0100      		.word	1
 1100 07d2 0000      		.word	0
 1101 07d4 0100      		.word	1
 1102 07d6 0100      		.word	1
 1103 07d8 0100      		.word	1
 1104 07da 0100      		.word	1
 1105 07dc 0100      		.word	1
 1106 07de 0100      		.word	1
 1107 07e0 0100      		.word	1
 1108 07e2 0100      		.word	1
 1109 07e4 0100      		.word	1
 1110 07e6 0100      		.word	1
 1111 07e8 0100      		.word	1
 1112 07ea 0100      		.word	1
 1113 07ec 0000      		.word	0
 1114 07ee 0100      		.word	1
 1115 07f0 0100      		.word	1
 1116 07f2 0100      		.word	1
 1117 07f4 0100      		.word	1
 1118 07f6 0100      		.word	1
 1119 07f8 0100      		.word	1
 1120 07fa 0100      		.word	1
 1121 07fc 0100      		.word	1
 1122 07fe 0100      		.word	1
 1123 0800 0100      		.word	1
 1124 0802 0100      		.word	1
 1125 0804 0100      		.word	1
 1126 0806 0100      		.word	1
 1127 0808 0100      		.word	1
 1128 080a 0100      		.word	1
 1129 080c 0000      		.word	0
 1130 080e 0100      		.word	1
 1131 0810 0100      		.word	1
 1132 0812 0100      		.word	1
 1133 0814 0000      		.word	0
 1134 0816 0100      		.word	1
 1135 0818 0100      		.word	1
 1136 081a 0100      		.word	1
 1137 081c 0100      		.word	1
 1138 081e 0100      		.word	1
 1139 0820 0100      		.word	1
 1140 0822 0100      		.word	1
 1141 0824 0100      		.word	1
 1142 0826 0100      		.word	1
 1143 0828 0100      		.word	1
 1144 082a 0000      		.word	0
 1145 082c 0100      		.word	1
 1146 082e 0100      		.word	1
 1147 0830 0100      		.word	1
 1148 0832 0000      		.word	0
 1149 0834 0100      		.word	1
 1150 0836 0100      		.word	1
 1151 0838 0100      		.word	1
 1152 083a 0100      		.word	1
 1153 083c 0100      		.word	1
 1154 083e 0100      		.word	1
 1155 0840 0100      		.word	1
 1156 0842 0100      		.word	1
 1157 0844 0100      		.word	1
 1158 0846 0100      		.word	1
 1159 0848 0000      		.word	0
 1160 084a 0100      		.word	1
 1161 084c 0100      		.word	1
 1162 084e 0100      		.word	1
 1163 0850 0000      		.word	0
 1164 0852 0100      		.word	1
 1165 0854 0100      		.word	1
 1166 0856 0100      		.word	1
 1167 0858 0100      		.word	1
 1168 085a 0100      		.word	1
 1169 085c 0100      		.word	1
 1170 085e 0100      		.word	1
 1171 0860 0100      		.word	1
 1172 0862 0000      		.word	0
 1173 0864 0100      		.word	1
 1174 0866 0000      		.word	0
 1175 0868 0000      		.word	0
 1176 086a 0100      		.word	1
 1177 086c 0100      		.word	1
 1178 086e 0100      		.word	1
 1179 0870 0100      		.word	1
 1180 0872 0100      		.word	1
 1181 0874 0100      		.word	1
 1182 0876 0100      		.word	1
 1183 0878 0100      		.word	1
 1184 087a 0100      		.word	1
 1185 087c 0100      		.word	1
 1186 087e 0100      		.word	1
 1187 0880 0100      		.word	1
 1188 0882 0100      		.word	1
 1189 0884 0100      		.word	1
 1190 0886 0100      		.word	1
 1191 0888 0100      		.word	1
 1192 088a 0100      		.word	1
 1193 088c 0000      		.word	0
 1194 088e 0100      		.word	1
 1195 0890 0100      		.word	1
 1196 0892 0100      		.word	1
 1197 0894 0100      		.word	1
 1198 0896 0100      		.word	1
 1199 0898 0100      		.word	1
 1200 089a 0100      		.word	1
 1201 089c 0100      		.word	1
 1202 089e 0100      		.word	1
 1203 08a0 0100      		.word	1
 1204 08a2 0100      		.word	1
 1205 08a4 0000      		.word	0
 1206 08a6 0100      		.word	1
 1207 08a8 0100      		.word	1
 1208 08aa 0000      		.word	0
 1209 08ac 0100      		.word	1
 1210 08ae 0100      		.word	1
 1211 08b0 0100      		.word	1
 1212 08b2 0100      		.word	1
 1213 08b4 0100      		.word	1
 1214 08b6 0100      		.word	1
 1215 08b8 0100      		.word	1
 1216 08ba 0100      		.word	1
 1217 08bc 0100      		.word	1
 1218 08be 0100      		.word	1
 1219 08c0 0100      		.word	1
 1220 08c2 0000      		.word	0
 1221 08c4 0100      		.word	1
 1222 08c6 0100      		.word	1
 1223 08c8 0100      		.word	1
 1224 08ca 0100      		.word	1
 1225 08cc 0100      		.word	1
 1226 08ce 0100      		.word	1
 1227 08d0 0100      		.word	1
 1228 08d2 0100      		.word	1
 1229 08d4 0100      		.word	1
 1230 08d6 0100      		.word	1
 1231 08d8 0100      		.word	1
 1232 08da 0100      		.word	1
 1233 08dc 0000      		.word	0
 1234 08de 0100      		.word	1
 1235 08e0 0100      		.word	1
 1236 08e2 0100      		.word	1
 1237 08e4 0100      		.word	1
 1238 08e6 0100      		.word	1
 1239 08e8 0100      		.word	1
 1240 08ea 0100      		.word	1
 1241 08ec 0100      		.word	1
 1242 08ee 0100      		.word	1
 1243 08f0 0100      		.word	1
 1244 08f2 0100      		.word	1
 1245 08f4 0100      		.word	1
 1246 08f6 0100      		.word	1
 1247 08f8 0100      		.word	1
 1248 08fa 0100      		.word	1
 1249 08fc 0000      		.word	0
 1250 08fe 0100      		.word	1
 1251 0900 0100      		.word	1
 1252 0902 0100      		.word	1
 1253 0904 0000      		.word	0
 1254 0906 0100      		.word	1
 1255 0908 0100      		.word	1
 1256 090a 0100      		.word	1
 1257 090c 0100      		.word	1
 1258 090e 0100      		.word	1
 1259 0910 0100      		.word	1
 1260 0912 0100      		.word	1
 1261 0914 0100      		.word	1
 1262 0916 0100      		.word	1
 1263 0918 0100      		.word	1
 1264 091a 0000      		.word	0
 1265 091c 0100      		.word	1
 1266 091e 0100      		.word	1
 1267 0920 0100      		.word	1
 1268 0922 0000      		.word	0
 1269 0924 0100      		.word	1
 1270 0926 0100      		.word	1
 1271 0928 0100      		.word	1
 1272 092a 0100      		.word	1
 1273 092c 0100      		.word	1
 1274 092e 0100      		.word	1
 1275 0930 0100      		.word	1
 1276 0932 0100      		.word	1
 1277 0934 0100      		.word	1
 1278 0936 0100      		.word	1
 1279 0938 0000      		.word	0
 1280 093a 0100      		.word	1
 1281 093c 0100      		.word	1
 1282 093e 0100      		.word	1
 1283 0940 0000      		.word	0
 1284 0942 0100      		.word	1
 1285 0944 0100      		.word	1
 1286 0946 0100      		.word	1
 1287 0948 0100      		.word	1
 1288 094a 0100      		.word	1
 1289 094c 0100      		.word	1
 1290 094e 0100      		.word	1
 1291 0950 0100      		.word	1
 1292 0952 0000      		.word	0
 1293 0954 0100      		.word	1
 1294 0956 0000      		.word	0
 1295 0958 0000      		.word	0
 1296 095a 0100      		.word	1
 1297 095c 0100      		.word	1
 1298 095e 0100      		.word	1
 1299 0960 0100      		.word	1
 1300 0962 0100      		.word	1
 1301 0964 0100      		.word	1
 1302 0966 0100      		.word	1
 1303 0968 0100      		.word	1
 1304 096a 0100      		.word	1
 1305 096c 0100      		.word	1
 1306 096e 0100      		.word	1
 1307 0970 0100      		.word	1
 1308 0972 0100      		.word	1
 1309 0974 0100      		.word	1
 1310 0976 0100      		.word	1
 1311 0978 0100      		.word	1
 1312 097a 0100      		.word	1
 1313 097c 0000      		.word	0
 1314 097e 0100      		.word	1
 1315 0980 0100      		.word	1
 1316 0982 0100      		.word	1
 1317 0984 0100      		.word	1
 1318 0986 0100      		.word	1
 1319 0988 0100      		.word	1
 1320 098a 0100      		.word	1
 1321 098c 0100      		.word	1
 1322 098e 0100      		.word	1
 1323 0990 0100      		.word	1
 1324 0992 0100      		.word	1
 1325 0994 0000      		.word	0
 1326 0996 0100      		.word	1
 1327 0998 0100      		.word	1
 1328 099a 0000      		.word	0
 1329 099c 0100      		.word	1
 1330 099e 0100      		.word	1
 1331 09a0 0100      		.word	1
 1332 09a2 0100      		.word	1
 1333 09a4 0100      		.word	1
 1334 09a6 0100      		.word	1
 1335 09a8 0100      		.word	1
 1336 09aa 0100      		.word	1
 1337 09ac 0100      		.word	1
 1338 09ae 0100      		.word	1
 1339 09b0 0100      		.word	1
 1340 09b2 0000      		.word	0
 1341 09b4 0100      		.word	1
 1342 09b6 0100      		.word	1
 1343 09b8 0100      		.word	1
 1344 09ba 0100      		.word	1
 1345 09bc 0100      		.word	1
 1346 09be 0100      		.word	1
 1347 09c0 0100      		.word	1
 1348 09c2 0100      		.word	1
 1349 09c4 0100      		.word	1
 1350 09c6 0100      		.word	1
 1351 09c8 0100      		.word	1
 1352 09ca 0100      		.word	1
 1353 09cc 0000      		.word	0
 1354 09ce 0100      		.word	1
 1355 09d0 0100      		.word	1
 1356 09d2 0100      		.word	1
 1357 09d4 0100      		.word	1
 1358 09d6 0100      		.word	1
 1359 09d8 0100      		.word	1
 1360 09da 0100      		.word	1
 1361 09dc 0100      		.word	1
 1362 09de 0100      		.word	1
 1363 09e0 0100      		.word	1
 1364 09e2 0100      		.word	1
 1365 09e4 0100      		.word	1
 1366 09e6 0100      		.word	1
 1367 09e8 0100      		.word	1
 1368 09ea 0100      		.word	1
 1369 09ec 0000      		.word	0
 1370 09ee 0100      		.word	1
 1371 09f0 0100      		.word	1
 1372 09f2 0100      		.word	1
 1373 09f4 0000      		.word	0
 1374 09f6 0100      		.word	1
 1375 09f8 0100      		.word	1
 1376 09fa 0100      		.word	1
 1377 09fc 0100      		.word	1
 1378 09fe 0100      		.word	1
 1379 0a00 0100      		.word	1
 1380 0a02 0100      		.word	1
 1381 0a04 0100      		.word	1
 1382 0a06 0100      		.word	1
 1383 0a08 0100      		.word	1
 1384 0a0a 0000      		.word	0
 1385 0a0c 0100      		.word	1
 1386 0a0e 0100      		.word	1
 1387 0a10 0100      		.word	1
 1388 0a12 0000      		.word	0
 1389 0a14 0100      		.word	1
 1390 0a16 0100      		.word	1
 1391 0a18 0100      		.word	1
 1392 0a1a 0100      		.word	1
 1393 0a1c 0100      		.word	1
 1394 0a1e 0100      		.word	1
 1395 0a20 0100      		.word	1
 1396 0a22 0100      		.word	1
 1397 0a24 0100      		.word	1
 1398 0a26 0100      		.word	1
 1399 0a28 0000      		.word	0
 1400 0a2a 0100      		.word	1
 1401 0a2c 0100      		.word	1
 1402 0a2e 0100      		.word	1
 1403 0a30 0000      		.word	0
 1404 0a32 0100      		.word	1
 1405 0a34 0100      		.word	1
 1406 0a36 0100      		.word	1
 1407 0a38 0100      		.word	1
 1408 0a3a 0100      		.word	1
 1409 0a3c 0100      		.word	1
 1410 0a3e 0100      		.word	1
 1411 0a40 0100      		.word	1
 1412 0a42 0000      		.word	0
 1413 0a44 0100      		.word	1
 1414 0a46 0000      		.word	0
 1415 0a48 0000      		.word	0
 1416 0a4a 0100      		.word	1
 1417 0a4c 0100      		.word	1
 1418 0a4e 0100      		.word	1
 1419 0a50 0100      		.word	1
 1420 0a52 0100      		.word	1
 1421 0a54 0100      		.word	1
 1422 0a56 0100      		.word	1
 1423 0a58 0100      		.word	1
 1424 0a5a 0100      		.word	1
 1425 0a5c 0100      		.word	1
 1426 0a5e 0100      		.word	1
 1427 0a60 0100      		.word	1
 1428 0a62 0100      		.word	1
 1429 0a64 0100      		.word	1
 1430 0a66 0100      		.word	1
 1431 0a68 0100      		.word	1
 1432 0a6a 0100      		.word	1
 1433 0a6c 0000      		.word	0
 1434 0a6e 0100      		.word	1
 1435 0a70 0100      		.word	1
 1436 0a72 0100      		.word	1
 1437 0a74 0100      		.word	1
 1438 0a76 0100      		.word	1
 1439 0a78 0100      		.word	1
 1440 0a7a 0100      		.word	1
 1441 0a7c 0100      		.word	1
 1442 0a7e 0100      		.word	1
 1443 0a80 0100      		.word	1
 1444 0a82 0100      		.word	1
 1445 0a84 0000      		.word	0
 1446 0a86 0100      		.word	1
 1447 0a88 0100      		.word	1
 1448 0a8a 0000      		.word	0
 1449 0a8c 0100      		.word	1
 1450 0a8e 0100      		.word	1
 1451 0a90 0100      		.word	1
 1452 0a92 0100      		.word	1
 1453 0a94 0100      		.word	1
 1454 0a96 0100      		.word	1
 1455 0a98 0100      		.word	1
 1456 0a9a 0100      		.word	1
 1457 0a9c 0100      		.word	1
 1458 0a9e 0100      		.word	1
 1459 0aa0 0100      		.word	1
 1460 0aa2 0000      		.word	0
 1461 0aa4 0100      		.word	1
 1462 0aa6 0100      		.word	1
 1463 0aa8 0100      		.word	1
 1464 0aaa 0100      		.word	1
 1465 0aac 0100      		.word	1
 1466 0aae 0100      		.word	1
 1467 0ab0 0100      		.word	1
 1468 0ab2 0100      		.word	1
 1469 0ab4 0100      		.word	1
 1470 0ab6 0100      		.word	1
 1471 0ab8 0100      		.word	1
 1472 0aba 0100      		.word	1
 1473 0abc 0000      		.word	0
 1474 0abe 0100      		.word	1
 1475 0ac0 0100      		.word	1
 1476 0ac2 0100      		.word	1
 1477 0ac4 0100      		.word	1
 1478 0ac6 0100      		.word	1
 1479 0ac8 0100      		.word	1
 1480 0aca 0100      		.word	1
 1481 0acc 0100      		.word	1
 1482 0ace 0100      		.word	1
 1483 0ad0 0100      		.word	1
 1484 0ad2 0100      		.word	1
 1485 0ad4 0100      		.word	1
 1486 0ad6 0100      		.word	1
 1487 0ad8 0100      		.word	1
 1488 0ada 0100      		.word	1
 1489 0adc 0000      		.word	0
 1490 0ade 0100      		.word	1
 1491 0ae0 0100      		.word	1
 1492 0ae2 0100      		.word	1
 1493 0ae4 0000      		.word	0
 1494 0ae6 0100      		.word	1
 1495 0ae8 0100      		.word	1
 1496 0aea 0100      		.word	1
 1497 0aec 0100      		.word	1
 1498 0aee 0100      		.word	1
 1499 0af0 0100      		.word	1
 1500 0af2 0100      		.word	1
 1501 0af4 0100      		.word	1
 1502 0af6 0100      		.word	1
 1503 0af8 0100      		.word	1
 1504 0afa 0000      		.word	0
 1505 0afc 0100      		.word	1
 1506 0afe 0100      		.word	1
 1507 0b00 0100      		.word	1
 1508 0b02 0000      		.word	0
 1509 0b04 0100      		.word	1
 1510 0b06 0100      		.word	1
 1511 0b08 0100      		.word	1
 1512 0b0a 0100      		.word	1
 1513 0b0c 0100      		.word	1
 1514 0b0e 0100      		.word	1
 1515 0b10 0100      		.word	1
 1516 0b12 0100      		.word	1
 1517 0b14 0100      		.word	1
 1518 0b16 0100      		.word	1
 1519 0b18 0000      		.word	0
 1520 0b1a 0100      		.word	1
 1521 0b1c 0100      		.word	1
 1522 0b1e 0100      		.word	1
 1523 0b20 0000      		.word	0
 1524 0b22 0100      		.word	1
 1525 0b24 0100      		.word	1
 1526 0b26 0100      		.word	1
 1527 0b28 0100      		.word	1
 1528 0b2a 0100      		.word	1
 1529 0b2c 0100      		.word	1
 1530 0b2e 0100      		.word	1
 1531 0b30 0100      		.word	1
 1532 0b32 0000      		.word	0
 1533 0b34 0100      		.word	1
 1534 0b36 0000      		.word	0
 1535 0b38 0000      		.word	0
 1536 0b3a 0100      		.word	1
 1537 0b3c 0100      		.word	1
 1538 0b3e 0100      		.word	1
 1539 0b40 0100      		.word	1
 1540 0b42 0100      		.word	1
 1541 0b44 0100      		.word	1
 1542 0b46 0100      		.word	1
 1543 0b48 0100      		.word	1
 1544 0b4a 0100      		.word	1
 1545 0b4c 0100      		.word	1
 1546 0b4e 0100      		.word	1
 1547 0b50 0100      		.word	1
 1548 0b52 0100      		.word	1
 1549 0b54 0100      		.word	1
 1550 0b56 0100      		.word	1
 1551 0b58 0100      		.word	1
 1552 0b5a 0100      		.word	1
 1553 0b5c 0000      		.word	0
 1554 0b5e 0100      		.word	1
 1555 0b60 0100      		.word	1
 1556 0b62 0100      		.word	1
 1557 0b64 0100      		.word	1
 1558 0b66 0100      		.word	1
 1559 0b68 0100      		.word	1
 1560 0b6a 0100      		.word	1
 1561 0b6c 0100      		.word	1
 1562 0b6e 0100      		.word	1
 1563 0b70 0100      		.word	1
 1564 0b72 0100      		.word	1
 1565 0b74 0000      		.word	0
 1566 0b76 0100      		.word	1
 1567 0b78 0100      		.word	1
 1568 0b7a 0000      		.word	0
 1569 0b7c 0100      		.word	1
 1570 0b7e 0100      		.word	1
 1571 0b80 0100      		.word	1
 1572 0b82 0100      		.word	1
 1573 0b84 0100      		.word	1
 1574 0b86 0100      		.word	1
 1575 0b88 0100      		.word	1
 1576 0b8a 0100      		.word	1
 1577 0b8c 0100      		.word	1
 1578 0b8e 0100      		.word	1
 1579 0b90 0100      		.word	1
 1580 0b92 0000      		.word	0
 1581 0b94 0100      		.word	1
 1582 0b96 0100      		.word	1
 1583 0b98 0100      		.word	1
 1584 0b9a 0100      		.word	1
 1585 0b9c 0100      		.word	1
 1586 0b9e 0100      		.word	1
 1587 0ba0 0100      		.word	1
 1588 0ba2 0100      		.word	1
 1589 0ba4 0100      		.word	1
 1590 0ba6 0100      		.word	1
 1591 0ba8 0100      		.word	1
 1592 0baa 0100      		.word	1
 1593 0bac 0000      		.word	0
 1594 0bae 0100      		.word	1
 1595 0bb0 0100      		.word	1
 1596 0bb2 0100      		.word	1
 1597 0bb4 0100      		.word	1
 1598 0bb6 0100      		.word	1
 1599 0bb8 0100      		.word	1
 1600 0bba 0100      		.word	1
 1601 0bbc 0100      		.word	1
 1602 0bbe 0100      		.word	1
 1603 0bc0 0100      		.word	1
 1604 0bc2 0100      		.word	1
 1605 0bc4 0100      		.word	1
 1606 0bc6 0100      		.word	1
 1607 0bc8 0100      		.word	1
 1608 0bca 0100      		.word	1
 1609 0bcc 0000      		.word	0
 1610 0bce 0100      		.word	1
 1611 0bd0 0100      		.word	1
 1612 0bd2 0100      		.word	1
 1613 0bd4 0000      		.word	0
 1614 0bd6 0100      		.word	1
 1615 0bd8 0100      		.word	1
 1616 0bda 0100      		.word	1
 1617 0bdc 0100      		.word	1
 1618 0bde 0100      		.word	1
 1619 0be0 0100      		.word	1
 1620 0be2 0100      		.word	1
 1621 0be4 0100      		.word	1
 1622 0be6 0100      		.word	1
 1623 0be8 0100      		.word	1
 1624 0bea 0000      		.word	0
 1625 0bec 0100      		.word	1
 1626 0bee 0100      		.word	1
 1627 0bf0 0100      		.word	1
 1628 0bf2 0000      		.word	0
 1629 0bf4 0100      		.word	1
 1630 0bf6 0100      		.word	1
 1631 0bf8 0100      		.word	1
 1632 0bfa 0100      		.word	1
 1633 0bfc 0100      		.word	1
 1634 0bfe 0100      		.word	1
 1635 0c00 0100      		.word	1
 1636 0c02 0100      		.word	1
 1637 0c04 0100      		.word	1
 1638 0c06 0100      		.word	1
 1639 0c08 0000      		.word	0
 1640 0c0a 0100      		.word	1
 1641 0c0c 0100      		.word	1
 1642 0c0e 0100      		.word	1
 1643 0c10 0000      		.word	0
 1644 0c12 0100      		.word	1
 1645 0c14 0100      		.word	1
 1646 0c16 0100      		.word	1
 1647 0c18 0100      		.word	1
 1648 0c1a 0100      		.word	1
 1649 0c1c 0100      		.word	1
 1650 0c1e 0100      		.word	1
 1651 0c20 0100      		.word	1
 1652 0c22 0000      		.word	0
 1653 0c24 0100      		.word	1
 1654 0c26 0000      		.word	0
 1655 0c28 0000      		.word	0
 1656 0c2a 0100      		.word	1
 1657 0c2c 0100      		.word	1
 1658 0c2e 0100      		.word	1
 1659 0c30 0100      		.word	1
 1660 0c32 0100      		.word	1
 1661 0c34 0100      		.word	1
 1662 0c36 0100      		.word	1
 1663 0c38 0100      		.word	1
 1664 0c3a 0100      		.word	1
 1665 0c3c 0100      		.word	1
 1666 0c3e 0100      		.word	1
 1667 0c40 0100      		.word	1
 1668 0c42 0100      		.word	1
 1669 0c44 0100      		.word	1
 1670 0c46 0100      		.word	1
 1671 0c48 0100      		.word	1
 1672 0c4a 0100      		.word	1
 1673 0c4c 0000      		.word	0
 1674 0c4e 0100      		.word	1
 1675 0c50 0100      		.word	1
 1676 0c52 0100      		.word	1
 1677 0c54 0100      		.word	1
 1678 0c56 0100      		.word	1
 1679 0c58 0100      		.word	1
 1680 0c5a 0100      		.word	1
 1681 0c5c 0100      		.word	1
 1682 0c5e 0100      		.word	1
 1683 0c60 0100      		.word	1
 1684 0c62 0100      		.word	1
 1685 0c64 0000      		.word	0
 1686 0c66 0100      		.word	1
 1687 0c68 0100      		.word	1
 1688 0c6a 0000      		.word	0
 1689 0c6c 0100      		.word	1
 1690 0c6e 0100      		.word	1
 1691 0c70 0100      		.word	1
 1692 0c72 0100      		.word	1
 1693 0c74 0100      		.word	1
 1694 0c76 0100      		.word	1
 1695 0c78 0100      		.word	1
 1696 0c7a 0100      		.word	1
 1697 0c7c 0100      		.word	1
 1698 0c7e 0100      		.word	1
 1699 0c80 0100      		.word	1
 1700 0c82 0000      		.word	0
 1701 0c84 0100      		.word	1
 1702 0c86 0100      		.word	1
 1703 0c88 0100      		.word	1
 1704 0c8a 0100      		.word	1
 1705 0c8c 0100      		.word	1
 1706 0c8e 0100      		.word	1
 1707 0c90 0100      		.word	1
 1708 0c92 0100      		.word	1
 1709 0c94 0100      		.word	1
 1710 0c96 0100      		.word	1
 1711 0c98 0100      		.word	1
 1712 0c9a 0100      		.word	1
 1713 0c9c 0000      		.word	0
 1714 0c9e 0100      		.word	1
 1715 0ca0 0100      		.word	1
 1716 0ca2 0100      		.word	1
 1717 0ca4 0100      		.word	1
 1718 0ca6 0100      		.word	1
 1719 0ca8 0100      		.word	1
 1720 0caa 0100      		.word	1
 1721 0cac 0100      		.word	1
 1722 0cae 0100      		.word	1
 1723 0cb0 0100      		.word	1
 1724 0cb2 0100      		.word	1
 1725 0cb4 0100      		.word	1
 1726 0cb6 0100      		.word	1
 1727 0cb8 0100      		.word	1
 1728 0cba 0100      		.word	1
 1729 0cbc 0000      		.word	0
 1730 0cbe 0100      		.word	1
 1731 0cc0 0100      		.word	1
 1732 0cc2 0100      		.word	1
 1733 0cc4 0000      		.word	0
 1734 0cc6 0100      		.word	1
 1735 0cc8 0100      		.word	1
 1736 0cca 0100      		.word	1
 1737 0ccc 0100      		.word	1
 1738 0cce 0100      		.word	1
 1739 0cd0 0100      		.word	1
 1740 0cd2 0100      		.word	1
 1741 0cd4 0100      		.word	1
 1742 0cd6 0100      		.word	1
 1743 0cd8 0100      		.word	1
 1744 0cda 0000      		.word	0
 1745 0cdc 0100      		.word	1
 1746 0cde 0100      		.word	1
 1747 0ce0 0100      		.word	1
 1748 0ce2 0000      		.word	0
 1749 0ce4 0100      		.word	1
 1750 0ce6 0100      		.word	1
 1751 0ce8 0100      		.word	1
 1752 0cea 0100      		.word	1
 1753 0cec 0100      		.word	1
 1754 0cee 0100      		.word	1
 1755 0cf0 0100      		.word	1
 1756 0cf2 0100      		.word	1
 1757 0cf4 0100      		.word	1
 1758 0cf6 0100      		.word	1
 1759 0cf8 0000      		.word	0
 1760 0cfa 0100      		.word	1
 1761 0cfc 0100      		.word	1
 1762 0cfe 0100      		.word	1
 1763 0d00 0000      		.word	0
 1764 0d02 0100      		.word	1
 1765 0d04 0100      		.word	1
 1766 0d06 0100      		.word	1
 1767 0d08 0100      		.word	1
 1768 0d0a 0100      		.word	1
 1769 0d0c 0100      		.word	1
 1770 0d0e 0100      		.word	1
 1771 0d10 0100      		.word	1
 1772 0d12 0000      		.word	0
 1773 0d14 0100      		.word	1
 1774 0d16 0000      		.word	0
 1775 0d18 0000      		.word	0
 1776 0d1a 0100      		.word	1
 1777 0d1c 0100      		.word	1
 1778 0d1e 0100      		.word	1
 1779 0d20 0100      		.word	1
 1780 0d22 0100      		.word	1
 1781 0d24 0100      		.word	1
 1782 0d26 0100      		.word	1
 1783 0d28 0100      		.word	1
 1784 0d2a 0100      		.word	1
 1785 0d2c 0100      		.word	1
 1786 0d2e 0100      		.word	1
 1787 0d30 0100      		.word	1
 1788 0d32 0100      		.word	1
 1789 0d34 0100      		.word	1
 1790 0d36 0100      		.word	1
 1791 0d38 0100      		.word	1
 1792 0d3a 0100      		.word	1
 1793 0d3c 0000      		.word	0
 1794 0d3e 0100      		.word	1
 1795 0d40 0100      		.word	1
 1796 0d42 0100      		.word	1
 1797 0d44 0100      		.word	1
 1798 0d46 0100      		.word	1
 1799 0d48 0100      		.word	1
 1800 0d4a 0100      		.word	1
 1801 0d4c 0100      		.word	1
 1802 0d4e 0100      		.word	1
 1803 0d50 0100      		.word	1
 1804 0d52 0100      		.word	1
 1805 0d54 0000      		.word	0
 1806 0d56 0100      		.word	1
 1807 0d58 0100      		.word	1
 1808 0d5a 0000      		.word	0
 1809 0d5c 0100      		.word	1
 1810 0d5e 0100      		.word	1
 1811 0d60 0100      		.word	1
 1812 0d62 0100      		.word	1
 1813 0d64 0100      		.word	1
 1814 0d66 0100      		.word	1
 1815 0d68 0100      		.word	1
 1816 0d6a 0100      		.word	1
 1817 0d6c 0100      		.word	1
 1818 0d6e 0100      		.word	1
 1819 0d70 0100      		.word	1
 1820 0d72 0000      		.word	0
 1821 0d74 0100      		.word	1
 1822 0d76 0100      		.word	1
 1823 0d78 0100      		.word	1
 1824 0d7a 0100      		.word	1
 1825 0d7c 0100      		.word	1
 1826 0d7e 0100      		.word	1
 1827 0d80 0100      		.word	1
 1828 0d82 0100      		.word	1
 1829 0d84 0100      		.word	1
 1830 0d86 0100      		.word	1
 1831 0d88 0100      		.word	1
 1832 0d8a 0100      		.word	1
 1833 0d8c 0000      		.word	0
 1834 0d8e 0100      		.word	1
 1835 0d90 0100      		.word	1
 1836 0d92 0100      		.word	1
 1837 0d94 0100      		.word	1
 1838 0d96 0100      		.word	1
 1839 0d98 0100      		.word	1
 1840 0d9a 0100      		.word	1
 1841 0d9c 0100      		.word	1
 1842 0d9e 0100      		.word	1
 1843 0da0 0100      		.word	1
 1844 0da2 0100      		.word	1
 1845 0da4 0100      		.word	1
 1846 0da6 0100      		.word	1
 1847 0da8 0100      		.word	1
 1848 0daa 0100      		.word	1
 1849 0dac 0000      		.word	0
 1850 0dae 0100      		.word	1
 1851 0db0 0100      		.word	1
 1852 0db2 0100      		.word	1
 1853 0db4 0000      		.word	0
 1854 0db6 0100      		.word	1
 1855 0db8 0100      		.word	1
 1856 0dba 0100      		.word	1
 1857 0dbc 0100      		.word	1
 1858 0dbe 0100      		.word	1
 1859 0dc0 0100      		.word	1
 1860 0dc2 0100      		.word	1
 1861 0dc4 0100      		.word	1
 1862 0dc6 0100      		.word	1
 1863 0dc8 0100      		.word	1
 1864 0dca 0000      		.word	0
 1865 0dcc 0100      		.word	1
 1866 0dce 0100      		.word	1
 1867 0dd0 0100      		.word	1
 1868 0dd2 0000      		.word	0
 1869 0dd4 0100      		.word	1
 1870 0dd6 0100      		.word	1
 1871 0dd8 0100      		.word	1
 1872 0dda 0100      		.word	1
 1873 0ddc 0100      		.word	1
 1874 0dde 0100      		.word	1
 1875 0de0 0100      		.word	1
 1876 0de2 0100      		.word	1
 1877 0de4 0100      		.word	1
 1878 0de6 0100      		.word	1
 1879 0de8 0000      		.word	0
 1880 0dea 0100      		.word	1
 1881 0dec 0100      		.word	1
 1882 0dee 0100      		.word	1
 1883 0df0 0000      		.word	0
 1884 0df2 0100      		.word	1
 1885 0df4 0100      		.word	1
 1886 0df6 0100      		.word	1
 1887 0df8 0100      		.word	1
 1888 0dfa 0100      		.word	1
 1889 0dfc 0100      		.word	1
 1890 0dfe 0100      		.word	1
 1891 0e00 0100      		.word	1
 1892 0e02 0000      		.word	0
 1893 0e04 0100      		.word	1
 1894 0e06 0000      		.word	0
 1895 0e08 0000      		.word	0
 1896 0e0a 0100      		.word	1
 1897 0e0c 0100      		.word	1
 1898 0e0e 0100      		.word	1
 1899 0e10 0100      		.word	1
 1900 0e12 0100      		.word	1
 1901 0e14 0100      		.word	1
 1902 0e16 0100      		.word	1
 1903 0e18 0100      		.word	1
 1904 0e1a 0100      		.word	1
 1905 0e1c 0100      		.word	1
 1906 0e1e 0100      		.word	1
 1907 0e20 0100      		.word	1
 1908 0e22 0100      		.word	1
 1909 0e24 0100      		.word	1
 1910 0e26 0100      		.word	1
 1911 0e28 0100      		.word	1
 1912 0e2a 0100      		.word	1
 1913 0e2c 0000      		.word	0
 1914 0e2e 0100      		.word	1
 1915 0e30 0100      		.word	1
 1916 0e32 0100      		.word	1
 1917 0e34 0100      		.word	1
 1918 0e36 0100      		.word	1
 1919 0e38 0100      		.word	1
 1920 0e3a 0100      		.word	1
 1921 0e3c 0100      		.word	1
 1922 0e3e 0100      		.word	1
 1923 0e40 0100      		.word	1
 1924 0e42 0100      		.word	1
 1925 0e44 0000      		.word	0
 1926 0e46 0100      		.word	1
 1927 0e48 0100      		.word	1
 1928 0e4a 0000      		.word	0
 1929 0e4c 0100      		.word	1
 1930 0e4e 0100      		.word	1
 1931 0e50 0100      		.word	1
 1932 0e52 0100      		.word	1
 1933 0e54 0100      		.word	1
 1934 0e56 0100      		.word	1
 1935 0e58 0100      		.word	1
 1936 0e5a 0100      		.word	1
 1937 0e5c 0100      		.word	1
 1938 0e5e 0100      		.word	1
 1939 0e60 0100      		.word	1
 1940 0e62 0000      		.word	0
 1941 0e64 0100      		.word	1
 1942 0e66 0100      		.word	1
 1943 0e68 0100      		.word	1
 1944 0e6a 0100      		.word	1
 1945 0e6c 0100      		.word	1
 1946 0e6e 0100      		.word	1
 1947 0e70 0100      		.word	1
 1948 0e72 0100      		.word	1
 1949 0e74 0100      		.word	1
 1950 0e76 0100      		.word	1
 1951 0e78 0100      		.word	1
 1952 0e7a 0100      		.word	1
 1953 0e7c 0000      		.word	0
 1954 0e7e 0100      		.word	1
 1955 0e80 0100      		.word	1
 1956 0e82 0100      		.word	1
 1957 0e84 0100      		.word	1
 1958 0e86 0100      		.word	1
 1959 0e88 0100      		.word	1
 1960 0e8a 0100      		.word	1
 1961 0e8c 0100      		.word	1
 1962 0e8e 0100      		.word	1
 1963 0e90 0100      		.word	1
 1964 0e92 0100      		.word	1
 1965 0e94 0100      		.word	1
 1966 0e96 0100      		.word	1
 1967 0e98 0100      		.word	1
 1968 0e9a 0100      		.word	1
 1969 0e9c 0000      		.word	0
 1970 0e9e 0100      		.word	1
 1971 0ea0 0100      		.word	1
 1972 0ea2 0100      		.word	1
 1973 0ea4 0000      		.word	0
 1974 0ea6 0100      		.word	1
 1975 0ea8 0100      		.word	1
 1976 0eaa 0100      		.word	1
 1977 0eac 0100      		.word	1
 1978 0eae 0100      		.word	1
 1979 0eb0 0100      		.word	1
 1980 0eb2 0100      		.word	1
 1981 0eb4 0100      		.word	1
 1982 0eb6 0100      		.word	1
 1983 0eb8 0100      		.word	1
 1984 0eba 0000      		.word	0
 1985 0ebc 0100      		.word	1
 1986 0ebe 0100      		.word	1
 1987 0ec0 0100      		.word	1
 1988 0ec2 0000      		.word	0
 1989 0ec4 0100      		.word	1
 1990 0ec6 0100      		.word	1
 1991 0ec8 0100      		.word	1
 1992 0eca 0100      		.word	1
 1993 0ecc 0100      		.word	1
 1994 0ece 0100      		.word	1
 1995 0ed0 0100      		.word	1
 1996 0ed2 0100      		.word	1
 1997 0ed4 0100      		.word	1
 1998 0ed6 0100      		.word	1
 1999 0ed8 0000      		.word	0
 2000 0eda 0100      		.word	1
 2001 0edc 0100      		.word	1
 2002 0ede 0100      		.word	1
 2003 0ee0 0000      		.word	0
 2004 0ee2 0100      		.word	1
 2005 0ee4 0100      		.word	1
 2006 0ee6 0100      		.word	1
 2007 0ee8 0100      		.word	1
 2008 0eea 0100      		.word	1
 2009 0eec 0100      		.word	1
 2010 0eee 0100      		.word	1
 2011 0ef0 0100      		.word	1
 2012 0ef2 0000      		.word	0
 2013 0ef4 0100      		.word	1
 2014 0ef6 0000      		.word	0
 2015 0ef8 0000      		.word	0
 2016 0efa 0100      		.word	1
 2017 0efc 0100      		.word	1
 2018 0efe 0100      		.word	1
 2019               		.text
 2020               	.Letext0:
 2021               		.file 2 "/usr/avr/include/stdint.h"
 2022               		.file 3 "/usr/lib/gcc/avr/8.3.0/include/stddef.h"
 2023               		.file 4 "tmk_core/common/keyboard.h"
 2024               		.file 5 "tmk_core/common/keycode.h"
 2025               		.file 6 "tmk_core/common/action.h"
 2026               		.file 7 "lib/lufa/LUFA/Drivers/USB/Core/AVR8/../StdRequestType.h"
 2027               		.file 8 "lib/lufa/LUFA/Drivers/USB/Core/AVR8/../DeviceStandardReq.h"
 2028               		.file 9 "lib/lufa/LUFA/Drivers/USB/Core/USBTask.h"
 2029               		.file 10 "lib/lufa/LUFA/Drivers/USB/Core/HostStandardReq.h"
 2030               		.file 11 "/usr/avr/include/stdio.h"
 2031               		.file 12 "tmk_core/common/report.h"
 2032               		.file 13 "tmk_core/common/host.h"
 2033               		.file 14 "tmk_core/common/debug.h"
 2034               		.file 15 "quantum/keycode_config.h"
 2035               		.file 16 "quantum/quantum_keycodes.h"
 2036               		.file 17 "quantum/keymap.h"
 2037               		.file 18 "tmk_core/common/action_layer.h"
 2038               		.file 19 "tmk_core/common/timer.h"
 2039               		.file 20 "tmk_core/common/action_util.h"
 2040               		.file 21 "/usr/avr/include/stdlib.h"
 2041               		.file 22 "quantum/quantum.h"
DEFINED SYMBOLS
                            *ABS*:0000000000000000 keymap.c
     /tmp/ccH7olMX.s:2      *ABS*:000000000000003e __SP_H__
     /tmp/ccH7olMX.s:3      *ABS*:000000000000003d __SP_L__
     /tmp/ccH7olMX.s:4      *ABS*:000000000000003f __SREG__
     /tmp/ccH7olMX.s:5      *ABS*:000000000000003b __RAMPZ__
     /tmp/ccH7olMX.s:6      *ABS*:0000000000000000 __tmp_reg__
     /tmp/ccH7olMX.s:7      *ABS*:0000000000000001 __zero_reg__
     /tmp/ccH7olMX.s:14     .text.matrix_init_user:0000000000000000 matrix_init_user
     /tmp/ccH7olMX.s:32     .text.matrix_scan_user:0000000000000000 matrix_scan_user
     /tmp/ccH7olMX.s:47     .text.process_record_user:0000000000000000 process_record_user
     /tmp/ccH7olMX.s:69     .text.led_set_user:0000000000000000 led_set_user
     /tmp/ccH7olMX.s:98     .progmem.data.keymaps:0000000000000000 keymaps

NO UNDEFINED SYMBOLS
