   1               		.file	"eeconfig.c"
   2               	__SP_H__ = 0x3e
   3               	__SP_L__ = 0x3d
   4               	__SREG__ = 0x3f
   5               	__RAMPZ__ = 0x3b
   6               	__tmp_reg__ = 0
   7               	__zero_reg__ = 1
   8               		.text
   9               	.Ltext0:
  10               		.cfi_sections	.debug_frame
  11               		.section	.text.eeconfig_init,"ax",@progbits
  12               	.global	eeconfig_init
  14               	eeconfig_init:
  15               	.LFB0:
  16               		.file 1 "./tmk_core/common/eeconfig.c"
   1:./tmk_core/common/eeconfig.c **** #include <stdint.h>
   2:./tmk_core/common/eeconfig.c **** #include <stdbool.h>
   3:./tmk_core/common/eeconfig.c **** #include "eeprom.h"
   4:./tmk_core/common/eeconfig.c **** #include "eeconfig.h"
   5:./tmk_core/common/eeconfig.c **** 
   6:./tmk_core/common/eeconfig.c **** void eeconfig_init(void)
   7:./tmk_core/common/eeconfig.c **** {
  17               		.loc 1 7 1 view -0
  18               		.cfi_startproc
  19               	/* prologue: function */
  20               	/* frame size = 0 */
  21               	/* stack size = 0 */
  22               	.L__stack_usage = 0
   8:./tmk_core/common/eeconfig.c ****     eeprom_update_word(EECONFIG_MAGIC,          EECONFIG_MAGIC_NUMBER);
  23               		.loc 1 8 5 view .LVU1
  24 0000 6DEE      		ldi r22,lo8(-19)
  25 0002 7EEF      		ldi r23,lo8(-2)
  26 0004 90E0      		ldi r25,0
  27 0006 80E0      		ldi r24,0
  28 0008 0E94 0000 		call eeprom_update_word
  29               	.LVL0:
   9:./tmk_core/common/eeconfig.c ****     eeprom_update_byte(EECONFIG_DEBUG,          0);
  30               		.loc 1 9 5 view .LVU2
  31 000c 60E0      		ldi r22,0
  32 000e 82E0      		ldi r24,lo8(2)
  33 0010 90E0      		ldi r25,0
  34 0012 0E94 0000 		call eeprom_update_byte
  35               	.LVL1:
  10:./tmk_core/common/eeconfig.c ****     eeprom_update_byte(EECONFIG_DEFAULT_LAYER,  0);
  36               		.loc 1 10 5 view .LVU3
  37 0016 60E0      		ldi r22,0
  38 0018 83E0      		ldi r24,lo8(3)
  39 001a 90E0      		ldi r25,0
  40 001c 0E94 0000 		call eeprom_update_byte
  41               	.LVL2:
  11:./tmk_core/common/eeconfig.c ****     eeprom_update_byte(EECONFIG_KEYMAP,         0);
  42               		.loc 1 11 5 view .LVU4
  43 0020 60E0      		ldi r22,0
  44 0022 84E0      		ldi r24,lo8(4)
  45 0024 90E0      		ldi r25,0
  46 0026 0E94 0000 		call eeprom_update_byte
  47               	.LVL3:
  12:./tmk_core/common/eeconfig.c ****     eeprom_update_byte(EECONFIG_MOUSEKEY_ACCEL, 0);
  48               		.loc 1 12 5 view .LVU5
  49 002a 60E0      		ldi r22,0
  50 002c 85E0      		ldi r24,lo8(5)
  51 002e 90E0      		ldi r25,0
  52 0030 0C94 0000 		jmp eeprom_update_byte
  53               	.LVL4:
  54               		.cfi_endproc
  55               	.LFE0:
  57               		.section	.text.eeconfig_enable,"ax",@progbits
  58               	.global	eeconfig_enable
  60               	eeconfig_enable:
  61               	.LFB1:
  13:./tmk_core/common/eeconfig.c **** #ifdef BACKLIGHT_ENABLE
  14:./tmk_core/common/eeconfig.c ****     eeprom_update_byte(EECONFIG_BACKLIGHT,      0);
  15:./tmk_core/common/eeconfig.c **** #endif
  16:./tmk_core/common/eeconfig.c **** #ifdef AUDIO_ENABLE
  17:./tmk_core/common/eeconfig.c ****     eeprom_update_byte(EECONFIG_AUDIO,             0xFF); // On by default
  18:./tmk_core/common/eeconfig.c **** #endif
  19:./tmk_core/common/eeconfig.c **** #ifdef RGBLIGHT_ENABLE
  20:./tmk_core/common/eeconfig.c ****     eeprom_update_dword(EECONFIG_RGBLIGHT,      0);
  21:./tmk_core/common/eeconfig.c **** #endif
  22:./tmk_core/common/eeconfig.c **** }
  23:./tmk_core/common/eeconfig.c **** 
  24:./tmk_core/common/eeconfig.c **** void eeconfig_enable(void)
  25:./tmk_core/common/eeconfig.c **** {
  62               		.loc 1 25 1 view -0
  63               		.cfi_startproc
  64               	/* prologue: function */
  65               	/* frame size = 0 */
  66               	/* stack size = 0 */
  67               	.L__stack_usage = 0
  26:./tmk_core/common/eeconfig.c ****     eeprom_update_word(EECONFIG_MAGIC, EECONFIG_MAGIC_NUMBER);
  68               		.loc 1 26 5 view .LVU7
  69 0000 6DEE      		ldi r22,lo8(-19)
  70 0002 7EEF      		ldi r23,lo8(-2)
  71 0004 90E0      		ldi r25,0
  72 0006 80E0      		ldi r24,0
  73 0008 0C94 0000 		jmp eeprom_update_word
  74               	.LVL5:
  75               		.cfi_endproc
  76               	.LFE1:
  78               		.section	.text.eeconfig_disable,"ax",@progbits
  79               	.global	eeconfig_disable
  81               	eeconfig_disable:
  82               	.LFB2:
  27:./tmk_core/common/eeconfig.c **** }
  28:./tmk_core/common/eeconfig.c **** 
  29:./tmk_core/common/eeconfig.c **** void eeconfig_disable(void)
  30:./tmk_core/common/eeconfig.c **** {
  83               		.loc 1 30 1 view -0
  84               		.cfi_startproc
  85               	/* prologue: function */
  86               	/* frame size = 0 */
  87               	/* stack size = 0 */
  88               	.L__stack_usage = 0
  31:./tmk_core/common/eeconfig.c ****     eeprom_update_word(EECONFIG_MAGIC, 0xFFFF);
  89               		.loc 1 31 5 view .LVU9
  90 0000 6FEF      		ldi r22,lo8(-1)
  91 0002 7FEF      		ldi r23,lo8(-1)
  92 0004 90E0      		ldi r25,0
  93 0006 80E0      		ldi r24,0
  94 0008 0C94 0000 		jmp eeprom_update_word
  95               	.LVL6:
  96               		.cfi_endproc
  97               	.LFE2:
  99               		.section	.text.eeconfig_is_enabled,"ax",@progbits
 100               	.global	eeconfig_is_enabled
 102               	eeconfig_is_enabled:
 103               	.LFB3:
  32:./tmk_core/common/eeconfig.c **** }
  33:./tmk_core/common/eeconfig.c **** 
  34:./tmk_core/common/eeconfig.c **** bool eeconfig_is_enabled(void)
  35:./tmk_core/common/eeconfig.c **** {
 104               		.loc 1 35 1 view -0
 105               		.cfi_startproc
 106               	/* prologue: function */
 107               	/* frame size = 0 */
 108               	/* stack size = 0 */
 109               	.L__stack_usage = 0
  36:./tmk_core/common/eeconfig.c ****     return (eeprom_read_word(EECONFIG_MAGIC) == EECONFIG_MAGIC_NUMBER);
 110               		.loc 1 36 5 view .LVU11
 111               		.loc 1 36 13 is_stmt 0 view .LVU12
 112 0000 90E0      		ldi r25,0
 113 0002 80E0      		ldi r24,0
 114 0004 0E94 0000 		call eeprom_read_word
 115               	.LVL7:
 116               		.loc 1 36 46 view .LVU13
 117 0008 21E0      		ldi r18,lo8(1)
 118 000a 8D3E      		cpi r24,-19
 119 000c 9E4F      		sbci r25,-2
 120 000e 01F0      		breq .L5
 121 0010 20E0      		ldi r18,0
 122               	.L5:
  37:./tmk_core/common/eeconfig.c **** }
 123               		.loc 1 37 1 view .LVU14
 124 0012 822F      		mov r24,r18
 125               	/* epilogue start */
 126 0014 0895      		ret
 127               		.cfi_endproc
 128               	.LFE3:
 130               		.section	.text.eeconfig_read_debug,"ax",@progbits
 131               	.global	eeconfig_read_debug
 133               	eeconfig_read_debug:
 134               	.LFB4:
  38:./tmk_core/common/eeconfig.c **** 
  39:./tmk_core/common/eeconfig.c **** uint8_t eeconfig_read_debug(void)      { return eeprom_read_byte(EECONFIG_DEBUG); }
 135               		.loc 1 39 40 is_stmt 1 view -0
 136               		.cfi_startproc
 137               	/* prologue: function */
 138               	/* frame size = 0 */
 139               	/* stack size = 0 */
 140               	.L__stack_usage = 0
 141               		.loc 1 39 42 view .LVU16
 142               		.loc 1 39 49 is_stmt 0 view .LVU17
 143 0000 82E0      		ldi r24,lo8(2)
 144 0002 90E0      		ldi r25,0
 145 0004 0C94 0000 		jmp eeprom_read_byte
 146               	.LVL8:
 147               		.cfi_endproc
 148               	.LFE4:
 150               		.section	.text.eeconfig_update_debug,"ax",@progbits
 151               	.global	eeconfig_update_debug
 153               	eeconfig_update_debug:
 154               	.LVL9:
 155               	.LFB5:
  40:./tmk_core/common/eeconfig.c **** void eeconfig_update_debug(uint8_t val) { eeprom_update_byte(EECONFIG_DEBUG, val); }
 156               		.loc 1 40 41 is_stmt 1 view -0
 157               		.cfi_startproc
 158               	/* prologue: function */
 159               	/* frame size = 0 */
 160               	/* stack size = 0 */
 161               	.L__stack_usage = 0
 162               		.loc 1 40 43 view .LVU19
 163 0000 682F      		mov r22,r24
 164 0002 82E0      		ldi r24,lo8(2)
 165 0004 90E0      		ldi r25,0
 166               	.LVL10:
 167               		.loc 1 40 43 is_stmt 0 view .LVU20
 168 0006 0C94 0000 		jmp eeprom_update_byte
 169               	.LVL11:
 170               		.loc 1 40 43 view .LVU21
 171               		.cfi_endproc
 172               	.LFE5:
 174               		.section	.text.eeconfig_read_default_layer,"ax",@progbits
 175               	.global	eeconfig_read_default_layer
 177               	eeconfig_read_default_layer:
 178               	.LFB6:
  41:./tmk_core/common/eeconfig.c **** 
  42:./tmk_core/common/eeconfig.c **** uint8_t eeconfig_read_default_layer(void)      { return eeprom_read_byte(EECONFIG_DEFAULT_LAYER); }
 179               		.loc 1 42 48 is_stmt 1 view -0
 180               		.cfi_startproc
 181               	/* prologue: function */
 182               	/* frame size = 0 */
 183               	/* stack size = 0 */
 184               	.L__stack_usage = 0
 185               		.loc 1 42 50 view .LVU23
 186               		.loc 1 42 57 is_stmt 0 view .LVU24
 187 0000 83E0      		ldi r24,lo8(3)
 188 0002 90E0      		ldi r25,0
 189 0004 0C94 0000 		jmp eeprom_read_byte
 190               	.LVL12:
 191               		.cfi_endproc
 192               	.LFE6:
 194               		.section	.text.eeconfig_update_default_layer,"ax",@progbits
 195               	.global	eeconfig_update_default_layer
 197               	eeconfig_update_default_layer:
 198               	.LVL13:
 199               	.LFB7:
  43:./tmk_core/common/eeconfig.c **** void eeconfig_update_default_layer(uint8_t val) { eeprom_update_byte(EECONFIG_DEFAULT_LAYER, val); 
 200               		.loc 1 43 49 is_stmt 1 view -0
 201               		.cfi_startproc
 202               	/* prologue: function */
 203               	/* frame size = 0 */
 204               	/* stack size = 0 */
 205               	.L__stack_usage = 0
 206               		.loc 1 43 51 view .LVU26
 207 0000 682F      		mov r22,r24
 208 0002 83E0      		ldi r24,lo8(3)
 209 0004 90E0      		ldi r25,0
 210               	.LVL14:
 211               		.loc 1 43 51 is_stmt 0 view .LVU27
 212 0006 0C94 0000 		jmp eeprom_update_byte
 213               	.LVL15:
 214               		.loc 1 43 51 view .LVU28
 215               		.cfi_endproc
 216               	.LFE7:
 218               		.section	.text.eeconfig_read_keymap,"ax",@progbits
 219               	.global	eeconfig_read_keymap
 221               	eeconfig_read_keymap:
 222               	.LFB8:
  44:./tmk_core/common/eeconfig.c **** 
  45:./tmk_core/common/eeconfig.c **** uint8_t eeconfig_read_keymap(void)      { return eeprom_read_byte(EECONFIG_KEYMAP); }
 223               		.loc 1 45 41 is_stmt 1 view -0
 224               		.cfi_startproc
 225               	/* prologue: function */
 226               	/* frame size = 0 */
 227               	/* stack size = 0 */
 228               	.L__stack_usage = 0
 229               		.loc 1 45 43 view .LVU30
 230               		.loc 1 45 50 is_stmt 0 view .LVU31
 231 0000 84E0      		ldi r24,lo8(4)
 232 0002 90E0      		ldi r25,0
 233 0004 0C94 0000 		jmp eeprom_read_byte
 234               	.LVL16:
 235               		.cfi_endproc
 236               	.LFE8:
 238               		.section	.text.eeconfig_update_keymap,"ax",@progbits
 239               	.global	eeconfig_update_keymap
 241               	eeconfig_update_keymap:
 242               	.LVL17:
 243               	.LFB9:
  46:./tmk_core/common/eeconfig.c **** void eeconfig_update_keymap(uint8_t val) { eeprom_update_byte(EECONFIG_KEYMAP, val); }
 244               		.loc 1 46 42 is_stmt 1 view -0
 245               		.cfi_startproc
 246               	/* prologue: function */
 247               	/* frame size = 0 */
 248               	/* stack size = 0 */
 249               	.L__stack_usage = 0
 250               		.loc 1 46 44 view .LVU33
 251 0000 682F      		mov r22,r24
 252 0002 84E0      		ldi r24,lo8(4)
 253 0004 90E0      		ldi r25,0
 254               	.LVL18:
 255               		.loc 1 46 44 is_stmt 0 view .LVU34
 256 0006 0C94 0000 		jmp eeprom_update_byte
 257               	.LVL19:
 258               		.loc 1 46 44 view .LVU35
 259               		.cfi_endproc
 260               	.LFE9:
 262               		.text
 263               	.Letext0:
 264               		.file 2 "/usr/avr/include/stdint.h"
 265               		.file 3 "/usr/avr/include/avr/eeprom.h"
DEFINED SYMBOLS
                            *ABS*:0000000000000000 eeconfig.c
     /tmp/ccgBrIkD.s:2      *ABS*:000000000000003e __SP_H__
     /tmp/ccgBrIkD.s:3      *ABS*:000000000000003d __SP_L__
     /tmp/ccgBrIkD.s:4      *ABS*:000000000000003f __SREG__
     /tmp/ccgBrIkD.s:5      *ABS*:000000000000003b __RAMPZ__
     /tmp/ccgBrIkD.s:6      *ABS*:0000000000000000 __tmp_reg__
     /tmp/ccgBrIkD.s:7      *ABS*:0000000000000001 __zero_reg__
     /tmp/ccgBrIkD.s:14     .text.eeconfig_init:0000000000000000 eeconfig_init
     /tmp/ccgBrIkD.s:60     .text.eeconfig_enable:0000000000000000 eeconfig_enable
     /tmp/ccgBrIkD.s:81     .text.eeconfig_disable:0000000000000000 eeconfig_disable
     /tmp/ccgBrIkD.s:102    .text.eeconfig_is_enabled:0000000000000000 eeconfig_is_enabled
     /tmp/ccgBrIkD.s:133    .text.eeconfig_read_debug:0000000000000000 eeconfig_read_debug
     /tmp/ccgBrIkD.s:153    .text.eeconfig_update_debug:0000000000000000 eeconfig_update_debug
     /tmp/ccgBrIkD.s:177    .text.eeconfig_read_default_layer:0000000000000000 eeconfig_read_default_layer
     /tmp/ccgBrIkD.s:197    .text.eeconfig_update_default_layer:0000000000000000 eeconfig_update_default_layer
     /tmp/ccgBrIkD.s:221    .text.eeconfig_read_keymap:0000000000000000 eeconfig_read_keymap
     /tmp/ccgBrIkD.s:241    .text.eeconfig_update_keymap:0000000000000000 eeconfig_update_keymap

UNDEFINED SYMBOLS
eeprom_update_word
eeprom_update_byte
eeprom_read_word
eeprom_read_byte
