   1               		.file	"keymap.c"
   2               	__SP_H__ = 0x3e
   3               	__SP_L__ = 0x3d
   4               	__SREG__ = 0x3f
   5               	__RAMPZ__ = 0x3b
   6               	__tmp_reg__ = 0
   7               	__zero_reg__ = 1
   8               		.text
   9               	.Ltext0:
  10               		.cfi_sections	.debug_frame
  11               		.section	.text.action_get_macro,"ax",@progbits
  12               	.global	action_get_macro
  14               	action_get_macro:
  15               	.LVL0:
  16               	.LFB111:
  17               		.file 1 "keyboards/kb/keymaps/default/keymap.c"
   1:keyboards/kb/keymaps/default/keymap.c **** #include "kb.h"
   2:keyboards/kb/keymaps/default/keymap.c **** 
   3:keyboards/kb/keymaps/default/keymap.c **** const uint16_t PROGMEM keymaps[][MATRIX_ROWS][MATRIX_COLS] = {
   4:keyboards/kb/keymaps/default/keymap.c **** 
   5:keyboards/kb/keymaps/default/keymap.c **** 	KEYMAP(
   6:keyboards/kb/keymaps/default/keymap.c **** 		KC_UP, KC_LEFT, KC_LGUI, KC_RGHT, KC_DOWN, KC_LALT, KC_P5, KC_P2, KC_PGDN, LCTL(LSFT(KC_TAB)), KC
   7:keyboards/kb/keymaps/default/keymap.c **** 		KC_SPC, KC_SPC, KC_SPC, KC_SPC, KC_SPC, KC_SPC, KC_SPC, KC_PEQL, KC_P8, KC_PGUP, KC_PGDN, KC_PDOT
   8:keyboards/kb/keymaps/default/keymap.c **** 		KC_SPC, KC_SPC, KC_SPC, KC_SPC, KC_SPC, KC_SPC, KC_LGUI, KC_END, KC_END, KC_HOME, KC_DEL, KC_P0, 
   9:keyboards/kb/keymaps/default/keymap.c **** 		KC_RSFT, KC_Z, KC_X, KC_C, KC_V, KC_B, KC_N, KC_M, KC_COMM, KC_DOT, KC_SLSH, MO(1), KC_PGDN, KC_E
  10:keyboards/kb/keymaps/default/keymap.c **** 		KC_LSFT, KC_A, KC_S, KC_D, KC_F, KC_G, KC_H, KC_J, KC_K, KC_L, KC_SCLN, KC_DEL, KC_MNXT, KC_BSLS,
  11:keyboards/kb/keymaps/default/keymap.c **** 		KC_LALT, KC_TAB, KC_Q, KC_W, KC_E, KC_R, KC_T, KC_Y, KC_U, KC_I, KC_O, KC_MPRV, KC_SPC, KC_RBRC, 
  12:keyboards/kb/keymaps/default/keymap.c **** 		KC_CAPS, KC_ESC, KC_1, KC_2, KC_3, KC_4, KC_5, KC_6, KC_7, KC_8, KC_9, KC_DEL, KC_BSPC, KC_EQL, K
  13:keyboards/kb/keymaps/default/keymap.c **** 		KC_LCTL, KC_F1, KC_F2, KC_F3, KC_F4, KC_F5, KC_F6, KC_F7, KC_F8, KC_F9, KC_F10, KC_MPLY, KC_PSCR,
  14:keyboards/kb/keymaps/default/keymap.c **** 
  15:keyboards/kb/keymaps/default/keymap.c **** 	KEYMAP(
  16:keyboards/kb/keymaps/default/keymap.c **** 		LCTL(LSFT(KC_T)), LCTL(LSFT(KC_TAB)), LCTL(KC_F), LCTL(KC_TAB), LCTL(KC_W), KC_TRNS, KC_TRNS, KC_
  17:keyboards/kb/keymaps/default/keymap.c **** 		KC_TRNS, KC_TRNS, KC_TRNS, KC_TRNS, KC_TRNS, KC_TRNS, KC_TRNS, KC_TRNS, KC_TRNS, KC_MPRV, KC_TRNS
  18:keyboards/kb/keymaps/default/keymap.c **** 		KC_TRNS, KC_TRNS, KC_TRNS, KC_TRNS, KC_TRNS, KC_TRNS, KC_TRNS, KC_MPLY, KC_TRNS, KC_MSTP, KC_TRNS
  19:keyboards/kb/keymaps/default/keymap.c **** 		KC_RALT, KC_TRNS, KC_TRNS, KC_TRNS, KC_TRNS, KC_TRNS, KC_TRNS, KC_TRNS, KC_TRNS, KC_TRNS, KC_TRNS
  20:keyboards/kb/keymaps/default/keymap.c **** 		KC_TRNS, KC_TRNS, KC_TRNS, KC_TRNS, KC_TRNS, KC_TRNS, KC_TRNS, KC_TRNS, KC_TRNS, KC_TRNS, KC_TRNS
  21:keyboards/kb/keymaps/default/keymap.c **** 		KC_TRNS, RESET, KC_TRNS, KC_TRNS, KC_TRNS, KC_TRNS, KC_TRNS, KC_TRNS, KC_TRNS, KC_TRNS, KC_TRNS, 
  22:keyboards/kb/keymaps/default/keymap.c **** 		KC_TRNS, KC_PWR, KC_TRNS, KC_TRNS, KC_TRNS, KC_TRNS, KC_TRNS, KC_TRNS, KC_TRNS, KC_TRNS, KC_TRNS,
  23:keyboards/kb/keymaps/default/keymap.c **** 		KC_TRNS, KC_F13, KC_F14, KC_F15, KC_F16, KC_F17, KC_F18, KC_F19, KC_F20, KC_F21, KC_F22, KC_MUTE,
  24:keyboards/kb/keymaps/default/keymap.c **** 
  25:keyboards/kb/keymaps/default/keymap.c **** 	KEYMAP(
  26:keyboards/kb/keymaps/default/keymap.c **** 		KC_TRNS, KC_TRNS, KC_TRNS, KC_TRNS, KC_TRNS, KC_TRNS, KC_TRNS, KC_TRNS, KC_TRNS, KC_TRNS, KC_TRNS
  27:keyboards/kb/keymaps/default/keymap.c **** 		KC_TRNS, KC_TRNS, KC_TRNS, KC_TRNS, KC_TRNS, KC_TRNS, KC_TRNS, KC_TRNS, KC_TRNS, KC_TRNS, KC_TRNS
  28:keyboards/kb/keymaps/default/keymap.c **** 		KC_TRNS, KC_TRNS, KC_TRNS, KC_TRNS, KC_TRNS, KC_TRNS, KC_TRNS, KC_TRNS, KC_TRNS, KC_TRNS, KC_TRNS
  29:keyboards/kb/keymaps/default/keymap.c **** 		KC_TRNS, KC_TRNS, KC_TRNS, KC_TRNS, KC_TRNS, KC_TRNS, KC_TRNS, KC_TRNS, KC_TRNS, KC_TRNS, KC_TRNS
  30:keyboards/kb/keymaps/default/keymap.c **** 		KC_TRNS, KC_TRNS, KC_TRNS, KC_TRNS, KC_TRNS, KC_TRNS, KC_TRNS, KC_TRNS, KC_TRNS, KC_TRNS, KC_TRNS
  31:keyboards/kb/keymaps/default/keymap.c **** 		KC_TRNS, KC_TRNS, KC_TRNS, KC_TRNS, KC_TRNS, KC_TRNS, KC_TRNS, KC_TRNS, KC_TRNS, KC_TRNS, KC_TRNS
  32:keyboards/kb/keymaps/default/keymap.c **** 		KC_TRNS, KC_TRNS, KC_TRNS, KC_TRNS, KC_TRNS, KC_TRNS, KC_TRNS, KC_TRNS, KC_TRNS, KC_TRNS, KC_TRNS
  33:keyboards/kb/keymaps/default/keymap.c **** 		KC_TRNS, KC_TRNS, KC_TRNS, KC_TRNS, KC_TRNS, KC_TRNS, KC_TRNS, KC_TRNS, KC_TRNS, KC_TRNS, KC_TRNS
  34:keyboards/kb/keymaps/default/keymap.c **** 
  35:keyboards/kb/keymaps/default/keymap.c **** 	KEYMAP(
  36:keyboards/kb/keymaps/default/keymap.c **** 		KC_TRNS, KC_TRNS, KC_TRNS, KC_TRNS, KC_TRNS, KC_TRNS, KC_TRNS, KC_TRNS, KC_TRNS, KC_TRNS, KC_TRNS
  37:keyboards/kb/keymaps/default/keymap.c **** 		KC_TRNS, KC_TRNS, KC_TRNS, KC_TRNS, KC_TRNS, KC_TRNS, KC_TRNS, KC_TRNS, KC_TRNS, KC_TRNS, KC_TRNS
  38:keyboards/kb/keymaps/default/keymap.c **** 		KC_TRNS, KC_TRNS, KC_TRNS, KC_TRNS, KC_TRNS, KC_TRNS, KC_TRNS, KC_TRNS, KC_TRNS, KC_TRNS, KC_TRNS
  39:keyboards/kb/keymaps/default/keymap.c **** 		KC_TRNS, KC_TRNS, KC_TRNS, KC_TRNS, KC_TRNS, KC_TRNS, KC_TRNS, KC_TRNS, KC_TRNS, KC_TRNS, KC_TRNS
  40:keyboards/kb/keymaps/default/keymap.c **** 		KC_TRNS, KC_TRNS, KC_TRNS, KC_TRNS, KC_TRNS, KC_TRNS, KC_TRNS, KC_TRNS, KC_TRNS, KC_TRNS, KC_TRNS
  41:keyboards/kb/keymaps/default/keymap.c **** 		KC_TRNS, KC_TRNS, KC_TRNS, KC_TRNS, KC_TRNS, KC_TRNS, KC_TRNS, KC_TRNS, KC_TRNS, KC_TRNS, KC_TRNS
  42:keyboards/kb/keymaps/default/keymap.c **** 		KC_TRNS, KC_TRNS, KC_TRNS, KC_TRNS, KC_TRNS, KC_TRNS, KC_TRNS, KC_TRNS, KC_TRNS, KC_TRNS, KC_TRNS
  43:keyboards/kb/keymaps/default/keymap.c **** 		KC_TRNS, KC_TRNS, KC_TRNS, KC_TRNS, KC_TRNS, KC_TRNS, KC_TRNS, KC_TRNS, KC_TRNS, KC_TRNS, KC_TRNS
  44:keyboards/kb/keymaps/default/keymap.c **** 
  45:keyboards/kb/keymaps/default/keymap.c **** 	KEYMAP(
  46:keyboards/kb/keymaps/default/keymap.c **** 		KC_TRNS, KC_TRNS, KC_TRNS, KC_TRNS, KC_TRNS, KC_TRNS, KC_TRNS, KC_TRNS, KC_TRNS, KC_TRNS, KC_TRNS
  47:keyboards/kb/keymaps/default/keymap.c **** 		KC_TRNS, KC_TRNS, KC_TRNS, KC_TRNS, KC_TRNS, KC_TRNS, KC_TRNS, KC_TRNS, KC_TRNS, KC_TRNS, KC_TRNS
  48:keyboards/kb/keymaps/default/keymap.c **** 		KC_TRNS, KC_TRNS, KC_TRNS, KC_TRNS, KC_TRNS, KC_TRNS, KC_TRNS, KC_TRNS, KC_TRNS, KC_TRNS, KC_TRNS
  49:keyboards/kb/keymaps/default/keymap.c **** 		KC_TRNS, KC_TRNS, KC_TRNS, KC_TRNS, KC_TRNS, KC_TRNS, KC_TRNS, KC_TRNS, KC_TRNS, KC_TRNS, KC_TRNS
  50:keyboards/kb/keymaps/default/keymap.c **** 		KC_TRNS, KC_TRNS, KC_TRNS, KC_TRNS, KC_TRNS, KC_TRNS, KC_TRNS, KC_TRNS, KC_TRNS, KC_TRNS, KC_TRNS
  51:keyboards/kb/keymaps/default/keymap.c **** 		KC_TRNS, KC_TRNS, KC_TRNS, KC_TRNS, KC_TRNS, KC_TRNS, KC_TRNS, KC_TRNS, KC_TRNS, KC_TRNS, KC_TRNS
  52:keyboards/kb/keymaps/default/keymap.c **** 		KC_TRNS, KC_TRNS, KC_TRNS, KC_TRNS, KC_TRNS, KC_TRNS, KC_TRNS, KC_TRNS, KC_TRNS, KC_TRNS, KC_TRNS
  53:keyboards/kb/keymaps/default/keymap.c **** 		KC_TRNS, KC_TRNS, KC_TRNS, KC_TRNS, KC_TRNS, KC_TRNS, KC_TRNS, KC_TRNS, KC_TRNS, KC_TRNS, KC_TRNS
  54:keyboards/kb/keymaps/default/keymap.c **** 
  55:keyboards/kb/keymaps/default/keymap.c **** 	KEYMAP(
  56:keyboards/kb/keymaps/default/keymap.c **** 		KC_TRNS, KC_TRNS, KC_TRNS, KC_TRNS, KC_TRNS, KC_TRNS, KC_TRNS, KC_TRNS, KC_TRNS, KC_TRNS, KC_TRNS
  57:keyboards/kb/keymaps/default/keymap.c **** 		KC_TRNS, KC_TRNS, KC_TRNS, KC_TRNS, KC_TRNS, KC_TRNS, KC_TRNS, KC_TRNS, KC_TRNS, KC_TRNS, KC_TRNS
  58:keyboards/kb/keymaps/default/keymap.c **** 		KC_TRNS, KC_TRNS, KC_TRNS, KC_TRNS, KC_TRNS, KC_TRNS, KC_TRNS, KC_TRNS, KC_TRNS, KC_TRNS, KC_TRNS
  59:keyboards/kb/keymaps/default/keymap.c **** 		KC_TRNS, KC_TRNS, KC_TRNS, KC_TRNS, KC_TRNS, KC_TRNS, KC_TRNS, KC_TRNS, KC_TRNS, KC_TRNS, KC_TRNS
  60:keyboards/kb/keymaps/default/keymap.c **** 		KC_TRNS, KC_TRNS, KC_TRNS, KC_TRNS, KC_TRNS, KC_TRNS, KC_TRNS, KC_TRNS, KC_TRNS, KC_TRNS, KC_TRNS
  61:keyboards/kb/keymaps/default/keymap.c **** 		KC_TRNS, KC_TRNS, KC_TRNS, KC_TRNS, KC_TRNS, KC_TRNS, KC_TRNS, KC_TRNS, KC_TRNS, KC_TRNS, KC_TRNS
  62:keyboards/kb/keymaps/default/keymap.c **** 		KC_TRNS, KC_TRNS, KC_TRNS, KC_TRNS, KC_TRNS, KC_TRNS, KC_TRNS, KC_TRNS, KC_TRNS, KC_TRNS, KC_TRNS
  63:keyboards/kb/keymaps/default/keymap.c **** 		KC_TRNS, KC_TRNS, KC_TRNS, KC_TRNS, KC_TRNS, KC_TRNS, KC_TRNS, KC_TRNS, KC_TRNS, KC_TRNS, KC_TRNS
  64:keyboards/kb/keymaps/default/keymap.c **** 
  65:keyboards/kb/keymaps/default/keymap.c **** 	KEYMAP(
  66:keyboards/kb/keymaps/default/keymap.c **** 		KC_TRNS, KC_TRNS, KC_TRNS, KC_TRNS, KC_TRNS, KC_TRNS, KC_TRNS, KC_TRNS, KC_TRNS, KC_TRNS, KC_TRNS
  67:keyboards/kb/keymaps/default/keymap.c **** 		KC_TRNS, KC_TRNS, KC_TRNS, KC_TRNS, KC_TRNS, KC_TRNS, KC_TRNS, KC_TRNS, KC_TRNS, KC_TRNS, KC_TRNS
  68:keyboards/kb/keymaps/default/keymap.c **** 		KC_TRNS, KC_TRNS, KC_TRNS, KC_TRNS, KC_TRNS, KC_TRNS, KC_TRNS, KC_TRNS, KC_TRNS, KC_TRNS, KC_TRNS
  69:keyboards/kb/keymaps/default/keymap.c **** 		KC_TRNS, KC_TRNS, KC_TRNS, KC_TRNS, KC_TRNS, KC_TRNS, KC_TRNS, KC_TRNS, KC_TRNS, KC_TRNS, KC_TRNS
  70:keyboards/kb/keymaps/default/keymap.c **** 		KC_TRNS, KC_TRNS, KC_TRNS, KC_TRNS, KC_TRNS, KC_TRNS, KC_TRNS, KC_TRNS, KC_TRNS, KC_TRNS, KC_TRNS
  71:keyboards/kb/keymaps/default/keymap.c **** 		KC_TRNS, KC_TRNS, KC_TRNS, KC_TRNS, KC_TRNS, KC_TRNS, KC_TRNS, KC_TRNS, KC_TRNS, KC_TRNS, KC_TRNS
  72:keyboards/kb/keymaps/default/keymap.c **** 		KC_TRNS, KC_TRNS, KC_TRNS, KC_TRNS, KC_TRNS, KC_TRNS, KC_TRNS, KC_TRNS, KC_TRNS, KC_TRNS, KC_TRNS
  73:keyboards/kb/keymaps/default/keymap.c **** 		KC_TRNS, KC_TRNS, KC_TRNS, KC_TRNS, KC_TRNS, KC_TRNS, KC_TRNS, KC_TRNS, KC_TRNS, KC_TRNS, KC_TRNS
  74:keyboards/kb/keymaps/default/keymap.c **** 
  75:keyboards/kb/keymaps/default/keymap.c **** 	KEYMAP(
  76:keyboards/kb/keymaps/default/keymap.c **** 		KC_TRNS, KC_TRNS, KC_TRNS, KC_TRNS, KC_TRNS, KC_TRNS, KC_TRNS, KC_TRNS, KC_TRNS, KC_TRNS, KC_TRNS
  77:keyboards/kb/keymaps/default/keymap.c **** 		KC_TRNS, KC_TRNS, KC_TRNS, KC_TRNS, KC_TRNS, KC_TRNS, KC_TRNS, KC_TRNS, KC_TRNS, KC_TRNS, KC_TRNS
  78:keyboards/kb/keymaps/default/keymap.c **** 		KC_TRNS, KC_TRNS, KC_TRNS, KC_TRNS, KC_TRNS, KC_TRNS, KC_TRNS, KC_TRNS, KC_TRNS, KC_TRNS, KC_TRNS
  79:keyboards/kb/keymaps/default/keymap.c **** 		KC_TRNS, KC_TRNS, KC_TRNS, KC_TRNS, KC_TRNS, KC_TRNS, KC_TRNS, KC_TRNS, KC_TRNS, KC_TRNS, KC_TRNS
  80:keyboards/kb/keymaps/default/keymap.c **** 		KC_TRNS, KC_TRNS, KC_TRNS, KC_TRNS, KC_TRNS, KC_TRNS, KC_TRNS, KC_TRNS, KC_TRNS, KC_TRNS, KC_TRNS
  81:keyboards/kb/keymaps/default/keymap.c **** 		KC_TRNS, KC_TRNS, KC_TRNS, KC_TRNS, KC_TRNS, KC_TRNS, KC_TRNS, KC_TRNS, KC_TRNS, KC_TRNS, KC_TRNS
  82:keyboards/kb/keymaps/default/keymap.c **** 		KC_TRNS, KC_TRNS, KC_TRNS, KC_TRNS, KC_TRNS, KC_TRNS, KC_TRNS, KC_TRNS, KC_TRNS, KC_TRNS, KC_TRNS
  83:keyboards/kb/keymaps/default/keymap.c **** 		KC_TRNS, KC_TRNS, KC_TRNS, KC_TRNS, KC_TRNS, KC_TRNS, KC_TRNS, KC_TRNS, KC_TRNS, KC_TRNS, KC_TRNS
  84:keyboards/kb/keymaps/default/keymap.c **** 
  85:keyboards/kb/keymaps/default/keymap.c **** 	KEYMAP(
  86:keyboards/kb/keymaps/default/keymap.c **** 		KC_TRNS, KC_TRNS, KC_TRNS, KC_TRNS, KC_TRNS, KC_TRNS, KC_TRNS, KC_TRNS, KC_TRNS, KC_TRNS, KC_TRNS
  87:keyboards/kb/keymaps/default/keymap.c **** 		KC_TRNS, KC_TRNS, KC_TRNS, KC_TRNS, KC_TRNS, KC_TRNS, KC_TRNS, KC_TRNS, KC_TRNS, KC_TRNS, KC_TRNS
  88:keyboards/kb/keymaps/default/keymap.c **** 		KC_TRNS, KC_TRNS, KC_TRNS, KC_TRNS, KC_TRNS, KC_TRNS, KC_TRNS, KC_TRNS, KC_TRNS, KC_TRNS, KC_TRNS
  89:keyboards/kb/keymaps/default/keymap.c **** 		KC_TRNS, KC_TRNS, KC_TRNS, KC_TRNS, KC_TRNS, KC_TRNS, KC_TRNS, KC_TRNS, KC_TRNS, KC_TRNS, KC_TRNS
  90:keyboards/kb/keymaps/default/keymap.c **** 		KC_TRNS, KC_TRNS, KC_TRNS, KC_TRNS, KC_TRNS, KC_TRNS, KC_TRNS, KC_TRNS, KC_TRNS, KC_TRNS, KC_TRNS
  91:keyboards/kb/keymaps/default/keymap.c **** 		KC_TRNS, KC_TRNS, KC_TRNS, KC_TRNS, KC_TRNS, KC_TRNS, KC_TRNS, KC_TRNS, KC_TRNS, KC_TRNS, KC_TRNS
  92:keyboards/kb/keymaps/default/keymap.c **** 		KC_TRNS, KC_TRNS, KC_TRNS, KC_TRNS, KC_TRNS, KC_TRNS, KC_TRNS, KC_TRNS, KC_TRNS, KC_TRNS, KC_TRNS
  93:keyboards/kb/keymaps/default/keymap.c **** 		KC_TRNS, KC_TRNS, KC_TRNS, KC_TRNS, KC_TRNS, KC_TRNS, KC_TRNS, KC_TRNS, KC_TRNS, KC_TRNS, KC_TRNS
  94:keyboards/kb/keymaps/default/keymap.c **** 
  95:keyboards/kb/keymaps/default/keymap.c **** 	KEYMAP(
  96:keyboards/kb/keymaps/default/keymap.c **** 		KC_TRNS, KC_TRNS, KC_TRNS, KC_TRNS, KC_TRNS, KC_TRNS, KC_TRNS, KC_TRNS, KC_TRNS, KC_TRNS, KC_TRNS
  97:keyboards/kb/keymaps/default/keymap.c **** 		KC_TRNS, KC_TRNS, KC_TRNS, KC_TRNS, KC_TRNS, KC_TRNS, KC_TRNS, KC_TRNS, KC_TRNS, KC_TRNS, KC_TRNS
  98:keyboards/kb/keymaps/default/keymap.c **** 		KC_TRNS, KC_TRNS, KC_TRNS, KC_TRNS, KC_TRNS, KC_TRNS, KC_TRNS, KC_TRNS, KC_TRNS, KC_TRNS, KC_TRNS
  99:keyboards/kb/keymaps/default/keymap.c **** 		KC_TRNS, KC_TRNS, KC_TRNS, KC_TRNS, KC_TRNS, KC_TRNS, KC_TRNS, KC_TRNS, KC_TRNS, KC_TRNS, KC_TRNS
 100:keyboards/kb/keymaps/default/keymap.c **** 		KC_TRNS, KC_TRNS, KC_TRNS, KC_TRNS, KC_TRNS, KC_TRNS, KC_TRNS, KC_TRNS, KC_TRNS, KC_TRNS, KC_TRNS
 101:keyboards/kb/keymaps/default/keymap.c **** 		KC_TRNS, KC_TRNS, KC_TRNS, KC_TRNS, KC_TRNS, KC_TRNS, KC_TRNS, KC_TRNS, KC_TRNS, KC_TRNS, KC_TRNS
 102:keyboards/kb/keymaps/default/keymap.c **** 		KC_TRNS, KC_TRNS, KC_TRNS, KC_TRNS, KC_TRNS, KC_TRNS, KC_TRNS, KC_TRNS, KC_TRNS, KC_TRNS, KC_TRNS
 103:keyboards/kb/keymaps/default/keymap.c **** 		KC_TRNS, KC_TRNS, KC_TRNS, KC_TRNS, KC_TRNS, KC_TRNS, KC_TRNS, KC_TRNS, KC_TRNS, KC_TRNS, KC_TRNS
 104:keyboards/kb/keymaps/default/keymap.c **** 
 105:keyboards/kb/keymaps/default/keymap.c **** 	KEYMAP(
 106:keyboards/kb/keymaps/default/keymap.c **** 		KC_TRNS, KC_TRNS, KC_TRNS, KC_TRNS, KC_TRNS, KC_TRNS, KC_TRNS, KC_TRNS, KC_TRNS, KC_TRNS, KC_TRNS
 107:keyboards/kb/keymaps/default/keymap.c **** 		KC_TRNS, KC_TRNS, KC_TRNS, KC_TRNS, KC_TRNS, KC_TRNS, KC_TRNS, KC_TRNS, KC_TRNS, KC_TRNS, KC_TRNS
 108:keyboards/kb/keymaps/default/keymap.c **** 		KC_TRNS, KC_TRNS, KC_TRNS, KC_TRNS, KC_TRNS, KC_TRNS, KC_TRNS, KC_TRNS, KC_TRNS, KC_TRNS, KC_TRNS
 109:keyboards/kb/keymaps/default/keymap.c **** 		KC_TRNS, KC_TRNS, KC_TRNS, KC_TRNS, KC_TRNS, KC_TRNS, KC_TRNS, KC_TRNS, KC_TRNS, KC_TRNS, KC_TRNS
 110:keyboards/kb/keymaps/default/keymap.c **** 		KC_TRNS, KC_TRNS, KC_TRNS, KC_TRNS, KC_TRNS, KC_TRNS, KC_TRNS, KC_TRNS, KC_TRNS, KC_TRNS, KC_TRNS
 111:keyboards/kb/keymaps/default/keymap.c **** 		KC_TRNS, KC_TRNS, KC_TRNS, KC_TRNS, KC_TRNS, KC_TRNS, KC_TRNS, KC_TRNS, KC_TRNS, KC_TRNS, KC_TRNS
 112:keyboards/kb/keymaps/default/keymap.c **** 		KC_TRNS, KC_TRNS, KC_TRNS, KC_TRNS, KC_TRNS, KC_TRNS, KC_TRNS, KC_TRNS, KC_TRNS, KC_TRNS, KC_TRNS
 113:keyboards/kb/keymaps/default/keymap.c **** 		KC_TRNS, KC_TRNS, KC_TRNS, KC_TRNS, KC_TRNS, KC_TRNS, KC_TRNS, KC_TRNS, KC_TRNS, KC_TRNS, KC_TRNS
 114:keyboards/kb/keymaps/default/keymap.c **** 
 115:keyboards/kb/keymaps/default/keymap.c **** 	KEYMAP(
 116:keyboards/kb/keymaps/default/keymap.c **** 		KC_TRNS, KC_TRNS, KC_TRNS, KC_TRNS, KC_TRNS, KC_TRNS, KC_TRNS, KC_TRNS, KC_TRNS, KC_TRNS, KC_TRNS
 117:keyboards/kb/keymaps/default/keymap.c **** 		KC_TRNS, KC_TRNS, KC_TRNS, KC_TRNS, KC_TRNS, KC_TRNS, KC_TRNS, KC_TRNS, KC_TRNS, KC_TRNS, KC_TRNS
 118:keyboards/kb/keymaps/default/keymap.c **** 		KC_TRNS, KC_TRNS, KC_TRNS, KC_TRNS, KC_TRNS, KC_TRNS, KC_TRNS, KC_TRNS, KC_TRNS, KC_TRNS, KC_TRNS
 119:keyboards/kb/keymaps/default/keymap.c **** 		KC_TRNS, KC_TRNS, KC_TRNS, KC_TRNS, KC_TRNS, KC_TRNS, KC_TRNS, KC_TRNS, KC_TRNS, KC_TRNS, KC_TRNS
 120:keyboards/kb/keymaps/default/keymap.c **** 		KC_TRNS, KC_TRNS, KC_TRNS, KC_TRNS, KC_TRNS, KC_TRNS, KC_TRNS, KC_TRNS, KC_TRNS, KC_TRNS, KC_TRNS
 121:keyboards/kb/keymaps/default/keymap.c **** 		KC_TRNS, KC_TRNS, KC_TRNS, KC_TRNS, KC_TRNS, KC_TRNS, KC_TRNS, KC_TRNS, KC_TRNS, KC_TRNS, KC_TRNS
 122:keyboards/kb/keymaps/default/keymap.c **** 		KC_TRNS, KC_TRNS, KC_TRNS, KC_TRNS, KC_TRNS, KC_TRNS, KC_TRNS, KC_TRNS, KC_TRNS, KC_TRNS, KC_TRNS
 123:keyboards/kb/keymaps/default/keymap.c **** 		KC_TRNS, KC_TRNS, KC_TRNS, KC_TRNS, KC_TRNS, KC_TRNS, KC_TRNS, KC_TRNS, KC_TRNS, KC_TRNS, KC_TRNS
 124:keyboards/kb/keymaps/default/keymap.c **** 
 125:keyboards/kb/keymaps/default/keymap.c **** 	KEYMAP(
 126:keyboards/kb/keymaps/default/keymap.c **** 		KC_TRNS, KC_TRNS, KC_TRNS, KC_TRNS, KC_TRNS, KC_TRNS, KC_TRNS, KC_TRNS, KC_TRNS, KC_TRNS, KC_TRNS
 127:keyboards/kb/keymaps/default/keymap.c **** 		KC_TRNS, KC_TRNS, KC_TRNS, KC_TRNS, KC_TRNS, KC_TRNS, KC_TRNS, KC_TRNS, KC_TRNS, KC_TRNS, KC_TRNS
 128:keyboards/kb/keymaps/default/keymap.c **** 		KC_TRNS, KC_TRNS, KC_TRNS, KC_TRNS, KC_TRNS, KC_TRNS, KC_TRNS, KC_TRNS, KC_TRNS, KC_TRNS, KC_TRNS
 129:keyboards/kb/keymaps/default/keymap.c **** 		KC_TRNS, KC_TRNS, KC_TRNS, KC_TRNS, KC_TRNS, KC_TRNS, KC_TRNS, KC_TRNS, KC_TRNS, KC_TRNS, KC_TRNS
 130:keyboards/kb/keymaps/default/keymap.c **** 		KC_TRNS, KC_TRNS, KC_TRNS, KC_TRNS, KC_TRNS, KC_TRNS, KC_TRNS, KC_TRNS, KC_TRNS, KC_TRNS, KC_TRNS
 131:keyboards/kb/keymaps/default/keymap.c **** 		KC_TRNS, KC_TRNS, KC_TRNS, KC_TRNS, KC_TRNS, KC_TRNS, KC_TRNS, KC_TRNS, KC_TRNS, KC_TRNS, KC_TRNS
 132:keyboards/kb/keymaps/default/keymap.c **** 		KC_TRNS, KC_TRNS, KC_TRNS, KC_TRNS, KC_TRNS, KC_TRNS, KC_TRNS, KC_TRNS, KC_TRNS, KC_TRNS, KC_TRNS
 133:keyboards/kb/keymaps/default/keymap.c **** 		KC_TRNS, KC_TRNS, KC_TRNS, KC_TRNS, KC_TRNS, KC_TRNS, KC_TRNS, KC_TRNS, KC_TRNS, KC_TRNS, KC_TRNS
 134:keyboards/kb/keymaps/default/keymap.c **** 
 135:keyboards/kb/keymaps/default/keymap.c **** 	KEYMAP(
 136:keyboards/kb/keymaps/default/keymap.c **** 		KC_TRNS, KC_TRNS, KC_TRNS, KC_TRNS, KC_TRNS, KC_TRNS, KC_TRNS, KC_TRNS, KC_TRNS, KC_TRNS, KC_TRNS
 137:keyboards/kb/keymaps/default/keymap.c **** 		KC_TRNS, KC_TRNS, KC_TRNS, KC_TRNS, KC_TRNS, KC_TRNS, KC_TRNS, KC_TRNS, KC_TRNS, KC_TRNS, KC_TRNS
 138:keyboards/kb/keymaps/default/keymap.c **** 		KC_TRNS, KC_TRNS, KC_TRNS, KC_TRNS, KC_TRNS, KC_TRNS, KC_TRNS, KC_TRNS, KC_TRNS, KC_TRNS, KC_TRNS
 139:keyboards/kb/keymaps/default/keymap.c **** 		KC_TRNS, KC_TRNS, KC_TRNS, KC_TRNS, KC_TRNS, KC_TRNS, KC_TRNS, KC_TRNS, KC_TRNS, KC_TRNS, KC_TRNS
 140:keyboards/kb/keymaps/default/keymap.c **** 		KC_TRNS, KC_TRNS, KC_TRNS, KC_TRNS, KC_TRNS, KC_TRNS, KC_TRNS, KC_TRNS, KC_TRNS, KC_TRNS, KC_TRNS
 141:keyboards/kb/keymaps/default/keymap.c **** 		KC_TRNS, KC_TRNS, KC_TRNS, KC_TRNS, KC_TRNS, KC_TRNS, KC_TRNS, KC_TRNS, KC_TRNS, KC_TRNS, KC_TRNS
 142:keyboards/kb/keymaps/default/keymap.c **** 		KC_TRNS, KC_TRNS, KC_TRNS, KC_TRNS, KC_TRNS, KC_TRNS, KC_TRNS, KC_TRNS, KC_TRNS, KC_TRNS, KC_TRNS
 143:keyboards/kb/keymaps/default/keymap.c **** 		KC_TRNS, KC_TRNS, KC_TRNS, KC_TRNS, KC_TRNS, KC_TRNS, KC_TRNS, KC_TRNS, KC_TRNS, KC_TRNS, KC_TRNS
 144:keyboards/kb/keymaps/default/keymap.c **** 
 145:keyboards/kb/keymaps/default/keymap.c **** 	KEYMAP(
 146:keyboards/kb/keymaps/default/keymap.c **** 		KC_TRNS, KC_TRNS, KC_TRNS, KC_TRNS, KC_TRNS, KC_TRNS, KC_TRNS, KC_TRNS, KC_TRNS, KC_TRNS, KC_TRNS
 147:keyboards/kb/keymaps/default/keymap.c **** 		KC_TRNS, KC_TRNS, KC_TRNS, KC_TRNS, KC_TRNS, KC_TRNS, KC_TRNS, KC_TRNS, KC_TRNS, KC_TRNS, KC_TRNS
 148:keyboards/kb/keymaps/default/keymap.c **** 		KC_TRNS, KC_TRNS, KC_TRNS, KC_TRNS, KC_TRNS, KC_TRNS, KC_TRNS, KC_TRNS, KC_TRNS, KC_TRNS, KC_TRNS
 149:keyboards/kb/keymaps/default/keymap.c **** 		KC_TRNS, KC_TRNS, KC_TRNS, KC_TRNS, KC_TRNS, KC_TRNS, KC_TRNS, KC_TRNS, KC_TRNS, KC_TRNS, KC_TRNS
 150:keyboards/kb/keymaps/default/keymap.c **** 		KC_TRNS, KC_TRNS, KC_TRNS, KC_TRNS, KC_TRNS, KC_TRNS, KC_TRNS, KC_TRNS, KC_TRNS, KC_TRNS, KC_TRNS
 151:keyboards/kb/keymaps/default/keymap.c **** 		KC_TRNS, KC_TRNS, KC_TRNS, KC_TRNS, KC_TRNS, KC_TRNS, KC_TRNS, KC_TRNS, KC_TRNS, KC_TRNS, KC_TRNS
 152:keyboards/kb/keymaps/default/keymap.c **** 		KC_TRNS, KC_TRNS, KC_TRNS, KC_TRNS, KC_TRNS, KC_TRNS, KC_TRNS, KC_TRNS, KC_TRNS, KC_TRNS, KC_TRNS
 153:keyboards/kb/keymaps/default/keymap.c **** 		KC_TRNS, KC_TRNS, KC_TRNS, KC_TRNS, KC_TRNS, KC_TRNS, KC_TRNS, KC_TRNS, KC_TRNS, KC_TRNS, KC_TRNS
 154:keyboards/kb/keymaps/default/keymap.c **** 
 155:keyboards/kb/keymaps/default/keymap.c **** 	KEYMAP(
 156:keyboards/kb/keymaps/default/keymap.c **** 		KC_TRNS, KC_TRNS, KC_TRNS, KC_TRNS, KC_TRNS, KC_TRNS, KC_TRNS, KC_TRNS, KC_TRNS, KC_TRNS, KC_TRNS
 157:keyboards/kb/keymaps/default/keymap.c **** 		KC_TRNS, KC_TRNS, KC_TRNS, KC_TRNS, KC_TRNS, KC_TRNS, KC_TRNS, KC_TRNS, KC_TRNS, KC_TRNS, KC_TRNS
 158:keyboards/kb/keymaps/default/keymap.c **** 		KC_TRNS, KC_TRNS, KC_TRNS, KC_TRNS, KC_TRNS, KC_TRNS, KC_TRNS, KC_TRNS, KC_TRNS, KC_TRNS, KC_TRNS
 159:keyboards/kb/keymaps/default/keymap.c **** 		KC_TRNS, KC_TRNS, KC_TRNS, KC_TRNS, KC_TRNS, KC_TRNS, KC_TRNS, KC_TRNS, KC_TRNS, KC_TRNS, KC_TRNS
 160:keyboards/kb/keymaps/default/keymap.c **** 		KC_TRNS, KC_TRNS, KC_TRNS, KC_TRNS, KC_TRNS, KC_TRNS, KC_TRNS, KC_TRNS, KC_TRNS, KC_TRNS, KC_TRNS
 161:keyboards/kb/keymaps/default/keymap.c **** 		KC_TRNS, KC_TRNS, KC_TRNS, KC_TRNS, KC_TRNS, KC_TRNS, KC_TRNS, KC_TRNS, KC_TRNS, KC_TRNS, KC_TRNS
 162:keyboards/kb/keymaps/default/keymap.c **** 		KC_TRNS, KC_TRNS, KC_TRNS, KC_TRNS, KC_TRNS, KC_TRNS, KC_TRNS, KC_TRNS, KC_TRNS, KC_TRNS, KC_TRNS
 163:keyboards/kb/keymaps/default/keymap.c **** 		KC_TRNS, KC_TRNS, KC_TRNS, KC_TRNS, KC_TRNS, KC_TRNS, KC_TRNS, KC_TRNS, KC_TRNS, KC_TRNS, KC_TRNS
 164:keyboards/kb/keymaps/default/keymap.c **** 
 165:keyboards/kb/keymaps/default/keymap.c **** };
 166:keyboards/kb/keymaps/default/keymap.c **** 
 167:keyboards/kb/keymaps/default/keymap.c **** const macro_t *action_get_macro(keyrecord_t *record, uint8_t id, uint8_t opt) {
  18               		.loc 1 167 79 view -0
  19               		.cfi_startproc
  20               	/* prologue: function */
  21               	/* frame size = 0 */
  22               	/* stack size = 0 */
  23               	.L__stack_usage = 0
 168:keyboards/kb/keymaps/default/keymap.c **** 	keyevent_t event = record->event;
  24               		.loc 1 168 2 view .LVU1
 169:keyboards/kb/keymaps/default/keymap.c **** 
 170:keyboards/kb/keymaps/default/keymap.c **** 	switch (id) {
  25               		.loc 1 170 2 view .LVU2
 171:keyboards/kb/keymaps/default/keymap.c **** 
 172:keyboards/kb/keymaps/default/keymap.c **** 	}
  26               		.loc 1 172 2 view .LVU3
 173:keyboards/kb/keymaps/default/keymap.c **** 	return MACRO_NONE;
  27               		.loc 1 173 2 view .LVU4
 174:keyboards/kb/keymaps/default/keymap.c **** }
  28               		.loc 1 174 1 is_stmt 0 view .LVU5
  29 0000 90E0      		ldi r25,0
  30 0002 80E0      		ldi r24,0
  31               	.LVL1:
  32               	/* epilogue start */
  33               		.loc 1 174 1 view .LVU6
  34 0004 0895      		ret
  35               		.cfi_endproc
  36               	.LFE111:
  38               		.section	.text.matrix_init_user,"ax",@progbits
  39               	.global	matrix_init_user
  41               	matrix_init_user:
  42               	.LFB112:
 175:keyboards/kb/keymaps/default/keymap.c **** 
 176:keyboards/kb/keymaps/default/keymap.c **** void matrix_init_user(void) {
  43               		.loc 1 176 29 is_stmt 1 view -0
  44               		.cfi_startproc
  45               	/* prologue: function */
  46               	/* frame size = 0 */
  47               	/* stack size = 0 */
  48               	.L__stack_usage = 0
 177:keyboards/kb/keymaps/default/keymap.c **** }
  49               		.loc 1 177 1 view .LVU8
  50               	/* epilogue start */
  51 0000 0895      		ret
  52               		.cfi_endproc
  53               	.LFE112:
  55               		.section	.text.matrix_scan_user,"ax",@progbits
  56               	.global	matrix_scan_user
  58               	matrix_scan_user:
  59               	.LFB117:
  60               		.cfi_startproc
  61               	/* prologue: function */
  62               	/* frame size = 0 */
  63               	/* stack size = 0 */
  64               	.L__stack_usage = 0
  65               	/* epilogue start */
  66 0000 0895      		ret
  67               		.cfi_endproc
  68               	.LFE117:
  70               		.section	.text.process_record_user,"ax",@progbits
  71               	.global	process_record_user
  73               	process_record_user:
  74               	.LVL2:
  75               	.LFB114:
 178:keyboards/kb/keymaps/default/keymap.c **** 
 179:keyboards/kb/keymaps/default/keymap.c **** void matrix_scan_user(void) {
 180:keyboards/kb/keymaps/default/keymap.c **** }
 181:keyboards/kb/keymaps/default/keymap.c **** 
 182:keyboards/kb/keymaps/default/keymap.c **** bool process_record_user(uint16_t keycode, keyrecord_t *record) {
  76               		.loc 1 182 65 view -0
  77               		.cfi_startproc
  78               	/* prologue: function */
  79               	/* frame size = 0 */
  80               	/* stack size = 0 */
  81               	.L__stack_usage = 0
 183:keyboards/kb/keymaps/default/keymap.c **** 	return true;
  82               		.loc 1 183 2 view .LVU10
 184:keyboards/kb/keymaps/default/keymap.c **** }
  83               		.loc 1 184 1 is_stmt 0 view .LVU11
  84 0000 81E0      		ldi r24,lo8(1)
  85               	.LVL3:
  86               	/* epilogue start */
  87               		.loc 1 184 1 view .LVU12
  88 0002 0895      		ret
  89               		.cfi_endproc
  90               	.LFE114:
  92               		.section	.text.led_set_user,"ax",@progbits
  93               	.global	led_set_user
  95               	led_set_user:
  96               	.LVL4:
  97               	.LFB115:
 185:keyboards/kb/keymaps/default/keymap.c **** 
 186:keyboards/kb/keymaps/default/keymap.c **** void led_set_user(uint8_t usb_led) {
  98               		.loc 1 186 36 is_stmt 1 view -0
  99               		.cfi_startproc
 100               	/* prologue: function */
 101               	/* frame size = 0 */
 102               	/* stack size = 0 */
 103               	.L__stack_usage = 0
 187:keyboards/kb/keymaps/default/keymap.c **** 
 188:keyboards/kb/keymaps/default/keymap.c **** 	if (usb_led & (1 << USB_LED_NUM_LOCK)) {
 104               		.loc 1 188 2 view .LVU14
 189:keyboards/kb/keymaps/default/keymap.c **** 		
 190:keyboards/kb/keymaps/default/keymap.c **** 	} else {
 191:keyboards/kb/keymaps/default/keymap.c **** 		
 192:keyboards/kb/keymaps/default/keymap.c **** 	}
 105               		.loc 1 192 2 view .LVU15
 193:keyboards/kb/keymaps/default/keymap.c **** 
 194:keyboards/kb/keymaps/default/keymap.c **** 	if (usb_led & (1 << USB_LED_CAPS_LOCK)) {
 106               		.loc 1 194 2 view .LVU16
 107               		.loc 1 194 5 is_stmt 0 view .LVU17
 108 0000 81FF      		sbrs r24,1
 109 0002 00C0      		rjmp .L6
 195:keyboards/kb/keymaps/default/keymap.c **** 		DDRD |= (1 << 0); PORTD &= ~(1 << 0);
 110               		.loc 1 195 3 is_stmt 1 view .LVU18
 111               		.loc 1 195 8 is_stmt 0 view .LVU19
 112 0004 509A      		sbi 0xa,0
 113               		.loc 1 195 21 is_stmt 1 view .LVU20
 114               	.L8:
 196:keyboards/kb/keymaps/default/keymap.c **** 	} else {
 197:keyboards/kb/keymaps/default/keymap.c **** 		DDRD &= ~(1 << 0); PORTD &= ~(1 << 0);
 115               		.loc 1 197 22 view .LVU21
 116               		.loc 1 197 28 is_stmt 0 view .LVU22
 117 0006 5898      		cbi 0xb,0
 198:keyboards/kb/keymaps/default/keymap.c **** 	}
 199:keyboards/kb/keymaps/default/keymap.c **** 
 200:keyboards/kb/keymaps/default/keymap.c **** 	if (usb_led & (1 << USB_LED_SCROLL_LOCK)) {
 118               		.loc 1 200 2 is_stmt 1 view .LVU23
 201:keyboards/kb/keymaps/default/keymap.c **** 		
 202:keyboards/kb/keymaps/default/keymap.c **** 	} else {
 203:keyboards/kb/keymaps/default/keymap.c **** 		
 204:keyboards/kb/keymaps/default/keymap.c **** 	}
 119               		.loc 1 204 2 view .LVU24
 205:keyboards/kb/keymaps/default/keymap.c **** 
 206:keyboards/kb/keymaps/default/keymap.c **** 	if (usb_led & (1 << USB_LED_COMPOSE)) {
 120               		.loc 1 206 2 view .LVU25
 207:keyboards/kb/keymaps/default/keymap.c **** 		
 208:keyboards/kb/keymaps/default/keymap.c **** 	} else {
 209:keyboards/kb/keymaps/default/keymap.c **** 		
 210:keyboards/kb/keymaps/default/keymap.c **** 	}
 121               		.loc 1 210 2 view .LVU26
 211:keyboards/kb/keymaps/default/keymap.c **** 
 212:keyboards/kb/keymaps/default/keymap.c **** 	if (usb_led & (1 << USB_LED_KANA)) {
 122               		.loc 1 212 2 view .LVU27
 213:keyboards/kb/keymaps/default/keymap.c **** 		
 214:keyboards/kb/keymaps/default/keymap.c **** 	} else {
 215:keyboards/kb/keymaps/default/keymap.c **** 		
 216:keyboards/kb/keymaps/default/keymap.c **** 	}
 123               		.loc 1 216 2 view .LVU28
 124               	/* epilogue start */
 217:keyboards/kb/keymaps/default/keymap.c **** 
 218:keyboards/kb/keymaps/default/keymap.c **** }...
 125               		.loc 1 218 1 is_stmt 0 view .LVU29
 126 0008 0895      		ret
 127               	.L6:
 197:keyboards/kb/keymaps/default/keymap.c **** 		DDRD &= ~(1 << 0); PORTD &= ~(1 << 0);
 128               		.loc 1 197 3 is_stmt 1 view .LVU30
 197:keyboards/kb/keymaps/default/keymap.c **** 		DDRD &= ~(1 << 0); PORTD &= ~(1 << 0);
 129               		.loc 1 197 8 is_stmt 0 view .LVU31
 130 000a 5098      		cbi 0xa,0
 131 000c 00C0      		rjmp .L8
 132               		.cfi_endproc
 133               	.LFE115:
 135               	.global	keymaps
 136               		.section	.progmem.data.keymaps,"a"
 139               	keymaps:
 140 0000 5200      		.word	82
 141 0002 5000      		.word	80
 142 0004 E300      		.word	227
 143 0006 4F00      		.word	79
 144 0008 5100      		.word	81
 145 000a 0000      		.word	0
 146 000c E200      		.word	226
 147 000e 5D00      		.word	93
 148 0010 5A00      		.word	90
 149 0012 4E00      		.word	78
 150 0014 2B03      		.word	811
 151 0016 5800      		.word	88
 152 0018 2C00      		.word	44
 153 001a 5700      		.word	87
 154 001c 5600      		.word	86
 155 001e 5500      		.word	85
 156 0020 2C00      		.word	44
 157 0022 2C00      		.word	44
 158 0024 2C00      		.word	44
 159 0026 2C00      		.word	44
 160 0028 2C00      		.word	44
 161 002a 2C00      		.word	44
 162 002c 2C00      		.word	44
 163 002e 6700      		.word	103
 164 0030 6000      		.word	96
 165 0032 4B00      		.word	75
 166 0034 4E00      		.word	78
 167 0036 6300      		.word	99
 168 0038 5B00      		.word	91
 169 003a 5E00      		.word	94
 170 003c 6100      		.word	97
 171 003e 5400      		.word	84
 172 0040 2C00      		.word	44
 173 0042 2C00      		.word	44
 174 0044 2C00      		.word	44
 175 0046 2C00      		.word	44
 176 0048 2C00      		.word	44
 177 004a 2C00      		.word	44
 178 004c E300      		.word	227
 179 004e 4D00      		.word	77
 180 0050 4D00      		.word	77
 181 0052 4A00      		.word	74
 182 0054 4C00      		.word	76
 183 0056 6200      		.word	98
 184 0058 5900      		.word	89
 185 005a 5C00      		.word	92
 186 005c 5F00      		.word	95
 187 005e 5300      		.word	83
 188 0060 E500      		.word	229
 189 0062 1D00      		.word	29
 190 0064 1B00      		.word	27
 191 0066 0600      		.word	6
 192 0068 1900      		.word	25
 193 006a 0500      		.word	5
 194 006c 1100      		.word	17
 195 006e 1000      		.word	16
 196 0070 3600      		.word	54
 197 0072 3700      		.word	55
 198 0074 3800      		.word	56
 199 0076 0151      		.word	20737
 200 0078 4E00      		.word	78
 201 007a 4D00      		.word	77
 202 007c E400      		.word	228
 203 007e 2C00      		.word	44
 204 0080 E100      		.word	225
 205 0082 0400      		.word	4
 206 0084 1600      		.word	22
 207 0086 0700      		.word	7
 208 0088 0900      		.word	9
 209 008a 0A00      		.word	10
 210 008c 0B00      		.word	11
 211 008e 0D00      		.word	13
 212 0090 0E00      		.word	14
 213 0092 0F00      		.word	15
 214 0094 3300      		.word	51
 215 0096 4C00      		.word	76
 216 0098 AB00      		.word	171
 217 009a 3100      		.word	49
 218 009c 2800      		.word	40
 219 009e 3400      		.word	52
 220 00a0 E200      		.word	226
 221 00a2 2B00      		.word	43
 222 00a4 1400      		.word	20
 223 00a6 1A00      		.word	26
 224 00a8 0800      		.word	8
 225 00aa 1500      		.word	21
 226 00ac 1700      		.word	23
 227 00ae 1C00      		.word	28
 228 00b0 1800      		.word	24
 229 00b2 0C00      		.word	12
 230 00b4 1200      		.word	18
 231 00b6 AC00      		.word	172
 232 00b8 2C00      		.word	44
 233 00ba 3000      		.word	48
 234 00bc 2F00      		.word	47
 235 00be 1300      		.word	19
 236 00c0 3900      		.word	57
 237 00c2 2900      		.word	41
 238 00c4 1E00      		.word	30
 239 00c6 1F00      		.word	31
 240 00c8 2000      		.word	32
 241 00ca 2100      		.word	33
 242 00cc 2200      		.word	34
 243 00ce 2300      		.word	35
 244 00d0 2400      		.word	36
 245 00d2 2500      		.word	37
 246 00d4 2600      		.word	38
 247 00d6 4C00      		.word	76
 248 00d8 2A00      		.word	42
 249 00da 2E00      		.word	46
 250 00dc 2D00      		.word	45
 251 00de 2700      		.word	39
 252 00e0 E000      		.word	224
 253 00e2 3A00      		.word	58
 254 00e4 3B00      		.word	59
 255 00e6 3C00      		.word	60
 256 00e8 3D00      		.word	61
 257 00ea 3E00      		.word	62
 258 00ec 3F00      		.word	63
 259 00ee 4000      		.word	64
 260 00f0 4100      		.word	65
 261 00f2 4200      		.word	66
 262 00f4 4300      		.word	67
 263 00f6 AE00      		.word	174
 264 00f8 4600      		.word	70
 265 00fa 3500      		.word	53
 266 00fc 4500      		.word	69
 267 00fe 4400      		.word	68
 268 0100 1703      		.word	791
 269 0102 2B03      		.word	811
 270 0104 0901      		.word	265
 271 0106 2B01      		.word	299
 272 0108 1A01      		.word	282
 273 010a 0000      		.word	0
 274 010c 0100      		.word	1
 275 010e 0100      		.word	1
 276 0110 0100      		.word	1
 277 0112 AB00      		.word	171
 278 0114 0100      		.word	1
 279 0116 0100      		.word	1
 280 0118 0100      		.word	1
 281 011a 0100      		.word	1
 282 011c 0100      		.word	1
 283 011e 0100      		.word	1
 284 0120 0100      		.word	1
 285 0122 0100      		.word	1
 286 0124 0100      		.word	1
 287 0126 0100      		.word	1
 288 0128 0100      		.word	1
 289 012a 0100      		.word	1
 290 012c 0100      		.word	1
 291 012e 0100      		.word	1
 292 0130 0100      		.word	1
 293 0132 AC00      		.word	172
 294 0134 0100      		.word	1
 295 0136 0100      		.word	1
 296 0138 0100      		.word	1
 297 013a 0100      		.word	1
 298 013c 0100      		.word	1
 299 013e 0100      		.word	1
 300 0140 0100      		.word	1
 301 0142 0100      		.word	1
 302 0144 0100      		.word	1
 303 0146 0100      		.word	1
 304 0148 0100      		.word	1
 305 014a 0100      		.word	1
 306 014c 0100      		.word	1
 307 014e AE00      		.word	174
 308 0150 0100      		.word	1
 309 0152 AD00      		.word	173
 310 0154 0100      		.word	1
 311 0156 0100      		.word	1
 312 0158 0100      		.word	1
 313 015a 0100      		.word	1
 314 015c 0100      		.word	1
 315 015e 0100      		.word	1
 316 0160 E600      		.word	230
 317 0162 0100      		.word	1
 318 0164 0100      		.word	1
 319 0166 0100      		.word	1
 320 0168 0100      		.word	1
 321 016a 0100      		.word	1
 322 016c 0100      		.word	1
 323 016e 0100      		.word	1
 324 0170 0100      		.word	1
 325 0172 0100      		.word	1
 326 0174 0100      		.word	1
 327 0176 0100      		.word	1
 328 0178 0100      		.word	1
 329 017a 0100      		.word	1
 330 017c E400      		.word	228
 331 017e 0100      		.word	1
 332 0180 0100      		.word	1
 333 0182 0100      		.word	1
 334 0184 0100      		.word	1
 335 0186 0100      		.word	1
 336 0188 0100      		.word	1
 337 018a 0100      		.word	1
 338 018c 0100      		.word	1
 339 018e 0100      		.word	1
 340 0190 0100      		.word	1
 341 0192 0100      		.word	1
 342 0194 0100      		.word	1
 343 0196 0100      		.word	1
 344 0198 A900      		.word	169
 345 019a 6400      		.word	100
 346 019c 6500      		.word	101
 347 019e 0100      		.word	1
 348 01a0 0100      		.word	1
 349 01a2 0070      		.word	28672
 350 01a4 0100      		.word	1
 351 01a6 0100      		.word	1
 352 01a8 0100      		.word	1
 353 01aa 0100      		.word	1
 354 01ac 0100      		.word	1
 355 01ae 0100      		.word	1
 356 01b0 0100      		.word	1
 357 01b2 0100      		.word	1
 358 01b4 0100      		.word	1
 359 01b6 AA00      		.word	170
 360 01b8 0100      		.word	1
 361 01ba 0100      		.word	1
 362 01bc 0100      		.word	1
 363 01be 0100      		.word	1
 364 01c0 0100      		.word	1
 365 01c2 A500      		.word	165
 366 01c4 0100      		.word	1
 367 01c6 0100      		.word	1
 368 01c8 0100      		.word	1
 369 01ca 0100      		.word	1
 370 01cc 0100      		.word	1
 371 01ce 0100      		.word	1
 372 01d0 0100      		.word	1
 373 01d2 0100      		.word	1
 374 01d4 0100      		.word	1
 375 01d6 0100      		.word	1
 376 01d8 0100      		.word	1
 377 01da 0100      		.word	1
 378 01dc 0100      		.word	1
 379 01de 0100      		.word	1
 380 01e0 0100      		.word	1
 381 01e2 6800      		.word	104
 382 01e4 6900      		.word	105
 383 01e6 6A00      		.word	106
 384 01e8 6B00      		.word	107
 385 01ea 6C00      		.word	108
 386 01ec 6D00      		.word	109
 387 01ee 6E00      		.word	110
 388 01f0 6F00      		.word	111
 389 01f2 7000      		.word	112
 390 01f4 7100      		.word	113
 391 01f6 A800      		.word	168
 392 01f8 4900      		.word	73
 393 01fa 4800      		.word	72
 394 01fc 7300      		.word	115
 395 01fe 7200      		.word	114
 396 0200 0100      		.word	1
 397 0202 0100      		.word	1
 398 0204 0100      		.word	1
 399 0206 0100      		.word	1
 400 0208 0100      		.word	1
 401 020a 0000      		.word	0
 402 020c 0100      		.word	1
 403 020e 0100      		.word	1
 404 0210 0100      		.word	1
 405 0212 0100      		.word	1
 406 0214 0100      		.word	1
 407 0216 0100      		.word	1
 408 0218 0100      		.word	1
 409 021a 0100      		.word	1
 410 021c 0100      		.word	1
 411 021e 0100      		.word	1
 412 0220 0100      		.word	1
 413 0222 0100      		.word	1
 414 0224 0100      		.word	1
 415 0226 0100      		.word	1
 416 0228 0100      		.word	1
 417 022a 0100      		.word	1
 418 022c 0100      		.word	1
 419 022e 0100      		.word	1
 420 0230 0100      		.word	1
 421 0232 0100      		.word	1
 422 0234 0100      		.word	1
 423 0236 0100      		.word	1
 424 0238 0100      		.word	1
 425 023a 0100      		.word	1
 426 023c 0100      		.word	1
 427 023e 0100      		.word	1
 428 0240 0100      		.word	1
 429 0242 0100      		.word	1
 430 0244 0100      		.word	1
 431 0246 0100      		.word	1
 432 0248 0100      		.word	1
 433 024a 0100      		.word	1
 434 024c 0100      		.word	1
 435 024e 0100      		.word	1
 436 0250 0100      		.word	1
 437 0252 0100      		.word	1
 438 0254 0100      		.word	1
 439 0256 0100      		.word	1
 440 0258 0100      		.word	1
 441 025a 0100      		.word	1
 442 025c 0100      		.word	1
 443 025e 0100      		.word	1
 444 0260 0100      		.word	1
 445 0262 0100      		.word	1
 446 0264 0100      		.word	1
 447 0266 0100      		.word	1
 448 0268 0100      		.word	1
 449 026a 0100      		.word	1
 450 026c 0100      		.word	1
 451 026e 0100      		.word	1
 452 0270 0100      		.word	1
 453 0272 0100      		.word	1
 454 0274 0100      		.word	1
 455 0276 0100      		.word	1
 456 0278 0100      		.word	1
 457 027a 0100      		.word	1
 458 027c 0100      		.word	1
 459 027e 0100      		.word	1
 460 0280 0100      		.word	1
 461 0282 0100      		.word	1
 462 0284 0100      		.word	1
 463 0286 0100      		.word	1
 464 0288 0100      		.word	1
 465 028a 0100      		.word	1
 466 028c 0100      		.word	1
 467 028e 0100      		.word	1
 468 0290 0100      		.word	1
 469 0292 0100      		.word	1
 470 0294 0100      		.word	1
 471 0296 0100      		.word	1
 472 0298 0100      		.word	1
 473 029a 0100      		.word	1
 474 029c 0100      		.word	1
 475 029e 0100      		.word	1
 476 02a0 0100      		.word	1
 477 02a2 0100      		.word	1
 478 02a4 0100      		.word	1
 479 02a6 0100      		.word	1
 480 02a8 0100      		.word	1
 481 02aa 0100      		.word	1
 482 02ac 0100      		.word	1
 483 02ae 0100      		.word	1
 484 02b0 0100      		.word	1
 485 02b2 0100      		.word	1
 486 02b4 0100      		.word	1
 487 02b6 0100      		.word	1
 488 02b8 0100      		.word	1
 489 02ba 0100      		.word	1
 490 02bc 0100      		.word	1
 491 02be 0100      		.word	1
 492 02c0 0100      		.word	1
 493 02c2 0100      		.word	1
 494 02c4 0100      		.word	1
 495 02c6 0100      		.word	1
 496 02c8 0100      		.word	1
 497 02ca 0100      		.word	1
 498 02cc 0100      		.word	1
 499 02ce 0100      		.word	1
 500 02d0 0100      		.word	1
 501 02d2 0100      		.word	1
 502 02d4 0100      		.word	1
 503 02d6 0100      		.word	1
 504 02d8 0100      		.word	1
 505 02da 0100      		.word	1
 506 02dc 0100      		.word	1
 507 02de 0100      		.word	1
 508 02e0 0100      		.word	1
 509 02e2 0100      		.word	1
 510 02e4 0100      		.word	1
 511 02e6 0100      		.word	1
 512 02e8 0100      		.word	1
 513 02ea 0100      		.word	1
 514 02ec 0100      		.word	1
 515 02ee 0100      		.word	1
 516 02f0 0100      		.word	1
 517 02f2 0100      		.word	1
 518 02f4 0100      		.word	1
 519 02f6 0100      		.word	1
 520 02f8 0100      		.word	1
 521 02fa 0100      		.word	1
 522 02fc 0100      		.word	1
 523 02fe 0100      		.word	1
 524 0300 0100      		.word	1
 525 0302 0100      		.word	1
 526 0304 0100      		.word	1
 527 0306 0100      		.word	1
 528 0308 0100      		.word	1
 529 030a 0000      		.word	0
 530 030c 0100      		.word	1
 531 030e 0100      		.word	1
 532 0310 0100      		.word	1
 533 0312 0100      		.word	1
 534 0314 0100      		.word	1
 535 0316 0100      		.word	1
 536 0318 0100      		.word	1
 537 031a 0100      		.word	1
 538 031c 0100      		.word	1
 539 031e 0100      		.word	1
 540 0320 0100      		.word	1
 541 0322 0100      		.word	1
 542 0324 0100      		.word	1
 543 0326 0100      		.word	1
 544 0328 0100      		.word	1
 545 032a 0100      		.word	1
 546 032c 0100      		.word	1
 547 032e 0100      		.word	1
 548 0330 0100      		.word	1
 549 0332 0100      		.word	1
 550 0334 0100      		.word	1
 551 0336 0100      		.word	1
 552 0338 0100      		.word	1
 553 033a 0100      		.word	1
 554 033c 0100      		.word	1
 555 033e 0100      		.word	1
 556 0340 0100      		.word	1
 557 0342 0100      		.word	1
 558 0344 0100      		.word	1
 559 0346 0100      		.word	1
 560 0348 0100      		.word	1
 561 034a 0100      		.word	1
 562 034c 0100      		.word	1
 563 034e 0100      		.word	1
 564 0350 0100      		.word	1
 565 0352 0100      		.word	1
 566 0354 0100      		.word	1
 567 0356 0100      		.word	1
 568 0358 0100      		.word	1
 569 035a 0100      		.word	1
 570 035c 0100      		.word	1
 571 035e 0100      		.word	1
 572 0360 0100      		.word	1
 573 0362 0100      		.word	1
 574 0364 0100      		.word	1
 575 0366 0100      		.word	1
 576 0368 0100      		.word	1
 577 036a 0100      		.word	1
 578 036c 0100      		.word	1
 579 036e 0100      		.word	1
 580 0370 0100      		.word	1
 581 0372 0100      		.word	1
 582 0374 0100      		.word	1
 583 0376 0100      		.word	1
 584 0378 0100      		.word	1
 585 037a 0100      		.word	1
 586 037c 0100      		.word	1
 587 037e 0100      		.word	1
 588 0380 0100      		.word	1
 589 0382 0100      		.word	1
 590 0384 0100      		.word	1
 591 0386 0100      		.word	1
 592 0388 0100      		.word	1
 593 038a 0100      		.word	1
 594 038c 0100      		.word	1
 595 038e 0100      		.word	1
 596 0390 0100      		.word	1
 597 0392 0100      		.word	1
 598 0394 0100      		.word	1
 599 0396 0100      		.word	1
 600 0398 0100      		.word	1
 601 039a 0100      		.word	1
 602 039c 0100      		.word	1
 603 039e 0100      		.word	1
 604 03a0 0100      		.word	1
 605 03a2 0100      		.word	1
 606 03a4 0100      		.word	1
 607 03a6 0100      		.word	1
 608 03a8 0100      		.word	1
 609 03aa 0100      		.word	1
 610 03ac 0100      		.word	1
 611 03ae 0100      		.word	1
 612 03b0 0100      		.word	1
 613 03b2 0100      		.word	1
 614 03b4 0100      		.word	1
 615 03b6 0100      		.word	1
 616 03b8 0100      		.word	1
 617 03ba 0100      		.word	1
 618 03bc 0100      		.word	1
 619 03be 0100      		.word	1
 620 03c0 0100      		.word	1
 621 03c2 0100      		.word	1
 622 03c4 0100      		.word	1
 623 03c6 0100      		.word	1
 624 03c8 0100      		.word	1
 625 03ca 0100      		.word	1
 626 03cc 0100      		.word	1
 627 03ce 0100      		.word	1
 628 03d0 0100      		.word	1
 629 03d2 0100      		.word	1
 630 03d4 0100      		.word	1
 631 03d6 0100      		.word	1
 632 03d8 0100      		.word	1
 633 03da 0100      		.word	1
 634 03dc 0100      		.word	1
 635 03de 0100      		.word	1
 636 03e0 0100      		.word	1
 637 03e2 0100      		.word	1
 638 03e4 0100      		.word	1
 639 03e6 0100      		.word	1
 640 03e8 0100      		.word	1
 641 03ea 0100      		.word	1
 642 03ec 0100      		.word	1
 643 03ee 0100      		.word	1
 644 03f0 0100      		.word	1
 645 03f2 0100      		.word	1
 646 03f4 0100      		.word	1
 647 03f6 0100      		.word	1
 648 03f8 0100      		.word	1
 649 03fa 0100      		.word	1
 650 03fc 0100      		.word	1
 651 03fe 0100      		.word	1
 652 0400 0100      		.word	1
 653 0402 0100      		.word	1
 654 0404 0100      		.word	1
 655 0406 0100      		.word	1
 656 0408 0100      		.word	1
 657 040a 0000      		.word	0
 658 040c 0100      		.word	1
 659 040e 0100      		.word	1
 660 0410 0100      		.word	1
 661 0412 0100      		.word	1
 662 0414 0100      		.word	1
 663 0416 0100      		.word	1
 664 0418 0100      		.word	1
 665 041a 0100      		.word	1
 666 041c 0100      		.word	1
 667 041e 0100      		.word	1
 668 0420 0100      		.word	1
 669 0422 0100      		.word	1
 670 0424 0100      		.word	1
 671 0426 0100      		.word	1
 672 0428 0100      		.word	1
 673 042a 0100      		.word	1
 674 042c 0100      		.word	1
 675 042e 0100      		.word	1
 676 0430 0100      		.word	1
 677 0432 0100      		.word	1
 678 0434 0100      		.word	1
 679 0436 0100      		.word	1
 680 0438 0100      		.word	1
 681 043a 0100      		.word	1
 682 043c 0100      		.word	1
 683 043e 0100      		.word	1
 684 0440 0100      		.word	1
 685 0442 0100      		.word	1
 686 0444 0100      		.word	1
 687 0446 0100      		.word	1
 688 0448 0100      		.word	1
 689 044a 0100      		.word	1
 690 044c 0100      		.word	1
 691 044e 0100      		.word	1
 692 0450 0100      		.word	1
 693 0452 0100      		.word	1
 694 0454 0100      		.word	1
 695 0456 0100      		.word	1
 696 0458 0100      		.word	1
 697 045a 0100      		.word	1
 698 045c 0100      		.word	1
 699 045e 0100      		.word	1
 700 0460 0100      		.word	1
 701 0462 0100      		.word	1
 702 0464 0100      		.word	1
 703 0466 0100      		.word	1
 704 0468 0100      		.word	1
 705 046a 0100      		.word	1
 706 046c 0100      		.word	1
 707 046e 0100      		.word	1
 708 0470 0100      		.word	1
 709 0472 0100      		.word	1
 710 0474 0100      		.word	1
 711 0476 0100      		.word	1
 712 0478 0100      		.word	1
 713 047a 0100      		.word	1
 714 047c 0100      		.word	1
 715 047e 0100      		.word	1
 716 0480 0100      		.word	1
 717 0482 0100      		.word	1
 718 0484 0100      		.word	1
 719 0486 0100      		.word	1
 720 0488 0100      		.word	1
 721 048a 0100      		.word	1
 722 048c 0100      		.word	1
 723 048e 0100      		.word	1
 724 0490 0100      		.word	1
 725 0492 0100      		.word	1
 726 0494 0100      		.word	1
 727 0496 0100      		.word	1
 728 0498 0100      		.word	1
 729 049a 0100      		.word	1
 730 049c 0100      		.word	1
 731 049e 0100      		.word	1
 732 04a0 0100      		.word	1
 733 04a2 0100      		.word	1
 734 04a4 0100      		.word	1
 735 04a6 0100      		.word	1
 736 04a8 0100      		.word	1
 737 04aa 0100      		.word	1
 738 04ac 0100      		.word	1
 739 04ae 0100      		.word	1
 740 04b0 0100      		.word	1
 741 04b2 0100      		.word	1
 742 04b4 0100      		.word	1
 743 04b6 0100      		.word	1
 744 04b8 0100      		.word	1
 745 04ba 0100      		.word	1
 746 04bc 0100      		.word	1
 747 04be 0100      		.word	1
 748 04c0 0100      		.word	1
 749 04c2 0100      		.word	1
 750 04c4 0100      		.word	1
 751 04c6 0100      		.word	1
 752 04c8 0100      		.word	1
 753 04ca 0100      		.word	1
 754 04cc 0100      		.word	1
 755 04ce 0100      		.word	1
 756 04d0 0100      		.word	1
 757 04d2 0100      		.word	1
 758 04d4 0100      		.word	1
 759 04d6 0100      		.word	1
 760 04d8 0100      		.word	1
 761 04da 0100      		.word	1
 762 04dc 0100      		.word	1
 763 04de 0100      		.word	1
 764 04e0 0100      		.word	1
 765 04e2 0100      		.word	1
 766 04e4 0100      		.word	1
 767 04e6 0100      		.word	1
 768 04e8 0100      		.word	1
 769 04ea 0100      		.word	1
 770 04ec 0100      		.word	1
 771 04ee 0100      		.word	1
 772 04f0 0100      		.word	1
 773 04f2 0100      		.word	1
 774 04f4 0100      		.word	1
 775 04f6 0100      		.word	1
 776 04f8 0100      		.word	1
 777 04fa 0100      		.word	1
 778 04fc 0100      		.word	1
 779 04fe 0100      		.word	1
 780 0500 0100      		.word	1
 781 0502 0100      		.word	1
 782 0504 0100      		.word	1
 783 0506 0100      		.word	1
 784 0508 0100      		.word	1
 785 050a 0000      		.word	0
 786 050c 0100      		.word	1
 787 050e 0100      		.word	1
 788 0510 0100      		.word	1
 789 0512 0100      		.word	1
 790 0514 0100      		.word	1
 791 0516 0100      		.word	1
 792 0518 0100      		.word	1
 793 051a 0100      		.word	1
 794 051c 0100      		.word	1
 795 051e 0100      		.word	1
 796 0520 0100      		.word	1
 797 0522 0100      		.word	1
 798 0524 0100      		.word	1
 799 0526 0100      		.word	1
 800 0528 0100      		.word	1
 801 052a 0100      		.word	1
 802 052c 0100      		.word	1
 803 052e 0100      		.word	1
 804 0530 0100      		.word	1
 805 0532 0100      		.word	1
 806 0534 0100      		.word	1
 807 0536 0100      		.word	1
 808 0538 0100      		.word	1
 809 053a 0100      		.word	1
 810 053c 0100      		.word	1
 811 053e 0100      		.word	1
 812 0540 0100      		.word	1
 813 0542 0100      		.word	1
 814 0544 0100      		.word	1
 815 0546 0100      		.word	1
 816 0548 0100      		.word	1
 817 054a 0100      		.word	1
 818 054c 0100      		.word	1
 819 054e 0100      		.word	1
 820 0550 0100      		.word	1
 821 0552 0100      		.word	1
 822 0554 0100      		.word	1
 823 0556 0100      		.word	1
 824 0558 0100      		.word	1
 825 055a 0100      		.word	1
 826 055c 0100      		.word	1
 827 055e 0100      		.word	1
 828 0560 0100      		.word	1
 829 0562 0100      		.word	1
 830 0564 0100      		.word	1
 831 0566 0100      		.word	1
 832 0568 0100      		.word	1
 833 056a 0100      		.word	1
 834 056c 0100      		.word	1
 835 056e 0100      		.word	1
 836 0570 0100      		.word	1
 837 0572 0100      		.word	1
 838 0574 0100      		.word	1
 839 0576 0100      		.word	1
 840 0578 0100      		.word	1
 841 057a 0100      		.word	1
 842 057c 0100      		.word	1
 843 057e 0100      		.word	1
 844 0580 0100      		.word	1
 845 0582 0100      		.word	1
 846 0584 0100      		.word	1
 847 0586 0100      		.word	1
 848 0588 0100      		.word	1
 849 058a 0100      		.word	1
 850 058c 0100      		.word	1
 851 058e 0100      		.word	1
 852 0590 0100      		.word	1
 853 0592 0100      		.word	1
 854 0594 0100      		.word	1
 855 0596 0100      		.word	1
 856 0598 0100      		.word	1
 857 059a 0100      		.word	1
 858 059c 0100      		.word	1
 859 059e 0100      		.word	1
 860 05a0 0100      		.word	1
 861 05a2 0100      		.word	1
 862 05a4 0100      		.word	1
 863 05a6 0100      		.word	1
 864 05a8 0100      		.word	1
 865 05aa 0100      		.word	1
 866 05ac 0100      		.word	1
 867 05ae 0100      		.word	1
 868 05b0 0100      		.word	1
 869 05b2 0100      		.word	1
 870 05b4 0100      		.word	1
 871 05b6 0100      		.word	1
 872 05b8 0100      		.word	1
 873 05ba 0100      		.word	1
 874 05bc 0100      		.word	1
 875 05be 0100      		.word	1
 876 05c0 0100      		.word	1
 877 05c2 0100      		.word	1
 878 05c4 0100      		.word	1
 879 05c6 0100      		.word	1
 880 05c8 0100      		.word	1
 881 05ca 0100      		.word	1
 882 05cc 0100      		.word	1
 883 05ce 0100      		.word	1
 884 05d0 0100      		.word	1
 885 05d2 0100      		.word	1
 886 05d4 0100      		.word	1
 887 05d6 0100      		.word	1
 888 05d8 0100      		.word	1
 889 05da 0100      		.word	1
 890 05dc 0100      		.word	1
 891 05de 0100      		.word	1
 892 05e0 0100      		.word	1
 893 05e2 0100      		.word	1
 894 05e4 0100      		.word	1
 895 05e6 0100      		.word	1
 896 05e8 0100      		.word	1
 897 05ea 0100      		.word	1
 898 05ec 0100      		.word	1
 899 05ee 0100      		.word	1
 900 05f0 0100      		.word	1
 901 05f2 0100      		.word	1
 902 05f4 0100      		.word	1
 903 05f6 0100      		.word	1
 904 05f8 0100      		.word	1
 905 05fa 0100      		.word	1
 906 05fc 0100      		.word	1
 907 05fe 0100      		.word	1
 908 0600 0100      		.word	1
 909 0602 0100      		.word	1
 910 0604 0100      		.word	1
 911 0606 0100      		.word	1
 912 0608 0100      		.word	1
 913 060a 0000      		.word	0
 914 060c 0100      		.word	1
 915 060e 0100      		.word	1
 916 0610 0100      		.word	1
 917 0612 0100      		.word	1
 918 0614 0100      		.word	1
 919 0616 0100      		.word	1
 920 0618 0100      		.word	1
 921 061a 0100      		.word	1
 922 061c 0100      		.word	1
 923 061e 0100      		.word	1
 924 0620 0100      		.word	1
 925 0622 0100      		.word	1
 926 0624 0100      		.word	1
 927 0626 0100      		.word	1
 928 0628 0100      		.word	1
 929 062a 0100      		.word	1
 930 062c 0100      		.word	1
 931 062e 0100      		.word	1
 932 0630 0100      		.word	1
 933 0632 0100      		.word	1
 934 0634 0100      		.word	1
 935 0636 0100      		.word	1
 936 0638 0100      		.word	1
 937 063a 0100      		.word	1
 938 063c 0100      		.word	1
 939 063e 0100      		.word	1
 940 0640 0100      		.word	1
 941 0642 0100      		.word	1
 942 0644 0100      		.word	1
 943 0646 0100      		.word	1
 944 0648 0100      		.word	1
 945 064a 0100      		.word	1
 946 064c 0100      		.word	1
 947 064e 0100      		.word	1
 948 0650 0100      		.word	1
 949 0652 0100      		.word	1
 950 0654 0100      		.word	1
 951 0656 0100      		.word	1
 952 0658 0100      		.word	1
 953 065a 0100      		.word	1
 954 065c 0100      		.word	1
 955 065e 0100      		.word	1
 956 0660 0100      		.word	1
 957 0662 0100      		.word	1
 958 0664 0100      		.word	1
 959 0666 0100      		.word	1
 960 0668 0100      		.word	1
 961 066a 0100      		.word	1
 962 066c 0100      		.word	1
 963 066e 0100      		.word	1
 964 0670 0100      		.word	1
 965 0672 0100      		.word	1
 966 0674 0100      		.word	1
 967 0676 0100      		.word	1
 968 0678 0100      		.word	1
 969 067a 0100      		.word	1
 970 067c 0100      		.word	1
 971 067e 0100      		.word	1
 972 0680 0100      		.word	1
 973 0682 0100      		.word	1
 974 0684 0100      		.word	1
 975 0686 0100      		.word	1
 976 0688 0100      		.word	1
 977 068a 0100      		.word	1
 978 068c 0100      		.word	1
 979 068e 0100      		.word	1
 980 0690 0100      		.word	1
 981 0692 0100      		.word	1
 982 0694 0100      		.word	1
 983 0696 0100      		.word	1
 984 0698 0100      		.word	1
 985 069a 0100      		.word	1
 986 069c 0100      		.word	1
 987 069e 0100      		.word	1
 988 06a0 0100      		.word	1
 989 06a2 0100      		.word	1
 990 06a4 0100      		.word	1
 991 06a6 0100      		.word	1
 992 06a8 0100      		.word	1
 993 06aa 0100      		.word	1
 994 06ac 0100      		.word	1
 995 06ae 0100      		.word	1
 996 06b0 0100      		.word	1
 997 06b2 0100      		.word	1
 998 06b4 0100      		.word	1
 999 06b6 0100      		.word	1
 1000 06b8 0100      		.word	1
 1001 06ba 0100      		.word	1
 1002 06bc 0100      		.word	1
 1003 06be 0100      		.word	1
 1004 06c0 0100      		.word	1
 1005 06c2 0100      		.word	1
 1006 06c4 0100      		.word	1
 1007 06c6 0100      		.word	1
 1008 06c8 0100      		.word	1
 1009 06ca 0100      		.word	1
 1010 06cc 0100      		.word	1
 1011 06ce 0100      		.word	1
 1012 06d0 0100      		.word	1
 1013 06d2 0100      		.word	1
 1014 06d4 0100      		.word	1
 1015 06d6 0100      		.word	1
 1016 06d8 0100      		.word	1
 1017 06da 0100      		.word	1
 1018 06dc 0100      		.word	1
 1019 06de 0100      		.word	1
 1020 06e0 0100      		.word	1
 1021 06e2 0100      		.word	1
 1022 06e4 0100      		.word	1
 1023 06e6 0100      		.word	1
 1024 06e8 0100      		.word	1
 1025 06ea 0100      		.word	1
 1026 06ec 0100      		.word	1
 1027 06ee 0100      		.word	1
 1028 06f0 0100      		.word	1
 1029 06f2 0100      		.word	1
 1030 06f4 0100      		.word	1
 1031 06f6 0100      		.word	1
 1032 06f8 0100      		.word	1
 1033 06fa 0100      		.word	1
 1034 06fc 0100      		.word	1
 1035 06fe 0100      		.word	1
 1036 0700 0100      		.word	1
 1037 0702 0100      		.word	1
 1038 0704 0100      		.word	1
 1039 0706 0100      		.word	1
 1040 0708 0100      		.word	1
 1041 070a 0000      		.word	0
 1042 070c 0100      		.word	1
 1043 070e 0100      		.word	1
 1044 0710 0100      		.word	1
 1045 0712 0100      		.word	1
 1046 0714 0100      		.word	1
 1047 0716 0100      		.word	1
 1048 0718 0100      		.word	1
 1049 071a 0100      		.word	1
 1050 071c 0100      		.word	1
 1051 071e 0100      		.word	1
 1052 0720 0100      		.word	1
 1053 0722 0100      		.word	1
 1054 0724 0100      		.word	1
 1055 0726 0100      		.word	1
 1056 0728 0100      		.word	1
 1057 072a 0100      		.word	1
 1058 072c 0100      		.word	1
 1059 072e 0100      		.word	1
 1060 0730 0100      		.word	1
 1061 0732 0100      		.word	1
 1062 0734 0100      		.word	1
 1063 0736 0100      		.word	1
 1064 0738 0100      		.word	1
 1065 073a 0100      		.word	1
 1066 073c 0100      		.word	1
 1067 073e 0100      		.word	1
 1068 0740 0100      		.word	1
 1069 0742 0100      		.word	1
 1070 0744 0100      		.word	1
 1071 0746 0100      		.word	1
 1072 0748 0100      		.word	1
 1073 074a 0100      		.word	1
 1074 074c 0100      		.word	1
 1075 074e 0100      		.word	1
 1076 0750 0100      		.word	1
 1077 0752 0100      		.word	1
 1078 0754 0100      		.word	1
 1079 0756 0100      		.word	1
 1080 0758 0100      		.word	1
 1081 075a 0100      		.word	1
 1082 075c 0100      		.word	1
 1083 075e 0100      		.word	1
 1084 0760 0100      		.word	1
 1085 0762 0100      		.word	1
 1086 0764 0100      		.word	1
 1087 0766 0100      		.word	1
 1088 0768 0100      		.word	1
 1089 076a 0100      		.word	1
 1090 076c 0100      		.word	1
 1091 076e 0100      		.word	1
 1092 0770 0100      		.word	1
 1093 0772 0100      		.word	1
 1094 0774 0100      		.word	1
 1095 0776 0100      		.word	1
 1096 0778 0100      		.word	1
 1097 077a 0100      		.word	1
 1098 077c 0100      		.word	1
 1099 077e 0100      		.word	1
 1100 0780 0100      		.word	1
 1101 0782 0100      		.word	1
 1102 0784 0100      		.word	1
 1103 0786 0100      		.word	1
 1104 0788 0100      		.word	1
 1105 078a 0100      		.word	1
 1106 078c 0100      		.word	1
 1107 078e 0100      		.word	1
 1108 0790 0100      		.word	1
 1109 0792 0100      		.word	1
 1110 0794 0100      		.word	1
 1111 0796 0100      		.word	1
 1112 0798 0100      		.word	1
 1113 079a 0100      		.word	1
 1114 079c 0100      		.word	1
 1115 079e 0100      		.word	1
 1116 07a0 0100      		.word	1
 1117 07a2 0100      		.word	1
 1118 07a4 0100      		.word	1
 1119 07a6 0100      		.word	1
 1120 07a8 0100      		.word	1
 1121 07aa 0100      		.word	1
 1122 07ac 0100      		.word	1
 1123 07ae 0100      		.word	1
 1124 07b0 0100      		.word	1
 1125 07b2 0100      		.word	1
 1126 07b4 0100      		.word	1
 1127 07b6 0100      		.word	1
 1128 07b8 0100      		.word	1
 1129 07ba 0100      		.word	1
 1130 07bc 0100      		.word	1
 1131 07be 0100      		.word	1
 1132 07c0 0100      		.word	1
 1133 07c2 0100      		.word	1
 1134 07c4 0100      		.word	1
 1135 07c6 0100      		.word	1
 1136 07c8 0100      		.word	1
 1137 07ca 0100      		.word	1
 1138 07cc 0100      		.word	1
 1139 07ce 0100      		.word	1
 1140 07d0 0100      		.word	1
 1141 07d2 0100      		.word	1
 1142 07d4 0100      		.word	1
 1143 07d6 0100      		.word	1
 1144 07d8 0100      		.word	1
 1145 07da 0100      		.word	1
 1146 07dc 0100      		.word	1
 1147 07de 0100      		.word	1
 1148 07e0 0100      		.word	1
 1149 07e2 0100      		.word	1
 1150 07e4 0100      		.word	1
 1151 07e6 0100      		.word	1
 1152 07e8 0100      		.word	1
 1153 07ea 0100      		.word	1
 1154 07ec 0100      		.word	1
 1155 07ee 0100      		.word	1
 1156 07f0 0100      		.word	1
 1157 07f2 0100      		.word	1
 1158 07f4 0100      		.word	1
 1159 07f6 0100      		.word	1
 1160 07f8 0100      		.word	1
 1161 07fa 0100      		.word	1
 1162 07fc 0100      		.word	1
 1163 07fe 0100      		.word	1
 1164 0800 0100      		.word	1
 1165 0802 0100      		.word	1
 1166 0804 0100      		.word	1
 1167 0806 0100      		.word	1
 1168 0808 0100      		.word	1
 1169 080a 0000      		.word	0
 1170 080c 0100      		.word	1
 1171 080e 0100      		.word	1
 1172 0810 0100      		.word	1
 1173 0812 0100      		.word	1
 1174 0814 0100      		.word	1
 1175 0816 0100      		.word	1
 1176 0818 0100      		.word	1
 1177 081a 0100      		.word	1
 1178 081c 0100      		.word	1
 1179 081e 0100      		.word	1
 1180 0820 0100      		.word	1
 1181 0822 0100      		.word	1
 1182 0824 0100      		.word	1
 1183 0826 0100      		.word	1
 1184 0828 0100      		.word	1
 1185 082a 0100      		.word	1
 1186 082c 0100      		.word	1
 1187 082e 0100      		.word	1
 1188 0830 0100      		.word	1
 1189 0832 0100      		.word	1
 1190 0834 0100      		.word	1
 1191 0836 0100      		.word	1
 1192 0838 0100      		.word	1
 1193 083a 0100      		.word	1
 1194 083c 0100      		.word	1
 1195 083e 0100      		.word	1
 1196 0840 0100      		.word	1
 1197 0842 0100      		.word	1
 1198 0844 0100      		.word	1
 1199 0846 0100      		.word	1
 1200 0848 0100      		.word	1
 1201 084a 0100      		.word	1
 1202 084c 0100      		.word	1
 1203 084e 0100      		.word	1
 1204 0850 0100      		.word	1
 1205 0852 0100      		.word	1
 1206 0854 0100      		.word	1
 1207 0856 0100      		.word	1
 1208 0858 0100      		.word	1
 1209 085a 0100      		.word	1
 1210 085c 0100      		.word	1
 1211 085e 0100      		.word	1
 1212 0860 0100      		.word	1
 1213 0862 0100      		.word	1
 1214 0864 0100      		.word	1
 1215 0866 0100      		.word	1
 1216 0868 0100      		.word	1
 1217 086a 0100      		.word	1
 1218 086c 0100      		.word	1
 1219 086e 0100      		.word	1
 1220 0870 0100      		.word	1
 1221 0872 0100      		.word	1
 1222 0874 0100      		.word	1
 1223 0876 0100      		.word	1
 1224 0878 0100      		.word	1
 1225 087a 0100      		.word	1
 1226 087c 0100      		.word	1
 1227 087e 0100      		.word	1
 1228 0880 0100      		.word	1
 1229 0882 0100      		.word	1
 1230 0884 0100      		.word	1
 1231 0886 0100      		.word	1
 1232 0888 0100      		.word	1
 1233 088a 0100      		.word	1
 1234 088c 0100      		.word	1
 1235 088e 0100      		.word	1
 1236 0890 0100      		.word	1
 1237 0892 0100      		.word	1
 1238 0894 0100      		.word	1
 1239 0896 0100      		.word	1
 1240 0898 0100      		.word	1
 1241 089a 0100      		.word	1
 1242 089c 0100      		.word	1
 1243 089e 0100      		.word	1
 1244 08a0 0100      		.word	1
 1245 08a2 0100      		.word	1
 1246 08a4 0100      		.word	1
 1247 08a6 0100      		.word	1
 1248 08a8 0100      		.word	1
 1249 08aa 0100      		.word	1
 1250 08ac 0100      		.word	1
 1251 08ae 0100      		.word	1
 1252 08b0 0100      		.word	1
 1253 08b2 0100      		.word	1
 1254 08b4 0100      		.word	1
 1255 08b6 0100      		.word	1
 1256 08b8 0100      		.word	1
 1257 08ba 0100      		.word	1
 1258 08bc 0100      		.word	1
 1259 08be 0100      		.word	1
 1260 08c0 0100      		.word	1
 1261 08c2 0100      		.word	1
 1262 08c4 0100      		.word	1
 1263 08c6 0100      		.word	1
 1264 08c8 0100      		.word	1
 1265 08ca 0100      		.word	1
 1266 08cc 0100      		.word	1
 1267 08ce 0100      		.word	1
 1268 08d0 0100      		.word	1
 1269 08d2 0100      		.word	1
 1270 08d4 0100      		.word	1
 1271 08d6 0100      		.word	1
 1272 08d8 0100      		.word	1
 1273 08da 0100      		.word	1
 1274 08dc 0100      		.word	1
 1275 08de 0100      		.word	1
 1276 08e0 0100      		.word	1
 1277 08e2 0100      		.word	1
 1278 08e4 0100      		.word	1
 1279 08e6 0100      		.word	1
 1280 08e8 0100      		.word	1
 1281 08ea 0100      		.word	1
 1282 08ec 0100      		.word	1
 1283 08ee 0100      		.word	1
 1284 08f0 0100      		.word	1
 1285 08f2 0100      		.word	1
 1286 08f4 0100      		.word	1
 1287 08f6 0100      		.word	1
 1288 08f8 0100      		.word	1
 1289 08fa 0100      		.word	1
 1290 08fc 0100      		.word	1
 1291 08fe 0100      		.word	1
 1292 0900 0100      		.word	1
 1293 0902 0100      		.word	1
 1294 0904 0100      		.word	1
 1295 0906 0100      		.word	1
 1296 0908 0100      		.word	1
 1297 090a 0000      		.word	0
 1298 090c 0100      		.word	1
 1299 090e 0100      		.word	1
 1300 0910 0100      		.word	1
 1301 0912 0100      		.word	1
 1302 0914 0100      		.word	1
 1303 0916 0100      		.word	1
 1304 0918 0100      		.word	1
 1305 091a 0100      		.word	1
 1306 091c 0100      		.word	1
 1307 091e 0100      		.word	1
 1308 0920 0100      		.word	1
 1309 0922 0100      		.word	1
 1310 0924 0100      		.word	1
 1311 0926 0100      		.word	1
 1312 0928 0100      		.word	1
 1313 092a 0100      		.word	1
 1314 092c 0100      		.word	1
 1315 092e 0100      		.word	1
 1316 0930 0100      		.word	1
 1317 0932 0100      		.word	1
 1318 0934 0100      		.word	1
 1319 0936 0100      		.word	1
 1320 0938 0100      		.word	1
 1321 093a 0100      		.word	1
 1322 093c 0100      		.word	1
 1323 093e 0100      		.word	1
 1324 0940 0100      		.word	1
 1325 0942 0100      		.word	1
 1326 0944 0100      		.word	1
 1327 0946 0100      		.word	1
 1328 0948 0100      		.word	1
 1329 094a 0100      		.word	1
 1330 094c 0100      		.word	1
 1331 094e 0100      		.word	1
 1332 0950 0100      		.word	1
 1333 0952 0100      		.word	1
 1334 0954 0100      		.word	1
 1335 0956 0100      		.word	1
 1336 0958 0100      		.word	1
 1337 095a 0100      		.word	1
 1338 095c 0100      		.word	1
 1339 095e 0100      		.word	1
 1340 0960 0100      		.word	1
 1341 0962 0100      		.word	1
 1342 0964 0100      		.word	1
 1343 0966 0100      		.word	1
 1344 0968 0100      		.word	1
 1345 096a 0100      		.word	1
 1346 096c 0100      		.word	1
 1347 096e 0100      		.word	1
 1348 0970 0100      		.word	1
 1349 0972 0100      		.word	1
 1350 0974 0100      		.word	1
 1351 0976 0100      		.word	1
 1352 0978 0100      		.word	1
 1353 097a 0100      		.word	1
 1354 097c 0100      		.word	1
 1355 097e 0100      		.word	1
 1356 0980 0100      		.word	1
 1357 0982 0100      		.word	1
 1358 0984 0100      		.word	1
 1359 0986 0100      		.word	1
 1360 0988 0100      		.word	1
 1361 098a 0100      		.word	1
 1362 098c 0100      		.word	1
 1363 098e 0100      		.word	1
 1364 0990 0100      		.word	1
 1365 0992 0100      		.word	1
 1366 0994 0100      		.word	1
 1367 0996 0100      		.word	1
 1368 0998 0100      		.word	1
 1369 099a 0100      		.word	1
 1370 099c 0100      		.word	1
 1371 099e 0100      		.word	1
 1372 09a0 0100      		.word	1
 1373 09a2 0100      		.word	1
 1374 09a4 0100      		.word	1
 1375 09a6 0100      		.word	1
 1376 09a8 0100      		.word	1
 1377 09aa 0100      		.word	1
 1378 09ac 0100      		.word	1
 1379 09ae 0100      		.word	1
 1380 09b0 0100      		.word	1
 1381 09b2 0100      		.word	1
 1382 09b4 0100      		.word	1
 1383 09b6 0100      		.word	1
 1384 09b8 0100      		.word	1
 1385 09ba 0100      		.word	1
 1386 09bc 0100      		.word	1
 1387 09be 0100      		.word	1
 1388 09c0 0100      		.word	1
 1389 09c2 0100      		.word	1
 1390 09c4 0100      		.word	1
 1391 09c6 0100      		.word	1
 1392 09c8 0100      		.word	1
 1393 09ca 0100      		.word	1
 1394 09cc 0100      		.word	1
 1395 09ce 0100      		.word	1
 1396 09d0 0100      		.word	1
 1397 09d2 0100      		.word	1
 1398 09d4 0100      		.word	1
 1399 09d6 0100      		.word	1
 1400 09d8 0100      		.word	1
 1401 09da 0100      		.word	1
 1402 09dc 0100      		.word	1
 1403 09de 0100      		.word	1
 1404 09e0 0100      		.word	1
 1405 09e2 0100      		.word	1
 1406 09e4 0100      		.word	1
 1407 09e6 0100      		.word	1
 1408 09e8 0100      		.word	1
 1409 09ea 0100      		.word	1
 1410 09ec 0100      		.word	1
 1411 09ee 0100      		.word	1
 1412 09f0 0100      		.word	1
 1413 09f2 0100      		.word	1
 1414 09f4 0100      		.word	1
 1415 09f6 0100      		.word	1
 1416 09f8 0100      		.word	1
 1417 09fa 0100      		.word	1
 1418 09fc 0100      		.word	1
 1419 09fe 0100      		.word	1
 1420 0a00 0100      		.word	1
 1421 0a02 0100      		.word	1
 1422 0a04 0100      		.word	1
 1423 0a06 0100      		.word	1
 1424 0a08 0100      		.word	1
 1425 0a0a 0000      		.word	0
 1426 0a0c 0100      		.word	1
 1427 0a0e 0100      		.word	1
 1428 0a10 0100      		.word	1
 1429 0a12 0100      		.word	1
 1430 0a14 0100      		.word	1
 1431 0a16 0100      		.word	1
 1432 0a18 0100      		.word	1
 1433 0a1a 0100      		.word	1
 1434 0a1c 0100      		.word	1
 1435 0a1e 0100      		.word	1
 1436 0a20 0100      		.word	1
 1437 0a22 0100      		.word	1
 1438 0a24 0100      		.word	1
 1439 0a26 0100      		.word	1
 1440 0a28 0100      		.word	1
 1441 0a2a 0100      		.word	1
 1442 0a2c 0100      		.word	1
 1443 0a2e 0100      		.word	1
 1444 0a30 0100      		.word	1
 1445 0a32 0100      		.word	1
 1446 0a34 0100      		.word	1
 1447 0a36 0100      		.word	1
 1448 0a38 0100      		.word	1
 1449 0a3a 0100      		.word	1
 1450 0a3c 0100      		.word	1
 1451 0a3e 0100      		.word	1
 1452 0a40 0100      		.word	1
 1453 0a42 0100      		.word	1
 1454 0a44 0100      		.word	1
 1455 0a46 0100      		.word	1
 1456 0a48 0100      		.word	1
 1457 0a4a 0100      		.word	1
 1458 0a4c 0100      		.word	1
 1459 0a4e 0100      		.word	1
 1460 0a50 0100      		.word	1
 1461 0a52 0100      		.word	1
 1462 0a54 0100      		.word	1
 1463 0a56 0100      		.word	1
 1464 0a58 0100      		.word	1
 1465 0a5a 0100      		.word	1
 1466 0a5c 0100      		.word	1
 1467 0a5e 0100      		.word	1
 1468 0a60 0100      		.word	1
 1469 0a62 0100      		.word	1
 1470 0a64 0100      		.word	1
 1471 0a66 0100      		.word	1
 1472 0a68 0100      		.word	1
 1473 0a6a 0100      		.word	1
 1474 0a6c 0100      		.word	1
 1475 0a6e 0100      		.word	1
 1476 0a70 0100      		.word	1
 1477 0a72 0100      		.word	1
 1478 0a74 0100      		.word	1
 1479 0a76 0100      		.word	1
 1480 0a78 0100      		.word	1
 1481 0a7a 0100      		.word	1
 1482 0a7c 0100      		.word	1
 1483 0a7e 0100      		.word	1
 1484 0a80 0100      		.word	1
 1485 0a82 0100      		.word	1
 1486 0a84 0100      		.word	1
 1487 0a86 0100      		.word	1
 1488 0a88 0100      		.word	1
 1489 0a8a 0100      		.word	1
 1490 0a8c 0100      		.word	1
 1491 0a8e 0100      		.word	1
 1492 0a90 0100      		.word	1
 1493 0a92 0100      		.word	1
 1494 0a94 0100      		.word	1
 1495 0a96 0100      		.word	1
 1496 0a98 0100      		.word	1
 1497 0a9a 0100      		.word	1
 1498 0a9c 0100      		.word	1
 1499 0a9e 0100      		.word	1
 1500 0aa0 0100      		.word	1
 1501 0aa2 0100      		.word	1
 1502 0aa4 0100      		.word	1
 1503 0aa6 0100      		.word	1
 1504 0aa8 0100      		.word	1
 1505 0aaa 0100      		.word	1
 1506 0aac 0100      		.word	1
 1507 0aae 0100      		.word	1
 1508 0ab0 0100      		.word	1
 1509 0ab2 0100      		.word	1
 1510 0ab4 0100      		.word	1
 1511 0ab6 0100      		.word	1
 1512 0ab8 0100      		.word	1
 1513 0aba 0100      		.word	1
 1514 0abc 0100      		.word	1
 1515 0abe 0100      		.word	1
 1516 0ac0 0100      		.word	1
 1517 0ac2 0100      		.word	1
 1518 0ac4 0100      		.word	1
 1519 0ac6 0100      		.word	1
 1520 0ac8 0100      		.word	1
 1521 0aca 0100      		.word	1
 1522 0acc 0100      		.word	1
 1523 0ace 0100      		.word	1
 1524 0ad0 0100      		.word	1
 1525 0ad2 0100      		.word	1
 1526 0ad4 0100      		.word	1
 1527 0ad6 0100      		.word	1
 1528 0ad8 0100      		.word	1
 1529 0ada 0100      		.word	1
 1530 0adc 0100      		.word	1
 1531 0ade 0100      		.word	1
 1532 0ae0 0100      		.word	1
 1533 0ae2 0100      		.word	1
 1534 0ae4 0100      		.word	1
 1535 0ae6 0100      		.word	1
 1536 0ae8 0100      		.word	1
 1537 0aea 0100      		.word	1
 1538 0aec 0100      		.word	1
 1539 0aee 0100      		.word	1
 1540 0af0 0100      		.word	1
 1541 0af2 0100      		.word	1
 1542 0af4 0100      		.word	1
 1543 0af6 0100      		.word	1
 1544 0af8 0100      		.word	1
 1545 0afa 0100      		.word	1
 1546 0afc 0100      		.word	1
 1547 0afe 0100      		.word	1
 1548 0b00 0100      		.word	1
 1549 0b02 0100      		.word	1
 1550 0b04 0100      		.word	1
 1551 0b06 0100      		.word	1
 1552 0b08 0100      		.word	1
 1553 0b0a 0000      		.word	0
 1554 0b0c 0100      		.word	1
 1555 0b0e 0100      		.word	1
 1556 0b10 0100      		.word	1
 1557 0b12 0100      		.word	1
 1558 0b14 0100      		.word	1
 1559 0b16 0100      		.word	1
 1560 0b18 0100      		.word	1
 1561 0b1a 0100      		.word	1
 1562 0b1c 0100      		.word	1
 1563 0b1e 0100      		.word	1
 1564 0b20 0100      		.word	1
 1565 0b22 0100      		.word	1
 1566 0b24 0100      		.word	1
 1567 0b26 0100      		.word	1
 1568 0b28 0100      		.word	1
 1569 0b2a 0100      		.word	1
 1570 0b2c 0100      		.word	1
 1571 0b2e 0100      		.word	1
 1572 0b30 0100      		.word	1
 1573 0b32 0100      		.word	1
 1574 0b34 0100      		.word	1
 1575 0b36 0100      		.word	1
 1576 0b38 0100      		.word	1
 1577 0b3a 0100      		.word	1
 1578 0b3c 0100      		.word	1
 1579 0b3e 0100      		.word	1
 1580 0b40 0100      		.word	1
 1581 0b42 0100      		.word	1
 1582 0b44 0100      		.word	1
 1583 0b46 0100      		.word	1
 1584 0b48 0100      		.word	1
 1585 0b4a 0100      		.word	1
 1586 0b4c 0100      		.word	1
 1587 0b4e 0100      		.word	1
 1588 0b50 0100      		.word	1
 1589 0b52 0100      		.word	1
 1590 0b54 0100      		.word	1
 1591 0b56 0100      		.word	1
 1592 0b58 0100      		.word	1
 1593 0b5a 0100      		.word	1
 1594 0b5c 0100      		.word	1
 1595 0b5e 0100      		.word	1
 1596 0b60 0100      		.word	1
 1597 0b62 0100      		.word	1
 1598 0b64 0100      		.word	1
 1599 0b66 0100      		.word	1
 1600 0b68 0100      		.word	1
 1601 0b6a 0100      		.word	1
 1602 0b6c 0100      		.word	1
 1603 0b6e 0100      		.word	1
 1604 0b70 0100      		.word	1
 1605 0b72 0100      		.word	1
 1606 0b74 0100      		.word	1
 1607 0b76 0100      		.word	1
 1608 0b78 0100      		.word	1
 1609 0b7a 0100      		.word	1
 1610 0b7c 0100      		.word	1
 1611 0b7e 0100      		.word	1
 1612 0b80 0100      		.word	1
 1613 0b82 0100      		.word	1
 1614 0b84 0100      		.word	1
 1615 0b86 0100      		.word	1
 1616 0b88 0100      		.word	1
 1617 0b8a 0100      		.word	1
 1618 0b8c 0100      		.word	1
 1619 0b8e 0100      		.word	1
 1620 0b90 0100      		.word	1
 1621 0b92 0100      		.word	1
 1622 0b94 0100      		.word	1
 1623 0b96 0100      		.word	1
 1624 0b98 0100      		.word	1
 1625 0b9a 0100      		.word	1
 1626 0b9c 0100      		.word	1
 1627 0b9e 0100      		.word	1
 1628 0ba0 0100      		.word	1
 1629 0ba2 0100      		.word	1
 1630 0ba4 0100      		.word	1
 1631 0ba6 0100      		.word	1
 1632 0ba8 0100      		.word	1
 1633 0baa 0100      		.word	1
 1634 0bac 0100      		.word	1
 1635 0bae 0100      		.word	1
 1636 0bb0 0100      		.word	1
 1637 0bb2 0100      		.word	1
 1638 0bb4 0100      		.word	1
 1639 0bb6 0100      		.word	1
 1640 0bb8 0100      		.word	1
 1641 0bba 0100      		.word	1
 1642 0bbc 0100      		.word	1
 1643 0bbe 0100      		.word	1
 1644 0bc0 0100      		.word	1
 1645 0bc2 0100      		.word	1
 1646 0bc4 0100      		.word	1
 1647 0bc6 0100      		.word	1
 1648 0bc8 0100      		.word	1
 1649 0bca 0100      		.word	1
 1650 0bcc 0100      		.word	1
 1651 0bce 0100      		.word	1
 1652 0bd0 0100      		.word	1
 1653 0bd2 0100      		.word	1
 1654 0bd4 0100      		.word	1
 1655 0bd6 0100      		.word	1
 1656 0bd8 0100      		.word	1
 1657 0bda 0100      		.word	1
 1658 0bdc 0100      		.word	1
 1659 0bde 0100      		.word	1
 1660 0be0 0100      		.word	1
 1661 0be2 0100      		.word	1
 1662 0be4 0100      		.word	1
 1663 0be6 0100      		.word	1
 1664 0be8 0100      		.word	1
 1665 0bea 0100      		.word	1
 1666 0bec 0100      		.word	1
 1667 0bee 0100      		.word	1
 1668 0bf0 0100      		.word	1
 1669 0bf2 0100      		.word	1
 1670 0bf4 0100      		.word	1
 1671 0bf6 0100      		.word	1
 1672 0bf8 0100      		.word	1
 1673 0bfa 0100      		.word	1
 1674 0bfc 0100      		.word	1
 1675 0bfe 0100      		.word	1
 1676 0c00 0100      		.word	1
 1677 0c02 0100      		.word	1
 1678 0c04 0100      		.word	1
 1679 0c06 0100      		.word	1
 1680 0c08 0100      		.word	1
 1681 0c0a 0000      		.word	0
 1682 0c0c 0100      		.word	1
 1683 0c0e 0100      		.word	1
 1684 0c10 0100      		.word	1
 1685 0c12 0100      		.word	1
 1686 0c14 0100      		.word	1
 1687 0c16 0100      		.word	1
 1688 0c18 0100      		.word	1
 1689 0c1a 0100      		.word	1
 1690 0c1c 0100      		.word	1
 1691 0c1e 0100      		.word	1
 1692 0c20 0100      		.word	1
 1693 0c22 0100      		.word	1
 1694 0c24 0100      		.word	1
 1695 0c26 0100      		.word	1
 1696 0c28 0100      		.word	1
 1697 0c2a 0100      		.word	1
 1698 0c2c 0100      		.word	1
 1699 0c2e 0100      		.word	1
 1700 0c30 0100      		.word	1
 1701 0c32 0100      		.word	1
 1702 0c34 0100      		.word	1
 1703 0c36 0100      		.word	1
 1704 0c38 0100      		.word	1
 1705 0c3a 0100      		.word	1
 1706 0c3c 0100      		.word	1
 1707 0c3e 0100      		.word	1
 1708 0c40 0100      		.word	1
 1709 0c42 0100      		.word	1
 1710 0c44 0100      		.word	1
 1711 0c46 0100      		.word	1
 1712 0c48 0100      		.word	1
 1713 0c4a 0100      		.word	1
 1714 0c4c 0100      		.word	1
 1715 0c4e 0100      		.word	1
 1716 0c50 0100      		.word	1
 1717 0c52 0100      		.word	1
 1718 0c54 0100      		.word	1
 1719 0c56 0100      		.word	1
 1720 0c58 0100      		.word	1
 1721 0c5a 0100      		.word	1
 1722 0c5c 0100      		.word	1
 1723 0c5e 0100      		.word	1
 1724 0c60 0100      		.word	1
 1725 0c62 0100      		.word	1
 1726 0c64 0100      		.word	1
 1727 0c66 0100      		.word	1
 1728 0c68 0100      		.word	1
 1729 0c6a 0100      		.word	1
 1730 0c6c 0100      		.word	1
 1731 0c6e 0100      		.word	1
 1732 0c70 0100      		.word	1
 1733 0c72 0100      		.word	1
 1734 0c74 0100      		.word	1
 1735 0c76 0100      		.word	1
 1736 0c78 0100      		.word	1
 1737 0c7a 0100      		.word	1
 1738 0c7c 0100      		.word	1
 1739 0c7e 0100      		.word	1
 1740 0c80 0100      		.word	1
 1741 0c82 0100      		.word	1
 1742 0c84 0100      		.word	1
 1743 0c86 0100      		.word	1
 1744 0c88 0100      		.word	1
 1745 0c8a 0100      		.word	1
 1746 0c8c 0100      		.word	1
 1747 0c8e 0100      		.word	1
 1748 0c90 0100      		.word	1
 1749 0c92 0100      		.word	1
 1750 0c94 0100      		.word	1
 1751 0c96 0100      		.word	1
 1752 0c98 0100      		.word	1
 1753 0c9a 0100      		.word	1
 1754 0c9c 0100      		.word	1
 1755 0c9e 0100      		.word	1
 1756 0ca0 0100      		.word	1
 1757 0ca2 0100      		.word	1
 1758 0ca4 0100      		.word	1
 1759 0ca6 0100      		.word	1
 1760 0ca8 0100      		.word	1
 1761 0caa 0100      		.word	1
 1762 0cac 0100      		.word	1
 1763 0cae 0100      		.word	1
 1764 0cb0 0100      		.word	1
 1765 0cb2 0100      		.word	1
 1766 0cb4 0100      		.word	1
 1767 0cb6 0100      		.word	1
 1768 0cb8 0100      		.word	1
 1769 0cba 0100      		.word	1
 1770 0cbc 0100      		.word	1
 1771 0cbe 0100      		.word	1
 1772 0cc0 0100      		.word	1
 1773 0cc2 0100      		.word	1
 1774 0cc4 0100      		.word	1
 1775 0cc6 0100      		.word	1
 1776 0cc8 0100      		.word	1
 1777 0cca 0100      		.word	1
 1778 0ccc 0100      		.word	1
 1779 0cce 0100      		.word	1
 1780 0cd0 0100      		.word	1
 1781 0cd2 0100      		.word	1
 1782 0cd4 0100      		.word	1
 1783 0cd6 0100      		.word	1
 1784 0cd8 0100      		.word	1
 1785 0cda 0100      		.word	1
 1786 0cdc 0100      		.word	1
 1787 0cde 0100      		.word	1
 1788 0ce0 0100      		.word	1
 1789 0ce2 0100      		.word	1
 1790 0ce4 0100      		.word	1
 1791 0ce6 0100      		.word	1
 1792 0ce8 0100      		.word	1
 1793 0cea 0100      		.word	1
 1794 0cec 0100      		.word	1
 1795 0cee 0100      		.word	1
 1796 0cf0 0100      		.word	1
 1797 0cf2 0100      		.word	1
 1798 0cf4 0100      		.word	1
 1799 0cf6 0100      		.word	1
 1800 0cf8 0100      		.word	1
 1801 0cfa 0100      		.word	1
 1802 0cfc 0100      		.word	1
 1803 0cfe 0100      		.word	1
 1804 0d00 0100      		.word	1
 1805 0d02 0100      		.word	1
 1806 0d04 0100      		.word	1
 1807 0d06 0100      		.word	1
 1808 0d08 0100      		.word	1
 1809 0d0a 0000      		.word	0
 1810 0d0c 0100      		.word	1
 1811 0d0e 0100      		.word	1
 1812 0d10 0100      		.word	1
 1813 0d12 0100      		.word	1
 1814 0d14 0100      		.word	1
 1815 0d16 0100      		.word	1
 1816 0d18 0100      		.word	1
 1817 0d1a 0100      		.word	1
 1818 0d1c 0100      		.word	1
 1819 0d1e 0100      		.word	1
 1820 0d20 0100      		.word	1
 1821 0d22 0100      		.word	1
 1822 0d24 0100      		.word	1
 1823 0d26 0100      		.word	1
 1824 0d28 0100      		.word	1
 1825 0d2a 0100      		.word	1
 1826 0d2c 0100      		.word	1
 1827 0d2e 0100      		.word	1
 1828 0d30 0100      		.word	1
 1829 0d32 0100      		.word	1
 1830 0d34 0100      		.word	1
 1831 0d36 0100      		.word	1
 1832 0d38 0100      		.word	1
 1833 0d3a 0100      		.word	1
 1834 0d3c 0100      		.word	1
 1835 0d3e 0100      		.word	1
 1836 0d40 0100      		.word	1
 1837 0d42 0100      		.word	1
 1838 0d44 0100      		.word	1
 1839 0d46 0100      		.word	1
 1840 0d48 0100      		.word	1
 1841 0d4a 0100      		.word	1
 1842 0d4c 0100      		.word	1
 1843 0d4e 0100      		.word	1
 1844 0d50 0100      		.word	1
 1845 0d52 0100      		.word	1
 1846 0d54 0100      		.word	1
 1847 0d56 0100      		.word	1
 1848 0d58 0100      		.word	1
 1849 0d5a 0100      		.word	1
 1850 0d5c 0100      		.word	1
 1851 0d5e 0100      		.word	1
 1852 0d60 0100      		.word	1
 1853 0d62 0100      		.word	1
 1854 0d64 0100      		.word	1
 1855 0d66 0100      		.word	1
 1856 0d68 0100      		.word	1
 1857 0d6a 0100      		.word	1
 1858 0d6c 0100      		.word	1
 1859 0d6e 0100      		.word	1
 1860 0d70 0100      		.word	1
 1861 0d72 0100      		.word	1
 1862 0d74 0100      		.word	1
 1863 0d76 0100      		.word	1
 1864 0d78 0100      		.word	1
 1865 0d7a 0100      		.word	1
 1866 0d7c 0100      		.word	1
 1867 0d7e 0100      		.word	1
 1868 0d80 0100      		.word	1
 1869 0d82 0100      		.word	1
 1870 0d84 0100      		.word	1
 1871 0d86 0100      		.word	1
 1872 0d88 0100      		.word	1
 1873 0d8a 0100      		.word	1
 1874 0d8c 0100      		.word	1
 1875 0d8e 0100      		.word	1
 1876 0d90 0100      		.word	1
 1877 0d92 0100      		.word	1
 1878 0d94 0100      		.word	1
 1879 0d96 0100      		.word	1
 1880 0d98 0100      		.word	1
 1881 0d9a 0100      		.word	1
 1882 0d9c 0100      		.word	1
 1883 0d9e 0100      		.word	1
 1884 0da0 0100      		.word	1
 1885 0da2 0100      		.word	1
 1886 0da4 0100      		.word	1
 1887 0da6 0100      		.word	1
 1888 0da8 0100      		.word	1
 1889 0daa 0100      		.word	1
 1890 0dac 0100      		.word	1
 1891 0dae 0100      		.word	1
 1892 0db0 0100      		.word	1
 1893 0db2 0100      		.word	1
 1894 0db4 0100      		.word	1
 1895 0db6 0100      		.word	1
 1896 0db8 0100      		.word	1
 1897 0dba 0100      		.word	1
 1898 0dbc 0100      		.word	1
 1899 0dbe 0100      		.word	1
 1900 0dc0 0100      		.word	1
 1901 0dc2 0100      		.word	1
 1902 0dc4 0100      		.word	1
 1903 0dc6 0100      		.word	1
 1904 0dc8 0100      		.word	1
 1905 0dca 0100      		.word	1
 1906 0dcc 0100      		.word	1
 1907 0dce 0100      		.word	1
 1908 0dd0 0100      		.word	1
 1909 0dd2 0100      		.word	1
 1910 0dd4 0100      		.word	1
 1911 0dd6 0100      		.word	1
 1912 0dd8 0100      		.word	1
 1913 0dda 0100      		.word	1
 1914 0ddc 0100      		.word	1
 1915 0dde 0100      		.word	1
 1916 0de0 0100      		.word	1
 1917 0de2 0100      		.word	1
 1918 0de4 0100      		.word	1
 1919 0de6 0100      		.word	1
 1920 0de8 0100      		.word	1
 1921 0dea 0100      		.word	1
 1922 0dec 0100      		.word	1
 1923 0dee 0100      		.word	1
 1924 0df0 0100      		.word	1
 1925 0df2 0100      		.word	1
 1926 0df4 0100      		.word	1
 1927 0df6 0100      		.word	1
 1928 0df8 0100      		.word	1
 1929 0dfa 0100      		.word	1
 1930 0dfc 0100      		.word	1
 1931 0dfe 0100      		.word	1
 1932 0e00 0100      		.word	1
 1933 0e02 0100      		.word	1
 1934 0e04 0100      		.word	1
 1935 0e06 0100      		.word	1
 1936 0e08 0100      		.word	1
 1937 0e0a 0000      		.word	0
 1938 0e0c 0100      		.word	1
 1939 0e0e 0100      		.word	1
 1940 0e10 0100      		.word	1
 1941 0e12 0100      		.word	1
 1942 0e14 0100      		.word	1
 1943 0e16 0100      		.word	1
 1944 0e18 0100      		.word	1
 1945 0e1a 0100      		.word	1
 1946 0e1c 0100      		.word	1
 1947 0e1e 0100      		.word	1
 1948 0e20 0100      		.word	1
 1949 0e22 0100      		.word	1
 1950 0e24 0100      		.word	1
 1951 0e26 0100      		.word	1
 1952 0e28 0100      		.word	1
 1953 0e2a 0100      		.word	1
 1954 0e2c 0100      		.word	1
 1955 0e2e 0100      		.word	1
 1956 0e30 0100      		.word	1
 1957 0e32 0100      		.word	1
 1958 0e34 0100      		.word	1
 1959 0e36 0100      		.word	1
 1960 0e38 0100      		.word	1
 1961 0e3a 0100      		.word	1
 1962 0e3c 0100      		.word	1
 1963 0e3e 0100      		.word	1
 1964 0e40 0100      		.word	1
 1965 0e42 0100      		.word	1
 1966 0e44 0100      		.word	1
 1967 0e46 0100      		.word	1
 1968 0e48 0100      		.word	1
 1969 0e4a 0100      		.word	1
 1970 0e4c 0100      		.word	1
 1971 0e4e 0100      		.word	1
 1972 0e50 0100      		.word	1
 1973 0e52 0100      		.word	1
 1974 0e54 0100      		.word	1
 1975 0e56 0100      		.word	1
 1976 0e58 0100      		.word	1
 1977 0e5a 0100      		.word	1
 1978 0e5c 0100      		.word	1
 1979 0e5e 0100      		.word	1
 1980 0e60 0100      		.word	1
 1981 0e62 0100      		.word	1
 1982 0e64 0100      		.word	1
 1983 0e66 0100      		.word	1
 1984 0e68 0100      		.word	1
 1985 0e6a 0100      		.word	1
 1986 0e6c 0100      		.word	1
 1987 0e6e 0100      		.word	1
 1988 0e70 0100      		.word	1
 1989 0e72 0100      		.word	1
 1990 0e74 0100      		.word	1
 1991 0e76 0100      		.word	1
 1992 0e78 0100      		.word	1
 1993 0e7a 0100      		.word	1
 1994 0e7c 0100      		.word	1
 1995 0e7e 0100      		.word	1
 1996 0e80 0100      		.word	1
 1997 0e82 0100      		.word	1
 1998 0e84 0100      		.word	1
 1999 0e86 0100      		.word	1
 2000 0e88 0100      		.word	1
 2001 0e8a 0100      		.word	1
 2002 0e8c 0100      		.word	1
 2003 0e8e 0100      		.word	1
 2004 0e90 0100      		.word	1
 2005 0e92 0100      		.word	1
 2006 0e94 0100      		.word	1
 2007 0e96 0100      		.word	1
 2008 0e98 0100      		.word	1
 2009 0e9a 0100      		.word	1
 2010 0e9c 0100      		.word	1
 2011 0e9e 0100      		.word	1
 2012 0ea0 0100      		.word	1
 2013 0ea2 0100      		.word	1
 2014 0ea4 0100      		.word	1
 2015 0ea6 0100      		.word	1
 2016 0ea8 0100      		.word	1
 2017 0eaa 0100      		.word	1
 2018 0eac 0100      		.word	1
 2019 0eae 0100      		.word	1
 2020 0eb0 0100      		.word	1
 2021 0eb2 0100      		.word	1
 2022 0eb4 0100      		.word	1
 2023 0eb6 0100      		.word	1
 2024 0eb8 0100      		.word	1
 2025 0eba 0100      		.word	1
 2026 0ebc 0100      		.word	1
 2027 0ebe 0100      		.word	1
 2028 0ec0 0100      		.word	1
 2029 0ec2 0100      		.word	1
 2030 0ec4 0100      		.word	1
 2031 0ec6 0100      		.word	1
 2032 0ec8 0100      		.word	1
 2033 0eca 0100      		.word	1
 2034 0ecc 0100      		.word	1
 2035 0ece 0100      		.word	1
 2036 0ed0 0100      		.word	1
 2037 0ed2 0100      		.word	1
 2038 0ed4 0100      		.word	1
 2039 0ed6 0100      		.word	1
 2040 0ed8 0100      		.word	1
 2041 0eda 0100      		.word	1
 2042 0edc 0100      		.word	1
 2043 0ede 0100      		.word	1
 2044 0ee0 0100      		.word	1
 2045 0ee2 0100      		.word	1
 2046 0ee4 0100      		.word	1
 2047 0ee6 0100      		.word	1
 2048 0ee8 0100      		.word	1
 2049 0eea 0100      		.word	1
 2050 0eec 0100      		.word	1
 2051 0eee 0100      		.word	1
 2052 0ef0 0100      		.word	1
 2053 0ef2 0100      		.word	1
 2054 0ef4 0100      		.word	1
 2055 0ef6 0100      		.word	1
 2056 0ef8 0100      		.word	1
 2057 0efa 0100      		.word	1
 2058 0efc 0100      		.word	1
 2059 0efe 0100      		.word	1
 2060 0f00 0100      		.word	1
 2061 0f02 0100      		.word	1
 2062 0f04 0100      		.word	1
 2063 0f06 0100      		.word	1
 2064 0f08 0100      		.word	1
 2065 0f0a 0000      		.word	0
 2066 0f0c 0100      		.word	1
 2067 0f0e 0100      		.word	1
 2068 0f10 0100      		.word	1
 2069 0f12 0100      		.word	1
 2070 0f14 0100      		.word	1
 2071 0f16 0100      		.word	1
 2072 0f18 0100      		.word	1
 2073 0f1a 0100      		.word	1
 2074 0f1c 0100      		.word	1
 2075 0f1e 0100      		.word	1
 2076 0f20 0100      		.word	1
 2077 0f22 0100      		.word	1
 2078 0f24 0100      		.word	1
 2079 0f26 0100      		.word	1
 2080 0f28 0100      		.word	1
 2081 0f2a 0100      		.word	1
 2082 0f2c 0100      		.word	1
 2083 0f2e 0100      		.word	1
 2084 0f30 0100      		.word	1
 2085 0f32 0100      		.word	1
 2086 0f34 0100      		.word	1
 2087 0f36 0100      		.word	1
 2088 0f38 0100      		.word	1
 2089 0f3a 0100      		.word	1
 2090 0f3c 0100      		.word	1
 2091 0f3e 0100      		.word	1
 2092 0f40 0100      		.word	1
 2093 0f42 0100      		.word	1
 2094 0f44 0100      		.word	1
 2095 0f46 0100      		.word	1
 2096 0f48 0100      		.word	1
 2097 0f4a 0100      		.word	1
 2098 0f4c 0100      		.word	1
 2099 0f4e 0100      		.word	1
 2100 0f50 0100      		.word	1
 2101 0f52 0100      		.word	1
 2102 0f54 0100      		.word	1
 2103 0f56 0100      		.word	1
 2104 0f58 0100      		.word	1
 2105 0f5a 0100      		.word	1
 2106 0f5c 0100      		.word	1
 2107 0f5e 0100      		.word	1
 2108 0f60 0100      		.word	1
 2109 0f62 0100      		.word	1
 2110 0f64 0100      		.word	1
 2111 0f66 0100      		.word	1
 2112 0f68 0100      		.word	1
 2113 0f6a 0100      		.word	1
 2114 0f6c 0100      		.word	1
 2115 0f6e 0100      		.word	1
 2116 0f70 0100      		.word	1
 2117 0f72 0100      		.word	1
 2118 0f74 0100      		.word	1
 2119 0f76 0100      		.word	1
 2120 0f78 0100      		.word	1
 2121 0f7a 0100      		.word	1
 2122 0f7c 0100      		.word	1
 2123 0f7e 0100      		.word	1
 2124 0f80 0100      		.word	1
 2125 0f82 0100      		.word	1
 2126 0f84 0100      		.word	1
 2127 0f86 0100      		.word	1
 2128 0f88 0100      		.word	1
 2129 0f8a 0100      		.word	1
 2130 0f8c 0100      		.word	1
 2131 0f8e 0100      		.word	1
 2132 0f90 0100      		.word	1
 2133 0f92 0100      		.word	1
 2134 0f94 0100      		.word	1
 2135 0f96 0100      		.word	1
 2136 0f98 0100      		.word	1
 2137 0f9a 0100      		.word	1
 2138 0f9c 0100      		.word	1
 2139 0f9e 0100      		.word	1
 2140 0fa0 0100      		.word	1
 2141 0fa2 0100      		.word	1
 2142 0fa4 0100      		.word	1
 2143 0fa6 0100      		.word	1
 2144 0fa8 0100      		.word	1
 2145 0faa 0100      		.word	1
 2146 0fac 0100      		.word	1
 2147 0fae 0100      		.word	1
 2148 0fb0 0100      		.word	1
 2149 0fb2 0100      		.word	1
 2150 0fb4 0100      		.word	1
 2151 0fb6 0100      		.word	1
 2152 0fb8 0100      		.word	1
 2153 0fba 0100      		.word	1
 2154 0fbc 0100      		.word	1
 2155 0fbe 0100      		.word	1
 2156 0fc0 0100      		.word	1
 2157 0fc2 0100      		.word	1
 2158 0fc4 0100      		.word	1
 2159 0fc6 0100      		.word	1
 2160 0fc8 0100      		.word	1
 2161 0fca 0100      		.word	1
 2162 0fcc 0100      		.word	1
 2163 0fce 0100      		.word	1
 2164 0fd0 0100      		.word	1
 2165 0fd2 0100      		.word	1
 2166 0fd4 0100      		.word	1
 2167 0fd6 0100      		.word	1
 2168 0fd8 0100      		.word	1
 2169 0fda 0100      		.word	1
 2170 0fdc 0100      		.word	1
 2171 0fde 0100      		.word	1
 2172 0fe0 0100      		.word	1
 2173 0fe2 0100      		.word	1
 2174 0fe4 0100      		.word	1
 2175 0fe6 0100      		.word	1
 2176 0fe8 0100      		.word	1
 2177 0fea 0100      		.word	1
 2178 0fec 0100      		.word	1
 2179 0fee 0100      		.word	1
 2180 0ff0 0100      		.word	1
 2181 0ff2 0100      		.word	1
 2182 0ff4 0100      		.word	1
 2183 0ff6 0100      		.word	1
 2184 0ff8 0100      		.word	1
 2185 0ffa 0100      		.word	1
 2186 0ffc 0100      		.word	1
 2187 0ffe 0100      		.word	1
 2188               		.text
 2189               	.Letext0:
 2190               		.file 2 "/usr/avr/include/stdint.h"
 2191               		.file 3 "./tmk_core/common/keyboard.h"
 2192               		.file 4 "./tmk_core/common/keycode.h"
 2193               		.file 5 "./tmk_core/common/action_macro.h"
 2194               		.file 6 "./tmk_core/common/action.h"
 2195               		.file 7 "./quantum/quantum_keycodes.h"
 2196               		.file 8 "./quantum/keymap.h"
DEFINED SYMBOLS
                            *ABS*:0000000000000000 keymap.c
     /tmp/ccoSnm1i.s:2      *ABS*:000000000000003e __SP_H__
     /tmp/ccoSnm1i.s:3      *ABS*:000000000000003d __SP_L__
     /tmp/ccoSnm1i.s:4      *ABS*:000000000000003f __SREG__
     /tmp/ccoSnm1i.s:5      *ABS*:000000000000003b __RAMPZ__
     /tmp/ccoSnm1i.s:6      *ABS*:0000000000000000 __tmp_reg__
     /tmp/ccoSnm1i.s:7      *ABS*:0000000000000001 __zero_reg__
     /tmp/ccoSnm1i.s:14     .text.action_get_macro:0000000000000000 action_get_macro
     /tmp/ccoSnm1i.s:41     .text.matrix_init_user:0000000000000000 matrix_init_user
     /tmp/ccoSnm1i.s:58     .text.matrix_scan_user:0000000000000000 matrix_scan_user
     /tmp/ccoSnm1i.s:73     .text.process_record_user:0000000000000000 process_record_user
     /tmp/ccoSnm1i.s:95     .text.led_set_user:0000000000000000 led_set_user
     /tmp/ccoSnm1i.s:139    .progmem.data.keymaps:0000000000000000 keymaps

NO UNDEFINED SYMBOLS
