   1               		.file	"keymap.c"
   2               	__SP_H__ = 0x3e
   3               	__SP_L__ = 0x3d
   4               	__SREG__ = 0x3f
   5               	__tmp_reg__ = 0
   6               	__zero_reg__ = 1
   7               		.text
   8               	.Ltext0:
   9               		.cfi_sections	.debug_frame
  10               	.global	fn_actions
  11               		.section	.progmem.data.fn_actions,"a"
  14               	fn_actions:
  15               	.global	keymaps
  16               		.section	.progmem.data.keymaps,"a"
  19               	keymaps:
  20 0000 00        		.byte	0
  21 0001 29        		.byte	41
  22 0002 1E        		.byte	30
  23 0003 1F        		.byte	31
  24 0004 20        		.byte	32
  25 0005 21        		.byte	33
  26 0006 22        		.byte	34
  27 0007 23        		.byte	35
  28 0008 24        		.byte	36
  29 0009 25        		.byte	37
  30 000a 26        		.byte	38
  31 000b 27        		.byte	39
  32 000c 2D        		.byte	45
  33 000d 2E        		.byte	46
  34 000e 2A        		.byte	42
  35 000f 2B        		.byte	43
  36 0010 14        		.byte	20
  37 0011 1A        		.byte	26
  38 0012 08        		.byte	8
  39 0013 15        		.byte	21
  40 0014 17        		.byte	23
  41 0015 1C        		.byte	28
  42 0016 18        		.byte	24
  43 0017 0C        		.byte	12
  44 0018 12        		.byte	18
  45 0019 13        		.byte	19
  46 001a 2F        		.byte	47
  47 001b 30        		.byte	48
  48 001c 28        		.byte	40
  49 001d E0        		.byte	-32
  50 001e 04        		.byte	4
  51 001f 16        		.byte	22
  52 0020 07        		.byte	7
  53 0021 09        		.byte	9
  54 0022 0A        		.byte	10
  55 0023 0B        		.byte	11
  56 0024 0D        		.byte	13
  57 0025 0E        		.byte	14
  58 0026 0F        		.byte	15
  59 0027 33        		.byte	51
  60 0028 34        		.byte	52
  61 0029 35        		.byte	53
  62 002a E1        		.byte	-31
  63 002b 31        		.byte	49
  64 002c 1D        		.byte	29
  65 002d 1B        		.byte	27
  66 002e 06        		.byte	6
  67 002f 19        		.byte	25
  68 0030 05        		.byte	5
  69 0031 11        		.byte	17
  70 0032 10        		.byte	16
  71 0033 36        		.byte	54
  72 0034 37        		.byte	55
  73 0035 38        		.byte	56
  74 0036 E5        		.byte	-27
  75 0037 55        		.byte	85
  76 0038 E2        		.byte	-30
  77 0039 2C        		.byte	44
  78 003a 39        		.byte	57
  79 003b 3A        		.byte	58
  80 003c 3B        		.byte	59
  81 003d 3C        		.byte	60
  82 003e 3D        		.byte	61
  83 003f 3E        		.byte	62
  84 0040 3F        		.byte	63
  85 0041 40        		.byte	64
  86 0042 41        		.byte	65
  87 0043 42        		.byte	66
  88 0044 43        		.byte	67
  89 0045 53        		.byte	83
  90 0046 47        		.byte	71
  91 0047 5F        		.byte	95
  92 0048 60        		.byte	96
  93 0049 61        		.byte	97
  94 004a 56        		.byte	86
  95 004b 5C        		.byte	92
  96 004c 5D        		.byte	93
  97 004d 5E        		.byte	94
  98 004e 57        		.byte	87
  99 004f 59        		.byte	89
 100 0050 5A        		.byte	90
 101 0051 5B        		.byte	91
 102 0052 62        		.byte	98
 103 0053 63        		.byte	99
 104 0054 00        		.byte	0
 105 0055 00        		.byte	0
 106 0056 00        		.byte	0
 107 0057 00        		.byte	0
 108 0058 00        		.byte	0
 109 0059 00        		.byte	0
 110 005a 00        		.byte	0
 111 005b 00        		.byte	0
 112 005c 00        		.byte	0
 113 005d 00        		.byte	0
 114 005e 00        		.byte	0
 115 005f 00        		.byte	0
 116 0060 00        		.byte	0
 117 0061 00        		.byte	0
 118 0062 00        		.byte	0
 119 0063 00        		.byte	0
 120 0064 00        		.byte	0
 121 0065 00        		.byte	0
 122 0066 00        		.byte	0
 123 0067 00        		.byte	0
 124 0068 00        		.byte	0
 125 0069 00        		.byte	0
 126 006a 00        		.byte	0
 127 006b 00        		.byte	0
 128 006c 00        		.byte	0
 129 006d 00        		.byte	0
 130 006e 00        		.byte	0
 131 006f 00        		.byte	0
 132 0070 00        		.byte	0
 133 0071 00        		.byte	0
 134 0072 00        		.byte	0
 135 0073 00        		.byte	0
 136 0074 00        		.byte	0
 137 0075 00        		.byte	0
 138 0076 00        		.byte	0
 139 0077 00        		.byte	0
 140 0078 00        		.byte	0
 141 0079 00        		.byte	0
 142 007a 00        		.byte	0
 143 007b 00        		.byte	0
 144 007c 00        		.byte	0
 145 007d 00        		.byte	0
 146 007e 00        		.byte	0
 147 007f 00        		.byte	0
 148               		.text
 149               	.Letext0:
 150               		.file 1 "/usr/avr/include/stdint.h"
 151               		.file 2 "../../tmk_core/common/action_code.h"
 152               		.file 3 "../../tmk_core/protocol/lufa/lufa-abcminiuser/LUFA/Drivers/USB/Core/AVR8/../StdRequestTyp
 153               		.file 4 "../../tmk_core/protocol/lufa/lufa-abcminiuser/LUFA/Drivers/USB/Core/AVR8/../DeviceStandar
 154               		.file 5 "../../tmk_core/protocol/lufa/lufa-abcminiuser/LUFA/Drivers/USB/Core/USBTask.h"
 155               		.file 6 "../../tmk_core/protocol/lufa/lufa-abcminiuser/LUFA/Drivers/USB/Core/HostStandardReq.h"
 156               		.file 7 "/usr/avr/include/stdio.h"
 157               		.file 8 "../../tmk_core/common/avr/xprintf.h"
 158               		.file 9 "../../tmk_core/common/debug.h"
 159               		.file 10 "keymap.c"
 160               		.file 11 "../../tmk_core/common/keycode.h"
DEFINED SYMBOLS
                            *ABS*:0000000000000000 keymap.c
     /tmp/ccrq2nJX.s:2      *ABS*:000000000000003e __SP_H__
     /tmp/ccrq2nJX.s:3      *ABS*:000000000000003d __SP_L__
     /tmp/ccrq2nJX.s:4      *ABS*:000000000000003f __SREG__
     /tmp/ccrq2nJX.s:5      *ABS*:0000000000000000 __tmp_reg__
     /tmp/ccrq2nJX.s:6      *ABS*:0000000000000001 __zero_reg__
     /tmp/ccrq2nJX.s:14     .progmem.data.fn_actions:0000000000000000 fn_actions
     /tmp/ccrq2nJX.s:19     .progmem.data.keymaps:0000000000000000 keymaps

NO UNDEFINED SYMBOLS
