   1               		.file	"led.c"
   2               	__SP_H__ = 0x3e
   3               	__SP_L__ = 0x3d
   4               	__SREG__ = 0x3f
   5               	__tmp_reg__ = 0
   6               	__zero_reg__ = 1
   7               		.text
   8               	.Ltext0:
   9               		.cfi_sections	.debug_frame
  10               		.section	.text.led_set,"ax",@progbits
  11               	.global	led_set
  13               	led_set:
  14               	.LVL0:
  15               	.LFB0:
  16               		.file 1 "led.c"
   1:led.c         **** /*
   2:led.c         **** Copyright 2016 Ethan Apodaca <papodaca@gmail.com>
   3:led.c         **** 
   4:led.c         **** This program is free software: you can redistribute it and/or modify
   5:led.c         **** it under the terms of the GNU General Public License as published by
   6:led.c         **** the Free Software Foundation, either version 2 of the License, or
   7:led.c         **** (at your option) any later version.
   8:led.c         **** 
   9:led.c         **** This program is distributed in the hope that it will be useful,
  10:led.c         **** but WITHOUT ANY WARRANTY; without even the implied warranty of
  11:led.c         **** MERCHANTABILITY or FITNESS FOR A PARTICULAR PURPOSE.  See the
  12:led.c         **** GNU General Public License for more details.
  13:led.c         **** 
  14:led.c         **** You should have received a copy of the GNU General Public License
  15:led.c         **** along with this program.  If not, see <http://www.gnu.org/licenses/>.
  16:led.c         **** */
  17:led.c         **** 
  18:led.c         **** void led_set(uint8_t usb_led) {
  17               		.loc 1 18 31 view -0
  18               		.cfi_startproc
  19               	/* prologue: function */
  20               	/* frame size = 0 */
  21               	/* stack size = 0 */
  22               	.L__stack_usage = 0
  19:led.c         ****   //XT Keyboards do not have LEDs, nothing to do.
  20:led.c         **** }
  23               		.loc 1 20 1 view .LVU1
  24               	/* epilogue start */
  25 0000 0895      		ret
  26               		.cfi_endproc
  27               	.LFE0:
  29               		.text
  30               	.Letext0:
  31               		.file 2 "/usr/avr/include/stdint.h"
DEFINED SYMBOLS
                            *ABS*:0000000000000000 led.c
     /tmp/ccw4fqSj.s:2      *ABS*:000000000000003e __SP_H__
     /tmp/ccw4fqSj.s:3      *ABS*:000000000000003d __SP_L__
     /tmp/ccw4fqSj.s:4      *ABS*:000000000000003f __SREG__
     /tmp/ccw4fqSj.s:5      *ABS*:0000000000000000 __tmp_reg__
     /tmp/ccw4fqSj.s:6      *ABS*:0000000000000001 __zero_reg__
     /tmp/ccw4fqSj.s:13     .text.led_set:0000000000000000 led_set

NO UNDEFINED SYMBOLS
