   1               		.file	"keymap.c"
   2               	__SP_H__ = 0x3e
   3               	__SP_L__ = 0x3d
   4               	__SREG__ = 0x3f
   5               	__tmp_reg__ = 0
   6               	__zero_reg__ = 1
   7               		.text
   8               	.Ltext0:
   9               		.cfi_sections	.debug_frame
  10               	.global	keymaps
  11               		.section	.progmem.data.keymaps,"a"
  14               	keymaps:
  15 0000 00        		.string	""
  16 0001 E700      		.string	"\347"
  17 0003 4847 4629 		.ascii	"HGF):"
  17      3A
  18 0008 68E3 8C8B 		.ascii	"h\343\214\213\212+5;"
  18      8A2B 353B 
  19 0010 69E0 E164 		.ascii	"i\340\341d9\024\036<"
  19      3914 1E3C 
  20 0018 6AE2 1D16 		.ascii	"j\342\035\026\004\032\037="
  20      041A 1F3D 
  21 0020 6B06 1B07 		.ascii	"k\006\033\007\b! >"
  21      0821 203E 
  22 0028 6C2C 1909 		.ascii	"l,\031\t\027\025\"?"
  22      1715 223F 
  23 0030 6D11 050B 		.ascii	"m\021\005\013\n\034#@"
  23      0A1C 2340 
  24 0038 6EE6 100D 		.ascii	"n\346\020\r\030$%A"
  24      1824 2541 
  25 0040 6F36 0E0C 		.ascii	"o6\016\f\022'&B"
  25      1227 2642 
  26 0048 7037 380F 		.ascii	"p78\0173\023-C"
  26      3313 2D43 
  27 0050 7187 3432 		.ascii	"q\20742/.Dr"
  27      2F2E 4472 
  28 0058 E4E5 2830 		.ascii	"\344\345(01\211Es"
  28      3189 4573 
  29 0060 5150 8852 		.ascii	"QP\210RLM*I"
  29      4C4D 2A49 
  30 0068 B059 4F5C 		.ascii	"\260YO\\_NJK"
  30      5F4E 4A4B 
  31 0070 6263 5A5D 		.ascii	"bcZ]^`ST"
  31      5E60 5354 
  32 0078 6758 5B85 		.string	"gX[\205WaU"
  32      5761 5500 
  33 0080 00        		.string	""
  34 0081 00        		.string	""
  35 0082 00        		.string	""
  36 0083 6556 00   		.string	"eV"
  37 0086 00        		.string	""
  38 0087 00        		.string	""
  39               	.global	fn_keycode
  40               		.section	.progmem.data.fn_keycode,"a"
  43               	fn_keycode:
  44 0000 0000 0000 		.zero	8
  44      0000 0000 
  45               	.global	fn_layer
  46               		.section	.progmem.data.fn_layer,"a"
  49               	fn_layer:
  50 0000 0000 0000 		.zero	8
  50      0000 0000 
  51               		.text
  52               	.Letext0:
  53               		.file 1 "../../tmk_core/common/debug.h"
  54               		.file 2 "/usr/avr/include/stdint.h"
  55               		.file 3 "../../tmk_core/common/avr/xprintf.h"
  56               		.file 4 "keymap.c"
  57               		.file 5 "../../tmk_core/common/keycode.h"
DEFINED SYMBOLS
                            *ABS*:0000000000000000 keymap.c
     /tmp/ccGlOjHj.s:2      *ABS*:000000000000003e __SP_H__
     /tmp/ccGlOjHj.s:3      *ABS*:000000000000003d __SP_L__
     /tmp/ccGlOjHj.s:4      *ABS*:000000000000003f __SREG__
     /tmp/ccGlOjHj.s:5      *ABS*:0000000000000000 __tmp_reg__
     /tmp/ccGlOjHj.s:6      *ABS*:0000000000000001 __zero_reg__
     /tmp/ccGlOjHj.s:14     .progmem.data.keymaps:0000000000000000 keymaps
     /tmp/ccGlOjHj.s:43     .progmem.data.fn_keycode:0000000000000000 fn_keycode
     /tmp/ccGlOjHj.s:49     .progmem.data.fn_layer:0000000000000000 fn_layer

NO UNDEFINED SYMBOLS
