   1               		.file	"keymap.c"
   2               	__SP_H__ = 0x3e
   3               	__SP_L__ = 0x3d
   4               	__SREG__ = 0x3f
   5               	__RAMPZ__ = 0x3b
   6               	__tmp_reg__ = 0
   7               	__zero_reg__ = 1
   8               		.text
   9               	.Ltext0:
  10               		.cfi_sections	.debug_frame
  11               		.section	.text.action_get_macro,"ax",@progbits
  12               	.global	action_get_macro
  14               	action_get_macro:
  15               	.LVL0:
  16               	.LFB107:
  17               		.file 1 "keyboards/kb/keymaps/default/keymap.c"
   1:keyboards/kb/keymaps/default/keymap.c **** #include "kb.h"
   2:keyboards/kb/keymaps/default/keymap.c **** 
   3:keyboards/kb/keymaps/default/keymap.c **** const uint16_t PROGMEM keymaps[][MATRIX_ROWS][MATRIX_COLS] = {
   4:keyboards/kb/keymaps/default/keymap.c **** 
   5:keyboards/kb/keymaps/default/keymap.c **** 	KEYMAP(
   6:keyboards/kb/keymaps/default/keymap.c **** 		KC_LALT, KC_B, KC_QUOT, KC_D, KC_RALT, KC_APP, KC_P2, KC_P8, KC_F6, KC_O, KC_Q, KC_7, KC_LGUI, 
   7:keyboards/kb/keymaps/default/keymap.c **** 		KC_SPC, KC_N, KC_GRV, KC_F, KC_END, KC_HOME, KC_P3, KC_P9, KC_F7, KC_P, KC_W, KC_8, KC_ESC, 
   8:keyboards/kb/keymaps/default/keymap.c **** 		KC_LCTL, KC_M, KC_LSFT, KC_G, KC_DOWN, KC_UP, KC_P0, KC_PMNS, KC_F8, KC_LBRC, KC_E, KC_9, KC_1, 
   9:keyboards/kb/keymaps/default/keymap.c **** 		KC_F1, KC_COMM, KC_H, KC_PGDN, KC_PGUP, KC_PDOT, KC_P4, KC_F9, KC_RBRC, KC_R, KC_0, KC_2, 
  10:keyboards/kb/keymaps/default/keymap.c **** 		KC_F2, KC_DOT, KC_Z, KC_J, KC_INS, KC_MUTE, KC_P5, KC_F10, KC_ENT, KC_T, KC_MINS, KC_3, 
  11:keyboards/kb/keymaps/default/keymap.c **** 		KC_F3, KC_SLSH, KC_X, KC_K, KC_DEL, KC_LEFT, KC_F11, KC_P6, KC_PSCR, KC_LCTL, KC_Y, KC_EQL, KC_4,
  12:keyboards/kb/keymaps/default/keymap.c **** 		KC_F4, KC_BSLS, KC_C, KC_L, KC_PENT, KC_RCTL, KC_F12, KC_PPLS, KC_VOLD, KC_A, KC_U, KC_BSPC, KC_5
  13:keyboards/kb/keymaps/default/keymap.c **** 		KC_F5, KC_PAST, KC_V, KC_SCLN, KC_PSLS, KC_RGHT, KC_VOLU, KC_P1, KC_P7, KC_S, KC_I, KC_TAB, KC_6)
  14:keyboards/kb/keymaps/default/keymap.c **** 
  15:keyboards/kb/keymaps/default/keymap.c **** 	KEYMAP(
  16:keyboards/kb/keymaps/default/keymap.c **** 		KC_TRNS, KC_TRNS, KC_TRNS, KC_TRNS, KC_TRNS, KC_TRNS, KC_TRNS, KC_TRNS, KC_TRNS, KC_TRNS, KC_TRNS
  17:keyboards/kb/keymaps/default/keymap.c **** 		KC_TRNS, KC_TRNS, KC_TRNS, KC_TRNS, KC_TRNS, KC_TRNS, KC_TRNS, KC_TRNS, KC_TRNS, KC_TRNS, KC_TRNS
  18:keyboards/kb/keymaps/default/keymap.c **** 		KC_TRNS, KC_TRNS, KC_TRNS, KC_TRNS, KC_TRNS, KC_TRNS, KC_TRNS, KC_TRNS, KC_TRNS, KC_TRNS, KC_TRNS
  19:keyboards/kb/keymaps/default/keymap.c **** 		KC_TRNS, KC_TRNS, KC_TRNS, KC_TRNS, KC_TRNS, KC_TRNS, KC_TRNS, KC_TRNS, KC_TRNS, KC_TRNS, KC_TRNS
  20:keyboards/kb/keymaps/default/keymap.c **** 		KC_TRNS, KC_TRNS, KC_TRNS, KC_TRNS, KC_TRNS, KC_TRNS, KC_TRNS, KC_TRNS, KC_TRNS, KC_TRNS, KC_TRNS
  21:keyboards/kb/keymaps/default/keymap.c **** 		KC_TRNS, KC_TRNS, KC_TRNS, KC_TRNS, KC_TRNS, KC_TRNS, KC_TRNS, KC_TRNS, KC_TRNS, KC_TRNS, KC_TRNS
  22:keyboards/kb/keymaps/default/keymap.c **** 		KC_TRNS, KC_TRNS, KC_TRNS, KC_TRNS, KC_TRNS, KC_TRNS, KC_TRNS, KC_TRNS, KC_TRNS, KC_TRNS, KC_TRNS
  23:keyboards/kb/keymaps/default/keymap.c **** 		KC_TRNS, KC_TRNS, KC_TRNS, KC_TRNS, KC_TRNS, KC_TRNS, KC_TRNS, KC_TRNS, KC_TRNS, KC_TRNS, KC_TRNS
  24:keyboards/kb/keymaps/default/keymap.c **** 
  25:keyboards/kb/keymaps/default/keymap.c **** 	KEYMAP(
  26:keyboards/kb/keymaps/default/keymap.c **** 		KC_TRNS, KC_TRNS, KC_TRNS, KC_TRNS, KC_TRNS, KC_TRNS, KC_TRNS, KC_TRNS, KC_TRNS, KC_TRNS, KC_TRNS
  27:keyboards/kb/keymaps/default/keymap.c **** 		KC_TRNS, KC_TRNS, KC_TRNS, KC_TRNS, KC_TRNS, KC_TRNS, KC_TRNS, KC_TRNS, KC_TRNS, KC_TRNS, KC_TRNS
  28:keyboards/kb/keymaps/default/keymap.c **** 		KC_TRNS, KC_TRNS, KC_TRNS, KC_TRNS, KC_TRNS, KC_TRNS, KC_TRNS, KC_TRNS, KC_TRNS, KC_TRNS, KC_TRNS
  29:keyboards/kb/keymaps/default/keymap.c **** 		KC_TRNS, KC_TRNS, KC_TRNS, KC_TRNS, KC_TRNS, KC_TRNS, KC_TRNS, KC_TRNS, KC_TRNS, KC_TRNS, KC_TRNS
  30:keyboards/kb/keymaps/default/keymap.c **** 		KC_TRNS, KC_TRNS, KC_TRNS, KC_TRNS, KC_TRNS, KC_TRNS, KC_TRNS, KC_TRNS, KC_TRNS, KC_TRNS, KC_TRNS
  31:keyboards/kb/keymaps/default/keymap.c **** 		KC_TRNS, KC_TRNS, KC_TRNS, KC_TRNS, KC_TRNS, KC_TRNS, KC_TRNS, KC_TRNS, KC_TRNS, KC_TRNS, KC_TRNS
  32:keyboards/kb/keymaps/default/keymap.c **** 		KC_TRNS, KC_TRNS, KC_TRNS, KC_TRNS, KC_TRNS, KC_TRNS, KC_TRNS, KC_TRNS, KC_TRNS, KC_TRNS, KC_TRNS
  33:keyboards/kb/keymaps/default/keymap.c **** 		KC_TRNS, KC_TRNS, KC_TRNS, KC_TRNS, KC_TRNS, KC_TRNS, KC_TRNS, KC_TRNS, KC_TRNS, KC_TRNS, KC_TRNS
  34:keyboards/kb/keymaps/default/keymap.c **** 
  35:keyboards/kb/keymaps/default/keymap.c **** 	KEYMAP(
  36:keyboards/kb/keymaps/default/keymap.c **** 		KC_TRNS, KC_TRNS, KC_TRNS, KC_TRNS, KC_TRNS, KC_TRNS, KC_TRNS, KC_TRNS, KC_TRNS, KC_TRNS, KC_TRNS
  37:keyboards/kb/keymaps/default/keymap.c **** 		KC_TRNS, KC_TRNS, KC_TRNS, KC_TRNS, KC_TRNS, KC_TRNS, KC_TRNS, KC_TRNS, KC_TRNS, KC_TRNS, KC_TRNS
  38:keyboards/kb/keymaps/default/keymap.c **** 		KC_TRNS, KC_TRNS, KC_TRNS, KC_TRNS, KC_TRNS, KC_TRNS, KC_TRNS, KC_TRNS, KC_TRNS, KC_TRNS, KC_TRNS
  39:keyboards/kb/keymaps/default/keymap.c **** 		KC_TRNS, KC_TRNS, KC_TRNS, KC_TRNS, KC_TRNS, KC_TRNS, KC_TRNS, KC_TRNS, KC_TRNS, KC_TRNS, KC_TRNS
  40:keyboards/kb/keymaps/default/keymap.c **** 		KC_TRNS, KC_TRNS, KC_TRNS, KC_TRNS, KC_TRNS, KC_TRNS, KC_TRNS, KC_TRNS, KC_TRNS, KC_TRNS, KC_TRNS
  41:keyboards/kb/keymaps/default/keymap.c **** 		KC_TRNS, KC_TRNS, KC_TRNS, KC_TRNS, KC_TRNS, KC_TRNS, KC_TRNS, KC_TRNS, KC_TRNS, KC_TRNS, KC_TRNS
  42:keyboards/kb/keymaps/default/keymap.c **** 		KC_TRNS, KC_TRNS, KC_TRNS, KC_TRNS, KC_TRNS, KC_TRNS, KC_TRNS, KC_TRNS, KC_TRNS, KC_TRNS, KC_TRNS
  43:keyboards/kb/keymaps/default/keymap.c **** 		KC_TRNS, KC_TRNS, KC_TRNS, KC_TRNS, KC_TRNS, KC_TRNS, KC_TRNS, KC_TRNS, KC_TRNS, KC_TRNS, KC_TRNS
  44:keyboards/kb/keymaps/default/keymap.c **** 
  45:keyboards/kb/keymaps/default/keymap.c **** 	KEYMAP(
  46:keyboards/kb/keymaps/default/keymap.c **** 		KC_TRNS, KC_TRNS, KC_TRNS, KC_TRNS, KC_TRNS, KC_TRNS, KC_TRNS, KC_TRNS, KC_TRNS, KC_TRNS, KC_TRNS
  47:keyboards/kb/keymaps/default/keymap.c **** 		KC_TRNS, KC_TRNS, KC_TRNS, KC_TRNS, KC_TRNS, KC_TRNS, KC_TRNS, KC_TRNS, KC_TRNS, KC_TRNS, KC_TRNS
  48:keyboards/kb/keymaps/default/keymap.c **** 		KC_TRNS, KC_TRNS, KC_TRNS, KC_TRNS, KC_TRNS, KC_TRNS, KC_TRNS, KC_TRNS, KC_TRNS, KC_TRNS, KC_TRNS
  49:keyboards/kb/keymaps/default/keymap.c **** 		KC_TRNS, KC_TRNS, KC_TRNS, KC_TRNS, KC_TRNS, KC_TRNS, KC_TRNS, KC_TRNS, KC_TRNS, KC_TRNS, KC_TRNS
  50:keyboards/kb/keymaps/default/keymap.c **** 		KC_TRNS, KC_TRNS, KC_TRNS, KC_TRNS, KC_TRNS, KC_TRNS, KC_TRNS, KC_TRNS, KC_TRNS, KC_TRNS, KC_TRNS
  51:keyboards/kb/keymaps/default/keymap.c **** 		KC_TRNS, KC_TRNS, KC_TRNS, KC_TRNS, KC_TRNS, KC_TRNS, KC_TRNS, KC_TRNS, KC_TRNS, KC_TRNS, KC_TRNS
  52:keyboards/kb/keymaps/default/keymap.c **** 		KC_TRNS, KC_TRNS, KC_TRNS, KC_TRNS, KC_TRNS, KC_TRNS, KC_TRNS, KC_TRNS, KC_TRNS, KC_TRNS, KC_TRNS
  53:keyboards/kb/keymaps/default/keymap.c **** 		KC_TRNS, KC_TRNS, KC_TRNS, KC_TRNS, KC_TRNS, KC_TRNS, KC_TRNS, KC_TRNS, KC_TRNS, KC_TRNS, KC_TRNS
  54:keyboards/kb/keymaps/default/keymap.c **** 
  55:keyboards/kb/keymaps/default/keymap.c **** 	KEYMAP(
  56:keyboards/kb/keymaps/default/keymap.c **** 		KC_TRNS, KC_TRNS, KC_TRNS, KC_TRNS, KC_TRNS, KC_TRNS, KC_TRNS, KC_TRNS, KC_TRNS, KC_TRNS, KC_TRNS
  57:keyboards/kb/keymaps/default/keymap.c **** 		KC_TRNS, KC_TRNS, KC_TRNS, KC_TRNS, KC_TRNS, KC_TRNS, KC_TRNS, KC_TRNS, KC_TRNS, KC_TRNS, KC_TRNS
  58:keyboards/kb/keymaps/default/keymap.c **** 		KC_TRNS, KC_TRNS, KC_TRNS, KC_TRNS, KC_TRNS, KC_TRNS, KC_TRNS, KC_TRNS, KC_TRNS, KC_TRNS, KC_TRNS
  59:keyboards/kb/keymaps/default/keymap.c **** 		KC_TRNS, KC_TRNS, KC_TRNS, KC_TRNS, KC_TRNS, KC_TRNS, KC_TRNS, KC_TRNS, KC_TRNS, KC_TRNS, KC_TRNS
  60:keyboards/kb/keymaps/default/keymap.c **** 		KC_TRNS, KC_TRNS, KC_TRNS, KC_TRNS, KC_TRNS, KC_TRNS, KC_TRNS, KC_TRNS, KC_TRNS, KC_TRNS, KC_TRNS
  61:keyboards/kb/keymaps/default/keymap.c **** 		KC_TRNS, KC_TRNS, KC_TRNS, KC_TRNS, KC_TRNS, KC_TRNS, KC_TRNS, KC_TRNS, KC_TRNS, KC_TRNS, KC_TRNS
  62:keyboards/kb/keymaps/default/keymap.c **** 		KC_TRNS, KC_TRNS, KC_TRNS, KC_TRNS, KC_TRNS, KC_TRNS, KC_TRNS, KC_TRNS, KC_TRNS, KC_TRNS, KC_TRNS
  63:keyboards/kb/keymaps/default/keymap.c **** 		KC_TRNS, KC_TRNS, KC_TRNS, KC_TRNS, KC_TRNS, KC_TRNS, KC_TRNS, KC_TRNS, KC_TRNS, KC_TRNS, KC_TRNS
  64:keyboards/kb/keymaps/default/keymap.c **** 
  65:keyboards/kb/keymaps/default/keymap.c **** 	KEYMAP(
  66:keyboards/kb/keymaps/default/keymap.c **** 		KC_TRNS, KC_TRNS, KC_TRNS, KC_TRNS, KC_TRNS, KC_TRNS, KC_TRNS, KC_TRNS, KC_TRNS, KC_TRNS, KC_TRNS
  67:keyboards/kb/keymaps/default/keymap.c **** 		KC_TRNS, KC_TRNS, KC_TRNS, KC_TRNS, KC_TRNS, KC_TRNS, KC_TRNS, KC_TRNS, KC_TRNS, KC_TRNS, KC_TRNS
  68:keyboards/kb/keymaps/default/keymap.c **** 		KC_TRNS, KC_TRNS, KC_TRNS, KC_TRNS, KC_TRNS, KC_TRNS, KC_TRNS, KC_TRNS, KC_TRNS, KC_TRNS, KC_TRNS
  69:keyboards/kb/keymaps/default/keymap.c **** 		KC_TRNS, KC_TRNS, KC_TRNS, KC_TRNS, KC_TRNS, KC_TRNS, KC_TRNS, KC_TRNS, KC_TRNS, KC_TRNS, KC_TRNS
  70:keyboards/kb/keymaps/default/keymap.c **** 		KC_TRNS, KC_TRNS, KC_TRNS, KC_TRNS, KC_TRNS, KC_TRNS, KC_TRNS, KC_TRNS, KC_TRNS, KC_TRNS, KC_TRNS
  71:keyboards/kb/keymaps/default/keymap.c **** 		KC_TRNS, KC_TRNS, KC_TRNS, KC_TRNS, KC_TRNS, KC_TRNS, KC_TRNS, KC_TRNS, KC_TRNS, KC_TRNS, KC_TRNS
  72:keyboards/kb/keymaps/default/keymap.c **** 		KC_TRNS, KC_TRNS, KC_TRNS, KC_TRNS, KC_TRNS, KC_TRNS, KC_TRNS, KC_TRNS, KC_TRNS, KC_TRNS, KC_TRNS
  73:keyboards/kb/keymaps/default/keymap.c **** 		KC_TRNS, KC_TRNS, KC_TRNS, KC_TRNS, KC_TRNS, KC_TRNS, KC_TRNS, KC_TRNS, KC_TRNS, KC_TRNS, KC_TRNS
  74:keyboards/kb/keymaps/default/keymap.c **** 
  75:keyboards/kb/keymaps/default/keymap.c **** 	KEYMAP(
  76:keyboards/kb/keymaps/default/keymap.c **** 		KC_TRNS, KC_TRNS, KC_TRNS, KC_TRNS, KC_TRNS, KC_TRNS, KC_TRNS, KC_TRNS, KC_TRNS, KC_TRNS, KC_TRNS
  77:keyboards/kb/keymaps/default/keymap.c **** 		KC_TRNS, KC_TRNS, KC_TRNS, KC_TRNS, KC_TRNS, KC_TRNS, KC_TRNS, KC_TRNS, KC_TRNS, KC_TRNS, KC_TRNS
  78:keyboards/kb/keymaps/default/keymap.c **** 		KC_TRNS, KC_TRNS, KC_TRNS, KC_TRNS, KC_TRNS, KC_TRNS, KC_TRNS, KC_TRNS, KC_TRNS, KC_TRNS, KC_TRNS
  79:keyboards/kb/keymaps/default/keymap.c **** 		KC_TRNS, KC_TRNS, KC_TRNS, KC_TRNS, KC_TRNS, KC_TRNS, KC_TRNS, KC_TRNS, KC_TRNS, KC_TRNS, KC_TRNS
  80:keyboards/kb/keymaps/default/keymap.c **** 		KC_TRNS, KC_TRNS, KC_TRNS, KC_TRNS, KC_TRNS, KC_TRNS, KC_TRNS, KC_TRNS, KC_TRNS, KC_TRNS, KC_TRNS
  81:keyboards/kb/keymaps/default/keymap.c **** 		KC_TRNS, KC_TRNS, KC_TRNS, KC_TRNS, KC_TRNS, KC_TRNS, KC_TRNS, KC_TRNS, KC_TRNS, KC_TRNS, KC_TRNS
  82:keyboards/kb/keymaps/default/keymap.c **** 		KC_TRNS, KC_TRNS, KC_TRNS, KC_TRNS, KC_TRNS, KC_TRNS, KC_TRNS, KC_TRNS, KC_TRNS, KC_TRNS, KC_TRNS
  83:keyboards/kb/keymaps/default/keymap.c **** 		KC_TRNS, KC_TRNS, KC_TRNS, KC_TRNS, KC_TRNS, KC_TRNS, KC_TRNS, KC_TRNS, KC_TRNS, KC_TRNS, KC_TRNS
  84:keyboards/kb/keymaps/default/keymap.c **** 
  85:keyboards/kb/keymaps/default/keymap.c **** 	KEYMAP(
  86:keyboards/kb/keymaps/default/keymap.c **** 		KC_TRNS, KC_TRNS, KC_TRNS, KC_TRNS, KC_TRNS, KC_TRNS, KC_TRNS, KC_TRNS, KC_TRNS, KC_TRNS, KC_TRNS
  87:keyboards/kb/keymaps/default/keymap.c **** 		KC_TRNS, KC_TRNS, KC_TRNS, KC_TRNS, KC_TRNS, KC_TRNS, KC_TRNS, KC_TRNS, KC_TRNS, KC_TRNS, KC_TRNS
  88:keyboards/kb/keymaps/default/keymap.c **** 		KC_TRNS, KC_TRNS, KC_TRNS, KC_TRNS, KC_TRNS, KC_TRNS, KC_TRNS, KC_TRNS, KC_TRNS, KC_TRNS, KC_TRNS
  89:keyboards/kb/keymaps/default/keymap.c **** 		KC_TRNS, KC_TRNS, KC_TRNS, KC_TRNS, KC_TRNS, KC_TRNS, KC_TRNS, KC_TRNS, KC_TRNS, KC_TRNS, KC_TRNS
  90:keyboards/kb/keymaps/default/keymap.c **** 		KC_TRNS, KC_TRNS, KC_TRNS, KC_TRNS, KC_TRNS, KC_TRNS, KC_TRNS, KC_TRNS, KC_TRNS, KC_TRNS, KC_TRNS
  91:keyboards/kb/keymaps/default/keymap.c **** 		KC_TRNS, KC_TRNS, KC_TRNS, KC_TRNS, KC_TRNS, KC_TRNS, KC_TRNS, KC_TRNS, KC_TRNS, KC_TRNS, KC_TRNS
  92:keyboards/kb/keymaps/default/keymap.c **** 		KC_TRNS, KC_TRNS, KC_TRNS, KC_TRNS, KC_TRNS, KC_TRNS, KC_TRNS, KC_TRNS, KC_TRNS, KC_TRNS, KC_TRNS
  93:keyboards/kb/keymaps/default/keymap.c **** 		KC_TRNS, KC_TRNS, KC_TRNS, KC_TRNS, KC_TRNS, KC_TRNS, KC_TRNS, KC_TRNS, KC_TRNS, KC_TRNS, KC_TRNS
  94:keyboards/kb/keymaps/default/keymap.c **** 
  95:keyboards/kb/keymaps/default/keymap.c **** 	KEYMAP(
  96:keyboards/kb/keymaps/default/keymap.c **** 		KC_TRNS, KC_TRNS, KC_TRNS, KC_TRNS, KC_TRNS, KC_TRNS, KC_TRNS, KC_TRNS, KC_TRNS, KC_TRNS, KC_TRNS
  97:keyboards/kb/keymaps/default/keymap.c **** 		KC_TRNS, KC_TRNS, KC_TRNS, KC_TRNS, KC_TRNS, KC_TRNS, KC_TRNS, KC_TRNS, KC_TRNS, KC_TRNS, KC_TRNS
  98:keyboards/kb/keymaps/default/keymap.c **** 		KC_TRNS, KC_TRNS, KC_TRNS, KC_TRNS, KC_TRNS, KC_TRNS, KC_TRNS, KC_TRNS, KC_TRNS, KC_TRNS, KC_TRNS
  99:keyboards/kb/keymaps/default/keymap.c **** 		KC_TRNS, KC_TRNS, KC_TRNS, KC_TRNS, KC_TRNS, KC_TRNS, KC_TRNS, KC_TRNS, KC_TRNS, KC_TRNS, KC_TRNS
 100:keyboards/kb/keymaps/default/keymap.c **** 		KC_TRNS, KC_TRNS, KC_TRNS, KC_TRNS, KC_TRNS, KC_TRNS, KC_TRNS, KC_TRNS, KC_TRNS, KC_TRNS, KC_TRNS
 101:keyboards/kb/keymaps/default/keymap.c **** 		KC_TRNS, KC_TRNS, KC_TRNS, KC_TRNS, KC_TRNS, KC_TRNS, KC_TRNS, KC_TRNS, KC_TRNS, KC_TRNS, KC_TRNS
 102:keyboards/kb/keymaps/default/keymap.c **** 		KC_TRNS, KC_TRNS, KC_TRNS, KC_TRNS, KC_TRNS, KC_TRNS, KC_TRNS, KC_TRNS, KC_TRNS, KC_TRNS, KC_TRNS
 103:keyboards/kb/keymaps/default/keymap.c **** 		KC_TRNS, KC_TRNS, KC_TRNS, KC_TRNS, KC_TRNS, KC_TRNS, KC_TRNS, KC_TRNS, KC_TRNS, KC_TRNS, KC_TRNS
 104:keyboards/kb/keymaps/default/keymap.c **** 
 105:keyboards/kb/keymaps/default/keymap.c **** 	KEYMAP(
 106:keyboards/kb/keymaps/default/keymap.c **** 		KC_TRNS, KC_TRNS, KC_TRNS, KC_TRNS, KC_TRNS, KC_TRNS, KC_TRNS, KC_TRNS, KC_TRNS, KC_TRNS, KC_TRNS
 107:keyboards/kb/keymaps/default/keymap.c **** 		KC_TRNS, KC_TRNS, KC_TRNS, KC_TRNS, KC_TRNS, KC_TRNS, KC_TRNS, KC_TRNS, KC_TRNS, KC_TRNS, KC_TRNS
 108:keyboards/kb/keymaps/default/keymap.c **** 		KC_TRNS, KC_TRNS, KC_TRNS, KC_TRNS, KC_TRNS, KC_TRNS, KC_TRNS, KC_TRNS, KC_TRNS, KC_TRNS, KC_TRNS
 109:keyboards/kb/keymaps/default/keymap.c **** 		KC_TRNS, KC_TRNS, KC_TRNS, KC_TRNS, KC_TRNS, KC_TRNS, KC_TRNS, KC_TRNS, KC_TRNS, KC_TRNS, KC_TRNS
 110:keyboards/kb/keymaps/default/keymap.c **** 		KC_TRNS, KC_TRNS, KC_TRNS, KC_TRNS, KC_TRNS, KC_TRNS, KC_TRNS, KC_TRNS, KC_TRNS, KC_TRNS, KC_TRNS
 111:keyboards/kb/keymaps/default/keymap.c **** 		KC_TRNS, KC_TRNS, KC_TRNS, KC_TRNS, KC_TRNS, KC_TRNS, KC_TRNS, KC_TRNS, KC_TRNS, KC_TRNS, KC_TRNS
 112:keyboards/kb/keymaps/default/keymap.c **** 		KC_TRNS, KC_TRNS, KC_TRNS, KC_TRNS, KC_TRNS, KC_TRNS, KC_TRNS, KC_TRNS, KC_TRNS, KC_TRNS, KC_TRNS
 113:keyboards/kb/keymaps/default/keymap.c **** 		KC_TRNS, KC_TRNS, KC_TRNS, KC_TRNS, KC_TRNS, KC_TRNS, KC_TRNS, KC_TRNS, KC_TRNS, KC_TRNS, KC_TRNS
 114:keyboards/kb/keymaps/default/keymap.c **** 
 115:keyboards/kb/keymaps/default/keymap.c **** 	KEYMAP(
 116:keyboards/kb/keymaps/default/keymap.c **** 		KC_TRNS, KC_TRNS, KC_TRNS, KC_TRNS, KC_TRNS, KC_TRNS, KC_TRNS, KC_TRNS, KC_TRNS, KC_TRNS, KC_TRNS
 117:keyboards/kb/keymaps/default/keymap.c **** 		KC_TRNS, KC_TRNS, KC_TRNS, KC_TRNS, KC_TRNS, KC_TRNS, KC_TRNS, KC_TRNS, KC_TRNS, KC_TRNS, KC_TRNS
 118:keyboards/kb/keymaps/default/keymap.c **** 		KC_TRNS, KC_TRNS, KC_TRNS, KC_TRNS, KC_TRNS, KC_TRNS, KC_TRNS, KC_TRNS, KC_TRNS, KC_TRNS, KC_TRNS
 119:keyboards/kb/keymaps/default/keymap.c **** 		KC_TRNS, KC_TRNS, KC_TRNS, KC_TRNS, KC_TRNS, KC_TRNS, KC_TRNS, KC_TRNS, KC_TRNS, KC_TRNS, KC_TRNS
 120:keyboards/kb/keymaps/default/keymap.c **** 		KC_TRNS, KC_TRNS, KC_TRNS, KC_TRNS, KC_TRNS, KC_TRNS, KC_TRNS, KC_TRNS, KC_TRNS, KC_TRNS, KC_TRNS
 121:keyboards/kb/keymaps/default/keymap.c **** 		KC_TRNS, KC_TRNS, KC_TRNS, KC_TRNS, KC_TRNS, KC_TRNS, KC_TRNS, KC_TRNS, KC_TRNS, KC_TRNS, KC_TRNS
 122:keyboards/kb/keymaps/default/keymap.c **** 		KC_TRNS, KC_TRNS, KC_TRNS, KC_TRNS, KC_TRNS, KC_TRNS, KC_TRNS, KC_TRNS, KC_TRNS, KC_TRNS, KC_TRNS
 123:keyboards/kb/keymaps/default/keymap.c **** 		KC_TRNS, KC_TRNS, KC_TRNS, KC_TRNS, KC_TRNS, KC_TRNS, KC_TRNS, KC_TRNS, KC_TRNS, KC_TRNS, KC_TRNS
 124:keyboards/kb/keymaps/default/keymap.c **** 
 125:keyboards/kb/keymaps/default/keymap.c **** 	KEYMAP(
 126:keyboards/kb/keymaps/default/keymap.c **** 		KC_TRNS, KC_TRNS, KC_TRNS, KC_TRNS, KC_TRNS, KC_TRNS, KC_TRNS, KC_TRNS, KC_TRNS, KC_TRNS, KC_TRNS
 127:keyboards/kb/keymaps/default/keymap.c **** 		KC_TRNS, KC_TRNS, KC_TRNS, KC_TRNS, KC_TRNS, KC_TRNS, KC_TRNS, KC_TRNS, KC_TRNS, KC_TRNS, KC_TRNS
 128:keyboards/kb/keymaps/default/keymap.c **** 		KC_TRNS, KC_TRNS, KC_TRNS, KC_TRNS, KC_TRNS, KC_TRNS, KC_TRNS, KC_TRNS, KC_TRNS, KC_TRNS, KC_TRNS
 129:keyboards/kb/keymaps/default/keymap.c **** 		KC_TRNS, KC_TRNS, KC_TRNS, KC_TRNS, KC_TRNS, KC_TRNS, KC_TRNS, KC_TRNS, KC_TRNS, KC_TRNS, KC_TRNS
 130:keyboards/kb/keymaps/default/keymap.c **** 		KC_TRNS, KC_TRNS, KC_TRNS, KC_TRNS, KC_TRNS, KC_TRNS, KC_TRNS, KC_TRNS, KC_TRNS, KC_TRNS, KC_TRNS
 131:keyboards/kb/keymaps/default/keymap.c **** 		KC_TRNS, KC_TRNS, KC_TRNS, KC_TRNS, KC_TRNS, KC_TRNS, KC_TRNS, KC_TRNS, KC_TRNS, KC_TRNS, KC_TRNS
 132:keyboards/kb/keymaps/default/keymap.c **** 		KC_TRNS, KC_TRNS, KC_TRNS, KC_TRNS, KC_TRNS, KC_TRNS, KC_TRNS, KC_TRNS, KC_TRNS, KC_TRNS, KC_TRNS
 133:keyboards/kb/keymaps/default/keymap.c **** 		KC_TRNS, KC_TRNS, KC_TRNS, KC_TRNS, KC_TRNS, KC_TRNS, KC_TRNS, KC_TRNS, KC_TRNS, KC_TRNS, KC_TRNS
 134:keyboards/kb/keymaps/default/keymap.c **** 
 135:keyboards/kb/keymaps/default/keymap.c **** 	KEYMAP(
 136:keyboards/kb/keymaps/default/keymap.c **** 		KC_TRNS, KC_TRNS, KC_TRNS, KC_TRNS, KC_TRNS, KC_TRNS, KC_TRNS, KC_TRNS, KC_TRNS, KC_TRNS, KC_TRNS
 137:keyboards/kb/keymaps/default/keymap.c **** 		KC_TRNS, KC_TRNS, KC_TRNS, KC_TRNS, KC_TRNS, KC_TRNS, KC_TRNS, KC_TRNS, KC_TRNS, KC_TRNS, KC_TRNS
 138:keyboards/kb/keymaps/default/keymap.c **** 		KC_TRNS, KC_TRNS, KC_TRNS, KC_TRNS, KC_TRNS, KC_TRNS, KC_TRNS, KC_TRNS, KC_TRNS, KC_TRNS, KC_TRNS
 139:keyboards/kb/keymaps/default/keymap.c **** 		KC_TRNS, KC_TRNS, KC_TRNS, KC_TRNS, KC_TRNS, KC_TRNS, KC_TRNS, KC_TRNS, KC_TRNS, KC_TRNS, KC_TRNS
 140:keyboards/kb/keymaps/default/keymap.c **** 		KC_TRNS, KC_TRNS, KC_TRNS, KC_TRNS, KC_TRNS, KC_TRNS, KC_TRNS, KC_TRNS, KC_TRNS, KC_TRNS, KC_TRNS
 141:keyboards/kb/keymaps/default/keymap.c **** 		KC_TRNS, KC_TRNS, KC_TRNS, KC_TRNS, KC_TRNS, KC_TRNS, KC_TRNS, KC_TRNS, KC_TRNS, KC_TRNS, KC_TRNS
 142:keyboards/kb/keymaps/default/keymap.c **** 		KC_TRNS, KC_TRNS, KC_TRNS, KC_TRNS, KC_TRNS, KC_TRNS, KC_TRNS, KC_TRNS, KC_TRNS, KC_TRNS, KC_TRNS
 143:keyboards/kb/keymaps/default/keymap.c **** 		KC_TRNS, KC_TRNS, KC_TRNS, KC_TRNS, KC_TRNS, KC_TRNS, KC_TRNS, KC_TRNS, KC_TRNS, KC_TRNS, KC_TRNS
 144:keyboards/kb/keymaps/default/keymap.c **** 
 145:keyboards/kb/keymaps/default/keymap.c **** 	KEYMAP(
 146:keyboards/kb/keymaps/default/keymap.c **** 		KC_TRNS, KC_TRNS, KC_TRNS, KC_TRNS, KC_TRNS, KC_TRNS, KC_TRNS, KC_TRNS, KC_TRNS, KC_TRNS, KC_TRNS
 147:keyboards/kb/keymaps/default/keymap.c **** 		KC_TRNS, KC_TRNS, KC_TRNS, KC_TRNS, KC_TRNS, KC_TRNS, KC_TRNS, KC_TRNS, KC_TRNS, KC_TRNS, KC_TRNS
 148:keyboards/kb/keymaps/default/keymap.c **** 		KC_TRNS, KC_TRNS, KC_TRNS, KC_TRNS, KC_TRNS, KC_TRNS, KC_TRNS, KC_TRNS, KC_TRNS, KC_TRNS, KC_TRNS
 149:keyboards/kb/keymaps/default/keymap.c **** 		KC_TRNS, KC_TRNS, KC_TRNS, KC_TRNS, KC_TRNS, KC_TRNS, KC_TRNS, KC_TRNS, KC_TRNS, KC_TRNS, KC_TRNS
 150:keyboards/kb/keymaps/default/keymap.c **** 		KC_TRNS, KC_TRNS, KC_TRNS, KC_TRNS, KC_TRNS, KC_TRNS, KC_TRNS, KC_TRNS, KC_TRNS, KC_TRNS, KC_TRNS
 151:keyboards/kb/keymaps/default/keymap.c **** 		KC_TRNS, KC_TRNS, KC_TRNS, KC_TRNS, KC_TRNS, KC_TRNS, KC_TRNS, KC_TRNS, KC_TRNS, KC_TRNS, KC_TRNS
 152:keyboards/kb/keymaps/default/keymap.c **** 		KC_TRNS, KC_TRNS, KC_TRNS, KC_TRNS, KC_TRNS, KC_TRNS, KC_TRNS, KC_TRNS, KC_TRNS, KC_TRNS, KC_TRNS
 153:keyboards/kb/keymaps/default/keymap.c **** 		KC_TRNS, KC_TRNS, KC_TRNS, KC_TRNS, KC_TRNS, KC_TRNS, KC_TRNS, KC_TRNS, KC_TRNS, KC_TRNS, KC_TRNS
 154:keyboards/kb/keymaps/default/keymap.c **** 
 155:keyboards/kb/keymaps/default/keymap.c **** 	KEYMAP(
 156:keyboards/kb/keymaps/default/keymap.c **** 		KC_TRNS, KC_TRNS, KC_TRNS, KC_TRNS, KC_TRNS, KC_TRNS, KC_TRNS, KC_TRNS, KC_TRNS, KC_TRNS, KC_TRNS
 157:keyboards/kb/keymaps/default/keymap.c **** 		KC_TRNS, KC_TRNS, KC_TRNS, KC_TRNS, KC_TRNS, KC_TRNS, KC_TRNS, KC_TRNS, KC_TRNS, KC_TRNS, KC_TRNS
 158:keyboards/kb/keymaps/default/keymap.c **** 		KC_TRNS, KC_TRNS, KC_TRNS, KC_TRNS, KC_TRNS, KC_TRNS, KC_TRNS, KC_TRNS, KC_TRNS, KC_TRNS, KC_TRNS
 159:keyboards/kb/keymaps/default/keymap.c **** 		KC_TRNS, KC_TRNS, KC_TRNS, KC_TRNS, KC_TRNS, KC_TRNS, KC_TRNS, KC_TRNS, KC_TRNS, KC_TRNS, KC_TRNS
 160:keyboards/kb/keymaps/default/keymap.c **** 		KC_TRNS, KC_TRNS, KC_TRNS, KC_TRNS, KC_TRNS, KC_TRNS, KC_TRNS, KC_TRNS, KC_TRNS, KC_TRNS, KC_TRNS
 161:keyboards/kb/keymaps/default/keymap.c **** 		KC_TRNS, KC_TRNS, KC_TRNS, KC_TRNS, KC_TRNS, KC_TRNS, KC_TRNS, KC_TRNS, KC_TRNS, KC_TRNS, KC_TRNS
 162:keyboards/kb/keymaps/default/keymap.c **** 		KC_TRNS, KC_TRNS, KC_TRNS, KC_TRNS, KC_TRNS, KC_TRNS, KC_TRNS, KC_TRNS, KC_TRNS, KC_TRNS, KC_TRNS
 163:keyboards/kb/keymaps/default/keymap.c **** 		KC_TRNS, KC_TRNS, KC_TRNS, KC_TRNS, KC_TRNS, KC_TRNS, KC_TRNS, KC_TRNS, KC_TRNS, KC_TRNS, KC_TRNS
 164:keyboards/kb/keymaps/default/keymap.c **** 
 165:keyboards/kb/keymaps/default/keymap.c **** };
 166:keyboards/kb/keymaps/default/keymap.c **** 
 167:keyboards/kb/keymaps/default/keymap.c **** const macro_t *action_get_macro(keyrecord_t *record, uint8_t id, uint8_t opt) {
  18               		.loc 1 167 79 view -0
  19               		.cfi_startproc
  20               	/* prologue: function */
  21               	/* frame size = 0 */
  22               	/* stack size = 0 */
  23               	.L__stack_usage = 0
 168:keyboards/kb/keymaps/default/keymap.c **** 	keyevent_t event = record->event;
  24               		.loc 1 168 2 view .LVU1
 169:keyboards/kb/keymaps/default/keymap.c **** 
 170:keyboards/kb/keymaps/default/keymap.c **** 	switch (id) {
  25               		.loc 1 170 2 view .LVU2
 171:keyboards/kb/keymaps/default/keymap.c **** 
 172:keyboards/kb/keymaps/default/keymap.c **** 	}
  26               		.loc 1 172 2 view .LVU3
 173:keyboards/kb/keymaps/default/keymap.c **** 	return MACRO_NONE;
  27               		.loc 1 173 2 view .LVU4
 174:keyboards/kb/keymaps/default/keymap.c **** }
  28               		.loc 1 174 1 is_stmt 0 view .LVU5
  29 0000 90E0      		ldi r25,0
  30 0002 80E0      		ldi r24,0
  31               	.LVL1:
  32               	/* epilogue start */
  33               		.loc 1 174 1 view .LVU6
  34 0004 0895      		ret
  35               		.cfi_endproc
  36               	.LFE107:
  38               		.section	.text.matrix_init_user,"ax",@progbits
  39               	.global	matrix_init_user
  41               	matrix_init_user:
  42               	.LFB108:
 175:keyboards/kb/keymaps/default/keymap.c **** 
 176:keyboards/kb/keymaps/default/keymap.c **** void matrix_init_user(void) {
  43               		.loc 1 176 29 is_stmt 1 view -0
  44               		.cfi_startproc
  45               	/* prologue: function */
  46               	/* frame size = 0 */
  47               	/* stack size = 0 */
  48               	.L__stack_usage = 0
 177:keyboards/kb/keymaps/default/keymap.c **** }
  49               		.loc 1 177 1 view .LVU8
  50               	/* epilogue start */
  51 0000 0895      		ret
  52               		.cfi_endproc
  53               	.LFE108:
  55               		.section	.text.matrix_scan_user,"ax",@progbits
  56               	.global	matrix_scan_user
  58               	matrix_scan_user:
  59               	.LFB113:
  60               		.cfi_startproc
  61               	/* prologue: function */
  62               	/* frame size = 0 */
  63               	/* stack size = 0 */
  64               	.L__stack_usage = 0
  65               	/* epilogue start */
  66 0000 0895      		ret
  67               		.cfi_endproc
  68               	.LFE113:
  70               		.section	.text.process_record_user,"ax",@progbits
  71               	.global	process_record_user
  73               	process_record_user:
  74               	.LVL2:
  75               	.LFB110:
 178:keyboards/kb/keymaps/default/keymap.c **** 
 179:keyboards/kb/keymaps/default/keymap.c **** void matrix_scan_user(void) {
 180:keyboards/kb/keymaps/default/keymap.c **** }
 181:keyboards/kb/keymaps/default/keymap.c **** 
 182:keyboards/kb/keymaps/default/keymap.c **** bool process_record_user(uint16_t keycode, keyrecord_t *record) {
  76               		.loc 1 182 65 view -0
  77               		.cfi_startproc
  78               	/* prologue: function */
  79               	/* frame size = 0 */
  80               	/* stack size = 0 */
  81               	.L__stack_usage = 0
 183:keyboards/kb/keymaps/default/keymap.c **** 	return true;
  82               		.loc 1 183 2 view .LVU10
 184:keyboards/kb/keymaps/default/keymap.c **** }
  83               		.loc 1 184 1 is_stmt 0 view .LVU11
  84 0000 81E0      		ldi r24,lo8(1)
  85               	.LVL3:
  86               	/* epilogue start */
  87               		.loc 1 184 1 view .LVU12
  88 0002 0895      		ret
  89               		.cfi_endproc
  90               	.LFE110:
  92               		.section	.text.led_set_user,"ax",@progbits
  93               	.global	led_set_user
  95               	led_set_user:
  96               	.LVL4:
  97               	.LFB111:
 185:keyboards/kb/keymaps/default/keymap.c **** 
 186:keyboards/kb/keymaps/default/keymap.c **** void led_set_user(uint8_t usb_led) {
  98               		.loc 1 186 36 is_stmt 1 view -0
  99               		.cfi_startproc
 100               	/* prologue: function */
 101               	/* frame size = 0 */
 102               	/* stack size = 0 */
 103               	.L__stack_usage = 0
 187:keyboards/kb/keymaps/default/keymap.c **** 
 188:keyboards/kb/keymaps/default/keymap.c **** 	if (usb_led & (1 << USB_LED_NUM_LOCK)) {
 104               		.loc 1 188 2 view .LVU14
 105               		.loc 1 188 5 is_stmt 0 view .LVU15
 106 0000 80FF      		sbrs r24,0
 107 0002 00C0      		rjmp .L6
 189:keyboards/kb/keymaps/default/keymap.c **** 		DDRB |= (1 << 0); PORTB &= ~(1 << 0);
 108               		.loc 1 189 3 is_stmt 1 view .LVU16
 109               		.loc 1 189 8 is_stmt 0 view .LVU17
 110 0004 209A      		sbi 0x4,0
 111               		.loc 1 189 21 is_stmt 1 view .LVU18
 112               	.L12:
 190:keyboards/kb/keymaps/default/keymap.c **** 	} else {
 191:keyboards/kb/keymaps/default/keymap.c **** 		DDRB &= ~(1 << 0); PORTB &= ~(1 << 0);
 113               		.loc 1 191 22 view .LVU19
 114               		.loc 1 191 28 is_stmt 0 view .LVU20
 115 0006 2898      		cbi 0x5,0
 192:keyboards/kb/keymaps/default/keymap.c **** 	}
 193:keyboards/kb/keymaps/default/keymap.c **** 
 194:keyboards/kb/keymaps/default/keymap.c **** 	if (usb_led & (1 << USB_LED_CAPS_LOCK)) {
 116               		.loc 1 194 2 is_stmt 1 view .LVU21
 117               		.loc 1 194 5 is_stmt 0 view .LVU22
 118 0008 81FF      		sbrs r24,1
 119 000a 00C0      		rjmp .L8
 195:keyboards/kb/keymaps/default/keymap.c **** 		DDRE |= (1 << 7); PORTE &= ~(1 << 7);
 120               		.loc 1 195 3 is_stmt 1 view .LVU23
 121               		.loc 1 195 8 is_stmt 0 view .LVU24
 122 000c 6F9A      		sbi 0xd,7
 123               		.loc 1 195 21 is_stmt 1 view .LVU25
 124               	.L13:
 196:keyboards/kb/keymaps/default/keymap.c **** 	} else {
 197:keyboards/kb/keymaps/default/keymap.c **** 		DDRE &= ~(1 << 7); PORTE &= ~(1 << 7);
 125               		.loc 1 197 22 view .LVU26
 126               		.loc 1 197 28 is_stmt 0 view .LVU27
 127 000e 7798      		cbi 0xe,7
 198:keyboards/kb/keymaps/default/keymap.c **** 	}
 199:keyboards/kb/keymaps/default/keymap.c **** 
 200:keyboards/kb/keymaps/default/keymap.c **** 	if (usb_led & (1 << USB_LED_SCROLL_LOCK)) {
 128               		.loc 1 200 2 is_stmt 1 view .LVU28
 129               		.loc 1 200 5 is_stmt 0 view .LVU29
 130 0010 82FF      		sbrs r24,2
 131 0012 00C0      		rjmp .L10
 201:keyboards/kb/keymaps/default/keymap.c **** 		DDRE |= (1 << 6); PORTE &= ~(1 << 6);
 132               		.loc 1 201 3 is_stmt 1 view .LVU30
 133               		.loc 1 201 8 is_stmt 0 view .LVU31
 134 0014 6E9A      		sbi 0xd,6
 135               		.loc 1 201 21 is_stmt 1 view .LVU32
 136               	.L14:
 202:keyboards/kb/keymaps/default/keymap.c **** 	} else {
 203:keyboards/kb/keymaps/default/keymap.c **** 		DDRE &= ~(1 << 6); PORTE &= ~(1 << 6);
 137               		.loc 1 203 22 view .LVU33
 138               		.loc 1 203 28 is_stmt 0 view .LVU34
 139 0016 7698      		cbi 0xe,6
 204:keyboards/kb/keymaps/default/keymap.c **** 	}
 205:keyboards/kb/keymaps/default/keymap.c **** 
 206:keyboards/kb/keymaps/default/keymap.c **** 	if (usb_led & (1 << USB_LED_COMPOSE)) {
 140               		.loc 1 206 2 is_stmt 1 view .LVU35
 207:keyboards/kb/keymaps/default/keymap.c **** 		
 208:keyboards/kb/keymaps/default/keymap.c **** 	} else {
 209:keyboards/kb/keymaps/default/keymap.c **** 		
 210:keyboards/kb/keymaps/default/keymap.c **** 	}
 141               		.loc 1 210 2 view .LVU36
 211:keyboards/kb/keymaps/default/keymap.c **** 
 212:keyboards/kb/keymaps/default/keymap.c **** 	if (usb_led & (1 << USB_LED_KANA)) {
 142               		.loc 1 212 2 view .LVU37
 213:keyboards/kb/keymaps/default/keymap.c **** 		
 214:keyboards/kb/keymaps/default/keymap.c **** 	} else {
 215:keyboards/kb/keymaps/default/keymap.c **** 		
 216:keyboards/kb/keymaps/default/keymap.c **** 	}
 143               		.loc 1 216 2 view .LVU38
 144               	/* epilogue start */
 217:keyboards/kb/keymaps/default/keymap.c **** 
 218:keyboards/kb/keymaps/default/keymap.c **** }...
 145               		.loc 1 218 1 is_stmt 0 view .LVU39
 146 0018 0895      		ret
 147               	.L6:
 191:keyboards/kb/keymaps/default/keymap.c **** 		DDRB &= ~(1 << 0); PORTB &= ~(1 << 0);
 148               		.loc 1 191 3 is_stmt 1 view .LVU40
 191:keyboards/kb/keymaps/default/keymap.c **** 		DDRB &= ~(1 << 0); PORTB &= ~(1 << 0);
 149               		.loc 1 191 8 is_stmt 0 view .LVU41
 150 001a 2098      		cbi 0x4,0
 151 001c 00C0      		rjmp .L12
 152               	.L8:
 197:keyboards/kb/keymaps/default/keymap.c **** 		DDRE &= ~(1 << 7); PORTE &= ~(1 << 7);
 153               		.loc 1 197 3 is_stmt 1 view .LVU42
 197:keyboards/kb/keymaps/default/keymap.c **** 		DDRE &= ~(1 << 7); PORTE &= ~(1 << 7);
 154               		.loc 1 197 8 is_stmt 0 view .LVU43
 155 001e 6F98      		cbi 0xd,7
 156 0020 00C0      		rjmp .L13
 157               	.L10:
 203:keyboards/kb/keymaps/default/keymap.c **** 		DDRE &= ~(1 << 6); PORTE &= ~(1 << 6);
 158               		.loc 1 203 3 is_stmt 1 view .LVU44
 203:keyboards/kb/keymaps/default/keymap.c **** 		DDRE &= ~(1 << 6); PORTE &= ~(1 << 6);
 159               		.loc 1 203 8 is_stmt 0 view .LVU45
 160 0022 6E98      		cbi 0xd,6
 161 0024 00C0      		rjmp .L14
 162               		.cfi_endproc
 163               	.LFE111:
 165               	.global	keymaps
 166               		.section	.progmem.data.keymaps,"a"
 169               	keymaps:
 170 0000 E200      		.word	226
 171 0002 0500      		.word	5
 172 0004 3400      		.word	52
 173 0006 0700      		.word	7
 174 0008 E600      		.word	230
 175 000a 6500      		.word	101
 176 000c 5A00      		.word	90
 177 000e 6000      		.word	96
 178 0010 3F00      		.word	63
 179 0012 1200      		.word	18
 180 0014 1400      		.word	20
 181 0016 2400      		.word	36
 182 0018 E300      		.word	227
 183 001a 2C00      		.word	44
 184 001c 1100      		.word	17
 185 001e 3500      		.word	53
 186 0020 0900      		.word	9
 187 0022 4D00      		.word	77
 188 0024 4A00      		.word	74
 189 0026 5B00      		.word	91
 190 0028 6100      		.word	97
 191 002a 4000      		.word	64
 192 002c 1300      		.word	19
 193 002e 1A00      		.word	26
 194 0030 2500      		.word	37
 195 0032 2900      		.word	41
 196 0034 E000      		.word	224
 197 0036 1000      		.word	16
 198 0038 E100      		.word	225
 199 003a 0A00      		.word	10
 200 003c 5100      		.word	81
 201 003e 5200      		.word	82
 202 0040 6200      		.word	98
 203 0042 5600      		.word	86
 204 0044 4100      		.word	65
 205 0046 2F00      		.word	47
 206 0048 0800      		.word	8
 207 004a 2600      		.word	38
 208 004c 1E00      		.word	30
 209 004e 3A00      		.word	58
 210 0050 3600      		.word	54
 211 0052 0000      		.word	0
 212 0054 0B00      		.word	11
 213 0056 4E00      		.word	78
 214 0058 4B00      		.word	75
 215 005a 6300      		.word	99
 216 005c 5C00      		.word	92
 217 005e 4200      		.word	66
 218 0060 3000      		.word	48
 219 0062 1500      		.word	21
 220 0064 2700      		.word	39
 221 0066 1F00      		.word	31
 222 0068 3B00      		.word	59
 223 006a 3700      		.word	55
 224 006c 1D00      		.word	29
 225 006e 0D00      		.word	13
 226 0070 4900      		.word	73
 227 0072 A800      		.word	168
 228 0074 0000      		.word	0
 229 0076 5D00      		.word	93
 230 0078 4300      		.word	67
 231 007a 2800      		.word	40
 232 007c 1700      		.word	23
 233 007e 2D00      		.word	45
 234 0080 2000      		.word	32
 235 0082 3C00      		.word	60
 236 0084 3800      		.word	56
 237 0086 1B00      		.word	27
 238 0088 0E00      		.word	14
 239 008a 4C00      		.word	76
 240 008c 5000      		.word	80
 241 008e 4400      		.word	68
 242 0090 5E00      		.word	94
 243 0092 4600      		.word	70
 244 0094 E000      		.word	224
 245 0096 1C00      		.word	28
 246 0098 2E00      		.word	46
 247 009a 2100      		.word	33
 248 009c 3D00      		.word	61
 249 009e 3100      		.word	49
 250 00a0 0600      		.word	6
 251 00a2 0F00      		.word	15
 252 00a4 5800      		.word	88
 253 00a6 E400      		.word	228
 254 00a8 4500      		.word	69
 255 00aa 5700      		.word	87
 256 00ac AA00      		.word	170
 257 00ae 0400      		.word	4
 258 00b0 1800      		.word	24
 259 00b2 2A00      		.word	42
 260 00b4 2200      		.word	34
 261 00b6 3E00      		.word	62
 262 00b8 5500      		.word	85
 263 00ba 1900      		.word	25
 264 00bc 3300      		.word	51
 265 00be 5400      		.word	84
 266 00c0 4F00      		.word	79
 267 00c2 A900      		.word	169
 268 00c4 5900      		.word	89
 269 00c6 5F00      		.word	95
 270 00c8 1600      		.word	22
 271 00ca 0C00      		.word	12
 272 00cc 2B00      		.word	43
 273 00ce 2300      		.word	35
 274 00d0 0100      		.word	1
 275 00d2 0100      		.word	1
 276 00d4 0100      		.word	1
 277 00d6 0100      		.word	1
 278 00d8 0100      		.word	1
 279 00da 0100      		.word	1
 280 00dc 0100      		.word	1
 281 00de 0100      		.word	1
 282 00e0 0100      		.word	1
 283 00e2 0100      		.word	1
 284 00e4 0100      		.word	1
 285 00e6 0100      		.word	1
 286 00e8 0100      		.word	1
 287 00ea 0100      		.word	1
 288 00ec 0100      		.word	1
 289 00ee 0100      		.word	1
 290 00f0 0100      		.word	1
 291 00f2 0100      		.word	1
 292 00f4 0100      		.word	1
 293 00f6 0100      		.word	1
 294 00f8 0100      		.word	1
 295 00fa 0100      		.word	1
 296 00fc 0100      		.word	1
 297 00fe 0100      		.word	1
 298 0100 0100      		.word	1
 299 0102 0100      		.word	1
 300 0104 0100      		.word	1
 301 0106 0100      		.word	1
 302 0108 0100      		.word	1
 303 010a 0100      		.word	1
 304 010c 0100      		.word	1
 305 010e 0100      		.word	1
 306 0110 0100      		.word	1
 307 0112 0100      		.word	1
 308 0114 0100      		.word	1
 309 0116 0100      		.word	1
 310 0118 0100      		.word	1
 311 011a 0100      		.word	1
 312 011c 0100      		.word	1
 313 011e 0100      		.word	1
 314 0120 0100      		.word	1
 315 0122 0000      		.word	0
 316 0124 0100      		.word	1
 317 0126 0100      		.word	1
 318 0128 0100      		.word	1
 319 012a 0100      		.word	1
 320 012c 0100      		.word	1
 321 012e 0100      		.word	1
 322 0130 0100      		.word	1
 323 0132 0100      		.word	1
 324 0134 0100      		.word	1
 325 0136 0100      		.word	1
 326 0138 0100      		.word	1
 327 013a 0100      		.word	1
 328 013c 0100      		.word	1
 329 013e 0100      		.word	1
 330 0140 0100      		.word	1
 331 0142 0100      		.word	1
 332 0144 0000      		.word	0
 333 0146 0100      		.word	1
 334 0148 0100      		.word	1
 335 014a 0100      		.word	1
 336 014c 0100      		.word	1
 337 014e 0100      		.word	1
 338 0150 0100      		.word	1
 339 0152 0100      		.word	1
 340 0154 0100      		.word	1
 341 0156 0100      		.word	1
 342 0158 0100      		.word	1
 343 015a 0100      		.word	1
 344 015c 0100      		.word	1
 345 015e 0100      		.word	1
 346 0160 0100      		.word	1
 347 0162 0100      		.word	1
 348 0164 0100      		.word	1
 349 0166 0100      		.word	1
 350 0168 0100      		.word	1
 351 016a 0100      		.word	1
 352 016c 0100      		.word	1
 353 016e 0100      		.word	1
 354 0170 0100      		.word	1
 355 0172 0100      		.word	1
 356 0174 0100      		.word	1
 357 0176 0100      		.word	1
 358 0178 0100      		.word	1
 359 017a 0100      		.word	1
 360 017c 0100      		.word	1
 361 017e 0100      		.word	1
 362 0180 0100      		.word	1
 363 0182 0100      		.word	1
 364 0184 0100      		.word	1
 365 0186 0100      		.word	1
 366 0188 0100      		.word	1
 367 018a 0100      		.word	1
 368 018c 0100      		.word	1
 369 018e 0100      		.word	1
 370 0190 0100      		.word	1
 371 0192 0100      		.word	1
 372 0194 0100      		.word	1
 373 0196 0100      		.word	1
 374 0198 0100      		.word	1
 375 019a 0100      		.word	1
 376 019c 0100      		.word	1
 377 019e 0100      		.word	1
 378 01a0 0100      		.word	1
 379 01a2 0100      		.word	1
 380 01a4 0100      		.word	1
 381 01a6 0100      		.word	1
 382 01a8 0100      		.word	1
 383 01aa 0100      		.word	1
 384 01ac 0100      		.word	1
 385 01ae 0100      		.word	1
 386 01b0 0100      		.word	1
 387 01b2 0100      		.word	1
 388 01b4 0100      		.word	1
 389 01b6 0100      		.word	1
 390 01b8 0100      		.word	1
 391 01ba 0100      		.word	1
 392 01bc 0100      		.word	1
 393 01be 0100      		.word	1
 394 01c0 0100      		.word	1
 395 01c2 0100      		.word	1
 396 01c4 0100      		.word	1
 397 01c6 0100      		.word	1
 398 01c8 0100      		.word	1
 399 01ca 0100      		.word	1
 400 01cc 0100      		.word	1
 401 01ce 0100      		.word	1
 402 01d0 0100      		.word	1
 403 01d2 0100      		.word	1
 404 01d4 0100      		.word	1
 405 01d6 0100      		.word	1
 406 01d8 0100      		.word	1
 407 01da 0100      		.word	1
 408 01dc 0100      		.word	1
 409 01de 0100      		.word	1
 410 01e0 0100      		.word	1
 411 01e2 0100      		.word	1
 412 01e4 0100      		.word	1
 413 01e6 0100      		.word	1
 414 01e8 0100      		.word	1
 415 01ea 0100      		.word	1
 416 01ec 0100      		.word	1
 417 01ee 0100      		.word	1
 418 01f0 0100      		.word	1
 419 01f2 0000      		.word	0
 420 01f4 0100      		.word	1
 421 01f6 0100      		.word	1
 422 01f8 0100      		.word	1
 423 01fa 0100      		.word	1
 424 01fc 0100      		.word	1
 425 01fe 0100      		.word	1
 426 0200 0100      		.word	1
 427 0202 0100      		.word	1
 428 0204 0100      		.word	1
 429 0206 0100      		.word	1
 430 0208 0100      		.word	1
 431 020a 0100      		.word	1
 432 020c 0100      		.word	1
 433 020e 0100      		.word	1
 434 0210 0100      		.word	1
 435 0212 0100      		.word	1
 436 0214 0000      		.word	0
 437 0216 0100      		.word	1
 438 0218 0100      		.word	1
 439 021a 0100      		.word	1
 440 021c 0100      		.word	1
 441 021e 0100      		.word	1
 442 0220 0100      		.word	1
 443 0222 0100      		.word	1
 444 0224 0100      		.word	1
 445 0226 0100      		.word	1
 446 0228 0100      		.word	1
 447 022a 0100      		.word	1
 448 022c 0100      		.word	1
 449 022e 0100      		.word	1
 450 0230 0100      		.word	1
 451 0232 0100      		.word	1
 452 0234 0100      		.word	1
 453 0236 0100      		.word	1
 454 0238 0100      		.word	1
 455 023a 0100      		.word	1
 456 023c 0100      		.word	1
 457 023e 0100      		.word	1
 458 0240 0100      		.word	1
 459 0242 0100      		.word	1
 460 0244 0100      		.word	1
 461 0246 0100      		.word	1
 462 0248 0100      		.word	1
 463 024a 0100      		.word	1
 464 024c 0100      		.word	1
 465 024e 0100      		.word	1
 466 0250 0100      		.word	1
 467 0252 0100      		.word	1
 468 0254 0100      		.word	1
 469 0256 0100      		.word	1
 470 0258 0100      		.word	1
 471 025a 0100      		.word	1
 472 025c 0100      		.word	1
 473 025e 0100      		.word	1
 474 0260 0100      		.word	1
 475 0262 0100      		.word	1
 476 0264 0100      		.word	1
 477 0266 0100      		.word	1
 478 0268 0100      		.word	1
 479 026a 0100      		.word	1
 480 026c 0100      		.word	1
 481 026e 0100      		.word	1
 482 0270 0100      		.word	1
 483 0272 0100      		.word	1
 484 0274 0100      		.word	1
 485 0276 0100      		.word	1
 486 0278 0100      		.word	1
 487 027a 0100      		.word	1
 488 027c 0100      		.word	1
 489 027e 0100      		.word	1
 490 0280 0100      		.word	1
 491 0282 0100      		.word	1
 492 0284 0100      		.word	1
 493 0286 0100      		.word	1
 494 0288 0100      		.word	1
 495 028a 0100      		.word	1
 496 028c 0100      		.word	1
 497 028e 0100      		.word	1
 498 0290 0100      		.word	1
 499 0292 0100      		.word	1
 500 0294 0100      		.word	1
 501 0296 0100      		.word	1
 502 0298 0100      		.word	1
 503 029a 0100      		.word	1
 504 029c 0100      		.word	1
 505 029e 0100      		.word	1
 506 02a0 0100      		.word	1
 507 02a2 0100      		.word	1
 508 02a4 0100      		.word	1
 509 02a6 0100      		.word	1
 510 02a8 0100      		.word	1
 511 02aa 0100      		.word	1
 512 02ac 0100      		.word	1
 513 02ae 0100      		.word	1
 514 02b0 0100      		.word	1
 515 02b2 0100      		.word	1
 516 02b4 0100      		.word	1
 517 02b6 0100      		.word	1
 518 02b8 0100      		.word	1
 519 02ba 0100      		.word	1
 520 02bc 0100      		.word	1
 521 02be 0100      		.word	1
 522 02c0 0100      		.word	1
 523 02c2 0000      		.word	0
 524 02c4 0100      		.word	1
 525 02c6 0100      		.word	1
 526 02c8 0100      		.word	1
 527 02ca 0100      		.word	1
 528 02cc 0100      		.word	1
 529 02ce 0100      		.word	1
 530 02d0 0100      		.word	1
 531 02d2 0100      		.word	1
 532 02d4 0100      		.word	1
 533 02d6 0100      		.word	1
 534 02d8 0100      		.word	1
 535 02da 0100      		.word	1
 536 02dc 0100      		.word	1
 537 02de 0100      		.word	1
 538 02e0 0100      		.word	1
 539 02e2 0100      		.word	1
 540 02e4 0000      		.word	0
 541 02e6 0100      		.word	1
 542 02e8 0100      		.word	1
 543 02ea 0100      		.word	1
 544 02ec 0100      		.word	1
 545 02ee 0100      		.word	1
 546 02f0 0100      		.word	1
 547 02f2 0100      		.word	1
 548 02f4 0100      		.word	1
 549 02f6 0100      		.word	1
 550 02f8 0100      		.word	1
 551 02fa 0100      		.word	1
 552 02fc 0100      		.word	1
 553 02fe 0100      		.word	1
 554 0300 0100      		.word	1
 555 0302 0100      		.word	1
 556 0304 0100      		.word	1
 557 0306 0100      		.word	1
 558 0308 0100      		.word	1
 559 030a 0100      		.word	1
 560 030c 0100      		.word	1
 561 030e 0100      		.word	1
 562 0310 0100      		.word	1
 563 0312 0100      		.word	1
 564 0314 0100      		.word	1
 565 0316 0100      		.word	1
 566 0318 0100      		.word	1
 567 031a 0100      		.word	1
 568 031c 0100      		.word	1
 569 031e 0100      		.word	1
 570 0320 0100      		.word	1
 571 0322 0100      		.word	1
 572 0324 0100      		.word	1
 573 0326 0100      		.word	1
 574 0328 0100      		.word	1
 575 032a 0100      		.word	1
 576 032c 0100      		.word	1
 577 032e 0100      		.word	1
 578 0330 0100      		.word	1
 579 0332 0100      		.word	1
 580 0334 0100      		.word	1
 581 0336 0100      		.word	1
 582 0338 0100      		.word	1
 583 033a 0100      		.word	1
 584 033c 0100      		.word	1
 585 033e 0100      		.word	1
 586 0340 0100      		.word	1
 587 0342 0100      		.word	1
 588 0344 0100      		.word	1
 589 0346 0100      		.word	1
 590 0348 0100      		.word	1
 591 034a 0100      		.word	1
 592 034c 0100      		.word	1
 593 034e 0100      		.word	1
 594 0350 0100      		.word	1
 595 0352 0100      		.word	1
 596 0354 0100      		.word	1
 597 0356 0100      		.word	1
 598 0358 0100      		.word	1
 599 035a 0100      		.word	1
 600 035c 0100      		.word	1
 601 035e 0100      		.word	1
 602 0360 0100      		.word	1
 603 0362 0100      		.word	1
 604 0364 0100      		.word	1
 605 0366 0100      		.word	1
 606 0368 0100      		.word	1
 607 036a 0100      		.word	1
 608 036c 0100      		.word	1
 609 036e 0100      		.word	1
 610 0370 0100      		.word	1
 611 0372 0100      		.word	1
 612 0374 0100      		.word	1
 613 0376 0100      		.word	1
 614 0378 0100      		.word	1
 615 037a 0100      		.word	1
 616 037c 0100      		.word	1
 617 037e 0100      		.word	1
 618 0380 0100      		.word	1
 619 0382 0100      		.word	1
 620 0384 0100      		.word	1
 621 0386 0100      		.word	1
 622 0388 0100      		.word	1
 623 038a 0100      		.word	1
 624 038c 0100      		.word	1
 625 038e 0100      		.word	1
 626 0390 0100      		.word	1
 627 0392 0000      		.word	0
 628 0394 0100      		.word	1
 629 0396 0100      		.word	1
 630 0398 0100      		.word	1
 631 039a 0100      		.word	1
 632 039c 0100      		.word	1
 633 039e 0100      		.word	1
 634 03a0 0100      		.word	1
 635 03a2 0100      		.word	1
 636 03a4 0100      		.word	1
 637 03a6 0100      		.word	1
 638 03a8 0100      		.word	1
 639 03aa 0100      		.word	1
 640 03ac 0100      		.word	1
 641 03ae 0100      		.word	1
 642 03b0 0100      		.word	1
 643 03b2 0100      		.word	1
 644 03b4 0000      		.word	0
 645 03b6 0100      		.word	1
 646 03b8 0100      		.word	1
 647 03ba 0100      		.word	1
 648 03bc 0100      		.word	1
 649 03be 0100      		.word	1
 650 03c0 0100      		.word	1
 651 03c2 0100      		.word	1
 652 03c4 0100      		.word	1
 653 03c6 0100      		.word	1
 654 03c8 0100      		.word	1
 655 03ca 0100      		.word	1
 656 03cc 0100      		.word	1
 657 03ce 0100      		.word	1
 658 03d0 0100      		.word	1
 659 03d2 0100      		.word	1
 660 03d4 0100      		.word	1
 661 03d6 0100      		.word	1
 662 03d8 0100      		.word	1
 663 03da 0100      		.word	1
 664 03dc 0100      		.word	1
 665 03de 0100      		.word	1
 666 03e0 0100      		.word	1
 667 03e2 0100      		.word	1
 668 03e4 0100      		.word	1
 669 03e6 0100      		.word	1
 670 03e8 0100      		.word	1
 671 03ea 0100      		.word	1
 672 03ec 0100      		.word	1
 673 03ee 0100      		.word	1
 674 03f0 0100      		.word	1
 675 03f2 0100      		.word	1
 676 03f4 0100      		.word	1
 677 03f6 0100      		.word	1
 678 03f8 0100      		.word	1
 679 03fa 0100      		.word	1
 680 03fc 0100      		.word	1
 681 03fe 0100      		.word	1
 682 0400 0100      		.word	1
 683 0402 0100      		.word	1
 684 0404 0100      		.word	1
 685 0406 0100      		.word	1
 686 0408 0100      		.word	1
 687 040a 0100      		.word	1
 688 040c 0100      		.word	1
 689 040e 0100      		.word	1
 690 0410 0100      		.word	1
 691 0412 0100      		.word	1
 692 0414 0100      		.word	1
 693 0416 0100      		.word	1
 694 0418 0100      		.word	1
 695 041a 0100      		.word	1
 696 041c 0100      		.word	1
 697 041e 0100      		.word	1
 698 0420 0100      		.word	1
 699 0422 0100      		.word	1
 700 0424 0100      		.word	1
 701 0426 0100      		.word	1
 702 0428 0100      		.word	1
 703 042a 0100      		.word	1
 704 042c 0100      		.word	1
 705 042e 0100      		.word	1
 706 0430 0100      		.word	1
 707 0432 0100      		.word	1
 708 0434 0100      		.word	1
 709 0436 0100      		.word	1
 710 0438 0100      		.word	1
 711 043a 0100      		.word	1
 712 043c 0100      		.word	1
 713 043e 0100      		.word	1
 714 0440 0100      		.word	1
 715 0442 0100      		.word	1
 716 0444 0100      		.word	1
 717 0446 0100      		.word	1
 718 0448 0100      		.word	1
 719 044a 0100      		.word	1
 720 044c 0100      		.word	1
 721 044e 0100      		.word	1
 722 0450 0100      		.word	1
 723 0452 0100      		.word	1
 724 0454 0100      		.word	1
 725 0456 0100      		.word	1
 726 0458 0100      		.word	1
 727 045a 0100      		.word	1
 728 045c 0100      		.word	1
 729 045e 0100      		.word	1
 730 0460 0100      		.word	1
 731 0462 0000      		.word	0
 732 0464 0100      		.word	1
 733 0466 0100      		.word	1
 734 0468 0100      		.word	1
 735 046a 0100      		.word	1
 736 046c 0100      		.word	1
 737 046e 0100      		.word	1
 738 0470 0100      		.word	1
 739 0472 0100      		.word	1
 740 0474 0100      		.word	1
 741 0476 0100      		.word	1
 742 0478 0100      		.word	1
 743 047a 0100      		.word	1
 744 047c 0100      		.word	1
 745 047e 0100      		.word	1
 746 0480 0100      		.word	1
 747 0482 0100      		.word	1
 748 0484 0000      		.word	0
 749 0486 0100      		.word	1
 750 0488 0100      		.word	1
 751 048a 0100      		.word	1
 752 048c 0100      		.word	1
 753 048e 0100      		.word	1
 754 0490 0100      		.word	1
 755 0492 0100      		.word	1
 756 0494 0100      		.word	1
 757 0496 0100      		.word	1
 758 0498 0100      		.word	1
 759 049a 0100      		.word	1
 760 049c 0100      		.word	1
 761 049e 0100      		.word	1
 762 04a0 0100      		.word	1
 763 04a2 0100      		.word	1
 764 04a4 0100      		.word	1
 765 04a6 0100      		.word	1
 766 04a8 0100      		.word	1
 767 04aa 0100      		.word	1
 768 04ac 0100      		.word	1
 769 04ae 0100      		.word	1
 770 04b0 0100      		.word	1
 771 04b2 0100      		.word	1
 772 04b4 0100      		.word	1
 773 04b6 0100      		.word	1
 774 04b8 0100      		.word	1
 775 04ba 0100      		.word	1
 776 04bc 0100      		.word	1
 777 04be 0100      		.word	1
 778 04c0 0100      		.word	1
 779 04c2 0100      		.word	1
 780 04c4 0100      		.word	1
 781 04c6 0100      		.word	1
 782 04c8 0100      		.word	1
 783 04ca 0100      		.word	1
 784 04cc 0100      		.word	1
 785 04ce 0100      		.word	1
 786 04d0 0100      		.word	1
 787 04d2 0100      		.word	1
 788 04d4 0100      		.word	1
 789 04d6 0100      		.word	1
 790 04d8 0100      		.word	1
 791 04da 0100      		.word	1
 792 04dc 0100      		.word	1
 793 04de 0100      		.word	1
 794 04e0 0100      		.word	1
 795 04e2 0100      		.word	1
 796 04e4 0100      		.word	1
 797 04e6 0100      		.word	1
 798 04e8 0100      		.word	1
 799 04ea 0100      		.word	1
 800 04ec 0100      		.word	1
 801 04ee 0100      		.word	1
 802 04f0 0100      		.word	1
 803 04f2 0100      		.word	1
 804 04f4 0100      		.word	1
 805 04f6 0100      		.word	1
 806 04f8 0100      		.word	1
 807 04fa 0100      		.word	1
 808 04fc 0100      		.word	1
 809 04fe 0100      		.word	1
 810 0500 0100      		.word	1
 811 0502 0100      		.word	1
 812 0504 0100      		.word	1
 813 0506 0100      		.word	1
 814 0508 0100      		.word	1
 815 050a 0100      		.word	1
 816 050c 0100      		.word	1
 817 050e 0100      		.word	1
 818 0510 0100      		.word	1
 819 0512 0100      		.word	1
 820 0514 0100      		.word	1
 821 0516 0100      		.word	1
 822 0518 0100      		.word	1
 823 051a 0100      		.word	1
 824 051c 0100      		.word	1
 825 051e 0100      		.word	1
 826 0520 0100      		.word	1
 827 0522 0100      		.word	1
 828 0524 0100      		.word	1
 829 0526 0100      		.word	1
 830 0528 0100      		.word	1
 831 052a 0100      		.word	1
 832 052c 0100      		.word	1
 833 052e 0100      		.word	1
 834 0530 0100      		.word	1
 835 0532 0000      		.word	0
 836 0534 0100      		.word	1
 837 0536 0100      		.word	1
 838 0538 0100      		.word	1
 839 053a 0100      		.word	1
 840 053c 0100      		.word	1
 841 053e 0100      		.word	1
 842 0540 0100      		.word	1
 843 0542 0100      		.word	1
 844 0544 0100      		.word	1
 845 0546 0100      		.word	1
 846 0548 0100      		.word	1
 847 054a 0100      		.word	1
 848 054c 0100      		.word	1
 849 054e 0100      		.word	1
 850 0550 0100      		.word	1
 851 0552 0100      		.word	1
 852 0554 0000      		.word	0
 853 0556 0100      		.word	1
 854 0558 0100      		.word	1
 855 055a 0100      		.word	1
 856 055c 0100      		.word	1
 857 055e 0100      		.word	1
 858 0560 0100      		.word	1
 859 0562 0100      		.word	1
 860 0564 0100      		.word	1
 861 0566 0100      		.word	1
 862 0568 0100      		.word	1
 863 056a 0100      		.word	1
 864 056c 0100      		.word	1
 865 056e 0100      		.word	1
 866 0570 0100      		.word	1
 867 0572 0100      		.word	1
 868 0574 0100      		.word	1
 869 0576 0100      		.word	1
 870 0578 0100      		.word	1
 871 057a 0100      		.word	1
 872 057c 0100      		.word	1
 873 057e 0100      		.word	1
 874 0580 0100      		.word	1
 875 0582 0100      		.word	1
 876 0584 0100      		.word	1
 877 0586 0100      		.word	1
 878 0588 0100      		.word	1
 879 058a 0100      		.word	1
 880 058c 0100      		.word	1
 881 058e 0100      		.word	1
 882 0590 0100      		.word	1
 883 0592 0100      		.word	1
 884 0594 0100      		.word	1
 885 0596 0100      		.word	1
 886 0598 0100      		.word	1
 887 059a 0100      		.word	1
 888 059c 0100      		.word	1
 889 059e 0100      		.word	1
 890 05a0 0100      		.word	1
 891 05a2 0100      		.word	1
 892 05a4 0100      		.word	1
 893 05a6 0100      		.word	1
 894 05a8 0100      		.word	1
 895 05aa 0100      		.word	1
 896 05ac 0100      		.word	1
 897 05ae 0100      		.word	1
 898 05b0 0100      		.word	1
 899 05b2 0100      		.word	1
 900 05b4 0100      		.word	1
 901 05b6 0100      		.word	1
 902 05b8 0100      		.word	1
 903 05ba 0100      		.word	1
 904 05bc 0100      		.word	1
 905 05be 0100      		.word	1
 906 05c0 0100      		.word	1
 907 05c2 0100      		.word	1
 908 05c4 0100      		.word	1
 909 05c6 0100      		.word	1
 910 05c8 0100      		.word	1
 911 05ca 0100      		.word	1
 912 05cc 0100      		.word	1
 913 05ce 0100      		.word	1
 914 05d0 0100      		.word	1
 915 05d2 0100      		.word	1
 916 05d4 0100      		.word	1
 917 05d6 0100      		.word	1
 918 05d8 0100      		.word	1
 919 05da 0100      		.word	1
 920 05dc 0100      		.word	1
 921 05de 0100      		.word	1
 922 05e0 0100      		.word	1
 923 05e2 0100      		.word	1
 924 05e4 0100      		.word	1
 925 05e6 0100      		.word	1
 926 05e8 0100      		.word	1
 927 05ea 0100      		.word	1
 928 05ec 0100      		.word	1
 929 05ee 0100      		.word	1
 930 05f0 0100      		.word	1
 931 05f2 0100      		.word	1
 932 05f4 0100      		.word	1
 933 05f6 0100      		.word	1
 934 05f8 0100      		.word	1
 935 05fa 0100      		.word	1
 936 05fc 0100      		.word	1
 937 05fe 0100      		.word	1
 938 0600 0100      		.word	1
 939 0602 0000      		.word	0
 940 0604 0100      		.word	1
 941 0606 0100      		.word	1
 942 0608 0100      		.word	1
 943 060a 0100      		.word	1
 944 060c 0100      		.word	1
 945 060e 0100      		.word	1
 946 0610 0100      		.word	1
 947 0612 0100      		.word	1
 948 0614 0100      		.word	1
 949 0616 0100      		.word	1
 950 0618 0100      		.word	1
 951 061a 0100      		.word	1
 952 061c 0100      		.word	1
 953 061e 0100      		.word	1
 954 0620 0100      		.word	1
 955 0622 0100      		.word	1
 956 0624 0000      		.word	0
 957 0626 0100      		.word	1
 958 0628 0100      		.word	1
 959 062a 0100      		.word	1
 960 062c 0100      		.word	1
 961 062e 0100      		.word	1
 962 0630 0100      		.word	1
 963 0632 0100      		.word	1
 964 0634 0100      		.word	1
 965 0636 0100      		.word	1
 966 0638 0100      		.word	1
 967 063a 0100      		.word	1
 968 063c 0100      		.word	1
 969 063e 0100      		.word	1
 970 0640 0100      		.word	1
 971 0642 0100      		.word	1
 972 0644 0100      		.word	1
 973 0646 0100      		.word	1
 974 0648 0100      		.word	1
 975 064a 0100      		.word	1
 976 064c 0100      		.word	1
 977 064e 0100      		.word	1
 978 0650 0100      		.word	1
 979 0652 0100      		.word	1
 980 0654 0100      		.word	1
 981 0656 0100      		.word	1
 982 0658 0100      		.word	1
 983 065a 0100      		.word	1
 984 065c 0100      		.word	1
 985 065e 0100      		.word	1
 986 0660 0100      		.word	1
 987 0662 0100      		.word	1
 988 0664 0100      		.word	1
 989 0666 0100      		.word	1
 990 0668 0100      		.word	1
 991 066a 0100      		.word	1
 992 066c 0100      		.word	1
 993 066e 0100      		.word	1
 994 0670 0100      		.word	1
 995 0672 0100      		.word	1
 996 0674 0100      		.word	1
 997 0676 0100      		.word	1
 998 0678 0100      		.word	1
 999 067a 0100      		.word	1
 1000 067c 0100      		.word	1
 1001 067e 0100      		.word	1
 1002 0680 0100      		.word	1
 1003 0682 0100      		.word	1
 1004 0684 0100      		.word	1
 1005 0686 0100      		.word	1
 1006 0688 0100      		.word	1
 1007 068a 0100      		.word	1
 1008 068c 0100      		.word	1
 1009 068e 0100      		.word	1
 1010 0690 0100      		.word	1
 1011 0692 0100      		.word	1
 1012 0694 0100      		.word	1
 1013 0696 0100      		.word	1
 1014 0698 0100      		.word	1
 1015 069a 0100      		.word	1
 1016 069c 0100      		.word	1
 1017 069e 0100      		.word	1
 1018 06a0 0100      		.word	1
 1019 06a2 0100      		.word	1
 1020 06a4 0100      		.word	1
 1021 06a6 0100      		.word	1
 1022 06a8 0100      		.word	1
 1023 06aa 0100      		.word	1
 1024 06ac 0100      		.word	1
 1025 06ae 0100      		.word	1
 1026 06b0 0100      		.word	1
 1027 06b2 0100      		.word	1
 1028 06b4 0100      		.word	1
 1029 06b6 0100      		.word	1
 1030 06b8 0100      		.word	1
 1031 06ba 0100      		.word	1
 1032 06bc 0100      		.word	1
 1033 06be 0100      		.word	1
 1034 06c0 0100      		.word	1
 1035 06c2 0100      		.word	1
 1036 06c4 0100      		.word	1
 1037 06c6 0100      		.word	1
 1038 06c8 0100      		.word	1
 1039 06ca 0100      		.word	1
 1040 06cc 0100      		.word	1
 1041 06ce 0100      		.word	1
 1042 06d0 0100      		.word	1
 1043 06d2 0000      		.word	0
 1044 06d4 0100      		.word	1
 1045 06d6 0100      		.word	1
 1046 06d8 0100      		.word	1
 1047 06da 0100      		.word	1
 1048 06dc 0100      		.word	1
 1049 06de 0100      		.word	1
 1050 06e0 0100      		.word	1
 1051 06e2 0100      		.word	1
 1052 06e4 0100      		.word	1
 1053 06e6 0100      		.word	1
 1054 06e8 0100      		.word	1
 1055 06ea 0100      		.word	1
 1056 06ec 0100      		.word	1
 1057 06ee 0100      		.word	1
 1058 06f0 0100      		.word	1
 1059 06f2 0100      		.word	1
 1060 06f4 0000      		.word	0
 1061 06f6 0100      		.word	1
 1062 06f8 0100      		.word	1
 1063 06fa 0100      		.word	1
 1064 06fc 0100      		.word	1
 1065 06fe 0100      		.word	1
 1066 0700 0100      		.word	1
 1067 0702 0100      		.word	1
 1068 0704 0100      		.word	1
 1069 0706 0100      		.word	1
 1070 0708 0100      		.word	1
 1071 070a 0100      		.word	1
 1072 070c 0100      		.word	1
 1073 070e 0100      		.word	1
 1074 0710 0100      		.word	1
 1075 0712 0100      		.word	1
 1076 0714 0100      		.word	1
 1077 0716 0100      		.word	1
 1078 0718 0100      		.word	1
 1079 071a 0100      		.word	1
 1080 071c 0100      		.word	1
 1081 071e 0100      		.word	1
 1082 0720 0100      		.word	1
 1083 0722 0100      		.word	1
 1084 0724 0100      		.word	1
 1085 0726 0100      		.word	1
 1086 0728 0100      		.word	1
 1087 072a 0100      		.word	1
 1088 072c 0100      		.word	1
 1089 072e 0100      		.word	1
 1090 0730 0100      		.word	1
 1091 0732 0100      		.word	1
 1092 0734 0100      		.word	1
 1093 0736 0100      		.word	1
 1094 0738 0100      		.word	1
 1095 073a 0100      		.word	1
 1096 073c 0100      		.word	1
 1097 073e 0100      		.word	1
 1098 0740 0100      		.word	1
 1099 0742 0100      		.word	1
 1100 0744 0100      		.word	1
 1101 0746 0100      		.word	1
 1102 0748 0100      		.word	1
 1103 074a 0100      		.word	1
 1104 074c 0100      		.word	1
 1105 074e 0100      		.word	1
 1106 0750 0100      		.word	1
 1107 0752 0100      		.word	1
 1108 0754 0100      		.word	1
 1109 0756 0100      		.word	1
 1110 0758 0100      		.word	1
 1111 075a 0100      		.word	1
 1112 075c 0100      		.word	1
 1113 075e 0100      		.word	1
 1114 0760 0100      		.word	1
 1115 0762 0100      		.word	1
 1116 0764 0100      		.word	1
 1117 0766 0100      		.word	1
 1118 0768 0100      		.word	1
 1119 076a 0100      		.word	1
 1120 076c 0100      		.word	1
 1121 076e 0100      		.word	1
 1122 0770 0100      		.word	1
 1123 0772 0100      		.word	1
 1124 0774 0100      		.word	1
 1125 0776 0100      		.word	1
 1126 0778 0100      		.word	1
 1127 077a 0100      		.word	1
 1128 077c 0100      		.word	1
 1129 077e 0100      		.word	1
 1130 0780 0100      		.word	1
 1131 0782 0100      		.word	1
 1132 0784 0100      		.word	1
 1133 0786 0100      		.word	1
 1134 0788 0100      		.word	1
 1135 078a 0100      		.word	1
 1136 078c 0100      		.word	1
 1137 078e 0100      		.word	1
 1138 0790 0100      		.word	1
 1139 0792 0100      		.word	1
 1140 0794 0100      		.word	1
 1141 0796 0100      		.word	1
 1142 0798 0100      		.word	1
 1143 079a 0100      		.word	1
 1144 079c 0100      		.word	1
 1145 079e 0100      		.word	1
 1146 07a0 0100      		.word	1
 1147 07a2 0000      		.word	0
 1148 07a4 0100      		.word	1
 1149 07a6 0100      		.word	1
 1150 07a8 0100      		.word	1
 1151 07aa 0100      		.word	1
 1152 07ac 0100      		.word	1
 1153 07ae 0100      		.word	1
 1154 07b0 0100      		.word	1
 1155 07b2 0100      		.word	1
 1156 07b4 0100      		.word	1
 1157 07b6 0100      		.word	1
 1158 07b8 0100      		.word	1
 1159 07ba 0100      		.word	1
 1160 07bc 0100      		.word	1
 1161 07be 0100      		.word	1
 1162 07c0 0100      		.word	1
 1163 07c2 0100      		.word	1
 1164 07c4 0000      		.word	0
 1165 07c6 0100      		.word	1
 1166 07c8 0100      		.word	1
 1167 07ca 0100      		.word	1
 1168 07cc 0100      		.word	1
 1169 07ce 0100      		.word	1
 1170 07d0 0100      		.word	1
 1171 07d2 0100      		.word	1
 1172 07d4 0100      		.word	1
 1173 07d6 0100      		.word	1
 1174 07d8 0100      		.word	1
 1175 07da 0100      		.word	1
 1176 07dc 0100      		.word	1
 1177 07de 0100      		.word	1
 1178 07e0 0100      		.word	1
 1179 07e2 0100      		.word	1
 1180 07e4 0100      		.word	1
 1181 07e6 0100      		.word	1
 1182 07e8 0100      		.word	1
 1183 07ea 0100      		.word	1
 1184 07ec 0100      		.word	1
 1185 07ee 0100      		.word	1
 1186 07f0 0100      		.word	1
 1187 07f2 0100      		.word	1
 1188 07f4 0100      		.word	1
 1189 07f6 0100      		.word	1
 1190 07f8 0100      		.word	1
 1191 07fa 0100      		.word	1
 1192 07fc 0100      		.word	1
 1193 07fe 0100      		.word	1
 1194 0800 0100      		.word	1
 1195 0802 0100      		.word	1
 1196 0804 0100      		.word	1
 1197 0806 0100      		.word	1
 1198 0808 0100      		.word	1
 1199 080a 0100      		.word	1
 1200 080c 0100      		.word	1
 1201 080e 0100      		.word	1
 1202 0810 0100      		.word	1
 1203 0812 0100      		.word	1
 1204 0814 0100      		.word	1
 1205 0816 0100      		.word	1
 1206 0818 0100      		.word	1
 1207 081a 0100      		.word	1
 1208 081c 0100      		.word	1
 1209 081e 0100      		.word	1
 1210 0820 0100      		.word	1
 1211 0822 0100      		.word	1
 1212 0824 0100      		.word	1
 1213 0826 0100      		.word	1
 1214 0828 0100      		.word	1
 1215 082a 0100      		.word	1
 1216 082c 0100      		.word	1
 1217 082e 0100      		.word	1
 1218 0830 0100      		.word	1
 1219 0832 0100      		.word	1
 1220 0834 0100      		.word	1
 1221 0836 0100      		.word	1
 1222 0838 0100      		.word	1
 1223 083a 0100      		.word	1
 1224 083c 0100      		.word	1
 1225 083e 0100      		.word	1
 1226 0840 0100      		.word	1
 1227 0842 0100      		.word	1
 1228 0844 0100      		.word	1
 1229 0846 0100      		.word	1
 1230 0848 0100      		.word	1
 1231 084a 0100      		.word	1
 1232 084c 0100      		.word	1
 1233 084e 0100      		.word	1
 1234 0850 0100      		.word	1
 1235 0852 0100      		.word	1
 1236 0854 0100      		.word	1
 1237 0856 0100      		.word	1
 1238 0858 0100      		.word	1
 1239 085a 0100      		.word	1
 1240 085c 0100      		.word	1
 1241 085e 0100      		.word	1
 1242 0860 0100      		.word	1
 1243 0862 0100      		.word	1
 1244 0864 0100      		.word	1
 1245 0866 0100      		.word	1
 1246 0868 0100      		.word	1
 1247 086a 0100      		.word	1
 1248 086c 0100      		.word	1
 1249 086e 0100      		.word	1
 1250 0870 0100      		.word	1
 1251 0872 0000      		.word	0
 1252 0874 0100      		.word	1
 1253 0876 0100      		.word	1
 1254 0878 0100      		.word	1
 1255 087a 0100      		.word	1
 1256 087c 0100      		.word	1
 1257 087e 0100      		.word	1
 1258 0880 0100      		.word	1
 1259 0882 0100      		.word	1
 1260 0884 0100      		.word	1
 1261 0886 0100      		.word	1
 1262 0888 0100      		.word	1
 1263 088a 0100      		.word	1
 1264 088c 0100      		.word	1
 1265 088e 0100      		.word	1
 1266 0890 0100      		.word	1
 1267 0892 0100      		.word	1
 1268 0894 0000      		.word	0
 1269 0896 0100      		.word	1
 1270 0898 0100      		.word	1
 1271 089a 0100      		.word	1
 1272 089c 0100      		.word	1
 1273 089e 0100      		.word	1
 1274 08a0 0100      		.word	1
 1275 08a2 0100      		.word	1
 1276 08a4 0100      		.word	1
 1277 08a6 0100      		.word	1
 1278 08a8 0100      		.word	1
 1279 08aa 0100      		.word	1
 1280 08ac 0100      		.word	1
 1281 08ae 0100      		.word	1
 1282 08b0 0100      		.word	1
 1283 08b2 0100      		.word	1
 1284 08b4 0100      		.word	1
 1285 08b6 0100      		.word	1
 1286 08b8 0100      		.word	1
 1287 08ba 0100      		.word	1
 1288 08bc 0100      		.word	1
 1289 08be 0100      		.word	1
 1290 08c0 0100      		.word	1
 1291 08c2 0100      		.word	1
 1292 08c4 0100      		.word	1
 1293 08c6 0100      		.word	1
 1294 08c8 0100      		.word	1
 1295 08ca 0100      		.word	1
 1296 08cc 0100      		.word	1
 1297 08ce 0100      		.word	1
 1298 08d0 0100      		.word	1
 1299 08d2 0100      		.word	1
 1300 08d4 0100      		.word	1
 1301 08d6 0100      		.word	1
 1302 08d8 0100      		.word	1
 1303 08da 0100      		.word	1
 1304 08dc 0100      		.word	1
 1305 08de 0100      		.word	1
 1306 08e0 0100      		.word	1
 1307 08e2 0100      		.word	1
 1308 08e4 0100      		.word	1
 1309 08e6 0100      		.word	1
 1310 08e8 0100      		.word	1
 1311 08ea 0100      		.word	1
 1312 08ec 0100      		.word	1
 1313 08ee 0100      		.word	1
 1314 08f0 0100      		.word	1
 1315 08f2 0100      		.word	1
 1316 08f4 0100      		.word	1
 1317 08f6 0100      		.word	1
 1318 08f8 0100      		.word	1
 1319 08fa 0100      		.word	1
 1320 08fc 0100      		.word	1
 1321 08fe 0100      		.word	1
 1322 0900 0100      		.word	1
 1323 0902 0100      		.word	1
 1324 0904 0100      		.word	1
 1325 0906 0100      		.word	1
 1326 0908 0100      		.word	1
 1327 090a 0100      		.word	1
 1328 090c 0100      		.word	1
 1329 090e 0100      		.word	1
 1330 0910 0100      		.word	1
 1331 0912 0100      		.word	1
 1332 0914 0100      		.word	1
 1333 0916 0100      		.word	1
 1334 0918 0100      		.word	1
 1335 091a 0100      		.word	1
 1336 091c 0100      		.word	1
 1337 091e 0100      		.word	1
 1338 0920 0100      		.word	1
 1339 0922 0100      		.word	1
 1340 0924 0100      		.word	1
 1341 0926 0100      		.word	1
 1342 0928 0100      		.word	1
 1343 092a 0100      		.word	1
 1344 092c 0100      		.word	1
 1345 092e 0100      		.word	1
 1346 0930 0100      		.word	1
 1347 0932 0100      		.word	1
 1348 0934 0100      		.word	1
 1349 0936 0100      		.word	1
 1350 0938 0100      		.word	1
 1351 093a 0100      		.word	1
 1352 093c 0100      		.word	1
 1353 093e 0100      		.word	1
 1354 0940 0100      		.word	1
 1355 0942 0000      		.word	0
 1356 0944 0100      		.word	1
 1357 0946 0100      		.word	1
 1358 0948 0100      		.word	1
 1359 094a 0100      		.word	1
 1360 094c 0100      		.word	1
 1361 094e 0100      		.word	1
 1362 0950 0100      		.word	1
 1363 0952 0100      		.word	1
 1364 0954 0100      		.word	1
 1365 0956 0100      		.word	1
 1366 0958 0100      		.word	1
 1367 095a 0100      		.word	1
 1368 095c 0100      		.word	1
 1369 095e 0100      		.word	1
 1370 0960 0100      		.word	1
 1371 0962 0100      		.word	1
 1372 0964 0000      		.word	0
 1373 0966 0100      		.word	1
 1374 0968 0100      		.word	1
 1375 096a 0100      		.word	1
 1376 096c 0100      		.word	1
 1377 096e 0100      		.word	1
 1378 0970 0100      		.word	1
 1379 0972 0100      		.word	1
 1380 0974 0100      		.word	1
 1381 0976 0100      		.word	1
 1382 0978 0100      		.word	1
 1383 097a 0100      		.word	1
 1384 097c 0100      		.word	1
 1385 097e 0100      		.word	1
 1386 0980 0100      		.word	1
 1387 0982 0100      		.word	1
 1388 0984 0100      		.word	1
 1389 0986 0100      		.word	1
 1390 0988 0100      		.word	1
 1391 098a 0100      		.word	1
 1392 098c 0100      		.word	1
 1393 098e 0100      		.word	1
 1394 0990 0100      		.word	1
 1395 0992 0100      		.word	1
 1396 0994 0100      		.word	1
 1397 0996 0100      		.word	1
 1398 0998 0100      		.word	1
 1399 099a 0100      		.word	1
 1400 099c 0100      		.word	1
 1401 099e 0100      		.word	1
 1402 09a0 0100      		.word	1
 1403 09a2 0100      		.word	1
 1404 09a4 0100      		.word	1
 1405 09a6 0100      		.word	1
 1406 09a8 0100      		.word	1
 1407 09aa 0100      		.word	1
 1408 09ac 0100      		.word	1
 1409 09ae 0100      		.word	1
 1410 09b0 0100      		.word	1
 1411 09b2 0100      		.word	1
 1412 09b4 0100      		.word	1
 1413 09b6 0100      		.word	1
 1414 09b8 0100      		.word	1
 1415 09ba 0100      		.word	1
 1416 09bc 0100      		.word	1
 1417 09be 0100      		.word	1
 1418 09c0 0100      		.word	1
 1419 09c2 0100      		.word	1
 1420 09c4 0100      		.word	1
 1421 09c6 0100      		.word	1
 1422 09c8 0100      		.word	1
 1423 09ca 0100      		.word	1
 1424 09cc 0100      		.word	1
 1425 09ce 0100      		.word	1
 1426 09d0 0100      		.word	1
 1427 09d2 0100      		.word	1
 1428 09d4 0100      		.word	1
 1429 09d6 0100      		.word	1
 1430 09d8 0100      		.word	1
 1431 09da 0100      		.word	1
 1432 09dc 0100      		.word	1
 1433 09de 0100      		.word	1
 1434 09e0 0100      		.word	1
 1435 09e2 0100      		.word	1
 1436 09e4 0100      		.word	1
 1437 09e6 0100      		.word	1
 1438 09e8 0100      		.word	1
 1439 09ea 0100      		.word	1
 1440 09ec 0100      		.word	1
 1441 09ee 0100      		.word	1
 1442 09f0 0100      		.word	1
 1443 09f2 0100      		.word	1
 1444 09f4 0100      		.word	1
 1445 09f6 0100      		.word	1
 1446 09f8 0100      		.word	1
 1447 09fa 0100      		.word	1
 1448 09fc 0100      		.word	1
 1449 09fe 0100      		.word	1
 1450 0a00 0100      		.word	1
 1451 0a02 0100      		.word	1
 1452 0a04 0100      		.word	1
 1453 0a06 0100      		.word	1
 1454 0a08 0100      		.word	1
 1455 0a0a 0100      		.word	1
 1456 0a0c 0100      		.word	1
 1457 0a0e 0100      		.word	1
 1458 0a10 0100      		.word	1
 1459 0a12 0000      		.word	0
 1460 0a14 0100      		.word	1
 1461 0a16 0100      		.word	1
 1462 0a18 0100      		.word	1
 1463 0a1a 0100      		.word	1
 1464 0a1c 0100      		.word	1
 1465 0a1e 0100      		.word	1
 1466 0a20 0100      		.word	1
 1467 0a22 0100      		.word	1
 1468 0a24 0100      		.word	1
 1469 0a26 0100      		.word	1
 1470 0a28 0100      		.word	1
 1471 0a2a 0100      		.word	1
 1472 0a2c 0100      		.word	1
 1473 0a2e 0100      		.word	1
 1474 0a30 0100      		.word	1
 1475 0a32 0100      		.word	1
 1476 0a34 0000      		.word	0
 1477 0a36 0100      		.word	1
 1478 0a38 0100      		.word	1
 1479 0a3a 0100      		.word	1
 1480 0a3c 0100      		.word	1
 1481 0a3e 0100      		.word	1
 1482 0a40 0100      		.word	1
 1483 0a42 0100      		.word	1
 1484 0a44 0100      		.word	1
 1485 0a46 0100      		.word	1
 1486 0a48 0100      		.word	1
 1487 0a4a 0100      		.word	1
 1488 0a4c 0100      		.word	1
 1489 0a4e 0100      		.word	1
 1490 0a50 0100      		.word	1
 1491 0a52 0100      		.word	1
 1492 0a54 0100      		.word	1
 1493 0a56 0100      		.word	1
 1494 0a58 0100      		.word	1
 1495 0a5a 0100      		.word	1
 1496 0a5c 0100      		.word	1
 1497 0a5e 0100      		.word	1
 1498 0a60 0100      		.word	1
 1499 0a62 0100      		.word	1
 1500 0a64 0100      		.word	1
 1501 0a66 0100      		.word	1
 1502 0a68 0100      		.word	1
 1503 0a6a 0100      		.word	1
 1504 0a6c 0100      		.word	1
 1505 0a6e 0100      		.word	1
 1506 0a70 0100      		.word	1
 1507 0a72 0100      		.word	1
 1508 0a74 0100      		.word	1
 1509 0a76 0100      		.word	1
 1510 0a78 0100      		.word	1
 1511 0a7a 0100      		.word	1
 1512 0a7c 0100      		.word	1
 1513 0a7e 0100      		.word	1
 1514 0a80 0100      		.word	1
 1515 0a82 0100      		.word	1
 1516 0a84 0100      		.word	1
 1517 0a86 0100      		.word	1
 1518 0a88 0100      		.word	1
 1519 0a8a 0100      		.word	1
 1520 0a8c 0100      		.word	1
 1521 0a8e 0100      		.word	1
 1522 0a90 0100      		.word	1
 1523 0a92 0100      		.word	1
 1524 0a94 0100      		.word	1
 1525 0a96 0100      		.word	1
 1526 0a98 0100      		.word	1
 1527 0a9a 0100      		.word	1
 1528 0a9c 0100      		.word	1
 1529 0a9e 0100      		.word	1
 1530 0aa0 0100      		.word	1
 1531 0aa2 0100      		.word	1
 1532 0aa4 0100      		.word	1
 1533 0aa6 0100      		.word	1
 1534 0aa8 0100      		.word	1
 1535 0aaa 0100      		.word	1
 1536 0aac 0100      		.word	1
 1537 0aae 0100      		.word	1
 1538 0ab0 0100      		.word	1
 1539 0ab2 0100      		.word	1
 1540 0ab4 0100      		.word	1
 1541 0ab6 0100      		.word	1
 1542 0ab8 0100      		.word	1
 1543 0aba 0100      		.word	1
 1544 0abc 0100      		.word	1
 1545 0abe 0100      		.word	1
 1546 0ac0 0100      		.word	1
 1547 0ac2 0100      		.word	1
 1548 0ac4 0100      		.word	1
 1549 0ac6 0100      		.word	1
 1550 0ac8 0100      		.word	1
 1551 0aca 0100      		.word	1
 1552 0acc 0100      		.word	1
 1553 0ace 0100      		.word	1
 1554 0ad0 0100      		.word	1
 1555 0ad2 0100      		.word	1
 1556 0ad4 0100      		.word	1
 1557 0ad6 0100      		.word	1
 1558 0ad8 0100      		.word	1
 1559 0ada 0100      		.word	1
 1560 0adc 0100      		.word	1
 1561 0ade 0100      		.word	1
 1562 0ae0 0100      		.word	1
 1563 0ae2 0000      		.word	0
 1564 0ae4 0100      		.word	1
 1565 0ae6 0100      		.word	1
 1566 0ae8 0100      		.word	1
 1567 0aea 0100      		.word	1
 1568 0aec 0100      		.word	1
 1569 0aee 0100      		.word	1
 1570 0af0 0100      		.word	1
 1571 0af2 0100      		.word	1
 1572 0af4 0100      		.word	1
 1573 0af6 0100      		.word	1
 1574 0af8 0100      		.word	1
 1575 0afa 0100      		.word	1
 1576 0afc 0100      		.word	1
 1577 0afe 0100      		.word	1
 1578 0b00 0100      		.word	1
 1579 0b02 0100      		.word	1
 1580 0b04 0000      		.word	0
 1581 0b06 0100      		.word	1
 1582 0b08 0100      		.word	1
 1583 0b0a 0100      		.word	1
 1584 0b0c 0100      		.word	1
 1585 0b0e 0100      		.word	1
 1586 0b10 0100      		.word	1
 1587 0b12 0100      		.word	1
 1588 0b14 0100      		.word	1
 1589 0b16 0100      		.word	1
 1590 0b18 0100      		.word	1
 1591 0b1a 0100      		.word	1
 1592 0b1c 0100      		.word	1
 1593 0b1e 0100      		.word	1
 1594 0b20 0100      		.word	1
 1595 0b22 0100      		.word	1
 1596 0b24 0100      		.word	1
 1597 0b26 0100      		.word	1
 1598 0b28 0100      		.word	1
 1599 0b2a 0100      		.word	1
 1600 0b2c 0100      		.word	1
 1601 0b2e 0100      		.word	1
 1602 0b30 0100      		.word	1
 1603 0b32 0100      		.word	1
 1604 0b34 0100      		.word	1
 1605 0b36 0100      		.word	1
 1606 0b38 0100      		.word	1
 1607 0b3a 0100      		.word	1
 1608 0b3c 0100      		.word	1
 1609 0b3e 0100      		.word	1
 1610 0b40 0100      		.word	1
 1611 0b42 0100      		.word	1
 1612 0b44 0100      		.word	1
 1613 0b46 0100      		.word	1
 1614 0b48 0100      		.word	1
 1615 0b4a 0100      		.word	1
 1616 0b4c 0100      		.word	1
 1617 0b4e 0100      		.word	1
 1618 0b50 0100      		.word	1
 1619 0b52 0100      		.word	1
 1620 0b54 0100      		.word	1
 1621 0b56 0100      		.word	1
 1622 0b58 0100      		.word	1
 1623 0b5a 0100      		.word	1
 1624 0b5c 0100      		.word	1
 1625 0b5e 0100      		.word	1
 1626 0b60 0100      		.word	1
 1627 0b62 0100      		.word	1
 1628 0b64 0100      		.word	1
 1629 0b66 0100      		.word	1
 1630 0b68 0100      		.word	1
 1631 0b6a 0100      		.word	1
 1632 0b6c 0100      		.word	1
 1633 0b6e 0100      		.word	1
 1634 0b70 0100      		.word	1
 1635 0b72 0100      		.word	1
 1636 0b74 0100      		.word	1
 1637 0b76 0100      		.word	1
 1638 0b78 0100      		.word	1
 1639 0b7a 0100      		.word	1
 1640 0b7c 0100      		.word	1
 1641 0b7e 0100      		.word	1
 1642 0b80 0100      		.word	1
 1643 0b82 0100      		.word	1
 1644 0b84 0100      		.word	1
 1645 0b86 0100      		.word	1
 1646 0b88 0100      		.word	1
 1647 0b8a 0100      		.word	1
 1648 0b8c 0100      		.word	1
 1649 0b8e 0100      		.word	1
 1650 0b90 0100      		.word	1
 1651 0b92 0100      		.word	1
 1652 0b94 0100      		.word	1
 1653 0b96 0100      		.word	1
 1654 0b98 0100      		.word	1
 1655 0b9a 0100      		.word	1
 1656 0b9c 0100      		.word	1
 1657 0b9e 0100      		.word	1
 1658 0ba0 0100      		.word	1
 1659 0ba2 0100      		.word	1
 1660 0ba4 0100      		.word	1
 1661 0ba6 0100      		.word	1
 1662 0ba8 0100      		.word	1
 1663 0baa 0100      		.word	1
 1664 0bac 0100      		.word	1
 1665 0bae 0100      		.word	1
 1666 0bb0 0100      		.word	1
 1667 0bb2 0000      		.word	0
 1668 0bb4 0100      		.word	1
 1669 0bb6 0100      		.word	1
 1670 0bb8 0100      		.word	1
 1671 0bba 0100      		.word	1
 1672 0bbc 0100      		.word	1
 1673 0bbe 0100      		.word	1
 1674 0bc0 0100      		.word	1
 1675 0bc2 0100      		.word	1
 1676 0bc4 0100      		.word	1
 1677 0bc6 0100      		.word	1
 1678 0bc8 0100      		.word	1
 1679 0bca 0100      		.word	1
 1680 0bcc 0100      		.word	1
 1681 0bce 0100      		.word	1
 1682 0bd0 0100      		.word	1
 1683 0bd2 0100      		.word	1
 1684 0bd4 0000      		.word	0
 1685 0bd6 0100      		.word	1
 1686 0bd8 0100      		.word	1
 1687 0bda 0100      		.word	1
 1688 0bdc 0100      		.word	1
 1689 0bde 0100      		.word	1
 1690 0be0 0100      		.word	1
 1691 0be2 0100      		.word	1
 1692 0be4 0100      		.word	1
 1693 0be6 0100      		.word	1
 1694 0be8 0100      		.word	1
 1695 0bea 0100      		.word	1
 1696 0bec 0100      		.word	1
 1697 0bee 0100      		.word	1
 1698 0bf0 0100      		.word	1
 1699 0bf2 0100      		.word	1
 1700 0bf4 0100      		.word	1
 1701 0bf6 0100      		.word	1
 1702 0bf8 0100      		.word	1
 1703 0bfa 0100      		.word	1
 1704 0bfc 0100      		.word	1
 1705 0bfe 0100      		.word	1
 1706 0c00 0100      		.word	1
 1707 0c02 0100      		.word	1
 1708 0c04 0100      		.word	1
 1709 0c06 0100      		.word	1
 1710 0c08 0100      		.word	1
 1711 0c0a 0100      		.word	1
 1712 0c0c 0100      		.word	1
 1713 0c0e 0100      		.word	1
 1714 0c10 0100      		.word	1
 1715 0c12 0100      		.word	1
 1716 0c14 0100      		.word	1
 1717 0c16 0100      		.word	1
 1718 0c18 0100      		.word	1
 1719 0c1a 0100      		.word	1
 1720 0c1c 0100      		.word	1
 1721 0c1e 0100      		.word	1
 1722 0c20 0100      		.word	1
 1723 0c22 0100      		.word	1
 1724 0c24 0100      		.word	1
 1725 0c26 0100      		.word	1
 1726 0c28 0100      		.word	1
 1727 0c2a 0100      		.word	1
 1728 0c2c 0100      		.word	1
 1729 0c2e 0100      		.word	1
 1730 0c30 0100      		.word	1
 1731 0c32 0100      		.word	1
 1732 0c34 0100      		.word	1
 1733 0c36 0100      		.word	1
 1734 0c38 0100      		.word	1
 1735 0c3a 0100      		.word	1
 1736 0c3c 0100      		.word	1
 1737 0c3e 0100      		.word	1
 1738 0c40 0100      		.word	1
 1739 0c42 0100      		.word	1
 1740 0c44 0100      		.word	1
 1741 0c46 0100      		.word	1
 1742 0c48 0100      		.word	1
 1743 0c4a 0100      		.word	1
 1744 0c4c 0100      		.word	1
 1745 0c4e 0100      		.word	1
 1746 0c50 0100      		.word	1
 1747 0c52 0100      		.word	1
 1748 0c54 0100      		.word	1
 1749 0c56 0100      		.word	1
 1750 0c58 0100      		.word	1
 1751 0c5a 0100      		.word	1
 1752 0c5c 0100      		.word	1
 1753 0c5e 0100      		.word	1
 1754 0c60 0100      		.word	1
 1755 0c62 0100      		.word	1
 1756 0c64 0100      		.word	1
 1757 0c66 0100      		.word	1
 1758 0c68 0100      		.word	1
 1759 0c6a 0100      		.word	1
 1760 0c6c 0100      		.word	1
 1761 0c6e 0100      		.word	1
 1762 0c70 0100      		.word	1
 1763 0c72 0100      		.word	1
 1764 0c74 0100      		.word	1
 1765 0c76 0100      		.word	1
 1766 0c78 0100      		.word	1
 1767 0c7a 0100      		.word	1
 1768 0c7c 0100      		.word	1
 1769 0c7e 0100      		.word	1
 1770 0c80 0100      		.word	1
 1771 0c82 0000      		.word	0
 1772 0c84 0100      		.word	1
 1773 0c86 0100      		.word	1
 1774 0c88 0100      		.word	1
 1775 0c8a 0100      		.word	1
 1776 0c8c 0100      		.word	1
 1777 0c8e 0100      		.word	1
 1778 0c90 0100      		.word	1
 1779 0c92 0100      		.word	1
 1780 0c94 0100      		.word	1
 1781 0c96 0100      		.word	1
 1782 0c98 0100      		.word	1
 1783 0c9a 0100      		.word	1
 1784 0c9c 0100      		.word	1
 1785 0c9e 0100      		.word	1
 1786 0ca0 0100      		.word	1
 1787 0ca2 0100      		.word	1
 1788 0ca4 0000      		.word	0
 1789 0ca6 0100      		.word	1
 1790 0ca8 0100      		.word	1
 1791 0caa 0100      		.word	1
 1792 0cac 0100      		.word	1
 1793 0cae 0100      		.word	1
 1794 0cb0 0100      		.word	1
 1795 0cb2 0100      		.word	1
 1796 0cb4 0100      		.word	1
 1797 0cb6 0100      		.word	1
 1798 0cb8 0100      		.word	1
 1799 0cba 0100      		.word	1
 1800 0cbc 0100      		.word	1
 1801 0cbe 0100      		.word	1
 1802 0cc0 0100      		.word	1
 1803 0cc2 0100      		.word	1
 1804 0cc4 0100      		.word	1
 1805 0cc6 0100      		.word	1
 1806 0cc8 0100      		.word	1
 1807 0cca 0100      		.word	1
 1808 0ccc 0100      		.word	1
 1809 0cce 0100      		.word	1
 1810 0cd0 0100      		.word	1
 1811 0cd2 0100      		.word	1
 1812 0cd4 0100      		.word	1
 1813 0cd6 0100      		.word	1
 1814 0cd8 0100      		.word	1
 1815 0cda 0100      		.word	1
 1816 0cdc 0100      		.word	1
 1817 0cde 0100      		.word	1
 1818 0ce0 0100      		.word	1
 1819 0ce2 0100      		.word	1
 1820 0ce4 0100      		.word	1
 1821 0ce6 0100      		.word	1
 1822 0ce8 0100      		.word	1
 1823 0cea 0100      		.word	1
 1824 0cec 0100      		.word	1
 1825 0cee 0100      		.word	1
 1826 0cf0 0100      		.word	1
 1827 0cf2 0100      		.word	1
 1828 0cf4 0100      		.word	1
 1829 0cf6 0100      		.word	1
 1830 0cf8 0100      		.word	1
 1831 0cfa 0100      		.word	1
 1832 0cfc 0100      		.word	1
 1833 0cfe 0100      		.word	1
 1834               		.text
 1835               	.Letext0:
 1836               		.file 2 "/usr/avr/include/stdint.h"
 1837               		.file 3 "./tmk_core/common/keyboard.h"
 1838               		.file 4 "./tmk_core/common/keycode.h"
 1839               		.file 5 "./tmk_core/common/action_macro.h"
 1840               		.file 6 "./tmk_core/common/action.h"
 1841               		.file 7 "./quantum/keymap.h"
DEFINED SYMBOLS
                            *ABS*:0000000000000000 keymap.c
     /tmp/ccJ6MXi6.s:2      *ABS*:000000000000003e __SP_H__
     /tmp/ccJ6MXi6.s:3      *ABS*:000000000000003d __SP_L__
     /tmp/ccJ6MXi6.s:4      *ABS*:000000000000003f __SREG__
     /tmp/ccJ6MXi6.s:5      *ABS*:000000000000003b __RAMPZ__
     /tmp/ccJ6MXi6.s:6      *ABS*:0000000000000000 __tmp_reg__
     /tmp/ccJ6MXi6.s:7      *ABS*:0000000000000001 __zero_reg__
     /tmp/ccJ6MXi6.s:14     .text.action_get_macro:0000000000000000 action_get_macro
     /tmp/ccJ6MXi6.s:41     .text.matrix_init_user:0000000000000000 matrix_init_user
     /tmp/ccJ6MXi6.s:58     .text.matrix_scan_user:0000000000000000 matrix_scan_user
     /tmp/ccJ6MXi6.s:73     .text.process_record_user:0000000000000000 process_record_user
     /tmp/ccJ6MXi6.s:95     .text.led_set_user:0000000000000000 led_set_user
     /tmp/ccJ6MXi6.s:169    .progmem.data.keymaps:0000000000000000 keymaps

NO UNDEFINED SYMBOLS
