   1               		.file	"HostStandardReq.c"
   2               	__SP_H__ = 0x3e
   3               	__SP_L__ = 0x3d
   4               	__SREG__ = 0x3f
   5               	__RAMPZ__ = 0x3b
   6               	__tmp_reg__ = 0
   7               	__zero_reg__ = 1
   8               		.text
   9               	.Ltext0:
  10               		.cfi_sections	.debug_frame
  11               		.file 1 "./tmk_core/protocol/lufa/LUFA-git/LUFA/Drivers/USB/Core/HostStandardReq.c"
  12               	.Letext0:
DEFINED SYMBOLS
                            *ABS*:0000000000000000 HostStandardReq.c
     /tmp/cc3HNnj2.s:2      *ABS*:000000000000003e __SP_H__
     /tmp/cc3HNnj2.s:3      *ABS*:000000000000003d __SP_L__
     /tmp/cc3HNnj2.s:4      *ABS*:000000000000003f __SREG__
     /tmp/cc3HNnj2.s:5      *ABS*:000000000000003b __RAMPZ__
     /tmp/cc3HNnj2.s:6      *ABS*:0000000000000000 __tmp_reg__
     /tmp/cc3HNnj2.s:7      *ABS*:0000000000000001 __zero_reg__
     /tmp/cc3HNnj2.s:59     .debug_abbrev:0000000000000000 .Ldebug_abbrev0
     /tmp/cc3HNnj2.s:109    .debug_line:0000000000000000 .Ldebug_line0
     /tmp/cc3HNnj2.s:14     .debug_info:0000000000000000 .Ldebug_info0

NO UNDEFINED SYMBOLS
