   1               		.file	"bootmagic.c"
   2               	__SP_H__ = 0x3e
   3               	__SP_L__ = 0x3d
   4               	__SREG__ = 0x3f
   5               	__RAMPZ__ = 0x3b
   6               	__tmp_reg__ = 0
   7               	__zero_reg__ = 1
   8               		.text
   9               	.Ltext0:
  10               		.cfi_sections	.debug_frame
  11               		.section	.text.scan_keycode,"ax",@progbits
  13               	scan_keycode:
  14               	.LVL0:
  15               	.LFB106:
  16               		.file 1 "tmk_core/common/bootmagic.c"
   1:tmk_core/common/bootmagic.c **** #include <stdint.h>
   2:tmk_core/common/bootmagic.c **** #include <stdbool.h>
   3:tmk_core/common/bootmagic.c **** #include "wait.h"
   4:tmk_core/common/bootmagic.c **** #include "matrix.h"
   5:tmk_core/common/bootmagic.c **** #include "bootloader.h"
   6:tmk_core/common/bootmagic.c **** #include "debug.h"
   7:tmk_core/common/bootmagic.c **** #include "keymap.h"
   8:tmk_core/common/bootmagic.c **** #include "host.h"
   9:tmk_core/common/bootmagic.c **** #include "action_layer.h"
  10:tmk_core/common/bootmagic.c **** #include "eeconfig.h"
  11:tmk_core/common/bootmagic.c **** #include "bootmagic.h"
  12:tmk_core/common/bootmagic.c **** 
  13:tmk_core/common/bootmagic.c **** keymap_config_t keymap_config;
  14:tmk_core/common/bootmagic.c **** 
  15:tmk_core/common/bootmagic.c **** /** \brief Bootmagic
  16:tmk_core/common/bootmagic.c ****  *
  17:tmk_core/common/bootmagic.c ****  * FIXME: needs doc
  18:tmk_core/common/bootmagic.c ****  */
  19:tmk_core/common/bootmagic.c **** void bootmagic(void) {
  20:tmk_core/common/bootmagic.c ****     /* check signature */
  21:tmk_core/common/bootmagic.c ****     if (!eeconfig_is_enabled()) {
  22:tmk_core/common/bootmagic.c ****         eeconfig_init();
  23:tmk_core/common/bootmagic.c ****     }
  24:tmk_core/common/bootmagic.c **** 
  25:tmk_core/common/bootmagic.c ****     /* do scans in case of bounce */
  26:tmk_core/common/bootmagic.c ****     print("bootmagic scan: ... ");
  27:tmk_core/common/bootmagic.c ****     uint8_t scan = 100;
  28:tmk_core/common/bootmagic.c ****     while (scan--) {
  29:tmk_core/common/bootmagic.c ****         matrix_scan();
  30:tmk_core/common/bootmagic.c ****         wait_ms(10);
  31:tmk_core/common/bootmagic.c ****     }
  32:tmk_core/common/bootmagic.c ****     print("done.\n");
  33:tmk_core/common/bootmagic.c **** 
  34:tmk_core/common/bootmagic.c ****     /* bootmagic skip */
  35:tmk_core/common/bootmagic.c ****     if (bootmagic_scan_keycode(BOOTMAGIC_KEY_SKIP)) {
  36:tmk_core/common/bootmagic.c ****         return;
  37:tmk_core/common/bootmagic.c ****     }
  38:tmk_core/common/bootmagic.c **** 
  39:tmk_core/common/bootmagic.c ****     /* eeconfig clear */
  40:tmk_core/common/bootmagic.c ****     if (bootmagic_scan_keycode(BOOTMAGIC_KEY_EEPROM_CLEAR)) {
  41:tmk_core/common/bootmagic.c ****         eeconfig_init();
  42:tmk_core/common/bootmagic.c ****     }
  43:tmk_core/common/bootmagic.c **** 
  44:tmk_core/common/bootmagic.c ****     /* bootloader */
  45:tmk_core/common/bootmagic.c ****     if (bootmagic_scan_keycode(BOOTMAGIC_KEY_BOOTLOADER)) {
  46:tmk_core/common/bootmagic.c ****         bootloader_jump();
  47:tmk_core/common/bootmagic.c ****     }
  48:tmk_core/common/bootmagic.c **** 
  49:tmk_core/common/bootmagic.c ****     /* debug enable */
  50:tmk_core/common/bootmagic.c ****     debug_config.raw = eeconfig_read_debug();
  51:tmk_core/common/bootmagic.c ****     if (bootmagic_scan_keycode(BOOTMAGIC_KEY_DEBUG_ENABLE)) {
  52:tmk_core/common/bootmagic.c ****         if (bootmagic_scan_keycode(BOOTMAGIC_KEY_DEBUG_MATRIX)) {
  53:tmk_core/common/bootmagic.c ****             debug_config.matrix = !debug_config.matrix;
  54:tmk_core/common/bootmagic.c ****         } else if (bootmagic_scan_keycode(BOOTMAGIC_KEY_DEBUG_KEYBOARD)) {
  55:tmk_core/common/bootmagic.c ****             debug_config.keyboard = !debug_config.keyboard;
  56:tmk_core/common/bootmagic.c ****         } else if (bootmagic_scan_keycode(BOOTMAGIC_KEY_DEBUG_MOUSE)) {
  57:tmk_core/common/bootmagic.c ****             debug_config.mouse = !debug_config.mouse;
  58:tmk_core/common/bootmagic.c ****         } else {
  59:tmk_core/common/bootmagic.c ****             debug_config.enable = !debug_config.enable;
  60:tmk_core/common/bootmagic.c ****         }
  61:tmk_core/common/bootmagic.c ****     }
  62:tmk_core/common/bootmagic.c ****     eeconfig_update_debug(debug_config.raw);
  63:tmk_core/common/bootmagic.c **** 
  64:tmk_core/common/bootmagic.c ****     /* keymap config */
  65:tmk_core/common/bootmagic.c ****     keymap_config.raw = eeconfig_read_keymap();
  66:tmk_core/common/bootmagic.c ****     if (bootmagic_scan_keycode(BOOTMAGIC_KEY_SWAP_CONTROL_CAPSLOCK)) {
  67:tmk_core/common/bootmagic.c ****         keymap_config.swap_control_capslock = !keymap_config.swap_control_capslock;
  68:tmk_core/common/bootmagic.c ****     }
  69:tmk_core/common/bootmagic.c ****     if (bootmagic_scan_keycode(BOOTMAGIC_KEY_CAPSLOCK_TO_CONTROL)) {
  70:tmk_core/common/bootmagic.c ****         keymap_config.capslock_to_control = !keymap_config.capslock_to_control;
  71:tmk_core/common/bootmagic.c ****     }
  72:tmk_core/common/bootmagic.c ****     if (bootmagic_scan_keycode(BOOTMAGIC_KEY_SWAP_LALT_LGUI)) {
  73:tmk_core/common/bootmagic.c ****         keymap_config.swap_lalt_lgui = !keymap_config.swap_lalt_lgui;
  74:tmk_core/common/bootmagic.c ****     }
  75:tmk_core/common/bootmagic.c ****     if (bootmagic_scan_keycode(BOOTMAGIC_KEY_SWAP_RALT_RGUI)) {
  76:tmk_core/common/bootmagic.c ****         keymap_config.swap_ralt_rgui = !keymap_config.swap_ralt_rgui;
  77:tmk_core/common/bootmagic.c ****     }
  78:tmk_core/common/bootmagic.c ****     if (bootmagic_scan_keycode(BOOTMAGIC_KEY_NO_GUI)) {
  79:tmk_core/common/bootmagic.c ****         keymap_config.no_gui = !keymap_config.no_gui;
  80:tmk_core/common/bootmagic.c ****     }
  81:tmk_core/common/bootmagic.c ****     if (bootmagic_scan_keycode(BOOTMAGIC_KEY_SWAP_GRAVE_ESC)) {
  82:tmk_core/common/bootmagic.c ****         keymap_config.swap_grave_esc = !keymap_config.swap_grave_esc;
  83:tmk_core/common/bootmagic.c ****     }
  84:tmk_core/common/bootmagic.c ****     if (bootmagic_scan_keycode(BOOTMAGIC_KEY_SWAP_BACKSLASH_BACKSPACE)) {
  85:tmk_core/common/bootmagic.c ****         keymap_config.swap_backslash_backspace = !keymap_config.swap_backslash_backspace;
  86:tmk_core/common/bootmagic.c ****     }
  87:tmk_core/common/bootmagic.c ****     if (bootmagic_scan_keycode(BOOTMAGIC_HOST_NKRO)) {
  88:tmk_core/common/bootmagic.c ****         keymap_config.nkro = !keymap_config.nkro;
  89:tmk_core/common/bootmagic.c ****     }
  90:tmk_core/common/bootmagic.c ****     eeconfig_update_keymap(keymap_config.raw);
  91:tmk_core/common/bootmagic.c **** 
  92:tmk_core/common/bootmagic.c ****     /* default layer */
  93:tmk_core/common/bootmagic.c ****     uint8_t default_layer = 0;
  94:tmk_core/common/bootmagic.c ****     if (bootmagic_scan_keycode(BOOTMAGIC_KEY_DEFAULT_LAYER_0)) {
  95:tmk_core/common/bootmagic.c ****         default_layer |= (1 << 0);
  96:tmk_core/common/bootmagic.c ****     }
  97:tmk_core/common/bootmagic.c ****     if (bootmagic_scan_keycode(BOOTMAGIC_KEY_DEFAULT_LAYER_1)) {
  98:tmk_core/common/bootmagic.c ****         default_layer |= (1 << 1);
  99:tmk_core/common/bootmagic.c ****     }
 100:tmk_core/common/bootmagic.c ****     if (bootmagic_scan_keycode(BOOTMAGIC_KEY_DEFAULT_LAYER_2)) {
 101:tmk_core/common/bootmagic.c ****         default_layer |= (1 << 2);
 102:tmk_core/common/bootmagic.c ****     }
 103:tmk_core/common/bootmagic.c ****     if (bootmagic_scan_keycode(BOOTMAGIC_KEY_DEFAULT_LAYER_3)) {
 104:tmk_core/common/bootmagic.c ****         default_layer |= (1 << 3);
 105:tmk_core/common/bootmagic.c ****     }
 106:tmk_core/common/bootmagic.c ****     if (bootmagic_scan_keycode(BOOTMAGIC_KEY_DEFAULT_LAYER_4)) {
 107:tmk_core/common/bootmagic.c ****         default_layer |= (1 << 4);
 108:tmk_core/common/bootmagic.c ****     }
 109:tmk_core/common/bootmagic.c ****     if (bootmagic_scan_keycode(BOOTMAGIC_KEY_DEFAULT_LAYER_5)) {
 110:tmk_core/common/bootmagic.c ****         default_layer |= (1 << 5);
 111:tmk_core/common/bootmagic.c ****     }
 112:tmk_core/common/bootmagic.c ****     if (bootmagic_scan_keycode(BOOTMAGIC_KEY_DEFAULT_LAYER_6)) {
 113:tmk_core/common/bootmagic.c ****         default_layer |= (1 << 6);
 114:tmk_core/common/bootmagic.c ****     }
 115:tmk_core/common/bootmagic.c ****     if (bootmagic_scan_keycode(BOOTMAGIC_KEY_DEFAULT_LAYER_7)) {
 116:tmk_core/common/bootmagic.c ****         default_layer |= (1 << 7);
 117:tmk_core/common/bootmagic.c ****     }
 118:tmk_core/common/bootmagic.c ****     if (default_layer) {
 119:tmk_core/common/bootmagic.c ****         eeconfig_update_default_layer(default_layer);
 120:tmk_core/common/bootmagic.c ****         default_layer_set((layer_state_t)default_layer);
 121:tmk_core/common/bootmagic.c ****     } else {
 122:tmk_core/common/bootmagic.c ****         default_layer = eeconfig_read_default_layer();
 123:tmk_core/common/bootmagic.c ****         default_layer_set((layer_state_t)default_layer);
 124:tmk_core/common/bootmagic.c ****     }
 125:tmk_core/common/bootmagic.c ****     /* Also initialize layer state to trigger callback functions for layer_state */
 126:tmk_core/common/bootmagic.c ****     layer_state_set_kb((layer_state_t)layer_state);
 127:tmk_core/common/bootmagic.c **** 
 128:tmk_core/common/bootmagic.c ****     /* EE_HANDS handedness */
 129:tmk_core/common/bootmagic.c ****     if (bootmagic_scan_keycode(BOOTMAGIC_KEY_EE_HANDS_LEFT)) {
 130:tmk_core/common/bootmagic.c ****         eeconfig_update_handedness(true);
 131:tmk_core/common/bootmagic.c ****     }
 132:tmk_core/common/bootmagic.c ****     if (bootmagic_scan_keycode(BOOTMAGIC_KEY_EE_HANDS_RIGHT)) {
 133:tmk_core/common/bootmagic.c ****         eeconfig_update_handedness(false);
 134:tmk_core/common/bootmagic.c ****     }
 135:tmk_core/common/bootmagic.c **** }
 136:tmk_core/common/bootmagic.c **** 
 137:tmk_core/common/bootmagic.c **** /** \brief Scan Keycode
 138:tmk_core/common/bootmagic.c ****  *
 139:tmk_core/common/bootmagic.c ****  * FIXME: needs doc
 140:tmk_core/common/bootmagic.c ****  */
 141:tmk_core/common/bootmagic.c **** static bool scan_keycode(uint8_t keycode) {
  17               		.loc 1 141 43 view -0
  18               		.cfi_startproc
  19               		.loc 1 141 43 is_stmt 0 view .LVU1
  20 0000 AF92      		push r10
  21               	.LCFI0:
  22               		.cfi_def_cfa_offset 3
  23               		.cfi_offset 10, -2
  24 0002 BF92      		push r11
  25               	.LCFI1:
  26               		.cfi_def_cfa_offset 4
  27               		.cfi_offset 11, -3
  28 0004 CF92      		push r12
  29               	.LCFI2:
  30               		.cfi_def_cfa_offset 5
  31               		.cfi_offset 12, -4
  32 0006 DF92      		push r13
  33               	.LCFI3:
  34               		.cfi_def_cfa_offset 6
  35               		.cfi_offset 13, -5
  36 0008 EF92      		push r14
  37               	.LCFI4:
  38               		.cfi_def_cfa_offset 7
  39               		.cfi_offset 14, -6
  40 000a FF92      		push r15
  41               	.LCFI5:
  42               		.cfi_def_cfa_offset 8
  43               		.cfi_offset 15, -7
  44 000c 0F93      		push r16
  45               	.LCFI6:
  46               		.cfi_def_cfa_offset 9
  47               		.cfi_offset 16, -8
  48 000e 1F93      		push r17
  49               	.LCFI7:
  50               		.cfi_def_cfa_offset 10
  51               		.cfi_offset 17, -9
  52 0010 CF93      		push r28
  53               	.LCFI8:
  54               		.cfi_def_cfa_offset 11
  55               		.cfi_offset 28, -10
  56               	/* prologue: function */
  57               	/* frame size = 0 */
  58               	/* stack size = 9 */
  59               	.L__stack_usage = 9
 142:tmk_core/common/bootmagic.c ****     for (uint8_t r = 0; r < MATRIX_ROWS; r++) {
  60               		.loc 1 142 5 is_stmt 1 view .LVU2
  61               	.LBB4:
  62               		.loc 1 142 10 view .LVU3
  63               	.LVL1:
  64               		.loc 1 142 18 is_stmt 0 view .LVU4
  65 0012 C0E0      		ldi r28,0
  66               	.LBB5:
  67               	.LBB6:
 143:tmk_core/common/bootmagic.c ****         matrix_row_t matrix_row = matrix_get_row(r);
 144:tmk_core/common/bootmagic.c ****         for (uint8_t c = 0; c < MATRIX_COLS; c++) {
 145:tmk_core/common/bootmagic.c ****             if (matrix_row & ((matrix_row_t)1 << c)) {
  68               		.loc 1 145 47 view .LVU5
  69 0014 CC24      		clr r12
  70 0016 C394      		inc r12
  71 0018 D12C      		mov r13,__zero_reg__
 146:tmk_core/common/bootmagic.c ****                 if (keycode == keymap_key_to_keycode(0, (keypos_t){.row = r, .col = c})) {
  72               		.loc 1 146 29 view .LVU6
  73 001a E82E      		mov r14,r24
  74 001c F12C      		mov r15,__zero_reg__
  75               	.LVL2:
  76               	.L7:
  77               		.loc 1 146 29 view .LVU7
  78               	.LBE6:
 143:tmk_core/common/bootmagic.c ****         matrix_row_t matrix_row = matrix_get_row(r);
  79               		.loc 1 143 9 is_stmt 1 view .LVU8
 143:tmk_core/common/bootmagic.c ****         matrix_row_t matrix_row = matrix_get_row(r);
  80               		.loc 1 143 35 is_stmt 0 view .LVU9
  81 001e 8C2F      		mov r24,r28
  82 0020 0E94 0000 		call matrix_get_row
  83               	.LVL3:
  84 0024 5C01      		movw r10,r24
  85               	.LVL4:
 144:tmk_core/common/bootmagic.c ****             if (matrix_row & ((matrix_row_t)1 << c)) {
  86               		.loc 1 144 9 is_stmt 1 view .LVU10
  87               	.LBB7:
 144:tmk_core/common/bootmagic.c ****             if (matrix_row & ((matrix_row_t)1 << c)) {
  88               		.loc 1 144 14 view .LVU11
 144:tmk_core/common/bootmagic.c ****             if (matrix_row & ((matrix_row_t)1 << c)) {
  89               		.loc 1 144 14 is_stmt 0 view .LVU12
  90               	.LBE7:
 143:tmk_core/common/bootmagic.c ****         matrix_row_t matrix_row = matrix_get_row(r);
  91               		.loc 1 143 35 view .LVU13
  92 0026 10E0      		ldi r17,0
  93 0028 00E0      		ldi r16,0
  94               	.LVL5:
  95               	.L3:
  96               	.LBB8:
 145:tmk_core/common/bootmagic.c ****                 if (keycode == keymap_key_to_keycode(0, (keypos_t){.row = r, .col = c})) {
  97               		.loc 1 145 13 is_stmt 1 view .LVU14
 145:tmk_core/common/bootmagic.c ****                 if (keycode == keymap_key_to_keycode(0, (keypos_t){.row = r, .col = c})) {
  98               		.loc 1 145 47 is_stmt 0 view .LVU15
  99 002a C601      		movw r24,r12
 100 002c 002E      		mov r0,r16
 101 002e 00C0      		rjmp 2f
 102               		1:
 103 0030 880F      		lsl r24
 104 0032 991F      		rol r25
 105               		2:
 106 0034 0A94      		dec r0
 107 0036 02F4      		brpl 1b
 145:tmk_core/common/bootmagic.c ****                 if (keycode == keymap_key_to_keycode(0, (keypos_t){.row = r, .col = c})) {
 108               		.loc 1 145 28 view .LVU16
 109 0038 8A21      		and r24,r10
 110 003a 9B21      		and r25,r11
 145:tmk_core/common/bootmagic.c ****                 if (keycode == keymap_key_to_keycode(0, (keypos_t){.row = r, .col = c})) {
 111               		.loc 1 145 16 view .LVU17
 112 003c 892B      		or r24,r25
 113 003e 01F4      		brne .L2
 114               	.L6:
 115               	.LVL6:
 145:tmk_core/common/bootmagic.c ****                 if (keycode == keymap_key_to_keycode(0, (keypos_t){.row = r, .col = c})) {
 116               		.loc 1 145 16 view .LVU18
 117 0040 0F5F      		subi r16,-1
 118 0042 1F4F      		sbci r17,-1
 119               	.LVL7:
 144:tmk_core/common/bootmagic.c ****             if (matrix_row & ((matrix_row_t)1 << c)) {
 120               		.loc 1 144 9 view .LVU19
 121 0044 0F30      		cpi r16,15
 122 0046 1105      		cpc r17,__zero_reg__
 123 0048 01F4      		brne .L3
 124               	.LBE8:
 125               	.LBE5:
 142:tmk_core/common/bootmagic.c ****         matrix_row_t matrix_row = matrix_get_row(r);
 126               		.loc 1 142 43 discriminator 2 view .LVU20
 127 004a CF5F      		subi r28,lo8(-(1))
 128               	.LVL8:
 142:tmk_core/common/bootmagic.c ****         matrix_row_t matrix_row = matrix_get_row(r);
 129               		.loc 1 142 5 discriminator 2 view .LVU21
 130 004c C830      		cpi r28,lo8(8)
 131 004e 01F4      		brne .L7
 132               	.LBE4:
 147:tmk_core/common/bootmagic.c ****                     return true;
 148:tmk_core/common/bootmagic.c ****                 }
 149:tmk_core/common/bootmagic.c ****             }
 150:tmk_core/common/bootmagic.c ****         }
 151:tmk_core/common/bootmagic.c ****     }
 152:tmk_core/common/bootmagic.c ****     return false;
 133               		.loc 1 152 12 view .LVU22
 134 0050 80E0      		ldi r24,0
 135               	.LVL9:
 136               	.L1:
 137               	/* epilogue start */
 153:tmk_core/common/bootmagic.c **** }
 138               		.loc 1 153 1 view .LVU23
 139 0052 CF91      		pop r28
 140               	.LVL10:
 141               		.loc 1 153 1 view .LVU24
 142 0054 1F91      		pop r17
 143 0056 0F91      		pop r16
 144 0058 FF90      		pop r15
 145 005a EF90      		pop r14
 146               	.LVL11:
 147               		.loc 1 153 1 view .LVU25
 148 005c DF90      		pop r13
 149 005e CF90      		pop r12
 150 0060 BF90      		pop r11
 151 0062 AF90      		pop r10
 152               	.LVL12:
 153               		.loc 1 153 1 view .LVU26
 154 0064 0895      		ret
 155               	.LVL13:
 156               	.L2:
 157               	.LBB11:
 158               	.LBB10:
 159               	.LBB9:
 146:tmk_core/common/bootmagic.c ****                     return true;
 160               		.loc 1 146 17 is_stmt 1 view .LVU27
 146:tmk_core/common/bootmagic.c ****                     return true;
 161               		.loc 1 146 32 is_stmt 0 view .LVU28
 162 0066 602F      		mov r22,r16
 163 0068 7C2F      		mov r23,r28
 164 006a 80E0      		ldi r24,0
 165 006c 0E94 0000 		call keymap_key_to_keycode
 166               	.LVL14:
 146:tmk_core/common/bootmagic.c ****                     return true;
 167               		.loc 1 146 20 view .LVU29
 168 0070 E816      		cp r14,r24
 169 0072 F906      		cpc r15,r25
 170 0074 01F4      		brne .L6
 147:tmk_core/common/bootmagic.c ****                     return true;
 171               		.loc 1 147 28 view .LVU30
 172 0076 81E0      		ldi r24,lo8(1)
 173 0078 00C0      		rjmp .L1
 174               	.LBE9:
 175               	.LBE10:
 176               	.LBE11:
 177               		.cfi_endproc
 178               	.LFE106:
 180               		.section	.text.bootmagic_scan_keycode,"ax",@progbits
 181               	.global	bootmagic_scan_keycode
 183               	bootmagic_scan_keycode:
 184               	.LVL15:
 185               	.LFB107:
 154:tmk_core/common/bootmagic.c **** 
 155:tmk_core/common/bootmagic.c **** /** \brief Bootmagic Scan Keycode
 156:tmk_core/common/bootmagic.c ****  *
 157:tmk_core/common/bootmagic.c ****  * FIXME: needs doc
 158:tmk_core/common/bootmagic.c ****  */
 159:tmk_core/common/bootmagic.c **** bool bootmagic_scan_keycode(uint8_t keycode) {
 186               		.loc 1 159 46 is_stmt 1 view -0
 187               		.cfi_startproc
 188               		.loc 1 159 46 is_stmt 0 view .LVU32
 189 0000 CF93      		push r28
 190               	.LCFI9:
 191               		.cfi_def_cfa_offset 3
 192               		.cfi_offset 28, -2
 193               	/* prologue: function */
 194               	/* frame size = 0 */
 195               	/* stack size = 1 */
 196               	.L__stack_usage = 1
 197 0002 C82F      		mov r28,r24
 160:tmk_core/common/bootmagic.c ****     if (!scan_keycode(BOOTMAGIC_KEY_SALT)) return false;
 198               		.loc 1 160 5 is_stmt 1 view .LVU33
 199               		.loc 1 160 10 is_stmt 0 view .LVU34
 200 0004 8CE2      		ldi r24,lo8(44)
 201               	.LVL16:
 202               		.loc 1 160 10 view .LVU35
 203 0006 0E94 0000 		call scan_keycode
 204               	.LVL17:
 205               		.loc 1 160 8 view .LVU36
 206 000a 8823      		tst r24
 207 000c 01F0      		breq .L12
 161:tmk_core/common/bootmagic.c **** 
 162:tmk_core/common/bootmagic.c ****     return scan_keycode(keycode);
 208               		.loc 1 162 5 is_stmt 1 view .LVU37
 209               		.loc 1 162 12 is_stmt 0 view .LVU38
 210 000e 8C2F      		mov r24,r28
 211               	/* epilogue start */
 163:tmk_core/common/bootmagic.c **** }
 212               		.loc 1 163 1 view .LVU39
 213 0010 CF91      		pop r28
 214               	.LVL18:
 162:tmk_core/common/bootmagic.c **** }
 215               		.loc 1 162 12 view .LVU40
 216 0012 0C94 0000 		jmp scan_keycode
 217               	.LVL19:
 218               	.L12:
 219               		.loc 1 163 1 view .LVU41
 220 0016 80E0      		ldi r24,0
 221               	/* epilogue start */
 222 0018 CF91      		pop r28
 223               	.LVL20:
 224               		.loc 1 163 1 view .LVU42
 225 001a 0895      		ret
 226               		.cfi_endproc
 227               	.LFE107:
 229               		.section	.text.bootmagic,"ax",@progbits
 230               	.global	bootmagic
 232               	bootmagic:
 233               	.LFB105:
  19:tmk_core/common/bootmagic.c ****     /* check signature */
 234               		.loc 1 19 22 is_stmt 1 view -0
 235               		.cfi_startproc
 236 0000 CF93      		push r28
 237               	.LCFI10:
 238               		.cfi_def_cfa_offset 3
 239               		.cfi_offset 28, -2
 240               	/* prologue: function */
 241               	/* frame size = 0 */
 242               	/* stack size = 1 */
 243               	.L__stack_usage = 1
  21:tmk_core/common/bootmagic.c ****         eeconfig_init();
 244               		.loc 1 21 5 view .LVU44
  21:tmk_core/common/bootmagic.c ****         eeconfig_init();
 245               		.loc 1 21 10 is_stmt 0 view .LVU45
 246 0002 0E94 0000 		call eeconfig_is_enabled
 247               	.LVL21:
  21:tmk_core/common/bootmagic.c ****         eeconfig_init();
 248               		.loc 1 21 8 view .LVU46
 249 0006 8111      		cpse r24,__zero_reg__
 250 0008 00C0      		rjmp .L15
  22:tmk_core/common/bootmagic.c ****     }
 251               		.loc 1 22 9 is_stmt 1 view .LVU47
 252 000a 0E94 0000 		call eeconfig_init
 253               	.LVL22:
 254               	.L15:
  19:tmk_core/common/bootmagic.c ****     /* check signature */
 255               		.loc 1 19 22 is_stmt 0 view .LVU48
 256 000e C5E6      		ldi r28,lo8(101)
 257 0010 00C0      		rjmp .L16
 258               	.LVL23:
 259               	.L17:
  29:tmk_core/common/bootmagic.c ****         wait_ms(10);
 260               		.loc 1 29 9 is_stmt 1 view .LVU49
 261 0012 0E94 0000 		call matrix_scan
 262               	.LVL24:
  30:tmk_core/common/bootmagic.c ****     }
 263               		.loc 1 30 9 view .LVU50
 264               	.LBB12:
 265               	.LBI12:
 266               		.file 2 "/usr/avr/include/util/delay.h"
   1:/usr/avr/include/util/delay.h **** /* Copyright (c) 2002, Marek Michalkiewicz
   2:/usr/avr/include/util/delay.h ****    Copyright (c) 2004,2005,2007 Joerg Wunsch
   3:/usr/avr/include/util/delay.h ****    Copyright (c) 2007  Florin-Viorel Petrov
   4:/usr/avr/include/util/delay.h ****    All rights reserved.
   5:/usr/avr/include/util/delay.h **** 
   6:/usr/avr/include/util/delay.h ****    Redistribution and use in source and binary forms, with or without
   7:/usr/avr/include/util/delay.h ****    modification, are permitted provided that the following conditions are met:
   8:/usr/avr/include/util/delay.h **** 
   9:/usr/avr/include/util/delay.h ****    * Redistributions of source code must retain the above copyright
  10:/usr/avr/include/util/delay.h ****      notice, this list of conditions and the following disclaimer.
  11:/usr/avr/include/util/delay.h **** 
  12:/usr/avr/include/util/delay.h ****    * Redistributions in binary form must reproduce the above copyright
  13:/usr/avr/include/util/delay.h ****      notice, this list of conditions and the following disclaimer in
  14:/usr/avr/include/util/delay.h ****      the documentation and/or other materials provided with the
  15:/usr/avr/include/util/delay.h ****      distribution.
  16:/usr/avr/include/util/delay.h **** 
  17:/usr/avr/include/util/delay.h ****    * Neither the name of the copyright holders nor the names of
  18:/usr/avr/include/util/delay.h ****      contributors may be used to endorse or promote products derived
  19:/usr/avr/include/util/delay.h ****      from this software without specific prior written permission.
  20:/usr/avr/include/util/delay.h **** 
  21:/usr/avr/include/util/delay.h ****   THIS SOFTWARE IS PROVIDED BY THE COPYRIGHT HOLDERS AND CONTRIBUTORS "AS IS"
  22:/usr/avr/include/util/delay.h ****   AND ANY EXPRESS OR IMPLIED WARRANTIES, INCLUDING, BUT NOT LIMITED TO, THE
  23:/usr/avr/include/util/delay.h ****   IMPLIED WARRANTIES OF MERCHANTABILITY AND FITNESS FOR A PARTICULAR PURPOSE
  24:/usr/avr/include/util/delay.h ****   ARE DISCLAIMED. IN NO EVENT SHALL THE COPYRIGHT OWNER OR CONTRIBUTORS BE
  25:/usr/avr/include/util/delay.h ****   LIABLE FOR ANY DIRECT, INDIRECT, INCIDENTAL, SPECIAL, EXEMPLARY, OR
  26:/usr/avr/include/util/delay.h ****   CONSEQUENTIAL DAMAGES (INCLUDING, BUT NOT LIMITED TO, PROCUREMENT OF
  27:/usr/avr/include/util/delay.h ****   SUBSTITUTE GOODS OR SERVICES; LOSS OF USE, DATA, OR PROFITS; OR BUSINESS
  28:/usr/avr/include/util/delay.h ****   INTERRUPTION) HOWEVER CAUSED AND ON ANY THEORY OF LIABILITY, WHETHER IN
  29:/usr/avr/include/util/delay.h ****   CONTRACT, STRICT LIABILITY, OR TORT (INCLUDING NEGLIGENCE OR OTHERWISE)
  30:/usr/avr/include/util/delay.h ****   ARISING IN ANY WAY OUT OF THE USE OF THIS SOFTWARE, EVEN IF ADVISED OF THE
  31:/usr/avr/include/util/delay.h ****   POSSIBILITY OF SUCH DAMAGE. */
  32:/usr/avr/include/util/delay.h **** 
  33:/usr/avr/include/util/delay.h **** /* $Id: delay.h.in 2506 2016-02-08 10:05:45Z joerg_wunsch $ */
  34:/usr/avr/include/util/delay.h **** 
  35:/usr/avr/include/util/delay.h **** #ifndef _UTIL_DELAY_H_
  36:/usr/avr/include/util/delay.h **** #define _UTIL_DELAY_H_ 1
  37:/usr/avr/include/util/delay.h **** 
  38:/usr/avr/include/util/delay.h **** #ifndef __DOXYGEN__
  39:/usr/avr/include/util/delay.h **** #  ifndef __HAS_DELAY_CYCLES
  40:/usr/avr/include/util/delay.h **** #    define __HAS_DELAY_CYCLES 1
  41:/usr/avr/include/util/delay.h **** #  endif
  42:/usr/avr/include/util/delay.h **** #endif  /* __DOXYGEN__ */
  43:/usr/avr/include/util/delay.h **** 
  44:/usr/avr/include/util/delay.h **** #include <inttypes.h>
  45:/usr/avr/include/util/delay.h **** #include <util/delay_basic.h>
  46:/usr/avr/include/util/delay.h **** #include <math.h>
  47:/usr/avr/include/util/delay.h **** 
  48:/usr/avr/include/util/delay.h **** /** \file */
  49:/usr/avr/include/util/delay.h **** /** \defgroup util_delay <util/delay.h>: Convenience functions for busy-wait delay loops
  50:/usr/avr/include/util/delay.h ****     \code
  51:/usr/avr/include/util/delay.h ****     #define F_CPU 1000000UL  // 1 MHz
  52:/usr/avr/include/util/delay.h ****     //#define F_CPU 14.7456E6
  53:/usr/avr/include/util/delay.h ****     #include <util/delay.h>
  54:/usr/avr/include/util/delay.h ****     \endcode
  55:/usr/avr/include/util/delay.h **** 
  56:/usr/avr/include/util/delay.h ****     \note As an alternative method, it is possible to pass the
  57:/usr/avr/include/util/delay.h ****     F_CPU macro down to the compiler from the Makefile.
  58:/usr/avr/include/util/delay.h ****     Obviously, in that case, no \c \#define statement should be
  59:/usr/avr/include/util/delay.h ****     used.
  60:/usr/avr/include/util/delay.h **** 
  61:/usr/avr/include/util/delay.h ****     The functions in this header file are wrappers around the basic
  62:/usr/avr/include/util/delay.h ****     busy-wait functions from <util/delay_basic.h>.  They are meant as
  63:/usr/avr/include/util/delay.h ****     convenience functions where actual time values can be specified
  64:/usr/avr/include/util/delay.h ****     rather than a number of cycles to wait for.  The idea behind is
  65:/usr/avr/include/util/delay.h ****     that compile-time constant expressions will be eliminated by
  66:/usr/avr/include/util/delay.h ****     compiler optimization so floating-point expressions can be used
  67:/usr/avr/include/util/delay.h ****     to calculate the number of delay cycles needed based on the CPU
  68:/usr/avr/include/util/delay.h ****     frequency passed by the macro F_CPU.
  69:/usr/avr/include/util/delay.h **** 
  70:/usr/avr/include/util/delay.h ****     \note In order for these functions to work as intended, compiler
  71:/usr/avr/include/util/delay.h ****     optimizations <em>must</em> be enabled, and the delay time
  72:/usr/avr/include/util/delay.h ****     <em>must</em> be an expression that is a known constant at
  73:/usr/avr/include/util/delay.h ****     compile-time.  If these requirements are not met, the resulting
  74:/usr/avr/include/util/delay.h ****     delay will be much longer (and basically unpredictable), and
  75:/usr/avr/include/util/delay.h ****     applications that otherwise do not use floating-point calculations
  76:/usr/avr/include/util/delay.h ****     will experience severe code bloat by the floating-point library
  77:/usr/avr/include/util/delay.h ****     routines linked into the application.
  78:/usr/avr/include/util/delay.h **** 
  79:/usr/avr/include/util/delay.h ****     The functions available allow the specification of microsecond, and
  80:/usr/avr/include/util/delay.h ****     millisecond delays directly, using the application-supplied macro
  81:/usr/avr/include/util/delay.h ****     F_CPU as the CPU clock frequency (in Hertz).
  82:/usr/avr/include/util/delay.h **** 
  83:/usr/avr/include/util/delay.h **** */
  84:/usr/avr/include/util/delay.h **** 
  85:/usr/avr/include/util/delay.h **** #if !defined(__DOXYGEN__)
  86:/usr/avr/include/util/delay.h **** static __inline__ void _delay_us(double __us) __attribute__((__always_inline__));
  87:/usr/avr/include/util/delay.h **** static __inline__ void _delay_ms(double __ms) __attribute__((__always_inline__));
  88:/usr/avr/include/util/delay.h **** #endif
  89:/usr/avr/include/util/delay.h **** 
  90:/usr/avr/include/util/delay.h **** #ifndef F_CPU
  91:/usr/avr/include/util/delay.h **** /* prevent compiler error by supplying a default */
  92:/usr/avr/include/util/delay.h **** # warning "F_CPU not defined for <util/delay.h>"
  93:/usr/avr/include/util/delay.h **** /** \ingroup util_delay
  94:/usr/avr/include/util/delay.h ****     \def F_CPU
  95:/usr/avr/include/util/delay.h ****     \brief CPU frequency in Hz
  96:/usr/avr/include/util/delay.h **** 
  97:/usr/avr/include/util/delay.h ****     The macro F_CPU specifies the CPU frequency to be considered by
  98:/usr/avr/include/util/delay.h ****     the delay macros.  This macro is normally supplied by the
  99:/usr/avr/include/util/delay.h ****     environment (e.g. from within a project header, or the project's
 100:/usr/avr/include/util/delay.h ****     Makefile).  The value 1 MHz here is only provided as a "vanilla"
 101:/usr/avr/include/util/delay.h ****     fallback if no such user-provided definition could be found.
 102:/usr/avr/include/util/delay.h **** 
 103:/usr/avr/include/util/delay.h ****     In terms of the delay functions, the CPU frequency can be given as
 104:/usr/avr/include/util/delay.h ****     a floating-point constant (e.g. 3.6864E6 for 3.6864 MHz).
 105:/usr/avr/include/util/delay.h ****     However, the macros in <util/setbaud.h> require it to be an
 106:/usr/avr/include/util/delay.h ****     integer value.
 107:/usr/avr/include/util/delay.h ****  */
 108:/usr/avr/include/util/delay.h **** # define F_CPU 1000000UL
 109:/usr/avr/include/util/delay.h **** #endif
 110:/usr/avr/include/util/delay.h **** 
 111:/usr/avr/include/util/delay.h **** #ifndef __OPTIMIZE__
 112:/usr/avr/include/util/delay.h **** # warning "Compiler optimizations disabled; functions from <util/delay.h> won't work as designed"
 113:/usr/avr/include/util/delay.h **** #endif
 114:/usr/avr/include/util/delay.h **** 
 115:/usr/avr/include/util/delay.h **** #if __HAS_DELAY_CYCLES && defined(__OPTIMIZE__) && \
 116:/usr/avr/include/util/delay.h ****   !defined(__DELAY_BACKWARD_COMPATIBLE__) &&	   \
 117:/usr/avr/include/util/delay.h ****   __STDC_HOSTED__
 118:/usr/avr/include/util/delay.h **** #  include <math.h>
 119:/usr/avr/include/util/delay.h **** #endif
 120:/usr/avr/include/util/delay.h **** 
 121:/usr/avr/include/util/delay.h **** /**
 122:/usr/avr/include/util/delay.h ****    \ingroup util_delay
 123:/usr/avr/include/util/delay.h **** 
 124:/usr/avr/include/util/delay.h ****    Perform a delay of \c __ms milliseconds, using _delay_loop_2().
 125:/usr/avr/include/util/delay.h **** 
 126:/usr/avr/include/util/delay.h ****    The macro F_CPU is supposed to be defined to a
 127:/usr/avr/include/util/delay.h ****    constant defining the CPU clock frequency (in Hertz).
 128:/usr/avr/include/util/delay.h **** 
 129:/usr/avr/include/util/delay.h ****    The maximal possible delay is 262.14 ms / F_CPU in MHz.
 130:/usr/avr/include/util/delay.h **** 
 131:/usr/avr/include/util/delay.h ****    When the user request delay which exceed the maximum possible one,
 132:/usr/avr/include/util/delay.h ****    _delay_ms() provides a decreased resolution functionality. In this
 133:/usr/avr/include/util/delay.h ****    mode _delay_ms() will work with a resolution of 1/10 ms, providing
 134:/usr/avr/include/util/delay.h ****    delays up to 6.5535 seconds (independent from CPU frequency).  The
 135:/usr/avr/include/util/delay.h ****    user will not be informed about decreased resolution.
 136:/usr/avr/include/util/delay.h **** 
 137:/usr/avr/include/util/delay.h ****    If the avr-gcc toolchain has __builtin_avr_delay_cycles()
 138:/usr/avr/include/util/delay.h ****    support, maximal possible delay is 4294967.295 ms/ F_CPU in MHz. For
 139:/usr/avr/include/util/delay.h ****    values greater than the maximal possible delay, overflows results in
 140:/usr/avr/include/util/delay.h ****    no delay i.e., 0ms.
 141:/usr/avr/include/util/delay.h **** 
 142:/usr/avr/include/util/delay.h ****    Conversion of \c __ms into clock cycles may not always result in
 143:/usr/avr/include/util/delay.h ****    integer.  By default, the clock cycles rounded up to next
 144:/usr/avr/include/util/delay.h ****    integer. This ensures that the user gets at least \c __ms
 145:/usr/avr/include/util/delay.h ****    microseconds of delay.
 146:/usr/avr/include/util/delay.h **** 
 147:/usr/avr/include/util/delay.h ****    Alternatively, by defining the macro \c __DELAY_ROUND_DOWN__, or
 148:/usr/avr/include/util/delay.h ****    \c __DELAY_ROUND_CLOSEST__, before including this header file, the
 149:/usr/avr/include/util/delay.h ****    algorithm can be made to round down, or round to closest integer,
 150:/usr/avr/include/util/delay.h ****    respectively.
 151:/usr/avr/include/util/delay.h **** 
 152:/usr/avr/include/util/delay.h ****    \note
 153:/usr/avr/include/util/delay.h **** 
 154:/usr/avr/include/util/delay.h ****    The implementation of _delay_ms() based on
 155:/usr/avr/include/util/delay.h ****    __builtin_avr_delay_cycles() is not backward compatible with older
 156:/usr/avr/include/util/delay.h ****    implementations.  In order to get functionality backward compatible
 157:/usr/avr/include/util/delay.h ****    with previous versions, the macro \c "__DELAY_BACKWARD_COMPATIBLE__"
 158:/usr/avr/include/util/delay.h ****    must be defined before including this header file. Also, the
 159:/usr/avr/include/util/delay.h ****    backward compatible algorithm will be chosen if the code is
 160:/usr/avr/include/util/delay.h ****    compiled in a <em>freestanding environment</em> (GCC option
 161:/usr/avr/include/util/delay.h ****    \c -ffreestanding), as the math functions required for rounding are
 162:/usr/avr/include/util/delay.h ****    not available to the compiler then.
 163:/usr/avr/include/util/delay.h **** 
 164:/usr/avr/include/util/delay.h ****  */
 165:/usr/avr/include/util/delay.h **** void
 166:/usr/avr/include/util/delay.h **** _delay_ms(double __ms)
 267               		.loc 2 166 1 view .LVU51
 268               	.LBB13:
 167:/usr/avr/include/util/delay.h **** {
 168:/usr/avr/include/util/delay.h **** 	double __tmp ;
 269               		.loc 2 168 2 view .LVU52
 169:/usr/avr/include/util/delay.h **** #if __HAS_DELAY_CYCLES && defined(__OPTIMIZE__) && \
 170:/usr/avr/include/util/delay.h ****   !defined(__DELAY_BACKWARD_COMPATIBLE__) &&	   \
 171:/usr/avr/include/util/delay.h ****   __STDC_HOSTED__
 172:/usr/avr/include/util/delay.h **** 	uint32_t __ticks_dc;
 270               		.loc 2 172 2 view .LVU53
 173:/usr/avr/include/util/delay.h **** 	extern void __builtin_avr_delay_cycles(unsigned long);
 271               		.loc 2 173 2 view .LVU54
 174:/usr/avr/include/util/delay.h **** 	__tmp = ((F_CPU) / 1e3) * __ms;
 272               		.loc 2 174 2 view .LVU55
 175:/usr/avr/include/util/delay.h **** 
 176:/usr/avr/include/util/delay.h **** 	#if defined(__DELAY_ROUND_DOWN__)
 177:/usr/avr/include/util/delay.h **** 		__ticks_dc = (uint32_t)fabs(__tmp);
 178:/usr/avr/include/util/delay.h **** 
 179:/usr/avr/include/util/delay.h **** 	#elif defined(__DELAY_ROUND_CLOSEST__)
 180:/usr/avr/include/util/delay.h **** 		__ticks_dc = (uint32_t)(fabs(__tmp)+0.5);
 181:/usr/avr/include/util/delay.h **** 
 182:/usr/avr/include/util/delay.h **** 	#else
 183:/usr/avr/include/util/delay.h **** 		//round up by default
 184:/usr/avr/include/util/delay.h **** 		__ticks_dc = (uint32_t)(ceil(fabs(__tmp)));
 273               		.loc 2 184 3 view .LVU56
 185:/usr/avr/include/util/delay.h **** 	#endif
 186:/usr/avr/include/util/delay.h **** 
 187:/usr/avr/include/util/delay.h **** 	__builtin_avr_delay_cycles(__ticks_dc);
 274               		.loc 2 187 2 view .LVU57
 275 0016 8FE3      		ldi r24,lo8(-25537)
 276 0018 9CE9      		ldi r25,hi8(-25537)
 277 001a 0197      	1:	sbiw r24,1
 278 001c 01F4      		brne 1b
 279 001e 00C0      		rjmp .
 280 0020 0000      		nop
 281               	.LVL25:
 282               	.L16:
 283               		.loc 2 187 2 is_stmt 0 view .LVU58
 284 0022 C150      		subi r28,lo8(-(-1))
 285               	.LVL26:
 286               		.loc 2 187 2 view .LVU59
 287               	.LBE13:
 288               	.LBE12:
  28:tmk_core/common/bootmagic.c ****         matrix_scan();
 289               		.loc 1 28 11 view .LVU60
 290 0024 01F4      		brne .L17
  32:tmk_core/common/bootmagic.c **** 
 291               		.loc 1 32 21 is_stmt 1 view .LVU61
  35:tmk_core/common/bootmagic.c ****         return;
 292               		.loc 1 35 5 view .LVU62
  35:tmk_core/common/bootmagic.c ****         return;
 293               		.loc 1 35 9 is_stmt 0 view .LVU63
 294 0026 89E2      		ldi r24,lo8(41)
 295 0028 0E94 0000 		call bootmagic_scan_keycode
 296               	.LVL27:
  35:tmk_core/common/bootmagic.c ****         return;
 297               		.loc 1 35 8 view .LVU64
 298 002c 8111      		cpse r24,__zero_reg__
 299 002e 00C0      		rjmp .L14
  40:tmk_core/common/bootmagic.c ****         eeconfig_init();
 300               		.loc 1 40 5 is_stmt 1 view .LVU65
  40:tmk_core/common/bootmagic.c ****         eeconfig_init();
 301               		.loc 1 40 9 is_stmt 0 view .LVU66
 302 0030 8AE2      		ldi r24,lo8(42)
 303 0032 0E94 0000 		call bootmagic_scan_keycode
 304               	.LVL28:
  40:tmk_core/common/bootmagic.c ****         eeconfig_init();
 305               		.loc 1 40 8 view .LVU67
 306 0036 8111      		cpse r24,__zero_reg__
  41:tmk_core/common/bootmagic.c ****     }
 307               		.loc 1 41 9 is_stmt 1 view .LVU68
 308 0038 0E94 0000 		call eeconfig_init
 309               	.LVL29:
 310               	.L20:
  45:tmk_core/common/bootmagic.c ****         bootloader_jump();
 311               		.loc 1 45 5 view .LVU69
  45:tmk_core/common/bootmagic.c ****         bootloader_jump();
 312               		.loc 1 45 9 is_stmt 0 view .LVU70
 313 003c 85E0      		ldi r24,lo8(5)
 314 003e 0E94 0000 		call bootmagic_scan_keycode
 315               	.LVL30:
  45:tmk_core/common/bootmagic.c ****         bootloader_jump();
 316               		.loc 1 45 8 view .LVU71
 317 0042 8111      		cpse r24,__zero_reg__
  46:tmk_core/common/bootmagic.c ****     }
 318               		.loc 1 46 9 is_stmt 1 view .LVU72
 319 0044 0E94 0000 		call bootloader_jump
 320               	.LVL31:
 321               	.L21:
  50:tmk_core/common/bootmagic.c ****     if (bootmagic_scan_keycode(BOOTMAGIC_KEY_DEBUG_ENABLE)) {
 322               		.loc 1 50 5 view .LVU73
  50:tmk_core/common/bootmagic.c ****     if (bootmagic_scan_keycode(BOOTMAGIC_KEY_DEBUG_ENABLE)) {
 323               		.loc 1 50 24 is_stmt 0 view .LVU74
 324 0048 0E94 0000 		call eeconfig_read_debug
 325               	.LVL32:
  50:tmk_core/common/bootmagic.c ****     if (bootmagic_scan_keycode(BOOTMAGIC_KEY_DEBUG_ENABLE)) {
 326               		.loc 1 50 22 view .LVU75
 327 004c 8093 0000 		sts debug_config,r24
  51:tmk_core/common/bootmagic.c ****         if (bootmagic_scan_keycode(BOOTMAGIC_KEY_DEBUG_MATRIX)) {
 328               		.loc 1 51 5 is_stmt 1 view .LVU76
  51:tmk_core/common/bootmagic.c ****         if (bootmagic_scan_keycode(BOOTMAGIC_KEY_DEBUG_MATRIX)) {
 329               		.loc 1 51 9 is_stmt 0 view .LVU77
 330 0050 87E0      		ldi r24,lo8(7)
 331 0052 0E94 0000 		call bootmagic_scan_keycode
 332               	.LVL33:
  51:tmk_core/common/bootmagic.c ****         if (bootmagic_scan_keycode(BOOTMAGIC_KEY_DEBUG_MATRIX)) {
 333               		.loc 1 51 8 view .LVU78
 334 0056 8823      		tst r24
 335 0058 01F0      		breq .L22
  52:tmk_core/common/bootmagic.c ****             debug_config.matrix = !debug_config.matrix;
 336               		.loc 1 52 9 is_stmt 1 view .LVU79
  52:tmk_core/common/bootmagic.c ****             debug_config.matrix = !debug_config.matrix;
 337               		.loc 1 52 13 is_stmt 0 view .LVU80
 338 005a 8BE1      		ldi r24,lo8(27)
 339 005c 0E94 0000 		call bootmagic_scan_keycode
 340               	.LVL34:
  52:tmk_core/common/bootmagic.c ****             debug_config.matrix = !debug_config.matrix;
 341               		.loc 1 52 12 view .LVU81
 342 0060 8823      		tst r24
 343 0062 01F4      		brne .+2
 344 0064 00C0      		rjmp .L23
  53:tmk_core/common/bootmagic.c ****         } else if (bootmagic_scan_keycode(BOOTMAGIC_KEY_DEBUG_KEYBOARD)) {
 345               		.loc 1 53 13 is_stmt 1 view .LVU82
  53:tmk_core/common/bootmagic.c ****         } else if (bootmagic_scan_keycode(BOOTMAGIC_KEY_DEBUG_KEYBOARD)) {
 346               		.loc 1 53 48 is_stmt 0 view .LVU83
 347 0066 9091 0000 		lds r25,debug_config
  53:tmk_core/common/bootmagic.c ****         } else if (bootmagic_scan_keycode(BOOTMAGIC_KEY_DEBUG_KEYBOARD)) {
 348               		.loc 1 53 33 view .LVU84
 349 006a 892F      		mov r24,r25
 350 006c 8D7F      		andi r24,~(1<<1)
 351 006e 91FF      		sbrs r25,1
 352 0070 8260      		ori r24,1<<1
 353               	.L103:
  59:tmk_core/common/bootmagic.c ****         }
 354               		.loc 1 59 33 view .LVU85
 355 0072 8093 0000 		sts debug_config,r24
 356               	.L22:
  62:tmk_core/common/bootmagic.c **** 
 357               		.loc 1 62 5 is_stmt 1 view .LVU86
 358 0076 8091 0000 		lds r24,debug_config
 359 007a 0E94 0000 		call eeconfig_update_debug
 360               	.LVL35:
  65:tmk_core/common/bootmagic.c ****     if (bootmagic_scan_keycode(BOOTMAGIC_KEY_SWAP_CONTROL_CAPSLOCK)) {
 361               		.loc 1 65 5 view .LVU87
  65:tmk_core/common/bootmagic.c ****     if (bootmagic_scan_keycode(BOOTMAGIC_KEY_SWAP_CONTROL_CAPSLOCK)) {
 362               		.loc 1 65 25 is_stmt 0 view .LVU88
 363 007e 0E94 0000 		call eeconfig_read_keymap
 364               	.LVL36:
  65:tmk_core/common/bootmagic.c ****     if (bootmagic_scan_keycode(BOOTMAGIC_KEY_SWAP_CONTROL_CAPSLOCK)) {
 365               		.loc 1 65 23 view .LVU89
 366 0082 9093 0000 		sts keymap_config+1,r25
 367 0086 8093 0000 		sts keymap_config,r24
  66:tmk_core/common/bootmagic.c ****         keymap_config.swap_control_capslock = !keymap_config.swap_control_capslock;
 368               		.loc 1 66 5 is_stmt 1 view .LVU90
  66:tmk_core/common/bootmagic.c ****         keymap_config.swap_control_capslock = !keymap_config.swap_control_capslock;
 369               		.loc 1 66 9 is_stmt 0 view .LVU91
 370 008a 80EE      		ldi r24,lo8(-32)
 371 008c 0E94 0000 		call bootmagic_scan_keycode
 372               	.LVL37:
  66:tmk_core/common/bootmagic.c ****         keymap_config.swap_control_capslock = !keymap_config.swap_control_capslock;
 373               		.loc 1 66 8 view .LVU92
 374 0090 8823      		tst r24
 375 0092 01F0      		breq .L26
  67:tmk_core/common/bootmagic.c ****     }
 376               		.loc 1 67 9 is_stmt 1 view .LVU93
  67:tmk_core/common/bootmagic.c ****     }
 377               		.loc 1 67 61 is_stmt 0 view .LVU94
 378 0094 9091 0000 		lds r25,keymap_config
  67:tmk_core/common/bootmagic.c ****     }
 379               		.loc 1 67 45 view .LVU95
 380 0098 892F      		mov r24,r25
 381 009a 8E7F      		andi r24,~(1<<0)
 382 009c 90FF      		sbrs r25,0
 383 009e 8160      		ori r24,1<<0
 384 00a0 8093 0000 		sts keymap_config,r24
 385               	.L26:
  69:tmk_core/common/bootmagic.c ****         keymap_config.capslock_to_control = !keymap_config.capslock_to_control;
 386               		.loc 1 69 5 is_stmt 1 view .LVU96
  69:tmk_core/common/bootmagic.c ****         keymap_config.capslock_to_control = !keymap_config.capslock_to_control;
 387               		.loc 1 69 9 is_stmt 0 view .LVU97
 388 00a4 89E3      		ldi r24,lo8(57)
 389 00a6 0E94 0000 		call bootmagic_scan_keycode
 390               	.LVL38:
  69:tmk_core/common/bootmagic.c ****         keymap_config.capslock_to_control = !keymap_config.capslock_to_control;
 391               		.loc 1 69 8 view .LVU98
 392 00aa 8823      		tst r24
 393 00ac 01F0      		breq .L27
  70:tmk_core/common/bootmagic.c ****     }
 394               		.loc 1 70 9 is_stmt 1 view .LVU99
  70:tmk_core/common/bootmagic.c ****     }
 395               		.loc 1 70 59 is_stmt 0 view .LVU100
 396 00ae 9091 0000 		lds r25,keymap_config
  70:tmk_core/common/bootmagic.c ****     }
 397               		.loc 1 70 43 view .LVU101
 398 00b2 892F      		mov r24,r25
 399 00b4 8D7F      		andi r24,~(1<<1)
 400 00b6 91FF      		sbrs r25,1
 401 00b8 8260      		ori r24,1<<1
 402 00ba 8093 0000 		sts keymap_config,r24
 403               	.L27:
  72:tmk_core/common/bootmagic.c ****         keymap_config.swap_lalt_lgui = !keymap_config.swap_lalt_lgui;
 404               		.loc 1 72 5 is_stmt 1 view .LVU102
  72:tmk_core/common/bootmagic.c ****         keymap_config.swap_lalt_lgui = !keymap_config.swap_lalt_lgui;
 405               		.loc 1 72 9 is_stmt 0 view .LVU103
 406 00be 82EE      		ldi r24,lo8(-30)
 407 00c0 0E94 0000 		call bootmagic_scan_keycode
 408               	.LVL39:
  72:tmk_core/common/bootmagic.c ****         keymap_config.swap_lalt_lgui = !keymap_config.swap_lalt_lgui;
 409               		.loc 1 72 8 view .LVU104
 410 00c4 8823      		tst r24
 411 00c6 01F0      		breq .L28
  73:tmk_core/common/bootmagic.c ****     }
 412               		.loc 1 73 9 is_stmt 1 view .LVU105
  73:tmk_core/common/bootmagic.c ****     }
 413               		.loc 1 73 54 is_stmt 0 view .LVU106
 414 00c8 9091 0000 		lds r25,keymap_config
  73:tmk_core/common/bootmagic.c ****     }
 415               		.loc 1 73 38 view .LVU107
 416 00cc 892F      		mov r24,r25
 417 00ce 8B7F      		andi r24,~(1<<2)
 418 00d0 92FF      		sbrs r25,2
 419 00d2 8460      		ori r24,1<<2
 420 00d4 8093 0000 		sts keymap_config,r24
 421               	.L28:
  75:tmk_core/common/bootmagic.c ****         keymap_config.swap_ralt_rgui = !keymap_config.swap_ralt_rgui;
 422               		.loc 1 75 5 is_stmt 1 view .LVU108
  75:tmk_core/common/bootmagic.c ****         keymap_config.swap_ralt_rgui = !keymap_config.swap_ralt_rgui;
 423               		.loc 1 75 9 is_stmt 0 view .LVU109
 424 00d8 86EE      		ldi r24,lo8(-26)
 425 00da 0E94 0000 		call bootmagic_scan_keycode
 426               	.LVL40:
  75:tmk_core/common/bootmagic.c ****         keymap_config.swap_ralt_rgui = !keymap_config.swap_ralt_rgui;
 427               		.loc 1 75 8 view .LVU110
 428 00de 8823      		tst r24
 429 00e0 01F0      		breq .L29
  76:tmk_core/common/bootmagic.c ****     }
 430               		.loc 1 76 9 is_stmt 1 view .LVU111
  76:tmk_core/common/bootmagic.c ****     }
 431               		.loc 1 76 54 is_stmt 0 view .LVU112
 432 00e2 9091 0000 		lds r25,keymap_config
  76:tmk_core/common/bootmagic.c ****     }
 433               		.loc 1 76 38 view .LVU113
 434 00e6 892F      		mov r24,r25
 435 00e8 877F      		andi r24,~(1<<3)
 436 00ea 93FF      		sbrs r25,3
 437 00ec 8860      		ori r24,1<<3
 438 00ee 8093 0000 		sts keymap_config,r24
 439               	.L29:
  78:tmk_core/common/bootmagic.c ****         keymap_config.no_gui = !keymap_config.no_gui;
 440               		.loc 1 78 5 is_stmt 1 view .LVU114
  78:tmk_core/common/bootmagic.c ****         keymap_config.no_gui = !keymap_config.no_gui;
 441               		.loc 1 78 9 is_stmt 0 view .LVU115
 442 00f2 83EE      		ldi r24,lo8(-29)
 443 00f4 0E94 0000 		call bootmagic_scan_keycode
 444               	.LVL41:
  78:tmk_core/common/bootmagic.c ****         keymap_config.no_gui = !keymap_config.no_gui;
 445               		.loc 1 78 8 view .LVU116
 446 00f8 8823      		tst r24
 447 00fa 01F0      		breq .L30
  79:tmk_core/common/bootmagic.c ****     }
 448               		.loc 1 79 9 is_stmt 1 view .LVU117
  79:tmk_core/common/bootmagic.c ****     }
 449               		.loc 1 79 46 is_stmt 0 view .LVU118
 450 00fc 9091 0000 		lds r25,keymap_config
  79:tmk_core/common/bootmagic.c ****     }
 451               		.loc 1 79 30 view .LVU119
 452 0100 892F      		mov r24,r25
 453 0102 8F7E      		andi r24,~(1<<4)
 454 0104 94FF      		sbrs r25,4
 455 0106 8061      		ori r24,1<<4
 456 0108 8093 0000 		sts keymap_config,r24
 457               	.L30:
  81:tmk_core/common/bootmagic.c ****         keymap_config.swap_grave_esc = !keymap_config.swap_grave_esc;
 458               		.loc 1 81 5 is_stmt 1 view .LVU120
  81:tmk_core/common/bootmagic.c ****         keymap_config.swap_grave_esc = !keymap_config.swap_grave_esc;
 459               		.loc 1 81 9 is_stmt 0 view .LVU121
 460 010c 85E3      		ldi r24,lo8(53)
 461 010e 0E94 0000 		call bootmagic_scan_keycode
 462               	.LVL42:
  81:tmk_core/common/bootmagic.c ****         keymap_config.swap_grave_esc = !keymap_config.swap_grave_esc;
 463               		.loc 1 81 8 view .LVU122
 464 0112 8823      		tst r24
 465 0114 01F0      		breq .L31
  82:tmk_core/common/bootmagic.c ****     }
 466               		.loc 1 82 9 is_stmt 1 view .LVU123
  82:tmk_core/common/bootmagic.c ****     }
 467               		.loc 1 82 54 is_stmt 0 view .LVU124
 468 0116 9091 0000 		lds r25,keymap_config
  82:tmk_core/common/bootmagic.c ****     }
 469               		.loc 1 82 38 view .LVU125
 470 011a 892F      		mov r24,r25
 471 011c 8F7D      		andi r24,~(1<<5)
 472 011e 95FF      		sbrs r25,5
 473 0120 8062      		ori r24,1<<5
 474 0122 8093 0000 		sts keymap_config,r24
 475               	.L31:
  84:tmk_core/common/bootmagic.c ****         keymap_config.swap_backslash_backspace = !keymap_config.swap_backslash_backspace;
 476               		.loc 1 84 5 is_stmt 1 view .LVU126
  84:tmk_core/common/bootmagic.c ****         keymap_config.swap_backslash_backspace = !keymap_config.swap_backslash_backspace;
 477               		.loc 1 84 9 is_stmt 0 view .LVU127
 478 0126 81E3      		ldi r24,lo8(49)
 479 0128 0E94 0000 		call bootmagic_scan_keycode
 480               	.LVL43:
  84:tmk_core/common/bootmagic.c ****         keymap_config.swap_backslash_backspace = !keymap_config.swap_backslash_backspace;
 481               		.loc 1 84 8 view .LVU128
 482 012c 8823      		tst r24
 483 012e 01F0      		breq .L32
  85:tmk_core/common/bootmagic.c ****     }
 484               		.loc 1 85 9 is_stmt 1 view .LVU129
  85:tmk_core/common/bootmagic.c ****     }
 485               		.loc 1 85 64 is_stmt 0 view .LVU130
 486 0130 9091 0000 		lds r25,keymap_config
  85:tmk_core/common/bootmagic.c ****     }
 487               		.loc 1 85 48 view .LVU131
 488 0134 892F      		mov r24,r25
 489 0136 8F7B      		andi r24,~(1<<6)
 490 0138 96FF      		sbrs r25,6
 491 013a 8064      		ori r24,1<<6
 492 013c 8093 0000 		sts keymap_config,r24
 493               	.L32:
  87:tmk_core/common/bootmagic.c ****         keymap_config.nkro = !keymap_config.nkro;
 494               		.loc 1 87 5 is_stmt 1 view .LVU132
  87:tmk_core/common/bootmagic.c ****         keymap_config.nkro = !keymap_config.nkro;
 495               		.loc 1 87 9 is_stmt 0 view .LVU133
 496 0140 81E1      		ldi r24,lo8(17)
 497 0142 0E94 0000 		call bootmagic_scan_keycode
 498               	.LVL44:
  87:tmk_core/common/bootmagic.c ****         keymap_config.nkro = !keymap_config.nkro;
 499               		.loc 1 87 8 view .LVU134
 500 0146 8823      		tst r24
 501 0148 01F0      		breq .L33
  88:tmk_core/common/bootmagic.c ****     }
 502               		.loc 1 88 9 is_stmt 1 view .LVU135
  88:tmk_core/common/bootmagic.c ****     }
 503               		.loc 1 88 44 is_stmt 0 view .LVU136
 504 014a 9091 0000 		lds r25,keymap_config
  88:tmk_core/common/bootmagic.c ****     }
 505               		.loc 1 88 28 view .LVU137
 506 014e 892F      		mov r24,r25
 507 0150 97FB      		bst r25,7
 508 0152 87F9      		bld r24,7
 509 0154 8058      		subi r24,0x80
 510 0156 8093 0000 		sts keymap_config,r24
 511               	.L33:
  90:tmk_core/common/bootmagic.c **** 
 512               		.loc 1 90 5 is_stmt 1 view .LVU138
 513 015a 8091 0000 		lds r24,keymap_config
 514 015e 9091 0000 		lds r25,keymap_config+1
 515 0162 0E94 0000 		call eeconfig_update_keymap
 516               	.LVL45:
  93:tmk_core/common/bootmagic.c ****     if (bootmagic_scan_keycode(BOOTMAGIC_KEY_DEFAULT_LAYER_0)) {
 517               		.loc 1 93 5 view .LVU139
  94:tmk_core/common/bootmagic.c ****         default_layer |= (1 << 0);
 518               		.loc 1 94 5 view .LVU140
  94:tmk_core/common/bootmagic.c ****         default_layer |= (1 << 0);
 519               		.loc 1 94 9 is_stmt 0 view .LVU141
 520 0166 87E2      		ldi r24,lo8(39)
 521 0168 0E94 0000 		call bootmagic_scan_keycode
 522               	.LVL46:
 523 016c C82F      		mov r28,r24
 524               	.LVL47:
  97:tmk_core/common/bootmagic.c ****         default_layer |= (1 << 1);
 525               		.loc 1 97 5 is_stmt 1 view .LVU142
  97:tmk_core/common/bootmagic.c ****         default_layer |= (1 << 1);
 526               		.loc 1 97 9 is_stmt 0 view .LVU143
 527 016e 8EE1      		ldi r24,lo8(30)
 528               	.LVL48:
  97:tmk_core/common/bootmagic.c ****         default_layer |= (1 << 1);
 529               		.loc 1 97 9 view .LVU144
 530 0170 0E94 0000 		call bootmagic_scan_keycode
 531               	.LVL49:
  97:tmk_core/common/bootmagic.c ****         default_layer |= (1 << 1);
 532               		.loc 1 97 8 view .LVU145
 533 0174 8111      		cpse r24,__zero_reg__
  98:tmk_core/common/bootmagic.c ****     }
 534               		.loc 1 98 9 is_stmt 1 view .LVU146
  98:tmk_core/common/bootmagic.c ****     }
 535               		.loc 1 98 23 is_stmt 0 view .LVU147
 536 0176 C260      		ori r28,lo8(2)
 537               	.LVL50:
 538               	.L34:
 100:tmk_core/common/bootmagic.c ****         default_layer |= (1 << 2);
 539               		.loc 1 100 5 is_stmt 1 view .LVU148
 100:tmk_core/common/bootmagic.c ****         default_layer |= (1 << 2);
 540               		.loc 1 100 9 is_stmt 0 view .LVU149
 541 0178 8FE1      		ldi r24,lo8(31)
 542 017a 0E94 0000 		call bootmagic_scan_keycode
 543               	.LVL51:
 100:tmk_core/common/bootmagic.c ****         default_layer |= (1 << 2);
 544               		.loc 1 100 8 view .LVU150
 545 017e 8111      		cpse r24,__zero_reg__
 101:tmk_core/common/bootmagic.c ****     }
 546               		.loc 1 101 9 is_stmt 1 view .LVU151
 101:tmk_core/common/bootmagic.c ****     }
 547               		.loc 1 101 23 is_stmt 0 view .LVU152
 548 0180 C460      		ori r28,lo8(4)
 549               	.LVL52:
 550               	.L35:
 103:tmk_core/common/bootmagic.c ****         default_layer |= (1 << 3);
 551               		.loc 1 103 5 is_stmt 1 view .LVU153
 103:tmk_core/common/bootmagic.c ****         default_layer |= (1 << 3);
 552               		.loc 1 103 9 is_stmt 0 view .LVU154
 553 0182 80E2      		ldi r24,lo8(32)
 554 0184 0E94 0000 		call bootmagic_scan_keycode
 555               	.LVL53:
 103:tmk_core/common/bootmagic.c ****         default_layer |= (1 << 3);
 556               		.loc 1 103 8 view .LVU155
 557 0188 8111      		cpse r24,__zero_reg__
 104:tmk_core/common/bootmagic.c ****     }
 558               		.loc 1 104 9 is_stmt 1 view .LVU156
 104:tmk_core/common/bootmagic.c ****     }
 559               		.loc 1 104 23 is_stmt 0 view .LVU157
 560 018a C860      		ori r28,lo8(8)
 561               	.LVL54:
 562               	.L36:
 106:tmk_core/common/bootmagic.c ****         default_layer |= (1 << 4);
 563               		.loc 1 106 5 is_stmt 1 view .LVU158
 106:tmk_core/common/bootmagic.c ****         default_layer |= (1 << 4);
 564               		.loc 1 106 9 is_stmt 0 view .LVU159
 565 018c 81E2      		ldi r24,lo8(33)
 566 018e 0E94 0000 		call bootmagic_scan_keycode
 567               	.LVL55:
 106:tmk_core/common/bootmagic.c ****         default_layer |= (1 << 4);
 568               		.loc 1 106 8 view .LVU160
 569 0192 8111      		cpse r24,__zero_reg__
 107:tmk_core/common/bootmagic.c ****     }
 570               		.loc 1 107 9 is_stmt 1 view .LVU161
 107:tmk_core/common/bootmagic.c ****     }
 571               		.loc 1 107 23 is_stmt 0 view .LVU162
 572 0194 C061      		ori r28,lo8(16)
 573               	.LVL56:
 574               	.L37:
 109:tmk_core/common/bootmagic.c ****         default_layer |= (1 << 5);
 575               		.loc 1 109 5 is_stmt 1 view .LVU163
 109:tmk_core/common/bootmagic.c ****         default_layer |= (1 << 5);
 576               		.loc 1 109 9 is_stmt 0 view .LVU164
 577 0196 82E2      		ldi r24,lo8(34)
 578 0198 0E94 0000 		call bootmagic_scan_keycode
 579               	.LVL57:
 109:tmk_core/common/bootmagic.c ****         default_layer |= (1 << 5);
 580               		.loc 1 109 8 view .LVU165
 581 019c 8111      		cpse r24,__zero_reg__
 110:tmk_core/common/bootmagic.c ****     }
 582               		.loc 1 110 9 is_stmt 1 view .LVU166
 110:tmk_core/common/bootmagic.c ****     }
 583               		.loc 1 110 23 is_stmt 0 view .LVU167
 584 019e C062      		ori r28,lo8(32)
 585               	.LVL58:
 586               	.L38:
 112:tmk_core/common/bootmagic.c ****         default_layer |= (1 << 6);
 587               		.loc 1 112 5 is_stmt 1 view .LVU168
 112:tmk_core/common/bootmagic.c ****         default_layer |= (1 << 6);
 588               		.loc 1 112 9 is_stmt 0 view .LVU169
 589 01a0 83E2      		ldi r24,lo8(35)
 590 01a2 0E94 0000 		call bootmagic_scan_keycode
 591               	.LVL59:
 112:tmk_core/common/bootmagic.c ****         default_layer |= (1 << 6);
 592               		.loc 1 112 8 view .LVU170
 593 01a6 8111      		cpse r24,__zero_reg__
 113:tmk_core/common/bootmagic.c ****     }
 594               		.loc 1 113 9 is_stmt 1 view .LVU171
 113:tmk_core/common/bootmagic.c ****     }
 595               		.loc 1 113 23 is_stmt 0 view .LVU172
 596 01a8 C064      		ori r28,lo8(64)
 597               	.LVL60:
 598               	.L39:
 115:tmk_core/common/bootmagic.c ****         default_layer |= (1 << 7);
 599               		.loc 1 115 5 is_stmt 1 view .LVU173
 115:tmk_core/common/bootmagic.c ****         default_layer |= (1 << 7);
 600               		.loc 1 115 9 is_stmt 0 view .LVU174
 601 01aa 84E2      		ldi r24,lo8(36)
 602 01ac 0E94 0000 		call bootmagic_scan_keycode
 603               	.LVL61:
 115:tmk_core/common/bootmagic.c ****         default_layer |= (1 << 7);
 604               		.loc 1 115 8 view .LVU175
 605 01b0 8823      		tst r24
 606 01b2 01F4      		brne .+2
 607 01b4 00C0      		rjmp .L40
 116:tmk_core/common/bootmagic.c ****     }
 608               		.loc 1 116 9 is_stmt 1 view .LVU176
 116:tmk_core/common/bootmagic.c ****     }
 609               		.loc 1 116 23 is_stmt 0 view .LVU177
 610 01b6 C068      		ori r28,lo8(-128)
 611               	.LVL62:
 118:tmk_core/common/bootmagic.c ****         eeconfig_update_default_layer(default_layer);
 612               		.loc 1 118 5 is_stmt 1 view .LVU178
 613               	.L41:
 119:tmk_core/common/bootmagic.c ****         default_layer_set((layer_state_t)default_layer);
 614               		.loc 1 119 9 view .LVU179
 615 01b8 8C2F      		mov r24,r28
 616 01ba 0E94 0000 		call eeconfig_update_default_layer
 617               	.LVL63:
 120:tmk_core/common/bootmagic.c ****     } else {
 618               		.loc 1 120 9 view .LVU180
 619 01be 6C2F      		mov r22,r28
 620               	.LVL64:
 621               	.L104:
 123:tmk_core/common/bootmagic.c ****     }
 622               		.loc 1 123 9 is_stmt 0 view .LVU181
 623 01c0 70E0      		ldi r23,0
 624 01c2 90E0      		ldi r25,0
 625 01c4 80E0      		ldi r24,0
 626 01c6 0E94 0000 		call default_layer_set
 627               	.LVL65:
 126:tmk_core/common/bootmagic.c **** 
 628               		.loc 1 126 5 is_stmt 1 view .LVU182
 629 01ca 6091 0000 		lds r22,layer_state
 630 01ce 7091 0000 		lds r23,layer_state+1
 631 01d2 8091 0000 		lds r24,layer_state+2
 632 01d6 9091 0000 		lds r25,layer_state+3
 633 01da 0E94 0000 		call layer_state_set_kb
 634               	.LVL66:
 129:tmk_core/common/bootmagic.c ****         eeconfig_update_handedness(true);
 635               		.loc 1 129 5 view .LVU183
 129:tmk_core/common/bootmagic.c ****         eeconfig_update_handedness(true);
 636               		.loc 1 129 9 is_stmt 0 view .LVU184
 637 01de 8FE0      		ldi r24,lo8(15)
 638 01e0 0E94 0000 		call bootmagic_scan_keycode
 639               	.LVL67:
 129:tmk_core/common/bootmagic.c ****         eeconfig_update_handedness(true);
 640               		.loc 1 129 8 view .LVU185
 641 01e4 8823      		tst r24
 642 01e6 01F0      		breq .L44
 130:tmk_core/common/bootmagic.c ****     }
 643               		.loc 1 130 9 is_stmt 1 view .LVU186
 644 01e8 81E0      		ldi r24,lo8(1)
 645 01ea 0E94 0000 		call eeconfig_update_handedness
 646               	.LVL68:
 647               	.L44:
 132:tmk_core/common/bootmagic.c ****         eeconfig_update_handedness(false);
 648               		.loc 1 132 5 view .LVU187
 132:tmk_core/common/bootmagic.c ****         eeconfig_update_handedness(false);
 649               		.loc 1 132 9 is_stmt 0 view .LVU188
 650 01ee 85E1      		ldi r24,lo8(21)
 651 01f0 0E94 0000 		call bootmagic_scan_keycode
 652               	.LVL69:
 132:tmk_core/common/bootmagic.c ****         eeconfig_update_handedness(false);
 653               		.loc 1 132 8 view .LVU189
 654 01f4 8823      		tst r24
 655 01f6 01F0      		breq .L14
 133:tmk_core/common/bootmagic.c ****     }
 656               		.loc 1 133 9 is_stmt 1 view .LVU190
 657 01f8 80E0      		ldi r24,0
 658               	/* epilogue start */
 135:tmk_core/common/bootmagic.c **** 
 659               		.loc 1 135 1 is_stmt 0 view .LVU191
 660 01fa CF91      		pop r28
 133:tmk_core/common/bootmagic.c ****     }
 661               		.loc 1 133 9 view .LVU192
 662 01fc 0C94 0000 		jmp eeconfig_update_handedness
 663               	.LVL70:
 664               	.L23:
  54:tmk_core/common/bootmagic.c ****             debug_config.keyboard = !debug_config.keyboard;
 665               		.loc 1 54 16 is_stmt 1 view .LVU193
  54:tmk_core/common/bootmagic.c ****             debug_config.keyboard = !debug_config.keyboard;
 666               		.loc 1 54 20 is_stmt 0 view .LVU194
 667 0200 8EE0      		ldi r24,lo8(14)
 668 0202 0E94 0000 		call bootmagic_scan_keycode
 669               	.LVL71:
  54:tmk_core/common/bootmagic.c ****             debug_config.keyboard = !debug_config.keyboard;
 670               		.loc 1 54 19 view .LVU195
 671 0206 8823      		tst r24
 672 0208 01F0      		breq .L24
  55:tmk_core/common/bootmagic.c ****         } else if (bootmagic_scan_keycode(BOOTMAGIC_KEY_DEBUG_MOUSE)) {
 673               		.loc 1 55 13 is_stmt 1 view .LVU196
  55:tmk_core/common/bootmagic.c ****         } else if (bootmagic_scan_keycode(BOOTMAGIC_KEY_DEBUG_MOUSE)) {
 674               		.loc 1 55 50 is_stmt 0 view .LVU197
 675 020a 9091 0000 		lds r25,debug_config
  55:tmk_core/common/bootmagic.c ****         } else if (bootmagic_scan_keycode(BOOTMAGIC_KEY_DEBUG_MOUSE)) {
 676               		.loc 1 55 35 view .LVU198
 677 020e 892F      		mov r24,r25
 678 0210 8B7F      		andi r24,~(1<<2)
 679 0212 92FF      		sbrs r25,2
 680 0214 8460      		ori r24,1<<2
 681 0216 00C0      		rjmp .L103
 682               	.L24:
  56:tmk_core/common/bootmagic.c ****             debug_config.mouse = !debug_config.mouse;
 683               		.loc 1 56 16 is_stmt 1 view .LVU199
  56:tmk_core/common/bootmagic.c ****             debug_config.mouse = !debug_config.mouse;
 684               		.loc 1 56 20 is_stmt 0 view .LVU200
 685 0218 80E1      		ldi r24,lo8(16)
 686 021a 0E94 0000 		call bootmagic_scan_keycode
 687               	.LVL72:
 688 021e 9091 0000 		lds r25,debug_config
  56:tmk_core/common/bootmagic.c ****             debug_config.mouse = !debug_config.mouse;
 689               		.loc 1 56 19 view .LVU201
 690 0222 8823      		tst r24
 691 0224 01F0      		breq .L25
  57:tmk_core/common/bootmagic.c ****         } else {
 692               		.loc 1 57 13 is_stmt 1 view .LVU202
  57:tmk_core/common/bootmagic.c ****         } else {
 693               		.loc 1 57 32 is_stmt 0 view .LVU203
 694 0226 892F      		mov r24,r25
 695 0228 877F      		andi r24,~(1<<3)
 696 022a 93FF      		sbrs r25,3
 697 022c 8860      		ori r24,1<<3
 698 022e 00C0      		rjmp .L103
 699               	.L25:
  59:tmk_core/common/bootmagic.c ****         }
 700               		.loc 1 59 13 is_stmt 1 view .LVU204
  59:tmk_core/common/bootmagic.c ****         }
 701               		.loc 1 59 33 is_stmt 0 view .LVU205
 702 0230 892F      		mov r24,r25
 703 0232 8E7F      		andi r24,~(1<<0)
 704 0234 90FF      		sbrs r25,0
 705 0236 8160      		ori r24,1<<0
 706 0238 00C0      		rjmp .L103
 707               	.LVL73:
 708               	.L40:
 118:tmk_core/common/bootmagic.c ****         eeconfig_update_default_layer(default_layer);
 709               		.loc 1 118 5 is_stmt 1 view .LVU206
 118:tmk_core/common/bootmagic.c ****         eeconfig_update_default_layer(default_layer);
 710               		.loc 1 118 8 is_stmt 0 view .LVU207
 711 023a C111      		cpse r28,__zero_reg__
 712 023c 00C0      		rjmp .L41
 122:tmk_core/common/bootmagic.c ****         default_layer_set((layer_state_t)default_layer);
 713               		.loc 1 122 9 is_stmt 1 view .LVU208
 122:tmk_core/common/bootmagic.c ****         default_layer_set((layer_state_t)default_layer);
 714               		.loc 1 122 25 is_stmt 0 view .LVU209
 715 023e 0E94 0000 		call eeconfig_read_default_layer
 716               	.LVL74:
 123:tmk_core/common/bootmagic.c ****     }
 717               		.loc 1 123 9 is_stmt 1 view .LVU210
 718 0242 682F      		mov r22,r24
 719 0244 00C0      		rjmp .L104
 720               	.LVL75:
 721               	.L14:
 722               	/* epilogue start */
 135:tmk_core/common/bootmagic.c **** 
 723               		.loc 1 135 1 is_stmt 0 view .LVU211
 724 0246 CF91      		pop r28
 725 0248 0895      		ret
 726               		.cfi_endproc
 727               	.LFE105:
 729               		.comm	keymap_config,2,1
 730               		.text
 731               	.Letext0:
 732               		.file 3 "/usr/avr/include/stdint.h"
 733               		.file 4 "tmk_core/common/matrix.h"
 734               		.file 5 "tmk_core/common/debug.h"
 735               		.file 6 "tmk_core/common/keyboard.h"
 736               		.file 7 "tmk_core/common/action.h"
 737               		.file 8 "lib/lufa/LUFA/Drivers/USB/Core/AVR8/../StdRequestType.h"
 738               		.file 9 "lib/lufa/LUFA/Drivers/USB/Core/AVR8/../DeviceStandardReq.h"
 739               		.file 10 "lib/lufa/LUFA/Drivers/USB/Core/USBTask.h"
 740               		.file 11 "lib/lufa/LUFA/Drivers/USB/Core/HostStandardReq.h"
 741               		.file 12 "/usr/avr/include/stdio.h"
 742               		.file 13 "tmk_core/common/host.h"
 743               		.file 14 "quantum/keycode_config.h"
 744               		.file 15 "quantum/keymap.h"
 745               		.file 16 "tmk_core/common/action_layer.h"
 746               		.file 17 "tmk_core/common/eeconfig.h"
 747               		.file 18 "tmk_core/common/bootloader.h"
 748               		.file 19 "tmk_core/common/keycode.h"
DEFINED SYMBOLS
                            *ABS*:0000000000000000 bootmagic.c
     /tmp/ccRACkCE.s:2      *ABS*:000000000000003e __SP_H__
     /tmp/ccRACkCE.s:3      *ABS*:000000000000003d __SP_L__
     /tmp/ccRACkCE.s:4      *ABS*:000000000000003f __SREG__
     /tmp/ccRACkCE.s:5      *ABS*:000000000000003b __RAMPZ__
     /tmp/ccRACkCE.s:6      *ABS*:0000000000000000 __tmp_reg__
     /tmp/ccRACkCE.s:7      *ABS*:0000000000000001 __zero_reg__
     /tmp/ccRACkCE.s:13     .text.scan_keycode:0000000000000000 scan_keycode
     /tmp/ccRACkCE.s:183    .text.bootmagic_scan_keycode:0000000000000000 bootmagic_scan_keycode
     /tmp/ccRACkCE.s:232    .text.bootmagic:0000000000000000 bootmagic
                            *COM*:0000000000000002 keymap_config

UNDEFINED SYMBOLS
matrix_get_row
keymap_key_to_keycode
eeconfig_is_enabled
eeconfig_init
matrix_scan
bootloader_jump
eeconfig_read_debug
debug_config
eeconfig_update_debug
eeconfig_read_keymap
eeconfig_update_keymap
eeconfig_update_default_layer
default_layer_set
layer_state
layer_state_set_kb
eeconfig_update_handedness
eeconfig_read_default_layer
__do_clear_bss
