   1               		.file	"keymap_common.c"
   2               	__SP_H__ = 0x3e
   3               	__SP_L__ = 0x3d
   4               	__SREG__ = 0x3f
   5               	__RAMPZ__ = 0x3b
   6               	__tmp_reg__ = 0
   7               	__zero_reg__ = 1
   8               		.text
   9               	.Ltext0:
  10               		.cfi_sections	.debug_frame
  11               		.section	.text.action_get_macro,"ax",@progbits
  12               		.weak	action_get_macro
  14               	action_get_macro:
  15               	.LVL0:
  16               	.LFB108:
  17               		.file 1 "quantum/keymap_common.c"
   1:quantum/keymap_common.c **** /*
   2:quantum/keymap_common.c **** Copyright 2012,2013 Jun Wako <wakojun@gmail.com>
   3:quantum/keymap_common.c **** 
   4:quantum/keymap_common.c **** This program is free software: you can redistribute it and/or modify
   5:quantum/keymap_common.c **** it under the terms of the GNU General Public License as published by
   6:quantum/keymap_common.c **** the Free Software Foundation, either version 2 of the License, or
   7:quantum/keymap_common.c **** (at your option) any later version.
   8:quantum/keymap_common.c **** 
   9:quantum/keymap_common.c **** This program is distributed in the hope that it will be useful,
  10:quantum/keymap_common.c **** but WITHOUT ANY WARRANTY; without even the implied warranty of
  11:quantum/keymap_common.c **** MERCHANTABILITY or FITNESS FOR A PARTICULAR PURPOSE.  See the
  12:quantum/keymap_common.c **** GNU General Public License for more details.
  13:quantum/keymap_common.c **** 
  14:quantum/keymap_common.c **** You should have received a copy of the GNU General Public License
  15:quantum/keymap_common.c **** along with this program.  If not, see <http://www.gnu.org/licenses/>.
  16:quantum/keymap_common.c **** */
  17:quantum/keymap_common.c **** 
  18:quantum/keymap_common.c **** #include "keymap.h"
  19:quantum/keymap_common.c **** #include "report.h"
  20:quantum/keymap_common.c **** #include "keycode.h"
  21:quantum/keymap_common.c **** #include "action_layer.h"
  22:quantum/keymap_common.c **** #if defined(__AVR__)
  23:quantum/keymap_common.c **** #include <util/delay.h>
  24:quantum/keymap_common.c **** #include <stdio.h>
  25:quantum/keymap_common.c **** #endif
  26:quantum/keymap_common.c **** #include "action.h"
  27:quantum/keymap_common.c **** #include "action_macro.h"
  28:quantum/keymap_common.c **** #include "debug.h"
  29:quantum/keymap_common.c **** #include "backlight.h"
  30:quantum/keymap_common.c **** #include "quantum.h"
  31:quantum/keymap_common.c **** 
  32:quantum/keymap_common.c **** #ifdef MIDI_ENABLE
  33:quantum/keymap_common.c **** 	#include "process_midi.h"
  34:quantum/keymap_common.c **** #endif
  35:quantum/keymap_common.c **** 
  36:quantum/keymap_common.c **** extern keymap_config_t keymap_config;
  37:quantum/keymap_common.c **** 
  38:quantum/keymap_common.c **** #include <inttypes.h>
  39:quantum/keymap_common.c **** 
  40:quantum/keymap_common.c **** /* converts key to action */
  41:quantum/keymap_common.c **** action_t action_for_key(uint8_t layer, keypos_t key)
  42:quantum/keymap_common.c **** {
  43:quantum/keymap_common.c ****     // 16bit keycodes - important
  44:quantum/keymap_common.c ****     uint16_t keycode = keymap_key_to_keycode(layer, key);
  45:quantum/keymap_common.c **** 
  46:quantum/keymap_common.c ****     // keycode remapping
  47:quantum/keymap_common.c ****     keycode = keycode_config(keycode);
  48:quantum/keymap_common.c **** 
  49:quantum/keymap_common.c ****     action_t action;
  50:quantum/keymap_common.c ****     uint8_t action_layer, when, mod;
  51:quantum/keymap_common.c **** 
  52:quantum/keymap_common.c ****     switch (keycode) {
  53:quantum/keymap_common.c ****         case KC_FN0 ... KC_FN31:
  54:quantum/keymap_common.c ****             action.code = keymap_function_id_to_action(FN_INDEX(keycode));
  55:quantum/keymap_common.c ****             break;
  56:quantum/keymap_common.c ****         case KC_A ... KC_EXSEL:
  57:quantum/keymap_common.c ****         case KC_LCTRL ... KC_RGUI:
  58:quantum/keymap_common.c ****             action.code = ACTION_KEY(keycode);
  59:quantum/keymap_common.c ****             break;
  60:quantum/keymap_common.c ****         case KC_SYSTEM_POWER ... KC_SYSTEM_WAKE:
  61:quantum/keymap_common.c ****             action.code = ACTION_USAGE_SYSTEM(KEYCODE2SYSTEM(keycode));
  62:quantum/keymap_common.c ****             break;
  63:quantum/keymap_common.c ****         case KC_AUDIO_MUTE ... KC_MEDIA_REWIND:
  64:quantum/keymap_common.c ****             action.code = ACTION_USAGE_CONSUMER(KEYCODE2CONSUMER(keycode));
  65:quantum/keymap_common.c ****             break;
  66:quantum/keymap_common.c ****         case KC_MS_UP ... KC_MS_ACCEL2:
  67:quantum/keymap_common.c ****             action.code = ACTION_MOUSEKEY(keycode);
  68:quantum/keymap_common.c ****             break;
  69:quantum/keymap_common.c ****         case KC_TRNS:
  70:quantum/keymap_common.c ****             action.code = ACTION_TRANSPARENT;
  71:quantum/keymap_common.c ****             break;
  72:quantum/keymap_common.c ****         case QK_MODS ... QK_MODS_MAX: ;
  73:quantum/keymap_common.c ****             // Has a modifier
  74:quantum/keymap_common.c ****             // Split it up
  75:quantum/keymap_common.c ****             action.code = ACTION_MODS_KEY(keycode >> 8, keycode & 0xFF); // adds modifier to key
  76:quantum/keymap_common.c ****             break;
  77:quantum/keymap_common.c ****         case QK_FUNCTION ... QK_FUNCTION_MAX: ;
  78:quantum/keymap_common.c ****             // Is a shortcut for function action_layer, pull last 12bits
  79:quantum/keymap_common.c ****             // This means we have 4,096 FN macros at our disposal
  80:quantum/keymap_common.c ****             action.code = keymap_function_id_to_action( (int)keycode & 0xFFF );
  81:quantum/keymap_common.c ****             break;
  82:quantum/keymap_common.c ****         case QK_MACRO ... QK_MACRO_MAX:
  83:quantum/keymap_common.c ****             action.code = ACTION_MACRO(keycode & 0xFF);
  84:quantum/keymap_common.c ****             break;
  85:quantum/keymap_common.c ****         case QK_LAYER_TAP ... QK_LAYER_TAP_MAX:
  86:quantum/keymap_common.c ****             action.code = ACTION_LAYER_TAP_KEY((keycode >> 0x8) & 0xF, keycode & 0xFF);
  87:quantum/keymap_common.c ****             break;
  88:quantum/keymap_common.c ****         case QK_TO ... QK_TO_MAX: ;
  89:quantum/keymap_common.c ****             // Layer set "GOTO"
  90:quantum/keymap_common.c ****             when = (keycode >> 0x4) & 0x3;
  91:quantum/keymap_common.c ****             action_layer = keycode & 0xF;
  92:quantum/keymap_common.c ****             action.code = ACTION_LAYER_SET(action_layer, when);
  93:quantum/keymap_common.c ****             break;
  94:quantum/keymap_common.c ****         case QK_MOMENTARY ... QK_MOMENTARY_MAX: ;
  95:quantum/keymap_common.c ****             // Momentary action_layer
  96:quantum/keymap_common.c ****             action_layer = keycode & 0xFF;
  97:quantum/keymap_common.c ****             action.code = ACTION_LAYER_MOMENTARY(action_layer);
  98:quantum/keymap_common.c ****             break;
  99:quantum/keymap_common.c ****         case QK_DEF_LAYER ... QK_DEF_LAYER_MAX: ;
 100:quantum/keymap_common.c ****             // Set default action_layer
 101:quantum/keymap_common.c ****             action_layer = keycode & 0xFF;
 102:quantum/keymap_common.c ****             action.code = ACTION_DEFAULT_LAYER_SET(action_layer);
 103:quantum/keymap_common.c ****             break;
 104:quantum/keymap_common.c ****         case QK_TOGGLE_LAYER ... QK_TOGGLE_LAYER_MAX: ;
 105:quantum/keymap_common.c ****             // Set toggle
 106:quantum/keymap_common.c ****             action_layer = keycode & 0xFF;
 107:quantum/keymap_common.c ****             action.code = ACTION_LAYER_TOGGLE(action_layer);
 108:quantum/keymap_common.c ****             break;
 109:quantum/keymap_common.c ****         case QK_ONE_SHOT_LAYER ... QK_ONE_SHOT_LAYER_MAX: ;
 110:quantum/keymap_common.c ****             // OSL(action_layer) - One-shot action_layer
 111:quantum/keymap_common.c ****             action_layer = keycode & 0xFF;
 112:quantum/keymap_common.c ****             action.code = ACTION_LAYER_ONESHOT(action_layer);
 113:quantum/keymap_common.c ****             break;
 114:quantum/keymap_common.c ****         case QK_ONE_SHOT_MOD ... QK_ONE_SHOT_MOD_MAX: ;
 115:quantum/keymap_common.c ****             // OSM(mod) - One-shot mod
 116:quantum/keymap_common.c ****             mod = keycode & 0xFF;
 117:quantum/keymap_common.c ****             action.code = ACTION_MODS_ONESHOT(mod);
 118:quantum/keymap_common.c ****             break;
 119:quantum/keymap_common.c ****         case QK_MOD_TAP ... QK_MOD_TAP_MAX:
 120:quantum/keymap_common.c ****             action.code = ACTION_MODS_TAP_KEY((keycode >> 0x8) & 0xF, keycode & 0xFF);
 121:quantum/keymap_common.c ****             break;
 122:quantum/keymap_common.c ****     #ifdef BACKLIGHT_ENABLE
 123:quantum/keymap_common.c ****         case BL_0 ... BL_15:
 124:quantum/keymap_common.c ****             action.code = ACTION_BACKLIGHT_LEVEL(keycode - BL_0);
 125:quantum/keymap_common.c ****             break;
 126:quantum/keymap_common.c ****         case BL_DEC:
 127:quantum/keymap_common.c ****             action.code = ACTION_BACKLIGHT_DECREASE();
 128:quantum/keymap_common.c ****             break;
 129:quantum/keymap_common.c ****         case BL_INC:
 130:quantum/keymap_common.c ****             action.code = ACTION_BACKLIGHT_INCREASE();
 131:quantum/keymap_common.c ****             break;
 132:quantum/keymap_common.c ****         case BL_TOGG:
 133:quantum/keymap_common.c ****             action.code = ACTION_BACKLIGHT_TOGGLE();
 134:quantum/keymap_common.c ****             break;
 135:quantum/keymap_common.c ****         case BL_STEP:
 136:quantum/keymap_common.c ****             action.code = ACTION_BACKLIGHT_STEP();
 137:quantum/keymap_common.c ****             break;
 138:quantum/keymap_common.c ****     #endif
 139:quantum/keymap_common.c ****         default:
 140:quantum/keymap_common.c ****             action.code = ACTION_NO;
 141:quantum/keymap_common.c ****             break;
 142:quantum/keymap_common.c ****     }
 143:quantum/keymap_common.c ****     return action;
 144:quantum/keymap_common.c **** }
 145:quantum/keymap_common.c **** 
 146:quantum/keymap_common.c **** __attribute__ ((weak))
 147:quantum/keymap_common.c **** const uint16_t PROGMEM fn_actions[] = {
 148:quantum/keymap_common.c **** 
 149:quantum/keymap_common.c **** };
 150:quantum/keymap_common.c **** 
 151:quantum/keymap_common.c **** /* Macro */
 152:quantum/keymap_common.c **** __attribute__ ((weak))
 153:quantum/keymap_common.c **** const macro_t *action_get_macro(keyrecord_t *record, uint8_t id, uint8_t opt)
 154:quantum/keymap_common.c **** {
  18               		.loc 1 154 1 view -0
  19               		.cfi_startproc
  20               	/* prologue: function */
  21               	/* frame size = 0 */
  22               	/* stack size = 0 */
  23               	.L__stack_usage = 0
 155:quantum/keymap_common.c ****     return MACRO_NONE;
  24               		.loc 1 155 5 view .LVU1
 156:quantum/keymap_common.c **** }
  25               		.loc 1 156 1 is_stmt 0 view .LVU2
  26 0000 90E0      		ldi r25,0
  27 0002 80E0      		ldi r24,0
  28               	.LVL1:
  29               	/* epilogue start */
  30               		.loc 1 156 1 view .LVU3
  31 0004 0895      		ret
  32               		.cfi_endproc
  33               	.LFE108:
  35               		.section	.text.action_function,"ax",@progbits
  36               		.weak	action_function
  38               	action_function:
  39               	.LVL2:
  40               	.LFB109:
 157:quantum/keymap_common.c **** 
 158:quantum/keymap_common.c **** /* Function */
 159:quantum/keymap_common.c **** __attribute__ ((weak))
 160:quantum/keymap_common.c **** void action_function(keyrecord_t *record, uint8_t id, uint8_t opt)
 161:quantum/keymap_common.c **** {
  41               		.loc 1 161 1 is_stmt 1 view -0
  42               		.cfi_startproc
  43               	/* prologue: function */
  44               	/* frame size = 0 */
  45               	/* stack size = 0 */
  46               	.L__stack_usage = 0
 162:quantum/keymap_common.c **** }
  47               		.loc 1 162 1 view .LVU5
  48               	/* epilogue start */
  49 0000 0895      		ret
  50               		.cfi_endproc
  51               	.LFE109:
  53               		.section	.text.keymap_key_to_keycode,"ax",@progbits
  54               		.weak	keymap_key_to_keycode
  56               	keymap_key_to_keycode:
  57               	.LVL3:
  58               	.LFB110:
 163:quantum/keymap_common.c **** 
 164:quantum/keymap_common.c **** // translates key to keycode
 165:quantum/keymap_common.c **** __attribute__ ((weak))
 166:quantum/keymap_common.c **** uint16_t keymap_key_to_keycode(uint8_t layer, keypos_t key)
 167:quantum/keymap_common.c **** {
  59               		.loc 1 167 1 view -0
  60               		.cfi_startproc
  61               	/* prologue: function */
  62               	/* frame size = 0 */
  63               	/* stack size = 0 */
  64               	.L__stack_usage = 0
  65               		.loc 1 167 1 is_stmt 0 view .LVU7
  66 0000 972F      		mov r25,r23
 168:quantum/keymap_common.c ****     // Read entire word (16bits)
 169:quantum/keymap_common.c ****     return pgm_read_word(&keymaps[(layer)][(key.row)][(key.col)]);
  67               		.loc 1 169 5 is_stmt 1 view .LVU8
  68               	.LBB2:
  69               		.loc 1 169 12 view .LVU9
  70 0002 70E0      		ldi r23,0
  71               		.loc 1 169 12 is_stmt 0 view .LVU10
  72 0004 2DE0      		ldi r18,lo8(13)
  73 0006 929F      		mul r25,r18
  74 0008 600D      		add r22,r0
  75 000a 711D      		adc r23,r1
  76 000c 1124      		clr __zero_reg__
  77               	.LVL4:
  78               		.loc 1 169 12 view .LVU11
  79 000e FB01      		movw r30,r22
  80 0010 98E6      		ldi r25,lo8(104)
  81 0012 899F      		mul r24,r25
  82 0014 E00D      		add r30,r0
  83 0016 F11D      		adc r31,r1
  84 0018 1124      		clr __zero_reg__
  85 001a EE0F      		lsl r30
  86 001c FF1F      		rol r31
  87               	.LVL5:
  88               		.loc 1 169 12 view .LVU12
  89 001e E050      		subi r30,lo8(-(keymaps))
  90 0020 F040      		sbci r31,hi8(-(keymaps))
  91               	.LVL6:
  92               		.loc 1 169 12 is_stmt 1 view .LVU13
  93               		.loc 1 169 12 view .LVU14
  94               	/* #APP */
  95               	 ;  169 "quantum/keymap_common.c" 1
  96 0022 8591      		lpm r24, Z+
  97 0024 9491      		lpm r25, Z
  98               		
  99               	 ;  0 "" 2
 100               	.LVL7:
 101               		.loc 1 169 12 view .LVU15
 102               	/* #NOAPP */
 103               	/* epilogue start */
 104               	.LBE2:
 170:quantum/keymap_common.c **** }
 105               		.loc 1 170 1 is_stmt 0 view .LVU16
 106 0026 0895      		ret
 107               		.cfi_endproc
 108               	.LFE110:
 110               		.section	.text.keymap_function_id_to_action,"ax",@progbits
 111               		.weak	keymap_function_id_to_action
 113               	keymap_function_id_to_action:
 114               	.LVL8:
 115               	.LFB111:
 171:quantum/keymap_common.c **** 
 172:quantum/keymap_common.c **** // translates function id to action
 173:quantum/keymap_common.c **** __attribute__ ((weak))
 174:quantum/keymap_common.c **** uint16_t keymap_function_id_to_action( uint16_t function_id )
 175:quantum/keymap_common.c **** {
 116               		.loc 1 175 1 is_stmt 1 view -0
 117               		.cfi_startproc
 118               	/* prologue: function */
 119               	/* frame size = 0 */
 120               	/* stack size = 0 */
 121               	.L__stack_usage = 0
 176:quantum/keymap_common.c **** 	return pgm_read_word(&fn_actions[function_id]);
 122               		.loc 1 176 2 view .LVU18
 123               	.LBB3:
 124               		.loc 1 176 9 view .LVU19
 125 0000 FC01      		movw r30,r24
 126 0002 EE0F      		lsl r30
 127 0004 FF1F      		rol r31
 128               	.LVL9:
 129               		.loc 1 176 9 is_stmt 0 view .LVU20
 130 0006 E050      		subi r30,lo8(-(fn_actions))
 131 0008 F040      		sbci r31,hi8(-(fn_actions))
 132               	.LVL10:
 133               		.loc 1 176 9 is_stmt 1 view .LVU21
 134               		.loc 1 176 9 view .LVU22
 135               	/* #APP */
 136               	 ;  176 "quantum/keymap_common.c" 1
 137 000a 8591      		lpm r24, Z+
 138 000c 9491      		lpm r25, Z
 139               		
 140               	 ;  0 "" 2
 141               	.LVL11:
 142               		.loc 1 176 9 view .LVU23
 143               	/* #NOAPP */
 144               	/* epilogue start */
 145               	.LBE3:
 177:quantum/keymap_common.c **** }
 146               		.loc 1 177 1 is_stmt 0 view .LVU24
 147 000e 0895      		ret
 148               		.cfi_endproc
 149               	.LFE111:
 151               		.section	.text.action_for_key,"ax",@progbits
 152               	.global	action_for_key
 154               	action_for_key:
 155               	.LVL12:
 156               	.LFB107:
  42:quantum/keymap_common.c ****     // 16bit keycodes - important
 157               		.loc 1 42 1 is_stmt 1 view -0
 158               		.cfi_startproc
 159               	/* prologue: function */
 160               	/* frame size = 0 */
 161               	/* stack size = 0 */
 162               	.L__stack_usage = 0
  44:quantum/keymap_common.c **** 
 163               		.loc 1 44 5 view .LVU26
  44:quantum/keymap_common.c **** 
 164               		.loc 1 44 24 is_stmt 0 view .LVU27
 165 0000 0E94 0000 		call keymap_key_to_keycode
 166               	.LVL13:
  47:quantum/keymap_common.c **** 
 167               		.loc 1 47 5 is_stmt 1 view .LVU28
  47:quantum/keymap_common.c **** 
 168               		.loc 1 47 15 is_stmt 0 view .LVU29
 169 0004 0E94 0000 		call keycode_config
 170               	.LVL14:
  47:quantum/keymap_common.c **** 
 171               		.loc 1 47 15 view .LVU30
 172 0008 9C01      		movw r18,r24
 173               	.LVL15:
  49:quantum/keymap_common.c ****     uint8_t action_layer, when, mod;
 174               		.loc 1 49 5 is_stmt 1 view .LVU31
  50:quantum/keymap_common.c **** 
 175               		.loc 1 50 5 view .LVU32
  52:quantum/keymap_common.c ****         case KC_FN0 ... KC_FN31:
 176               		.loc 1 52 5 view .LVU33
 177 000a 8115      		cp r24,__zero_reg__
 178 000c 9044      		sbci r25,64
 179 000e 00F0      		brlo .+2
 180 0010 00C0      		rjmp .L6
 181 0012 2115      		cp r18,__zero_reg__
 182 0014 80E3      		ldi r24,48
 183 0016 3807      		cpc r19,r24
 184 0018 00F0      		brlo .+2
 185 001a 00C0      		rjmp .L7
 186 001c 203E      		cpi r18,-32
 187 001e 3105      		cpc r19,__zero_reg__
 188 0020 00F0      		brlo .+2
 189 0022 00C0      		rjmp .L8
 190 0024 203C      		cpi r18,-64
 191 0026 3105      		cpc r19,__zero_reg__
 192 0028 00F0      		brlo .+2
 193 002a 00C0      		rjmp .L9
 194 002c 283A      		cpi r18,-88
 195 002e 3105      		cpc r19,__zero_reg__
 196 0030 00F4      		brsh .L10
 197 0032 253A      		cpi r18,-91
 198 0034 3105      		cpc r19,__zero_reg__
 199 0036 00F0      		brlo .+2
 200 0038 00C0      		rjmp .L11
 201 003a 2130      		cpi r18,1
 202 003c 3105      		cpc r19,__zero_reg__
 203 003e 01F4      		brne .+2
 204 0040 00C0      		rjmp .L12
 205 0042 C901      		movw r24,r18
 206 0044 0497      		sbiw r24,4
 207 0046 813A      		cpi r24,-95
 208 0048 9105      		cpc r25,__zero_reg__
 209 004a 00F4      		brsh .+2
 210 004c 00C0      		rjmp .L12
 211               	.LVL16:
 212               	.L26:
 140:quantum/keymap_common.c ****             break;
 213               		.loc 1 140 25 is_stmt 0 view .LVU34
 214 004e 30E0      		ldi r19,0
 215 0050 20E0      		ldi r18,0
 216 0052 00C0      		rjmp .L12
 217               	.LVL17:
 218               	.L10:
  52:quantum/keymap_common.c ****         case KC_FN0 ... KC_FN31:
 219               		.loc 1 52 5 view .LVU35
 220 0054 C901      		movw r24,r18
 221 0056 885A      		subi r24,-88
 222 0058 9109      		sbc r25,__zero_reg__
 223 005a 4597      		sbiw r24,21
 224 005c 00F4      		brsh .L26
  64:quantum/keymap_common.c ****             break;
 225               		.loc 1 64 13 is_stmt 1 view .LVU36
  64:quantum/keymap_common.c ****             break;
 226               		.loc 1 64 27 is_stmt 0 view .LVU37
 227 005e 283A      		cpi r18,-88
 228 0060 3105      		cpc r19,__zero_reg__
 229 0062 01F4      		brne .+2
 230 0064 00C0      		rjmp .L29
  64:quantum/keymap_common.c ****             break;
 231               		.loc 1 64 27 discriminator 1 view .LVU38
 232 0066 293A      		cpi r18,-87
 233 0068 3105      		cpc r19,__zero_reg__
 234 006a 01F4      		brne .+2
 235 006c 00C0      		rjmp .L30
  64:quantum/keymap_common.c ****             break;
 236               		.loc 1 64 27 discriminator 3 view .LVU39
 237 006e 2A3A      		cpi r18,-86
 238 0070 3105      		cpc r19,__zero_reg__
 239 0072 01F4      		brne .+2
 240 0074 00C0      		rjmp .L31
  64:quantum/keymap_common.c ****             break;
 241               		.loc 1 64 27 discriminator 5 view .LVU40
 242 0076 2B3A      		cpi r18,-85
 243 0078 3105      		cpc r19,__zero_reg__
 244 007a 01F4      		brne .+2
 245 007c 00C0      		rjmp .L32
  64:quantum/keymap_common.c ****             break;
 246               		.loc 1 64 27 discriminator 7 view .LVU41
 247 007e 2C3A      		cpi r18,-84
 248 0080 3105      		cpc r19,__zero_reg__
 249 0082 01F4      		brne .+2
 250 0084 00C0      		rjmp .L33
  64:quantum/keymap_common.c ****             break;
 251               		.loc 1 64 27 discriminator 9 view .LVU42
 252 0086 2B3B      		cpi r18,-69
 253 0088 3105      		cpc r19,__zero_reg__
 254 008a 01F4      		brne .+2
 255 008c 00C0      		rjmp .L34
  64:quantum/keymap_common.c ****             break;
 256               		.loc 1 64 27 discriminator 11 view .LVU43
 257 008e 2C3B      		cpi r18,-68
 258 0090 3105      		cpc r19,__zero_reg__
 259 0092 01F4      		brne .+2
 260 0094 00C0      		rjmp .L35
  64:quantum/keymap_common.c ****             break;
 261               		.loc 1 64 27 discriminator 13 view .LVU44
 262 0096 2D3A      		cpi r18,-83
 263 0098 3105      		cpc r19,__zero_reg__
 264 009a 01F4      		brne .+2
 265 009c 00C0      		rjmp .L36
  64:quantum/keymap_common.c ****             break;
 266               		.loc 1 64 27 discriminator 15 view .LVU45
 267 009e 203B      		cpi r18,-80
 268 00a0 3105      		cpc r19,__zero_reg__
 269 00a2 01F4      		brne .+2
 270 00a4 00C0      		rjmp .L37
  64:quantum/keymap_common.c ****             break;
 271               		.loc 1 64 27 discriminator 17 view .LVU46
 272 00a6 2E3A      		cpi r18,-82
 273 00a8 3105      		cpc r19,__zero_reg__
 274 00aa 01F4      		brne .+2
 275 00ac 00C0      		rjmp .L38
  64:quantum/keymap_common.c ****             break;
 276               		.loc 1 64 27 discriminator 19 view .LVU47
 277 00ae 2F3A      		cpi r18,-81
 278 00b0 3105      		cpc r19,__zero_reg__
 279 00b2 01F4      		brne .+2
 280 00b4 00C0      		rjmp .L39
  64:quantum/keymap_common.c ****             break;
 281               		.loc 1 64 27 discriminator 21 view .LVU48
 282 00b6 213B      		cpi r18,-79
 283 00b8 3105      		cpc r19,__zero_reg__
 284 00ba 01F4      		brne .+2
 285 00bc 00C0      		rjmp .L40
  64:quantum/keymap_common.c ****             break;
 286               		.loc 1 64 27 discriminator 23 view .LVU49
 287 00be 223B      		cpi r18,-78
 288 00c0 3105      		cpc r19,__zero_reg__
 289 00c2 01F4      		brne .+2
 290 00c4 00C0      		rjmp .L41
  64:quantum/keymap_common.c ****             break;
 291               		.loc 1 64 27 discriminator 25 view .LVU50
 292 00c6 233B      		cpi r18,-77
 293 00c8 3105      		cpc r19,__zero_reg__
 294 00ca 01F4      		brne .+2
 295 00cc 00C0      		rjmp .L42
  64:quantum/keymap_common.c ****             break;
 296               		.loc 1 64 27 discriminator 27 view .LVU51
 297 00ce 243B      		cpi r18,-76
 298 00d0 3105      		cpc r19,__zero_reg__
 299 00d2 01F4      		brne .+2
 300 00d4 00C0      		rjmp .L43
  64:quantum/keymap_common.c ****             break;
 301               		.loc 1 64 27 discriminator 29 view .LVU52
 302 00d6 253B      		cpi r18,-75
 303 00d8 3105      		cpc r19,__zero_reg__
 304 00da 01F4      		brne .+2
 305 00dc 00C0      		rjmp .L44
  64:quantum/keymap_common.c ****             break;
 306               		.loc 1 64 27 discriminator 31 view .LVU53
 307 00de 263B      		cpi r18,-74
 308 00e0 3105      		cpc r19,__zero_reg__
 309 00e2 01F4      		brne .+2
 310 00e4 00C0      		rjmp .L45
  64:quantum/keymap_common.c ****             break;
 311               		.loc 1 64 27 discriminator 33 view .LVU54
 312 00e6 273B      		cpi r18,-73
 313 00e8 3105      		cpc r19,__zero_reg__
 314 00ea 01F4      		brne .+2
 315 00ec 00C0      		rjmp .L46
  64:quantum/keymap_common.c ****             break;
 316               		.loc 1 64 27 discriminator 35 view .LVU55
 317 00ee 283B      		cpi r18,-72
 318 00f0 3105      		cpc r19,__zero_reg__
 319 00f2 01F4      		brne .+2
 320 00f4 00C0      		rjmp .L47
  64:quantum/keymap_common.c ****             break;
 321               		.loc 1 64 27 discriminator 37 view .LVU56
 322 00f6 293B      		cpi r18,-71
 323 00f8 3105      		cpc r19,__zero_reg__
 324 00fa 01F4      		brne .+2
 325 00fc 00C0      		rjmp .L48
  64:quantum/keymap_common.c ****             break;
 326               		.loc 1 64 27 discriminator 39 view .LVU57
 327 00fe 2A3B      		cpi r18,-70
 328 0100 3105      		cpc r19,__zero_reg__
 329 0102 01F4      		brne .+2
 330 0104 00C0      		rjmp .L49
 331               	.LVL18:
  64:quantum/keymap_common.c ****             break;
 332               		.loc 1 64 27 view .LVU58
 333 0106 20E0      		ldi r18,0
 334 0108 34E4      		ldi r19,lo8(68)
 335 010a 00C0      		rjmp .L12
 336               	.LVL19:
 337               	.L8:
  52:quantum/keymap_common.c ****         case KC_FN0 ... KC_FN31:
 338               		.loc 1 52 5 view .LVU59
 339 010c 2115      		cp r18,__zero_reg__
 340 010e 40E2      		ldi r20,32
 341 0110 3407      		cpc r19,r20
 342 0112 00F4      		brsh .L14
 343 0114 2F3F      		cpi r18,-1
 344 0116 3105      		cpc r19,__zero_reg__
 345 0118 01F0      		breq .+2
 346 011a 00F4      		brsh .L12
 347 011c 283E      		cpi r18,-24
 348 011e 3105      		cpc r19,__zero_reg__
 349 0120 00F0      		brlo .L12
 350 0122 C901      		movw r24,r18
 351 0124 805F      		subi r24,-16
 352 0126 9109      		sbc r25,__zero_reg__
  67:quantum/keymap_common.c ****             break;
 353               		.loc 1 67 27 view .LVU60
 354 0128 3065      		ori r19,80
 355               	.LVL20:
  52:quantum/keymap_common.c ****         case KC_FN0 ... KC_FN31:
 356               		.loc 1 52 5 view .LVU61
 357 012a 4097      		sbiw r24,16
 358 012c 00F0      		brlo .+2
 359 012e 00C0      		rjmp .L26
 360               	.LVL21:
 361               	.L12:
 143:quantum/keymap_common.c **** }
 362               		.loc 1 143 5 is_stmt 1 view .LVU62
 144:quantum/keymap_common.c **** 
 363               		.loc 1 144 1 is_stmt 0 view .LVU63
 364 0130 C901      		movw r24,r18
 365               	/* epilogue start */
 366 0132 0895      		ret
 367               	.LVL22:
 368               	.L14:
  77:quantum/keymap_common.c ****             // Is a shortcut for function action_layer, pull last 12bits
 369               		.loc 1 77 47 is_stmt 1 view .LVU64
  80:quantum/keymap_common.c ****             break;
 370               		.loc 1 80 13 view .LVU65
  80:quantum/keymap_common.c ****             break;
 371               		.loc 1 80 27 is_stmt 0 view .LVU66
 372 0134 C901      		movw r24,r18
 373 0136 9F70      		andi r25,15
 374               	.L57:
  54:quantum/keymap_common.c ****             break;
 375               		.loc 1 54 27 view .LVU67
 376 0138 0E94 0000 		call keymap_function_id_to_action
 377               	.LVL23:
  54:quantum/keymap_common.c ****             break;
 378               		.loc 1 54 27 view .LVU68
 379 013c 9C01      		movw r18,r24
 380               	.LVL24:
  55:quantum/keymap_common.c ****         case KC_A ... KC_EXSEL:
 381               		.loc 1 55 13 is_stmt 1 view .LVU69
 382 013e 00C0      		rjmp .L12
 383               	.LVL25:
 384               	.L6:
  52:quantum/keymap_common.c ****         case KC_FN0 ... KC_FN31:
 385               		.loc 1 52 5 is_stmt 0 view .LVU70
 386 0140 2115      		cp r18,__zero_reg__
 387 0142 84E5      		ldi r24,84
 388 0144 3807      		cpc r19,r24
 389 0146 00F0      		brlo .+2
 390 0148 00C0      		rjmp .L16
 391 014a 2115      		cp r18,__zero_reg__
 392 014c 43E5      		ldi r20,83
 393 014e 3407      		cpc r19,r20
 394 0150 00F0      		brlo .+2
 395 0152 00C0      		rjmp .L17
 396 0154 2115      		cp r18,__zero_reg__
 397 0156 82E5      		ldi r24,82
 398 0158 3807      		cpc r19,r24
 399 015a 00F4      		brsh .L18
 400 015c 2115      		cp r18,__zero_reg__
 401 015e 41E5      		ldi r20,81
 402 0160 3407      		cpc r19,r20
 403 0162 00F0      		brlo .+2
 404 0164 00C0      		rjmp .L19
 405 0166 2115      		cp r18,__zero_reg__
 406 0168 80E5      		ldi r24,80
 407 016a 3807      		cpc r19,r24
 408 016c 00F4      		brsh .+2
 409 016e 00C0      		rjmp .L20
  88:quantum/keymap_common.c ****             // Layer set "GOTO"
 410               		.loc 1 88 35 is_stmt 1 view .LVU71
  90:quantum/keymap_common.c ****             action_layer = keycode & 0xF;
 411               		.loc 1 90 13 view .LVU72
 412               	.LVL26:
  91:quantum/keymap_common.c ****             action.code = ACTION_LAYER_SET(action_layer, when);
 413               		.loc 1 91 13 view .LVU73
  92:quantum/keymap_common.c ****             break;
 414               		.loc 1 92 13 view .LVU74
  90:quantum/keymap_common.c ****             action_layer = keycode & 0xF;
 415               		.loc 1 90 29 is_stmt 0 view .LVU75
 416 0170 C901      		movw r24,r18
 417 0172 34E0      		ldi r19,4
 418               		1:
 419 0174 9695      		lsr r25
 420 0176 8795      		ror r24
 421 0178 3A95      		dec r19
 422 017a 01F4      		brne 1b
  90:quantum/keymap_common.c ****             action_layer = keycode & 0xF;
 423               		.loc 1 90 18 view .LVU76
 424 017c 382F      		mov r19,r24
 425 017e 3370      		andi r19,lo8(3)
  92:quantum/keymap_common.c ****             break;
 426               		.loc 1 92 27 view .LVU77
 427 0180 822F      		mov r24,r18
 428 0182 8695      		lsr r24
 429 0184 8695      		lsr r24
 430 0186 8370      		andi r24,lo8(3)
 431 0188 40E2      		ldi r20,lo8(32)
 432 018a 849F      		mul r24,r20
 433 018c C001      		movw r24,r0
 434 018e 1124      		clr __zero_reg__
 435 0190 932B      		or r25,r19
 436 0192 422F      		mov r20,r18
 437 0194 4370      		andi r20,lo8(3)
 438 0196 21E0      		ldi r18,lo8(1)
 439 0198 30E0      		ldi r19,0
 440               	.LVL27:
  92:quantum/keymap_common.c ****             break;
 441               		.loc 1 92 27 view .LVU78
 442 019a 00C0      		rjmp 2f
 443               		1:
 444 019c 220F      		lsl r18
 445 019e 331F      		rol r19
 446               		2:
 447 01a0 4A95      		dec r20
 448 01a2 02F4      		brpl 1b
 449               	.L58:
 102:quantum/keymap_common.c ****             break;
 450               		.loc 1 102 27 view .LVU79
 451 01a4 282B      		or r18,r24
 452 01a6 392B      		or r19,r25
 453               	.LVL28:
 102:quantum/keymap_common.c ****             break;
 454               		.loc 1 102 27 view .LVU80
 455 01a8 3C68      		ori r19,140
 456               	.LVL29:
 103:quantum/keymap_common.c ****         case QK_TOGGLE_LAYER ... QK_TOGGLE_LAYER_MAX: ;
 457               		.loc 1 103 13 is_stmt 1 view .LVU81
 458 01aa 00C0      		rjmp .L12
 459               	.LVL30:
 460               	.L18:
  99:quantum/keymap_common.c ****             // Set default action_layer
 461               		.loc 1 99 49 view .LVU82
 101:quantum/keymap_common.c ****             action.code = ACTION_DEFAULT_LAYER_SET(action_layer);
 462               		.loc 1 101 13 view .LVU83
 102:quantum/keymap_common.c ****             break;
 463               		.loc 1 102 13 view .LVU84
 102:quantum/keymap_common.c ****             break;
 464               		.loc 1 102 27 is_stmt 0 view .LVU85
 465 01ac A901      		movw r20,r18
 466 01ae 4370      		andi r20,3
 467 01b0 5527      		clr r21
 468 01b2 81E0      		ldi r24,lo8(1)
 469 01b4 90E0      		ldi r25,0
 470 01b6 00C0      		rjmp 2f
 471               		1:
 472 01b8 880F      		lsl r24
 473 01ba 991F      		rol r25
 474               		2:
 475 01bc 4A95      		dec r20
 476 01be 02F4      		brpl 1b
 477 01c0 2695      		lsr r18
 478 01c2 2695      		lsr r18
 479               	.LVL31:
 102:quantum/keymap_common.c ****             break;
 480               		.loc 1 102 27 view .LVU86
 481 01c4 40E2      		ldi r20,lo8(32)
 482 01c6 249F      		mul r18,r20
 483 01c8 9001      		movw r18,r0
 484 01ca 1124      		clr __zero_reg__
 485 01cc 00C0      		rjmp .L58
 486               	.LVL32:
 487               	.L16:
  52:quantum/keymap_common.c ****         case KC_FN0 ... KC_FN31:
 488               		.loc 1 52 5 view .LVU87
 489 01ce 2115      		cp r18,__zero_reg__
 490 01d0 86E5      		ldi r24,86
 491 01d2 3807      		cpc r19,r24
 492 01d4 00F4      		brsh .L21
 493 01d6 922F      		mov r25,r18
 494 01d8 8827      		clr r24
 495 01da 2115      		cp r18,__zero_reg__
 496 01dc 3545      		sbci r19,85
 497 01de 00F4      		brsh .L22
 109:quantum/keymap_common.c ****             // OSL(action_layer) - One-shot action_layer
 498               		.loc 1 109 59 is_stmt 1 view .LVU88
 111:quantum/keymap_common.c ****             action.code = ACTION_LAYER_ONESHOT(action_layer);
 499               		.loc 1 111 13 view .LVU89
 500               	.LVL33:
 112:quantum/keymap_common.c ****             break;
 501               		.loc 1 112 13 view .LVU90
 112:quantum/keymap_common.c ****             break;
 502               		.loc 1 112 27 is_stmt 0 view .LVU91
 503 01e0 9C01      		movw r18,r24
 504 01e2 246F      		ori r18,244
 505 01e4 306A      		ori r19,160
 506               	.LVL34:
 113:quantum/keymap_common.c ****         case QK_ONE_SHOT_MOD ... QK_ONE_SHOT_MOD_MAX: ;
 507               		.loc 1 113 13 is_stmt 1 view .LVU92
 508 01e6 00C0      		rjmp .L12
 509               	.LVL35:
 510               	.L21:
  52:quantum/keymap_common.c ****         case KC_FN0 ... KC_FN31:
 511               		.loc 1 52 5 is_stmt 0 view .LVU93
 512 01e8 C901      		movw r24,r18
 513 01ea 9056      		subi r25,96
 120:quantum/keymap_common.c ****             break;
 514               		.loc 1 120 27 view .LVU94
 515 01ec 3F70      		andi r19,15
 516               	.LVL36:
  52:quantum/keymap_common.c ****         case KC_FN0 ... KC_FN31:
 517               		.loc 1 52 5 view .LVU95
 518 01ee 8115      		cp r24,__zero_reg__
 519 01f0 9041      		sbci r25,16
 520 01f2 00F0      		brlo .+2
 521 01f4 00C0      		rjmp .L26
 522               	.LVL37:
 523               	.L56:
 120:quantum/keymap_common.c ****             break;
 524               		.loc 1 120 27 view .LVU96
 525 01f6 3062      		ori r19,32
 526               	.LVL38:
 121:quantum/keymap_common.c ****     #ifdef BACKLIGHT_ENABLE
 527               		.loc 1 121 13 is_stmt 1 view .LVU97
 528 01f8 00C0      		rjmp .L12
 529               	.LVL39:
 530               	.L9:
  54:quantum/keymap_common.c ****             break;
 531               		.loc 1 54 13 view .LVU98
  54:quantum/keymap_common.c ****             break;
 532               		.loc 1 54 27 is_stmt 0 view .LVU99
 533 01fa C901      		movw r24,r18
 534 01fc 805C      		subi r24,-64
 535 01fe 9109      		sbc r25,__zero_reg__
 536 0200 00C0      		rjmp .L57
 537               	.L11:
  61:quantum/keymap_common.c ****             break;
 538               		.loc 1 61 13 is_stmt 1 view .LVU100
  61:quantum/keymap_common.c ****             break;
 539               		.loc 1 61 27 is_stmt 0 view .LVU101
 540 0202 253A      		cpi r18,-91
 541 0204 3105      		cpc r19,__zero_reg__
 542 0206 01F0      		breq .L27
  61:quantum/keymap_common.c ****             break;
 543               		.loc 1 61 27 discriminator 1 view .LVU102
 544 0208 263A      		cpi r18,-90
 545 020a 3105      		cpc r19,__zero_reg__
 546 020c 01F4      		brne .L28
 547               	.LVL40:
  61:quantum/keymap_common.c ****             break;
 548               		.loc 1 61 27 view .LVU103
 549 020e 22E8      		ldi r18,lo8(-126)
 550 0210 30E4      		ldi r19,lo8(64)
 551 0212 00C0      		rjmp .L12
 552               	.LVL41:
 553               	.L7:
  83:quantum/keymap_common.c ****             break;
 554               		.loc 1 83 13 is_stmt 1 view .LVU104
  83:quantum/keymap_common.c ****             break;
 555               		.loc 1 83 27 is_stmt 0 view .LVU105
 556 0214 3327      		clr r19
 557               	.LVL42:
  83:quantum/keymap_common.c ****             break;
 558               		.loc 1 83 27 view .LVU106
 559 0216 306C      		ori r19,192
 560               	.LVL43:
  84:quantum/keymap_common.c ****         case QK_LAYER_TAP ... QK_LAYER_TAP_MAX:
 561               		.loc 1 84 13 is_stmt 1 view .LVU107
 562 0218 00C0      		rjmp .L12
 563               	.LVL44:
 564               	.L20:
  86:quantum/keymap_common.c ****             break;
 565               		.loc 1 86 13 view .LVU108
  86:quantum/keymap_common.c ****             break;
 566               		.loc 1 86 27 is_stmt 0 view .LVU109
 567 021a 3F70      		andi r19,15
 568               	.LVL45:
  86:quantum/keymap_common.c ****             break;
 569               		.loc 1 86 27 view .LVU110
 570 021c 306A      		ori r19,160
 571               	.LVL46:
  87:quantum/keymap_common.c ****         case QK_TO ... QK_TO_MAX: ;
 572               		.loc 1 87 13 is_stmt 1 view .LVU111
 573 021e 00C0      		rjmp .L12
 574               	.LVL47:
 575               	.L19:
  94:quantum/keymap_common.c ****             // Momentary action_layer
 576               		.loc 1 94 49 view .LVU112
  96:quantum/keymap_common.c ****             action.code = ACTION_LAYER_MOMENTARY(action_layer);
 577               		.loc 1 96 13 view .LVU113
  97:quantum/keymap_common.c ****             break;
 578               		.loc 1 97 13 view .LVU114
  97:quantum/keymap_common.c ****             break;
 579               		.loc 1 97 27 is_stmt 0 view .LVU115
 580 0220 322F      		mov r19,r18
 581 0222 2227      		clr r18
 582               	.LVL48:
  97:quantum/keymap_common.c ****             break;
 583               		.loc 1 97 27 view .LVU116
 584 0224 216F      		ori r18,241
 585 0226 306A      		ori r19,160
 586               	.LVL49:
  98:quantum/keymap_common.c ****         case QK_DEF_LAYER ... QK_DEF_LAYER_MAX: ;
 587               		.loc 1 98 13 is_stmt 1 view .LVU117
 588 0228 00C0      		rjmp .L12
 589               	.LVL50:
 590               	.L17:
 104:quantum/keymap_common.c ****             // Set toggle
 591               		.loc 1 104 55 view .LVU118
 106:quantum/keymap_common.c ****             action.code = ACTION_LAYER_TOGGLE(action_layer);
 592               		.loc 1 106 13 view .LVU119
 107:quantum/keymap_common.c ****             break;
 593               		.loc 1 107 13 view .LVU120
 107:quantum/keymap_common.c ****             break;
 594               		.loc 1 107 27 is_stmt 0 view .LVU121
 595 022a A901      		movw r20,r18
 596 022c 4370      		andi r20,3
 597 022e 5527      		clr r21
 598 0230 81E0      		ldi r24,lo8(1)
 599 0232 90E0      		ldi r25,0
 600 0234 00C0      		rjmp 2f
 601               		1:
 602 0236 880F      		lsl r24
 603 0238 991F      		rol r25
 604               		2:
 605 023a 4A95      		dec r20
 606 023c 02F4      		brpl 1b
 607 023e 2695      		lsr r18
 608 0240 2695      		lsr r18
 609               	.LVL51:
 107:quantum/keymap_common.c ****             break;
 610               		.loc 1 107 27 view .LVU122
 611 0242 40E2      		ldi r20,lo8(32)
 612 0244 249F      		mul r18,r20
 613 0246 9001      		movw r18,r0
 614 0248 1124      		clr __zero_reg__
 615 024a 282B      		or r18,r24
 616 024c 392B      		or r19,r25
 617               	.LVL52:
 107:quantum/keymap_common.c ****             break;
 618               		.loc 1 107 27 view .LVU123
 619 024e 3A68      		ori r19,138
 620               	.LVL53:
 108:quantum/keymap_common.c ****         case QK_ONE_SHOT_LAYER ... QK_ONE_SHOT_LAYER_MAX: ;
 621               		.loc 1 108 13 is_stmt 1 view .LVU124
 622 0250 00C0      		rjmp .L12
 623               	.LVL54:
 624               	.L22:
 114:quantum/keymap_common.c ****             // OSM(mod) - One-shot mod
 625               		.loc 1 114 55 view .LVU125
 116:quantum/keymap_common.c ****             action.code = ACTION_MODS_ONESHOT(mod);
 626               		.loc 1 116 13 view .LVU126
 117:quantum/keymap_common.c ****             break;
 627               		.loc 1 117 13 view .LVU127
 117:quantum/keymap_common.c ****             break;
 628               		.loc 1 117 27 is_stmt 0 view .LVU128
 629 0252 8827      		clr r24
 630 0254 9F71      		andi r25,31
 631               	.LVL55:
 117:quantum/keymap_common.c ****             break;
 632               		.loc 1 117 27 view .LVU129
 633 0256 9C01      		movw r18,r24
 634 0258 00C0      		rjmp .L56
 635               	.LVL56:
 636               	.L27:
  61:quantum/keymap_common.c ****             break;
 637               		.loc 1 61 27 view .LVU130
 638 025a 21E8      		ldi r18,lo8(-127)
 639 025c 30E4      		ldi r19,lo8(64)
 640 025e 00C0      		rjmp .L12
 641               	.LVL57:
 642               	.L28:
  61:quantum/keymap_common.c ****             break;
 643               		.loc 1 61 27 view .LVU131
 644 0260 23E8      		ldi r18,lo8(-125)
 645 0262 30E4      		ldi r19,lo8(64)
 646 0264 00C0      		rjmp .L12
 647               	.LVL58:
 648               	.L29:
  64:quantum/keymap_common.c ****             break;
 649               		.loc 1 64 27 view .LVU132
 650 0266 22EE      		ldi r18,lo8(-30)
 651 0268 34E4      		ldi r19,lo8(68)
 652 026a 00C0      		rjmp .L12
 653               	.LVL59:
 654               	.L30:
  64:quantum/keymap_common.c ****             break;
 655               		.loc 1 64 27 view .LVU133
 656 026c 29EE      		ldi r18,lo8(-23)
 657 026e 34E4      		ldi r19,lo8(68)
 658 0270 00C0      		rjmp .L12
 659               	.LVL60:
 660               	.L31:
  64:quantum/keymap_common.c ****             break;
 661               		.loc 1 64 27 view .LVU134
 662 0272 2AEE      		ldi r18,lo8(-22)
 663 0274 34E4      		ldi r19,lo8(68)
 664 0276 00C0      		rjmp .L12
 665               	.LVL61:
 666               	.L32:
  64:quantum/keymap_common.c ****             break;
 667               		.loc 1 64 27 view .LVU135
 668 0278 25EB      		ldi r18,lo8(-75)
 669 027a 34E4      		ldi r19,lo8(68)
 670 027c 00C0      		rjmp .L12
 671               	.LVL62:
 672               	.L33:
  64:quantum/keymap_common.c ****             break;
 673               		.loc 1 64 27 view .LVU136
 674 027e 26EB      		ldi r18,lo8(-74)
 675 0280 34E4      		ldi r19,lo8(68)
 676 0282 00C0      		rjmp .L12
 677               	.LVL63:
 678               	.L34:
  64:quantum/keymap_common.c ****             break;
 679               		.loc 1 64 27 view .LVU137
 680 0284 23EB      		ldi r18,lo8(-77)
 681 0286 34E4      		ldi r19,lo8(68)
 682 0288 00C0      		rjmp .L12
 683               	.LVL64:
 684               	.L35:
  64:quantum/keymap_common.c ****             break;
 685               		.loc 1 64 27 view .LVU138
 686 028a 24EB      		ldi r18,lo8(-76)
 687 028c 34E4      		ldi r19,lo8(68)
 688 028e 00C0      		rjmp .L12
 689               	.LVL65:
 690               	.L36:
  64:quantum/keymap_common.c ****             break;
 691               		.loc 1 64 27 view .LVU139
 692 0290 27EB      		ldi r18,lo8(-73)
 693 0292 34E4      		ldi r19,lo8(68)
 694 0294 00C0      		rjmp .L12
 695               	.LVL66:
 696               	.L37:
  64:quantum/keymap_common.c ****             break;
 697               		.loc 1 64 27 view .LVU140
 698 0296 2CEC      		ldi r18,lo8(-52)
 699 0298 34E4      		ldi r19,lo8(68)
 700 029a 00C0      		rjmp .L12
 701               	.LVL67:
 702               	.L38:
  64:quantum/keymap_common.c ****             break;
 703               		.loc 1 64 27 view .LVU141
 704 029c 2DEC      		ldi r18,lo8(-51)
 705 029e 34E4      		ldi r19,lo8(68)
 706 02a0 00C0      		rjmp .L12
 707               	.LVL68:
 708               	.L39:
  64:quantum/keymap_common.c ****             break;
 709               		.loc 1 64 27 view .LVU142
 710 02a2 23E8      		ldi r18,lo8(-125)
 711 02a4 35E4      		ldi r19,lo8(69)
 712 02a6 00C0      		rjmp .L12
 713               	.LVL69:
 714               	.L40:
  64:quantum/keymap_common.c ****             break;
 715               		.loc 1 64 27 view .LVU143
 716 02a8 2AE8      		ldi r18,lo8(-118)
 717 02aa 35E4      		ldi r19,lo8(69)
 718 02ac 00C0      		rjmp .L12
 719               	.LVL70:
 720               	.L41:
  64:quantum/keymap_common.c ****             break;
 721               		.loc 1 64 27 view .LVU144
 722 02ae 22E9      		ldi r18,lo8(-110)
 723 02b0 35E4      		ldi r19,lo8(69)
 724 02b2 00C0      		rjmp .L12
 725               	.LVL71:
 726               	.L42:
  64:quantum/keymap_common.c ****             break;
 727               		.loc 1 64 27 view .LVU145
 728 02b4 24E9      		ldi r18,lo8(-108)
 729 02b6 35E4      		ldi r19,lo8(69)
 730 02b8 00C0      		rjmp .L12
 731               	.LVL72:
 732               	.L43:
  64:quantum/keymap_common.c ****             break;
 733               		.loc 1 64 27 view .LVU146
 734 02ba 21E2      		ldi r18,lo8(33)
 735 02bc 36E4      		ldi r19,lo8(70)
 736 02be 00C0      		rjmp .L12
 737               	.LVL73:
 738               	.L44:
  64:quantum/keymap_common.c ****             break;
 739               		.loc 1 64 27 view .LVU147
 740 02c0 23E2      		ldi r18,lo8(35)
 741 02c2 36E4      		ldi r19,lo8(70)
 742 02c4 00C0      		rjmp .L12
 743               	.LVL74:
 744               	.L45:
  64:quantum/keymap_common.c ****             break;
 745               		.loc 1 64 27 view .LVU148
 746 02c6 24E2      		ldi r18,lo8(36)
 747 02c8 36E4      		ldi r19,lo8(70)
 748 02ca 00C0      		rjmp .L12
 749               	.LVL75:
 750               	.L46:
  64:quantum/keymap_common.c ****             break;
 751               		.loc 1 64 27 view .LVU149
 752 02cc 25E2      		ldi r18,lo8(37)
 753 02ce 36E4      		ldi r19,lo8(70)
 754 02d0 00C0      		rjmp .L12
 755               	.LVL76:
 756               	.L47:
  64:quantum/keymap_common.c ****             break;
 757               		.loc 1 64 27 view .LVU150
 758 02d2 26E2      		ldi r18,lo8(38)
 759 02d4 36E4      		ldi r19,lo8(70)
 760 02d6 00C0      		rjmp .L12
 761               	.LVL77:
 762               	.L48:
  64:quantum/keymap_common.c ****             break;
 763               		.loc 1 64 27 view .LVU151
 764 02d8 27E2      		ldi r18,lo8(39)
 765 02da 36E4      		ldi r19,lo8(70)
 766 02dc 00C0      		rjmp .L12
 767               	.LVL78:
 768               	.L49:
  64:quantum/keymap_common.c ****             break;
 769               		.loc 1 64 27 view .LVU152
 770 02de 2AE2      		ldi r18,lo8(42)
 771 02e0 36E4      		ldi r19,lo8(70)
 772 02e2 00C0      		rjmp .L12
 773               		.cfi_endproc
 774               	.LFE107:
 776               		.weak	fn_actions
 777               		.section	.progmem.data.fn_actions,"a"
 780               	fn_actions:
 781               		.text
 782               	.Letext0:
 783               		.file 2 "/usr/avr/include/stdint.h"
 784               		.file 3 "./tmk_core/common/keyboard.h"
 785               		.file 4 "./tmk_core/common/keycode.h"
 786               		.file 5 "./tmk_core/common/action_code.h"
 787               		.file 6 "./tmk_core/common/action_macro.h"
 788               		.file 7 "./tmk_core/common/action.h"
 789               		.file 8 "quantum/quantum_keycodes.h"
 790               		.file 9 "quantum/keymap.h"
 791               		.file 10 "quantum/keycode_config.h"
DEFINED SYMBOLS
                            *ABS*:0000000000000000 keymap_common.c
     /tmp/ccWwP09s.s:2      *ABS*:000000000000003e __SP_H__
     /tmp/ccWwP09s.s:3      *ABS*:000000000000003d __SP_L__
     /tmp/ccWwP09s.s:4      *ABS*:000000000000003f __SREG__
     /tmp/ccWwP09s.s:5      *ABS*:000000000000003b __RAMPZ__
     /tmp/ccWwP09s.s:6      *ABS*:0000000000000000 __tmp_reg__
     /tmp/ccWwP09s.s:7      *ABS*:0000000000000001 __zero_reg__
     /tmp/ccWwP09s.s:14     .text.action_get_macro:0000000000000000 action_get_macro
     /tmp/ccWwP09s.s:38     .text.action_function:0000000000000000 action_function
     /tmp/ccWwP09s.s:56     .text.keymap_key_to_keycode:0000000000000000 keymap_key_to_keycode
     /tmp/ccWwP09s.s:113    .text.keymap_function_id_to_action:0000000000000000 keymap_function_id_to_action
     /tmp/ccWwP09s.s:780    .progmem.data.fn_actions:0000000000000000 fn_actions
     /tmp/ccWwP09s.s:154    .text.action_for_key:0000000000000000 action_for_key

UNDEFINED SYMBOLS
keymaps
keycode_config
