   1               		.file	"hp_vectra.c"
   2               	__SP_H__ = 0x3e
   3               	__SP_L__ = 0x3d
   4               	__SREG__ = 0x3f
   5               	__tmp_reg__ = 0
   6               	__zero_reg__ = 1
   7               		.text
   8               	.Ltext0:
   9               		.cfi_sections	.debug_frame
  10               		.file 1 "keyboards/hp_vectra/hp_vectra.c"
  11               	.Letext0:
DEFINED SYMBOLS
                            *ABS*:0000000000000000 hp_vectra.c
     /tmp/ccwxNzXN.s:2      *ABS*:000000000000003e __SP_H__
     /tmp/ccwxNzXN.s:3      *ABS*:000000000000003d __SP_L__
     /tmp/ccwxNzXN.s:4      *ABS*:000000000000003f __SREG__
     /tmp/ccwxNzXN.s:5      *ABS*:0000000000000000 __tmp_reg__
     /tmp/ccwxNzXN.s:6      *ABS*:0000000000000001 __zero_reg__
     /tmp/ccwxNzXN.s:66     .debug_abbrev:0000000000000000 .Ldebug_abbrev0
     /tmp/ccwxNzXN.s:116    .debug_line:0000000000000000 .Ldebug_line0
     /tmp/ccwxNzXN.s:13     .debug_info:0000000000000000 .Ldebug_info0

NO UNDEFINED SYMBOLS
