   1               		.file	"keymap.c"
   2               	__SP_H__ = 0x3e
   3               	__SP_L__ = 0x3d
   4               	__SREG__ = 0x3f
   5               	__tmp_reg__ = 0
   6               	__zero_reg__ = 1
   7               		.text
   8               	.Ltext0:
   9               		.cfi_sections	.debug_frame
  10               		.section	.text.action_get_macro,"ax",@progbits
  11               	.global	action_get_macro
  13               	action_get_macro:
  14               	.LVL0:
  15               	.LFB107:
  16               		.file 1 "keyboards/kb/keymaps/default/keymap.c"
   1:keyboards/kb/keymaps/default/keymap.c **** #include "kb.h"
   2:keyboards/kb/keymaps/default/keymap.c **** 
   3:keyboards/kb/keymaps/default/keymap.c **** const uint16_t PROGMEM keymaps[][MATRIX_ROWS][MATRIX_COLS] = {
   4:keyboards/kb/keymaps/default/keymap.c **** 
   5:keyboards/kb/keymaps/default/keymap.c **** 	KEYMAP(
   6:keyboards/kb/keymaps/default/keymap.c **** 		KC_P6, 
   7:keyboards/kb/keymaps/default/keymap.c **** 		KC_P5, 
   8:keyboards/kb/keymaps/default/keymap.c **** 		KC_P4, KC_PPLS, 
   9:keyboards/kb/keymaps/default/keymap.c **** 		KC_PENT, KC_PEQL, 
  10:keyboards/kb/keymaps/default/keymap.c **** 		KC_P1, 
  11:keyboards/kb/keymaps/default/keymap.c **** 		KC_P2, 
  12:keyboards/kb/keymaps/default/keymap.c **** 		KC_P3, 
  13:keyboards/kb/keymaps/default/keymap.c **** 		KC_PDOT, 
  14:keyboards/kb/keymaps/default/keymap.c **** 		KC_PCMM, 
  15:keyboards/kb/keymaps/default/keymap.c **** 		KC_P7, KC_P0, 
  16:keyboards/kb/keymaps/default/keymap.c **** 		KC_P8, 
  17:keyboards/kb/keymaps/default/keymap.c **** 		KC_P9, 
  18:keyboards/kb/keymaps/default/keymap.c **** 		KC_PMNS, 
  19:keyboards/kb/keymaps/default/keymap.c **** 		KC_PSLS, KC_PAST),
  20:keyboards/kb/keymaps/default/keymap.c **** 
  21:keyboards/kb/keymaps/default/keymap.c **** 	KEYMAP(
  22:keyboards/kb/keymaps/default/keymap.c **** 		KC_TRNS, 
  23:keyboards/kb/keymaps/default/keymap.c **** 		KC_TRNS, 
  24:keyboards/kb/keymaps/default/keymap.c **** 		KC_TRNS, KC_TRNS, 
  25:keyboards/kb/keymaps/default/keymap.c **** 		KC_TRNS, KC_TRNS, 
  26:keyboards/kb/keymaps/default/keymap.c **** 		KC_TRNS, 
  27:keyboards/kb/keymaps/default/keymap.c **** 		KC_TRNS, 
  28:keyboards/kb/keymaps/default/keymap.c **** 		KC_TRNS, 
  29:keyboards/kb/keymaps/default/keymap.c **** 		KC_TRNS, 
  30:keyboards/kb/keymaps/default/keymap.c **** 		KC_TRNS, 
  31:keyboards/kb/keymaps/default/keymap.c **** 		KC_TRNS, KC_TRNS, 
  32:keyboards/kb/keymaps/default/keymap.c **** 		KC_TRNS, 
  33:keyboards/kb/keymaps/default/keymap.c **** 		KC_TRNS, 
  34:keyboards/kb/keymaps/default/keymap.c **** 		KC_TRNS, 
  35:keyboards/kb/keymaps/default/keymap.c **** 		KC_TRNS, KC_TRNS),
  36:keyboards/kb/keymaps/default/keymap.c **** 
  37:keyboards/kb/keymaps/default/keymap.c **** 	KEYMAP(
  38:keyboards/kb/keymaps/default/keymap.c **** 		KC_TRNS, 
  39:keyboards/kb/keymaps/default/keymap.c **** 		KC_TRNS, 
  40:keyboards/kb/keymaps/default/keymap.c **** 		KC_TRNS, KC_TRNS, 
  41:keyboards/kb/keymaps/default/keymap.c **** 		KC_TRNS, KC_TRNS, 
  42:keyboards/kb/keymaps/default/keymap.c **** 		KC_TRNS, 
  43:keyboards/kb/keymaps/default/keymap.c **** 		KC_TRNS, 
  44:keyboards/kb/keymaps/default/keymap.c **** 		KC_TRNS, 
  45:keyboards/kb/keymaps/default/keymap.c **** 		KC_TRNS, 
  46:keyboards/kb/keymaps/default/keymap.c **** 		KC_TRNS, 
  47:keyboards/kb/keymaps/default/keymap.c **** 		KC_TRNS, KC_TRNS, 
  48:keyboards/kb/keymaps/default/keymap.c **** 		KC_TRNS, 
  49:keyboards/kb/keymaps/default/keymap.c **** 		KC_TRNS, 
  50:keyboards/kb/keymaps/default/keymap.c **** 		KC_TRNS, 
  51:keyboards/kb/keymaps/default/keymap.c **** 		KC_TRNS, KC_TRNS),
  52:keyboards/kb/keymaps/default/keymap.c **** 
  53:keyboards/kb/keymaps/default/keymap.c **** 	KEYMAP(
  54:keyboards/kb/keymaps/default/keymap.c **** 		KC_TRNS, 
  55:keyboards/kb/keymaps/default/keymap.c **** 		KC_TRNS, 
  56:keyboards/kb/keymaps/default/keymap.c **** 		KC_TRNS, KC_TRNS, 
  57:keyboards/kb/keymaps/default/keymap.c **** 		KC_TRNS, KC_TRNS, 
  58:keyboards/kb/keymaps/default/keymap.c **** 		KC_TRNS, 
  59:keyboards/kb/keymaps/default/keymap.c **** 		KC_TRNS, 
  60:keyboards/kb/keymaps/default/keymap.c **** 		KC_TRNS, 
  61:keyboards/kb/keymaps/default/keymap.c **** 		KC_TRNS, 
  62:keyboards/kb/keymaps/default/keymap.c **** 		KC_TRNS, 
  63:keyboards/kb/keymaps/default/keymap.c **** 		KC_TRNS, KC_TRNS, 
  64:keyboards/kb/keymaps/default/keymap.c **** 		KC_TRNS, 
  65:keyboards/kb/keymaps/default/keymap.c **** 		KC_TRNS, 
  66:keyboards/kb/keymaps/default/keymap.c **** 		KC_TRNS, 
  67:keyboards/kb/keymaps/default/keymap.c **** 		KC_TRNS, KC_TRNS),
  68:keyboards/kb/keymaps/default/keymap.c **** 
  69:keyboards/kb/keymaps/default/keymap.c **** 	KEYMAP(
  70:keyboards/kb/keymaps/default/keymap.c **** 		KC_TRNS, 
  71:keyboards/kb/keymaps/default/keymap.c **** 		KC_TRNS, 
  72:keyboards/kb/keymaps/default/keymap.c **** 		KC_TRNS, KC_TRNS, 
  73:keyboards/kb/keymaps/default/keymap.c **** 		KC_TRNS, KC_TRNS, 
  74:keyboards/kb/keymaps/default/keymap.c **** 		KC_TRNS, 
  75:keyboards/kb/keymaps/default/keymap.c **** 		KC_TRNS, 
  76:keyboards/kb/keymaps/default/keymap.c **** 		KC_TRNS, 
  77:keyboards/kb/keymaps/default/keymap.c **** 		KC_TRNS, 
  78:keyboards/kb/keymaps/default/keymap.c **** 		KC_TRNS, 
  79:keyboards/kb/keymaps/default/keymap.c **** 		KC_TRNS, KC_TRNS, 
  80:keyboards/kb/keymaps/default/keymap.c **** 		KC_TRNS, 
  81:keyboards/kb/keymaps/default/keymap.c **** 		KC_TRNS, 
  82:keyboards/kb/keymaps/default/keymap.c **** 		KC_TRNS, 
  83:keyboards/kb/keymaps/default/keymap.c **** 		KC_TRNS, KC_TRNS),
  84:keyboards/kb/keymaps/default/keymap.c **** 
  85:keyboards/kb/keymaps/default/keymap.c **** 	KEYMAP(
  86:keyboards/kb/keymaps/default/keymap.c **** 		KC_TRNS, 
  87:keyboards/kb/keymaps/default/keymap.c **** 		KC_TRNS, 
  88:keyboards/kb/keymaps/default/keymap.c **** 		KC_TRNS, KC_TRNS, 
  89:keyboards/kb/keymaps/default/keymap.c **** 		KC_TRNS, KC_TRNS, 
  90:keyboards/kb/keymaps/default/keymap.c **** 		KC_TRNS, 
  91:keyboards/kb/keymaps/default/keymap.c **** 		KC_TRNS, 
  92:keyboards/kb/keymaps/default/keymap.c **** 		KC_TRNS, 
  93:keyboards/kb/keymaps/default/keymap.c **** 		KC_TRNS, 
  94:keyboards/kb/keymaps/default/keymap.c **** 		KC_TRNS, 
  95:keyboards/kb/keymaps/default/keymap.c **** 		KC_TRNS, KC_TRNS, 
  96:keyboards/kb/keymaps/default/keymap.c **** 		KC_TRNS, 
  97:keyboards/kb/keymaps/default/keymap.c **** 		KC_TRNS, 
  98:keyboards/kb/keymaps/default/keymap.c **** 		KC_TRNS, 
  99:keyboards/kb/keymaps/default/keymap.c **** 		KC_TRNS, KC_TRNS),
 100:keyboards/kb/keymaps/default/keymap.c **** 
 101:keyboards/kb/keymaps/default/keymap.c **** 	KEYMAP(
 102:keyboards/kb/keymaps/default/keymap.c **** 		KC_TRNS, 
 103:keyboards/kb/keymaps/default/keymap.c **** 		KC_TRNS, 
 104:keyboards/kb/keymaps/default/keymap.c **** 		KC_TRNS, KC_TRNS, 
 105:keyboards/kb/keymaps/default/keymap.c **** 		KC_TRNS, KC_TRNS, 
 106:keyboards/kb/keymaps/default/keymap.c **** 		KC_TRNS, 
 107:keyboards/kb/keymaps/default/keymap.c **** 		KC_TRNS, 
 108:keyboards/kb/keymaps/default/keymap.c **** 		KC_TRNS, 
 109:keyboards/kb/keymaps/default/keymap.c **** 		KC_TRNS, 
 110:keyboards/kb/keymaps/default/keymap.c **** 		KC_TRNS, 
 111:keyboards/kb/keymaps/default/keymap.c **** 		KC_TRNS, KC_TRNS, 
 112:keyboards/kb/keymaps/default/keymap.c **** 		KC_TRNS, 
 113:keyboards/kb/keymaps/default/keymap.c **** 		KC_TRNS, 
 114:keyboards/kb/keymaps/default/keymap.c **** 		KC_TRNS, 
 115:keyboards/kb/keymaps/default/keymap.c **** 		KC_TRNS, KC_TRNS),
 116:keyboards/kb/keymaps/default/keymap.c **** 
 117:keyboards/kb/keymaps/default/keymap.c **** 	KEYMAP(
 118:keyboards/kb/keymaps/default/keymap.c **** 		KC_TRNS, 
 119:keyboards/kb/keymaps/default/keymap.c **** 		KC_TRNS, 
 120:keyboards/kb/keymaps/default/keymap.c **** 		KC_TRNS, KC_TRNS, 
 121:keyboards/kb/keymaps/default/keymap.c **** 		KC_TRNS, KC_TRNS, 
 122:keyboards/kb/keymaps/default/keymap.c **** 		KC_TRNS, 
 123:keyboards/kb/keymaps/default/keymap.c **** 		KC_TRNS, 
 124:keyboards/kb/keymaps/default/keymap.c **** 		KC_TRNS, 
 125:keyboards/kb/keymaps/default/keymap.c **** 		KC_TRNS, 
 126:keyboards/kb/keymaps/default/keymap.c **** 		KC_TRNS, 
 127:keyboards/kb/keymaps/default/keymap.c **** 		KC_TRNS, KC_TRNS, 
 128:keyboards/kb/keymaps/default/keymap.c **** 		KC_TRNS, 
 129:keyboards/kb/keymaps/default/keymap.c **** 		KC_TRNS, 
 130:keyboards/kb/keymaps/default/keymap.c **** 		KC_TRNS, 
 131:keyboards/kb/keymaps/default/keymap.c **** 		KC_TRNS, KC_TRNS),
 132:keyboards/kb/keymaps/default/keymap.c **** 
 133:keyboards/kb/keymaps/default/keymap.c **** 	KEYMAP(
 134:keyboards/kb/keymaps/default/keymap.c **** 		KC_TRNS, 
 135:keyboards/kb/keymaps/default/keymap.c **** 		KC_TRNS, 
 136:keyboards/kb/keymaps/default/keymap.c **** 		KC_TRNS, KC_TRNS, 
 137:keyboards/kb/keymaps/default/keymap.c **** 		KC_TRNS, KC_TRNS, 
 138:keyboards/kb/keymaps/default/keymap.c **** 		KC_TRNS, 
 139:keyboards/kb/keymaps/default/keymap.c **** 		KC_TRNS, 
 140:keyboards/kb/keymaps/default/keymap.c **** 		KC_TRNS, 
 141:keyboards/kb/keymaps/default/keymap.c **** 		KC_TRNS, 
 142:keyboards/kb/keymaps/default/keymap.c **** 		KC_TRNS, 
 143:keyboards/kb/keymaps/default/keymap.c **** 		KC_TRNS, KC_TRNS, 
 144:keyboards/kb/keymaps/default/keymap.c **** 		KC_TRNS, 
 145:keyboards/kb/keymaps/default/keymap.c **** 		KC_TRNS, 
 146:keyboards/kb/keymaps/default/keymap.c **** 		KC_TRNS, 
 147:keyboards/kb/keymaps/default/keymap.c **** 		KC_TRNS, KC_TRNS),
 148:keyboards/kb/keymaps/default/keymap.c **** 
 149:keyboards/kb/keymaps/default/keymap.c **** 	KEYMAP(
 150:keyboards/kb/keymaps/default/keymap.c **** 		KC_TRNS, 
 151:keyboards/kb/keymaps/default/keymap.c **** 		KC_TRNS, 
 152:keyboards/kb/keymaps/default/keymap.c **** 		KC_TRNS, KC_TRNS, 
 153:keyboards/kb/keymaps/default/keymap.c **** 		KC_TRNS, KC_TRNS, 
 154:keyboards/kb/keymaps/default/keymap.c **** 		KC_TRNS, 
 155:keyboards/kb/keymaps/default/keymap.c **** 		KC_TRNS, 
 156:keyboards/kb/keymaps/default/keymap.c **** 		KC_TRNS, 
 157:keyboards/kb/keymaps/default/keymap.c **** 		KC_TRNS, 
 158:keyboards/kb/keymaps/default/keymap.c **** 		KC_TRNS, 
 159:keyboards/kb/keymaps/default/keymap.c **** 		KC_TRNS, KC_TRNS, 
 160:keyboards/kb/keymaps/default/keymap.c **** 		KC_TRNS, 
 161:keyboards/kb/keymaps/default/keymap.c **** 		KC_TRNS, 
 162:keyboards/kb/keymaps/default/keymap.c **** 		KC_TRNS, 
 163:keyboards/kb/keymaps/default/keymap.c **** 		KC_TRNS, KC_TRNS),
 164:keyboards/kb/keymaps/default/keymap.c **** 
 165:keyboards/kb/keymaps/default/keymap.c **** 	KEYMAP(
 166:keyboards/kb/keymaps/default/keymap.c **** 		KC_TRNS, 
 167:keyboards/kb/keymaps/default/keymap.c **** 		KC_TRNS, 
 168:keyboards/kb/keymaps/default/keymap.c **** 		KC_TRNS, KC_TRNS, 
 169:keyboards/kb/keymaps/default/keymap.c **** 		KC_TRNS, KC_TRNS, 
 170:keyboards/kb/keymaps/default/keymap.c **** 		KC_TRNS, 
 171:keyboards/kb/keymaps/default/keymap.c **** 		KC_TRNS, 
 172:keyboards/kb/keymaps/default/keymap.c **** 		KC_TRNS, 
 173:keyboards/kb/keymaps/default/keymap.c **** 		KC_TRNS, 
 174:keyboards/kb/keymaps/default/keymap.c **** 		KC_TRNS, 
 175:keyboards/kb/keymaps/default/keymap.c **** 		KC_TRNS, KC_TRNS, 
 176:keyboards/kb/keymaps/default/keymap.c **** 		KC_TRNS, 
 177:keyboards/kb/keymaps/default/keymap.c **** 		KC_TRNS, 
 178:keyboards/kb/keymaps/default/keymap.c **** 		KC_TRNS, 
 179:keyboards/kb/keymaps/default/keymap.c **** 		KC_TRNS, KC_TRNS),
 180:keyboards/kb/keymaps/default/keymap.c **** 
 181:keyboards/kb/keymaps/default/keymap.c **** 	KEYMAP(
 182:keyboards/kb/keymaps/default/keymap.c **** 		KC_TRNS, 
 183:keyboards/kb/keymaps/default/keymap.c **** 		KC_TRNS, 
 184:keyboards/kb/keymaps/default/keymap.c **** 		KC_TRNS, KC_TRNS, 
 185:keyboards/kb/keymaps/default/keymap.c **** 		KC_TRNS, KC_TRNS, 
 186:keyboards/kb/keymaps/default/keymap.c **** 		KC_TRNS, 
 187:keyboards/kb/keymaps/default/keymap.c **** 		KC_TRNS, 
 188:keyboards/kb/keymaps/default/keymap.c **** 		KC_TRNS, 
 189:keyboards/kb/keymaps/default/keymap.c **** 		KC_TRNS, 
 190:keyboards/kb/keymaps/default/keymap.c **** 		KC_TRNS, 
 191:keyboards/kb/keymaps/default/keymap.c **** 		KC_TRNS, KC_TRNS, 
 192:keyboards/kb/keymaps/default/keymap.c **** 		KC_TRNS, 
 193:keyboards/kb/keymaps/default/keymap.c **** 		KC_TRNS, 
 194:keyboards/kb/keymaps/default/keymap.c **** 		KC_TRNS, 
 195:keyboards/kb/keymaps/default/keymap.c **** 		KC_TRNS, KC_TRNS),
 196:keyboards/kb/keymaps/default/keymap.c **** 
 197:keyboards/kb/keymaps/default/keymap.c **** 	KEYMAP(
 198:keyboards/kb/keymaps/default/keymap.c **** 		KC_TRNS, 
 199:keyboards/kb/keymaps/default/keymap.c **** 		KC_TRNS, 
 200:keyboards/kb/keymaps/default/keymap.c **** 		KC_TRNS, KC_TRNS, 
 201:keyboards/kb/keymaps/default/keymap.c **** 		KC_TRNS, KC_TRNS, 
 202:keyboards/kb/keymaps/default/keymap.c **** 		KC_TRNS, 
 203:keyboards/kb/keymaps/default/keymap.c **** 		KC_TRNS, 
 204:keyboards/kb/keymaps/default/keymap.c **** 		KC_TRNS, 
 205:keyboards/kb/keymaps/default/keymap.c **** 		KC_TRNS, 
 206:keyboards/kb/keymaps/default/keymap.c **** 		KC_TRNS, 
 207:keyboards/kb/keymaps/default/keymap.c **** 		KC_TRNS, KC_TRNS, 
 208:keyboards/kb/keymaps/default/keymap.c **** 		KC_TRNS, 
 209:keyboards/kb/keymaps/default/keymap.c **** 		KC_TRNS, 
 210:keyboards/kb/keymaps/default/keymap.c **** 		KC_TRNS, 
 211:keyboards/kb/keymaps/default/keymap.c **** 		KC_TRNS, KC_TRNS),
 212:keyboards/kb/keymaps/default/keymap.c **** 
 213:keyboards/kb/keymaps/default/keymap.c **** 	KEYMAP(
 214:keyboards/kb/keymaps/default/keymap.c **** 		KC_TRNS, 
 215:keyboards/kb/keymaps/default/keymap.c **** 		KC_TRNS, 
 216:keyboards/kb/keymaps/default/keymap.c **** 		KC_TRNS, KC_TRNS, 
 217:keyboards/kb/keymaps/default/keymap.c **** 		KC_TRNS, KC_TRNS, 
 218:keyboards/kb/keymaps/default/keymap.c **** 		KC_TRNS, 
 219:keyboards/kb/keymaps/default/keymap.c **** 		KC_TRNS, 
 220:keyboards/kb/keymaps/default/keymap.c **** 		KC_TRNS, 
 221:keyboards/kb/keymaps/default/keymap.c **** 		KC_TRNS, 
 222:keyboards/kb/keymaps/default/keymap.c **** 		KC_TRNS, 
 223:keyboards/kb/keymaps/default/keymap.c **** 		KC_TRNS, KC_TRNS, 
 224:keyboards/kb/keymaps/default/keymap.c **** 		KC_TRNS, 
 225:keyboards/kb/keymaps/default/keymap.c **** 		KC_TRNS, 
 226:keyboards/kb/keymaps/default/keymap.c **** 		KC_TRNS, 
 227:keyboards/kb/keymaps/default/keymap.c **** 		KC_TRNS, KC_TRNS),
 228:keyboards/kb/keymaps/default/keymap.c **** 
 229:keyboards/kb/keymaps/default/keymap.c **** 	KEYMAP(
 230:keyboards/kb/keymaps/default/keymap.c **** 		KC_TRNS, 
 231:keyboards/kb/keymaps/default/keymap.c **** 		KC_TRNS, 
 232:keyboards/kb/keymaps/default/keymap.c **** 		KC_TRNS, KC_TRNS, 
 233:keyboards/kb/keymaps/default/keymap.c **** 		KC_TRNS, KC_TRNS, 
 234:keyboards/kb/keymaps/default/keymap.c **** 		KC_TRNS, 
 235:keyboards/kb/keymaps/default/keymap.c **** 		KC_TRNS, 
 236:keyboards/kb/keymaps/default/keymap.c **** 		KC_TRNS, 
 237:keyboards/kb/keymaps/default/keymap.c **** 		KC_TRNS, 
 238:keyboards/kb/keymaps/default/keymap.c **** 		KC_TRNS, 
 239:keyboards/kb/keymaps/default/keymap.c **** 		KC_TRNS, KC_TRNS, 
 240:keyboards/kb/keymaps/default/keymap.c **** 		KC_TRNS, 
 241:keyboards/kb/keymaps/default/keymap.c **** 		KC_TRNS, 
 242:keyboards/kb/keymaps/default/keymap.c **** 		KC_TRNS, 
 243:keyboards/kb/keymaps/default/keymap.c **** 		KC_TRNS, KC_TRNS),
 244:keyboards/kb/keymaps/default/keymap.c **** 
 245:keyboards/kb/keymaps/default/keymap.c **** 	KEYMAP(
 246:keyboards/kb/keymaps/default/keymap.c **** 		KC_TRNS, 
 247:keyboards/kb/keymaps/default/keymap.c **** 		KC_TRNS, 
 248:keyboards/kb/keymaps/default/keymap.c **** 		KC_TRNS, KC_TRNS, 
 249:keyboards/kb/keymaps/default/keymap.c **** 		KC_TRNS, KC_TRNS, 
 250:keyboards/kb/keymaps/default/keymap.c **** 		KC_TRNS, 
 251:keyboards/kb/keymaps/default/keymap.c **** 		KC_TRNS, 
 252:keyboards/kb/keymaps/default/keymap.c **** 		KC_TRNS, 
 253:keyboards/kb/keymaps/default/keymap.c **** 		KC_TRNS, 
 254:keyboards/kb/keymaps/default/keymap.c **** 		KC_TRNS, 
 255:keyboards/kb/keymaps/default/keymap.c **** 		KC_TRNS, KC_TRNS, 
 256:keyboards/kb/keymaps/default/keymap.c **** 		KC_TRNS, 
 257:keyboards/kb/keymaps/default/keymap.c **** 		KC_TRNS, 
 258:keyboards/kb/keymaps/default/keymap.c **** 		KC_TRNS, 
 259:keyboards/kb/keymaps/default/keymap.c **** 		KC_TRNS, KC_TRNS)
 260:keyboards/kb/keymaps/default/keymap.c **** 
 261:keyboards/kb/keymaps/default/keymap.c **** };
 262:keyboards/kb/keymaps/default/keymap.c **** 
 263:keyboards/kb/keymaps/default/keymap.c **** const macro_t *action_get_macro(keyrecord_t *record, uint8_t id, uint8_t opt) {
  17               		.loc 1 263 79 view -0
  18               		.cfi_startproc
  19               	/* prologue: function */
  20               	/* frame size = 0 */
  21               	/* stack size = 0 */
  22               	.L__stack_usage = 0
 264:keyboards/kb/keymaps/default/keymap.c **** 	keyevent_t event = record->event;
  23               		.loc 1 264 2 view .LVU1
 265:keyboards/kb/keymaps/default/keymap.c **** 
 266:keyboards/kb/keymaps/default/keymap.c **** 	switch (id) {
  24               		.loc 1 266 2 view .LVU2
 267:keyboards/kb/keymaps/default/keymap.c **** 
 268:keyboards/kb/keymaps/default/keymap.c **** 	}
  25               		.loc 1 268 2 view .LVU3
 269:keyboards/kb/keymaps/default/keymap.c **** 	return MACRO_NONE;
  26               		.loc 1 269 2 view .LVU4
 270:keyboards/kb/keymaps/default/keymap.c **** }
  27               		.loc 1 270 1 is_stmt 0 view .LVU5
  28 0000 90E0      		ldi r25,0
  29 0002 80E0      		ldi r24,0
  30               	.LVL1:
  31               	/* epilogue start */
  32               		.loc 1 270 1 view .LVU6
  33 0004 0895      		ret
  34               		.cfi_endproc
  35               	.LFE107:
  37               		.section	.text.matrix_init_user,"ax",@progbits
  38               	.global	matrix_init_user
  40               	matrix_init_user:
  41               	.LFB108:
 271:keyboards/kb/keymaps/default/keymap.c **** 
 272:keyboards/kb/keymaps/default/keymap.c **** void matrix_init_user(void) {
  42               		.loc 1 272 29 is_stmt 1 view -0
  43               		.cfi_startproc
  44               	/* prologue: function */
  45               	/* frame size = 0 */
  46               	/* stack size = 0 */
  47               	.L__stack_usage = 0
 273:keyboards/kb/keymaps/default/keymap.c **** }
  48               		.loc 1 273 1 view .LVU8
  49               	/* epilogue start */
  50 0000 0895      		ret
  51               		.cfi_endproc
  52               	.LFE108:
  54               		.section	.text.matrix_scan_user,"ax",@progbits
  55               	.global	matrix_scan_user
  57               	matrix_scan_user:
  58               	.LFB113:
  59               		.cfi_startproc
  60               	/* prologue: function */
  61               	/* frame size = 0 */
  62               	/* stack size = 0 */
  63               	.L__stack_usage = 0
  64               	/* epilogue start */
  65 0000 0895      		ret
  66               		.cfi_endproc
  67               	.LFE113:
  69               		.section	.text.process_record_user,"ax",@progbits
  70               	.global	process_record_user
  72               	process_record_user:
  73               	.LVL2:
  74               	.LFB110:
 274:keyboards/kb/keymaps/default/keymap.c **** 
 275:keyboards/kb/keymaps/default/keymap.c **** void matrix_scan_user(void) {
 276:keyboards/kb/keymaps/default/keymap.c **** }
 277:keyboards/kb/keymaps/default/keymap.c **** 
 278:keyboards/kb/keymaps/default/keymap.c **** bool process_record_user(uint16_t keycode, keyrecord_t *record) {
  75               		.loc 1 278 65 view -0
  76               		.cfi_startproc
  77               	/* prologue: function */
  78               	/* frame size = 0 */
  79               	/* stack size = 0 */
  80               	.L__stack_usage = 0
 279:keyboards/kb/keymaps/default/keymap.c **** 	return true;
  81               		.loc 1 279 2 view .LVU10
 280:keyboards/kb/keymaps/default/keymap.c **** }
  82               		.loc 1 280 1 is_stmt 0 view .LVU11
  83 0000 81E0      		ldi r24,lo8(1)
  84               	.LVL3:
  85               	/* epilogue start */
  86               		.loc 1 280 1 view .LVU12
  87 0002 0895      		ret
  88               		.cfi_endproc
  89               	.LFE110:
  91               		.section	.text.led_set_user,"ax",@progbits
  92               	.global	led_set_user
  94               	led_set_user:
  95               	.LVL4:
  96               	.LFB111:
 281:keyboards/kb/keymaps/default/keymap.c **** 
 282:keyboards/kb/keymaps/default/keymap.c **** void led_set_user(uint8_t usb_led) {
  97               		.loc 1 282 36 is_stmt 1 view -0
  98               		.cfi_startproc
  99               	/* prologue: function */
 100               	/* frame size = 0 */
 101               	/* stack size = 0 */
 102               	.L__stack_usage = 0
 283:keyboards/kb/keymaps/default/keymap.c **** 
 284:keyboards/kb/keymaps/default/keymap.c **** 	if (usb_led & (1 << USB_LED_NUM_LOCK)) {
 103               		.loc 1 284 2 view .LVU14
 285:keyboards/kb/keymaps/default/keymap.c **** 		
 286:keyboards/kb/keymaps/default/keymap.c **** 	} else {
 287:keyboards/kb/keymaps/default/keymap.c **** 		
 288:keyboards/kb/keymaps/default/keymap.c **** 	}
 104               		.loc 1 288 2 view .LVU15
 289:keyboards/kb/keymaps/default/keymap.c **** 
 290:keyboards/kb/keymaps/default/keymap.c **** 	if (usb_led & (1 << USB_LED_CAPS_LOCK)) {
 105               		.loc 1 290 2 view .LVU16
 291:keyboards/kb/keymaps/default/keymap.c **** 		
 292:keyboards/kb/keymaps/default/keymap.c **** 	} else {
 293:keyboards/kb/keymaps/default/keymap.c **** 		
 294:keyboards/kb/keymaps/default/keymap.c **** 	}
 106               		.loc 1 294 2 view .LVU17
 295:keyboards/kb/keymaps/default/keymap.c **** 
 296:keyboards/kb/keymaps/default/keymap.c **** 	if (usb_led & (1 << USB_LED_SCROLL_LOCK)) {
 107               		.loc 1 296 2 view .LVU18
 297:keyboards/kb/keymaps/default/keymap.c **** 		
 298:keyboards/kb/keymaps/default/keymap.c **** 	} else {
 299:keyboards/kb/keymaps/default/keymap.c **** 		
 300:keyboards/kb/keymaps/default/keymap.c **** 	}
 108               		.loc 1 300 2 view .LVU19
 301:keyboards/kb/keymaps/default/keymap.c **** 
 302:keyboards/kb/keymaps/default/keymap.c **** 	if (usb_led & (1 << USB_LED_COMPOSE)) {
 109               		.loc 1 302 2 view .LVU20
 303:keyboards/kb/keymaps/default/keymap.c **** 		
 304:keyboards/kb/keymaps/default/keymap.c **** 	} else {
 305:keyboards/kb/keymaps/default/keymap.c **** 		
 306:keyboards/kb/keymaps/default/keymap.c **** 	}
 110               		.loc 1 306 2 view .LVU21
 307:keyboards/kb/keymaps/default/keymap.c **** 
 308:keyboards/kb/keymaps/default/keymap.c **** 	if (usb_led & (1 << USB_LED_KANA)) {
 111               		.loc 1 308 2 view .LVU22
 309:keyboards/kb/keymaps/default/keymap.c **** 		
 310:keyboards/kb/keymaps/default/keymap.c **** 	} else {
 311:keyboards/kb/keymaps/default/keymap.c **** 		
 312:keyboards/kb/keymaps/default/keymap.c **** 	}
 112               		.loc 1 312 2 view .LVU23
 113               	/* epilogue start */
 313:keyboards/kb/keymaps/default/keymap.c **** 
 314:keyboards/kb/keymaps/default/keymap.c **** }...
 114               		.loc 1 314 1 is_stmt 0 view .LVU24
 115 0000 0895      		ret
 116               		.cfi_endproc
 117               	.LFE111:
 119               	.global	keymaps
 120               		.section	.progmem.data.keymaps,"a"
 123               	keymaps:
 124 0000 0000      		.word	0
 125 0002 5E00      		.word	94
 126 0004 0000      		.word	0
 127 0006 0000      		.word	0
 128 0008 5D00      		.word	93
 129 000a 0000      		.word	0
 130 000c 0000      		.word	0
 131 000e 5C00      		.word	92
 132 0010 5700      		.word	87
 133 0012 5800      		.word	88
 134 0014 0000      		.word	0
 135 0016 6700      		.word	103
 136 0018 0000      		.word	0
 137 001a 0000      		.word	0
 138 001c 5900      		.word	89
 139 001e 0000      		.word	0
 140 0020 0000      		.word	0
 141 0022 5A00      		.word	90
 142 0024 0000      		.word	0
 143 0026 0000      		.word	0
 144 0028 5B00      		.word	91
 145 002a 0000      		.word	0
 146 002c 0000      		.word	0
 147 002e 6300      		.word	99
 148 0030 0000      		.word	0
 149 0032 0000      		.word	0
 150 0034 8500      		.word	133
 151 0036 0000      		.word	0
 152 0038 5F00      		.word	95
 153 003a 6200      		.word	98
 154 003c 0000      		.word	0
 155 003e 6000      		.word	96
 156 0040 0000      		.word	0
 157 0042 0000      		.word	0
 158 0044 6100      		.word	97
 159 0046 0000      		.word	0
 160 0048 0000      		.word	0
 161 004a 5600      		.word	86
 162 004c 0000      		.word	0
 163 004e 0000      		.word	0
 164 0050 5400      		.word	84
 165 0052 5500      		.word	85
 166 0054 0000      		.word	0
 167 0056 0100      		.word	1
 168 0058 0000      		.word	0
 169 005a 0000      		.word	0
 170 005c 0100      		.word	1
 171 005e 0000      		.word	0
 172 0060 0000      		.word	0
 173 0062 0100      		.word	1
 174 0064 0100      		.word	1
 175 0066 0100      		.word	1
 176 0068 0000      		.word	0
 177 006a 0100      		.word	1
 178 006c 0000      		.word	0
 179 006e 0000      		.word	0
 180 0070 0100      		.word	1
 181 0072 0000      		.word	0
 182 0074 0000      		.word	0
 183 0076 0100      		.word	1
 184 0078 0000      		.word	0
 185 007a 0000      		.word	0
 186 007c 0100      		.word	1
 187 007e 0000      		.word	0
 188 0080 0000      		.word	0
 189 0082 0100      		.word	1
 190 0084 0000      		.word	0
 191 0086 0000      		.word	0
 192 0088 0100      		.word	1
 193 008a 0000      		.word	0
 194 008c 0100      		.word	1
 195 008e 0100      		.word	1
 196 0090 0000      		.word	0
 197 0092 0100      		.word	1
 198 0094 0000      		.word	0
 199 0096 0000      		.word	0
 200 0098 0100      		.word	1
 201 009a 0000      		.word	0
 202 009c 0000      		.word	0
 203 009e 0100      		.word	1
 204 00a0 0000      		.word	0
 205 00a2 0000      		.word	0
 206 00a4 0100      		.word	1
 207 00a6 0100      		.word	1
 208 00a8 0000      		.word	0
 209 00aa 0100      		.word	1
 210 00ac 0000      		.word	0
 211 00ae 0000      		.word	0
 212 00b0 0100      		.word	1
 213 00b2 0000      		.word	0
 214 00b4 0000      		.word	0
 215 00b6 0100      		.word	1
 216 00b8 0100      		.word	1
 217 00ba 0100      		.word	1
 218 00bc 0000      		.word	0
 219 00be 0100      		.word	1
 220 00c0 0000      		.word	0
 221 00c2 0000      		.word	0
 222 00c4 0100      		.word	1
 223 00c6 0000      		.word	0
 224 00c8 0000      		.word	0
 225 00ca 0100      		.word	1
 226 00cc 0000      		.word	0
 227 00ce 0000      		.word	0
 228 00d0 0100      		.word	1
 229 00d2 0000      		.word	0
 230 00d4 0000      		.word	0
 231 00d6 0100      		.word	1
 232 00d8 0000      		.word	0
 233 00da 0000      		.word	0
 234 00dc 0100      		.word	1
 235 00de 0000      		.word	0
 236 00e0 0100      		.word	1
 237 00e2 0100      		.word	1
 238 00e4 0000      		.word	0
 239 00e6 0100      		.word	1
 240 00e8 0000      		.word	0
 241 00ea 0000      		.word	0
 242 00ec 0100      		.word	1
 243 00ee 0000      		.word	0
 244 00f0 0000      		.word	0
 245 00f2 0100      		.word	1
 246 00f4 0000      		.word	0
 247 00f6 0000      		.word	0
 248 00f8 0100      		.word	1
 249 00fa 0100      		.word	1
 250 00fc 0000      		.word	0
 251 00fe 0100      		.word	1
 252 0100 0000      		.word	0
 253 0102 0000      		.word	0
 254 0104 0100      		.word	1
 255 0106 0000      		.word	0
 256 0108 0000      		.word	0
 257 010a 0100      		.word	1
 258 010c 0100      		.word	1
 259 010e 0100      		.word	1
 260 0110 0000      		.word	0
 261 0112 0100      		.word	1
 262 0114 0000      		.word	0
 263 0116 0000      		.word	0
 264 0118 0100      		.word	1
 265 011a 0000      		.word	0
 266 011c 0000      		.word	0
 267 011e 0100      		.word	1
 268 0120 0000      		.word	0
 269 0122 0000      		.word	0
 270 0124 0100      		.word	1
 271 0126 0000      		.word	0
 272 0128 0000      		.word	0
 273 012a 0100      		.word	1
 274 012c 0000      		.word	0
 275 012e 0000      		.word	0
 276 0130 0100      		.word	1
 277 0132 0000      		.word	0
 278 0134 0100      		.word	1
 279 0136 0100      		.word	1
 280 0138 0000      		.word	0
 281 013a 0100      		.word	1
 282 013c 0000      		.word	0
 283 013e 0000      		.word	0
 284 0140 0100      		.word	1
 285 0142 0000      		.word	0
 286 0144 0000      		.word	0
 287 0146 0100      		.word	1
 288 0148 0000      		.word	0
 289 014a 0000      		.word	0
 290 014c 0100      		.word	1
 291 014e 0100      		.word	1
 292 0150 0000      		.word	0
 293 0152 0100      		.word	1
 294 0154 0000      		.word	0
 295 0156 0000      		.word	0
 296 0158 0100      		.word	1
 297 015a 0000      		.word	0
 298 015c 0000      		.word	0
 299 015e 0100      		.word	1
 300 0160 0100      		.word	1
 301 0162 0100      		.word	1
 302 0164 0000      		.word	0
 303 0166 0100      		.word	1
 304 0168 0000      		.word	0
 305 016a 0000      		.word	0
 306 016c 0100      		.word	1
 307 016e 0000      		.word	0
 308 0170 0000      		.word	0
 309 0172 0100      		.word	1
 310 0174 0000      		.word	0
 311 0176 0000      		.word	0
 312 0178 0100      		.word	1
 313 017a 0000      		.word	0
 314 017c 0000      		.word	0
 315 017e 0100      		.word	1
 316 0180 0000      		.word	0
 317 0182 0000      		.word	0
 318 0184 0100      		.word	1
 319 0186 0000      		.word	0
 320 0188 0100      		.word	1
 321 018a 0100      		.word	1
 322 018c 0000      		.word	0
 323 018e 0100      		.word	1
 324 0190 0000      		.word	0
 325 0192 0000      		.word	0
 326 0194 0100      		.word	1
 327 0196 0000      		.word	0
 328 0198 0000      		.word	0
 329 019a 0100      		.word	1
 330 019c 0000      		.word	0
 331 019e 0000      		.word	0
 332 01a0 0100      		.word	1
 333 01a2 0100      		.word	1
 334 01a4 0000      		.word	0
 335 01a6 0100      		.word	1
 336 01a8 0000      		.word	0
 337 01aa 0000      		.word	0
 338 01ac 0100      		.word	1
 339 01ae 0000      		.word	0
 340 01b0 0000      		.word	0
 341 01b2 0100      		.word	1
 342 01b4 0100      		.word	1
 343 01b6 0100      		.word	1
 344 01b8 0000      		.word	0
 345 01ba 0100      		.word	1
 346 01bc 0000      		.word	0
 347 01be 0000      		.word	0
 348 01c0 0100      		.word	1
 349 01c2 0000      		.word	0
 350 01c4 0000      		.word	0
 351 01c6 0100      		.word	1
 352 01c8 0000      		.word	0
 353 01ca 0000      		.word	0
 354 01cc 0100      		.word	1
 355 01ce 0000      		.word	0
 356 01d0 0000      		.word	0
 357 01d2 0100      		.word	1
 358 01d4 0000      		.word	0
 359 01d6 0000      		.word	0
 360 01d8 0100      		.word	1
 361 01da 0000      		.word	0
 362 01dc 0100      		.word	1
 363 01de 0100      		.word	1
 364 01e0 0000      		.word	0
 365 01e2 0100      		.word	1
 366 01e4 0000      		.word	0
 367 01e6 0000      		.word	0
 368 01e8 0100      		.word	1
 369 01ea 0000      		.word	0
 370 01ec 0000      		.word	0
 371 01ee 0100      		.word	1
 372 01f0 0000      		.word	0
 373 01f2 0000      		.word	0
 374 01f4 0100      		.word	1
 375 01f6 0100      		.word	1
 376 01f8 0000      		.word	0
 377 01fa 0100      		.word	1
 378 01fc 0000      		.word	0
 379 01fe 0000      		.word	0
 380 0200 0100      		.word	1
 381 0202 0000      		.word	0
 382 0204 0000      		.word	0
 383 0206 0100      		.word	1
 384 0208 0100      		.word	1
 385 020a 0100      		.word	1
 386 020c 0000      		.word	0
 387 020e 0100      		.word	1
 388 0210 0000      		.word	0
 389 0212 0000      		.word	0
 390 0214 0100      		.word	1
 391 0216 0000      		.word	0
 392 0218 0000      		.word	0
 393 021a 0100      		.word	1
 394 021c 0000      		.word	0
 395 021e 0000      		.word	0
 396 0220 0100      		.word	1
 397 0222 0000      		.word	0
 398 0224 0000      		.word	0
 399 0226 0100      		.word	1
 400 0228 0000      		.word	0
 401 022a 0000      		.word	0
 402 022c 0100      		.word	1
 403 022e 0000      		.word	0
 404 0230 0100      		.word	1
 405 0232 0100      		.word	1
 406 0234 0000      		.word	0
 407 0236 0100      		.word	1
 408 0238 0000      		.word	0
 409 023a 0000      		.word	0
 410 023c 0100      		.word	1
 411 023e 0000      		.word	0
 412 0240 0000      		.word	0
 413 0242 0100      		.word	1
 414 0244 0000      		.word	0
 415 0246 0000      		.word	0
 416 0248 0100      		.word	1
 417 024a 0100      		.word	1
 418 024c 0000      		.word	0
 419 024e 0100      		.word	1
 420 0250 0000      		.word	0
 421 0252 0000      		.word	0
 422 0254 0100      		.word	1
 423 0256 0000      		.word	0
 424 0258 0000      		.word	0
 425 025a 0100      		.word	1
 426 025c 0100      		.word	1
 427 025e 0100      		.word	1
 428 0260 0000      		.word	0
 429 0262 0100      		.word	1
 430 0264 0000      		.word	0
 431 0266 0000      		.word	0
 432 0268 0100      		.word	1
 433 026a 0000      		.word	0
 434 026c 0000      		.word	0
 435 026e 0100      		.word	1
 436 0270 0000      		.word	0
 437 0272 0000      		.word	0
 438 0274 0100      		.word	1
 439 0276 0000      		.word	0
 440 0278 0000      		.word	0
 441 027a 0100      		.word	1
 442 027c 0000      		.word	0
 443 027e 0000      		.word	0
 444 0280 0100      		.word	1
 445 0282 0000      		.word	0
 446 0284 0100      		.word	1
 447 0286 0100      		.word	1
 448 0288 0000      		.word	0
 449 028a 0100      		.word	1
 450 028c 0000      		.word	0
 451 028e 0000      		.word	0
 452 0290 0100      		.word	1
 453 0292 0000      		.word	0
 454 0294 0000      		.word	0
 455 0296 0100      		.word	1
 456 0298 0000      		.word	0
 457 029a 0000      		.word	0
 458 029c 0100      		.word	1
 459 029e 0100      		.word	1
 460 02a0 0000      		.word	0
 461 02a2 0100      		.word	1
 462 02a4 0000      		.word	0
 463 02a6 0000      		.word	0
 464 02a8 0100      		.word	1
 465 02aa 0000      		.word	0
 466 02ac 0000      		.word	0
 467 02ae 0100      		.word	1
 468 02b0 0100      		.word	1
 469 02b2 0100      		.word	1
 470 02b4 0000      		.word	0
 471 02b6 0100      		.word	1
 472 02b8 0000      		.word	0
 473 02ba 0000      		.word	0
 474 02bc 0100      		.word	1
 475 02be 0000      		.word	0
 476 02c0 0000      		.word	0
 477 02c2 0100      		.word	1
 478 02c4 0000      		.word	0
 479 02c6 0000      		.word	0
 480 02c8 0100      		.word	1
 481 02ca 0000      		.word	0
 482 02cc 0000      		.word	0
 483 02ce 0100      		.word	1
 484 02d0 0000      		.word	0
 485 02d2 0000      		.word	0
 486 02d4 0100      		.word	1
 487 02d6 0000      		.word	0
 488 02d8 0100      		.word	1
 489 02da 0100      		.word	1
 490 02dc 0000      		.word	0
 491 02de 0100      		.word	1
 492 02e0 0000      		.word	0
 493 02e2 0000      		.word	0
 494 02e4 0100      		.word	1
 495 02e6 0000      		.word	0
 496 02e8 0000      		.word	0
 497 02ea 0100      		.word	1
 498 02ec 0000      		.word	0
 499 02ee 0000      		.word	0
 500 02f0 0100      		.word	1
 501 02f2 0100      		.word	1
 502 02f4 0000      		.word	0
 503 02f6 0100      		.word	1
 504 02f8 0000      		.word	0
 505 02fa 0000      		.word	0
 506 02fc 0100      		.word	1
 507 02fe 0000      		.word	0
 508 0300 0000      		.word	0
 509 0302 0100      		.word	1
 510 0304 0100      		.word	1
 511 0306 0100      		.word	1
 512 0308 0000      		.word	0
 513 030a 0100      		.word	1
 514 030c 0000      		.word	0
 515 030e 0000      		.word	0
 516 0310 0100      		.word	1
 517 0312 0000      		.word	0
 518 0314 0000      		.word	0
 519 0316 0100      		.word	1
 520 0318 0000      		.word	0
 521 031a 0000      		.word	0
 522 031c 0100      		.word	1
 523 031e 0000      		.word	0
 524 0320 0000      		.word	0
 525 0322 0100      		.word	1
 526 0324 0000      		.word	0
 527 0326 0000      		.word	0
 528 0328 0100      		.word	1
 529 032a 0000      		.word	0
 530 032c 0100      		.word	1
 531 032e 0100      		.word	1
 532 0330 0000      		.word	0
 533 0332 0100      		.word	1
 534 0334 0000      		.word	0
 535 0336 0000      		.word	0
 536 0338 0100      		.word	1
 537 033a 0000      		.word	0
 538 033c 0000      		.word	0
 539 033e 0100      		.word	1
 540 0340 0000      		.word	0
 541 0342 0000      		.word	0
 542 0344 0100      		.word	1
 543 0346 0100      		.word	1
 544 0348 0000      		.word	0
 545 034a 0100      		.word	1
 546 034c 0000      		.word	0
 547 034e 0000      		.word	0
 548 0350 0100      		.word	1
 549 0352 0000      		.word	0
 550 0354 0000      		.word	0
 551 0356 0100      		.word	1
 552 0358 0100      		.word	1
 553 035a 0100      		.word	1
 554 035c 0000      		.word	0
 555 035e 0100      		.word	1
 556 0360 0000      		.word	0
 557 0362 0000      		.word	0
 558 0364 0100      		.word	1
 559 0366 0000      		.word	0
 560 0368 0000      		.word	0
 561 036a 0100      		.word	1
 562 036c 0000      		.word	0
 563 036e 0000      		.word	0
 564 0370 0100      		.word	1
 565 0372 0000      		.word	0
 566 0374 0000      		.word	0
 567 0376 0100      		.word	1
 568 0378 0000      		.word	0
 569 037a 0000      		.word	0
 570 037c 0100      		.word	1
 571 037e 0000      		.word	0
 572 0380 0100      		.word	1
 573 0382 0100      		.word	1
 574 0384 0000      		.word	0
 575 0386 0100      		.word	1
 576 0388 0000      		.word	0
 577 038a 0000      		.word	0
 578 038c 0100      		.word	1
 579 038e 0000      		.word	0
 580 0390 0000      		.word	0
 581 0392 0100      		.word	1
 582 0394 0000      		.word	0
 583 0396 0000      		.word	0
 584 0398 0100      		.word	1
 585 039a 0100      		.word	1
 586 039c 0000      		.word	0
 587 039e 0100      		.word	1
 588 03a0 0000      		.word	0
 589 03a2 0000      		.word	0
 590 03a4 0100      		.word	1
 591 03a6 0000      		.word	0
 592 03a8 0000      		.word	0
 593 03aa 0100      		.word	1
 594 03ac 0100      		.word	1
 595 03ae 0100      		.word	1
 596 03b0 0000      		.word	0
 597 03b2 0100      		.word	1
 598 03b4 0000      		.word	0
 599 03b6 0000      		.word	0
 600 03b8 0100      		.word	1
 601 03ba 0000      		.word	0
 602 03bc 0000      		.word	0
 603 03be 0100      		.word	1
 604 03c0 0000      		.word	0
 605 03c2 0000      		.word	0
 606 03c4 0100      		.word	1
 607 03c6 0000      		.word	0
 608 03c8 0000      		.word	0
 609 03ca 0100      		.word	1
 610 03cc 0000      		.word	0
 611 03ce 0000      		.word	0
 612 03d0 0100      		.word	1
 613 03d2 0000      		.word	0
 614 03d4 0100      		.word	1
 615 03d6 0100      		.word	1
 616 03d8 0000      		.word	0
 617 03da 0100      		.word	1
 618 03dc 0000      		.word	0
 619 03de 0000      		.word	0
 620 03e0 0100      		.word	1
 621 03e2 0000      		.word	0
 622 03e4 0000      		.word	0
 623 03e6 0100      		.word	1
 624 03e8 0000      		.word	0
 625 03ea 0000      		.word	0
 626 03ec 0100      		.word	1
 627 03ee 0100      		.word	1
 628 03f0 0000      		.word	0
 629 03f2 0100      		.word	1
 630 03f4 0000      		.word	0
 631 03f6 0000      		.word	0
 632 03f8 0100      		.word	1
 633 03fa 0000      		.word	0
 634 03fc 0000      		.word	0
 635 03fe 0100      		.word	1
 636 0400 0100      		.word	1
 637 0402 0100      		.word	1
 638 0404 0000      		.word	0
 639 0406 0100      		.word	1
 640 0408 0000      		.word	0
 641 040a 0000      		.word	0
 642 040c 0100      		.word	1
 643 040e 0000      		.word	0
 644 0410 0000      		.word	0
 645 0412 0100      		.word	1
 646 0414 0000      		.word	0
 647 0416 0000      		.word	0
 648 0418 0100      		.word	1
 649 041a 0000      		.word	0
 650 041c 0000      		.word	0
 651 041e 0100      		.word	1
 652 0420 0000      		.word	0
 653 0422 0000      		.word	0
 654 0424 0100      		.word	1
 655 0426 0000      		.word	0
 656 0428 0100      		.word	1
 657 042a 0100      		.word	1
 658 042c 0000      		.word	0
 659 042e 0100      		.word	1
 660 0430 0000      		.word	0
 661 0432 0000      		.word	0
 662 0434 0100      		.word	1
 663 0436 0000      		.word	0
 664 0438 0000      		.word	0
 665 043a 0100      		.word	1
 666 043c 0000      		.word	0
 667 043e 0000      		.word	0
 668 0440 0100      		.word	1
 669 0442 0100      		.word	1
 670 0444 0000      		.word	0
 671 0446 0100      		.word	1
 672 0448 0000      		.word	0
 673 044a 0000      		.word	0
 674 044c 0100      		.word	1
 675 044e 0000      		.word	0
 676 0450 0000      		.word	0
 677 0452 0100      		.word	1
 678 0454 0100      		.word	1
 679 0456 0100      		.word	1
 680 0458 0000      		.word	0
 681 045a 0100      		.word	1
 682 045c 0000      		.word	0
 683 045e 0000      		.word	0
 684 0460 0100      		.word	1
 685 0462 0000      		.word	0
 686 0464 0000      		.word	0
 687 0466 0100      		.word	1
 688 0468 0000      		.word	0
 689 046a 0000      		.word	0
 690 046c 0100      		.word	1
 691 046e 0000      		.word	0
 692 0470 0000      		.word	0
 693 0472 0100      		.word	1
 694 0474 0000      		.word	0
 695 0476 0000      		.word	0
 696 0478 0100      		.word	1
 697 047a 0000      		.word	0
 698 047c 0100      		.word	1
 699 047e 0100      		.word	1
 700 0480 0000      		.word	0
 701 0482 0100      		.word	1
 702 0484 0000      		.word	0
 703 0486 0000      		.word	0
 704 0488 0100      		.word	1
 705 048a 0000      		.word	0
 706 048c 0000      		.word	0
 707 048e 0100      		.word	1
 708 0490 0000      		.word	0
 709 0492 0000      		.word	0
 710 0494 0100      		.word	1
 711 0496 0100      		.word	1
 712 0498 0000      		.word	0
 713 049a 0100      		.word	1
 714 049c 0000      		.word	0
 715 049e 0000      		.word	0
 716 04a0 0100      		.word	1
 717 04a2 0000      		.word	0
 718 04a4 0000      		.word	0
 719 04a6 0100      		.word	1
 720 04a8 0100      		.word	1
 721 04aa 0100      		.word	1
 722 04ac 0000      		.word	0
 723 04ae 0100      		.word	1
 724 04b0 0000      		.word	0
 725 04b2 0000      		.word	0
 726 04b4 0100      		.word	1
 727 04b6 0000      		.word	0
 728 04b8 0000      		.word	0
 729 04ba 0100      		.word	1
 730 04bc 0000      		.word	0
 731 04be 0000      		.word	0
 732 04c0 0100      		.word	1
 733 04c2 0000      		.word	0
 734 04c4 0000      		.word	0
 735 04c6 0100      		.word	1
 736 04c8 0000      		.word	0
 737 04ca 0000      		.word	0
 738 04cc 0100      		.word	1
 739 04ce 0000      		.word	0
 740 04d0 0100      		.word	1
 741 04d2 0100      		.word	1
 742 04d4 0000      		.word	0
 743 04d6 0100      		.word	1
 744 04d8 0000      		.word	0
 745 04da 0000      		.word	0
 746 04dc 0100      		.word	1
 747 04de 0000      		.word	0
 748 04e0 0000      		.word	0
 749 04e2 0100      		.word	1
 750 04e4 0000      		.word	0
 751 04e6 0000      		.word	0
 752 04e8 0100      		.word	1
 753 04ea 0100      		.word	1
 754 04ec 0000      		.word	0
 755 04ee 0100      		.word	1
 756 04f0 0000      		.word	0
 757 04f2 0000      		.word	0
 758 04f4 0100      		.word	1
 759 04f6 0000      		.word	0
 760 04f8 0000      		.word	0
 761 04fa 0100      		.word	1
 762 04fc 0100      		.word	1
 763 04fe 0100      		.word	1
 764 0500 0000      		.word	0
 765 0502 0100      		.word	1
 766 0504 0000      		.word	0
 767 0506 0000      		.word	0
 768 0508 0100      		.word	1
 769 050a 0000      		.word	0
 770 050c 0000      		.word	0
 771 050e 0100      		.word	1
 772 0510 0000      		.word	0
 773 0512 0000      		.word	0
 774 0514 0100      		.word	1
 775 0516 0000      		.word	0
 776 0518 0000      		.word	0
 777 051a 0100      		.word	1
 778 051c 0000      		.word	0
 779 051e 0000      		.word	0
 780 0520 0100      		.word	1
 781 0522 0000      		.word	0
 782 0524 0100      		.word	1
 783 0526 0100      		.word	1
 784 0528 0000      		.word	0
 785 052a 0100      		.word	1
 786 052c 0000      		.word	0
 787 052e 0000      		.word	0
 788 0530 0100      		.word	1
 789 0532 0000      		.word	0
 790 0534 0000      		.word	0
 791 0536 0100      		.word	1
 792 0538 0000      		.word	0
 793 053a 0000      		.word	0
 794 053c 0100      		.word	1
 795 053e 0100      		.word	1
 796               		.text
 797               	.Letext0:
 798               		.file 2 "/usr/avr/include/stdint.h"
 799               		.file 3 "./tmk_core/common/keyboard.h"
 800               		.file 4 "./tmk_core/common/action_macro.h"
 801               		.file 5 "./tmk_core/common/action.h"
 802               		.file 6 "./tmk_core/common/keycode.h"
 803               		.file 7 "./quantum/keymap.h"
DEFINED SYMBOLS
                            *ABS*:0000000000000000 keymap.c
     /tmp/ccJQIIne.s:2      *ABS*:000000000000003e __SP_H__
     /tmp/ccJQIIne.s:3      *ABS*:000000000000003d __SP_L__
     /tmp/ccJQIIne.s:4      *ABS*:000000000000003f __SREG__
     /tmp/ccJQIIne.s:5      *ABS*:0000000000000000 __tmp_reg__
     /tmp/ccJQIIne.s:6      *ABS*:0000000000000001 __zero_reg__
     /tmp/ccJQIIne.s:13     .text.action_get_macro:0000000000000000 action_get_macro
     /tmp/ccJQIIne.s:40     .text.matrix_init_user:0000000000000000 matrix_init_user
     /tmp/ccJQIIne.s:57     .text.matrix_scan_user:0000000000000000 matrix_scan_user
     /tmp/ccJQIIne.s:72     .text.process_record_user:0000000000000000 process_record_user
     /tmp/ccJQIIne.s:94     .text.led_set_user:0000000000000000 led_set_user
     /tmp/ccJQIIne.s:123    .progmem.data.keymaps:0000000000000000 keymaps

NO UNDEFINED SYMBOLS
