   1               		.file	"keymap.c"
   2               	__SP_H__ = 0x3e
   3               	__SP_L__ = 0x3d
   4               	__SREG__ = 0x3f
   5               	__RAMPZ__ = 0x3b
   6               	__tmp_reg__ = 0
   7               	__zero_reg__ = 1
   8               		.text
   9               	.Ltext0:
  10               		.cfi_sections	.debug_frame
  11               		.section	.text.action_get_macro,"ax",@progbits
  12               	.global	action_get_macro
  14               	action_get_macro:
  15               	.LVL0:
  16               	.LFB111:
  17               		.file 1 "keyboards/kb/keymaps/default/keymap.c"
   1:keyboards/kb/keymaps/default/keymap.c **** #include "kb.h"
   2:keyboards/kb/keymaps/default/keymap.c **** 
   3:keyboards/kb/keymaps/default/keymap.c **** const uint16_t PROGMEM keymaps[][MATRIX_ROWS][MATRIX_COLS] = {
   4:keyboards/kb/keymaps/default/keymap.c **** 
   5:keyboards/kb/keymaps/default/keymap.c **** 	KEYMAP(
   6:keyboards/kb/keymaps/default/keymap.c **** 		KC_GRV, KC_SLSH, KC_DOT, KC_SPC, KC_TAB, 
   7:keyboards/kb/keymaps/default/keymap.c **** 		KC_LEFT, KC_P0, KC_P1, KC_P4, KC_P7, KC_NLCK, 
   8:keyboards/kb/keymaps/default/keymap.c **** 		KC_DOWN, KC_UP, KC_P2, KC_P5, KC_P8, KC_PSLS, 
   9:keyboards/kb/keymaps/default/keymap.c **** 		KC_RGHT, KC_PCMM, KC_P3, KC_P6, KC_P9, KC_PAST, 
  10:keyboards/kb/keymaps/default/keymap.c **** 		KC_PAUS, KC_SLCK, KC_PSCR, KC_LGUI, KC_PGDN, KC_PGUP, KC_END, KC_HOME, 
  11:keyboards/kb/keymaps/default/keymap.c **** 		KC_7, KC_6, KC_5, KC_4, KC_3, KC_2, KC_1, KC_ESC, 
  12:keyboards/kb/keymaps/default/keymap.c **** 		KC_I, KC_U, KC_Y, KC_T, KC_R, KC_E, KC_W, KC_Q, 
  13:keyboards/kb/keymaps/default/keymap.c **** 		KC_K, KC_J, KC_H, KC_G, KC_F, KC_D, KC_S, KC_A, 
  14:keyboards/kb/keymaps/default/keymap.c **** 		KC_COMM, KC_M, KC_N, KC_B, KC_V, KC_C, KC_X, KC_Z, 
  15:keyboards/kb/keymaps/default/keymap.c **** 		KC_BSPC, KC_DEL, KC_EQL, KC_MINS, KC_0, KC_9, KC_8, 
  16:keyboards/kb/keymaps/default/keymap.c **** 		KC_NUBS, KC_RBRC, KC_LBRC, KC_P, KC_O, 
  17:keyboards/kb/keymaps/default/keymap.c **** 		KC_ENT, KC_BSLS, KC_QUOT, KC_SCLN, KC_L, 
  18:keyboards/kb/keymaps/default/keymap.c **** 		KC_PENT, KC_PDOT, KC_PEQL, KC_PPLS, KC_PMNS, 
  19:keyboards/kb/keymaps/default/keymap.c **** 		KC_F5, KC_F4, KC_F3, KC_F2, KC_F1, 
  20:keyboards/kb/keymaps/default/keymap.c **** 		KC_LCTL, KC_CAPS, MO(1), KC_LSFT, KC_LCTL),
  21:keyboards/kb/keymaps/default/keymap.c **** 
  22:keyboards/kb/keymaps/default/keymap.c **** 	KEYMAP(
  23:keyboards/kb/keymaps/default/keymap.c **** 		KC_TRNS, KC_TRNS, KC_TRNS, KC_TRNS, KC_TRNS, 
  24:keyboards/kb/keymaps/default/keymap.c **** 		KC_TRNS, KC_TRNS, KC_TRNS, KC_TRNS, KC_TRNS, KC_TRNS, 
  25:keyboards/kb/keymaps/default/keymap.c **** 		KC_TRNS, KC_TRNS, KC_TRNS, KC_TRNS, KC_TRNS, KC_TRNS, 
  26:keyboards/kb/keymaps/default/keymap.c **** 		KC_TRNS, KC_TRNS, KC_TRNS, KC_TRNS, KC_TRNS, KC_TRNS, 
  27:keyboards/kb/keymaps/default/keymap.c **** 		KC_TRNS, KC_TRNS, KC_TRNS, KC_TRNS, KC_F12, KC_F11, KC_TRNS, KC_TRNS, 
  28:keyboards/kb/keymaps/default/keymap.c **** 		KC_TRNS, KC_TRNS, KC_TRNS, KC_TRNS, KC_TRNS, KC_TRNS, KC_TRNS, KC_TRNS, 
  29:keyboards/kb/keymaps/default/keymap.c **** 		KC_TRNS, KC_TRNS, KC_TRNS, KC_TRNS, KC_TRNS, KC_TRNS, KC_TRNS, KC_TRNS, 
  30:keyboards/kb/keymaps/default/keymap.c **** 		KC_TRNS, KC_TRNS, KC_TRNS, KC_TRNS, KC_TRNS, KC_TRNS, KC_TRNS, KC_TRNS, 
  31:keyboards/kb/keymaps/default/keymap.c **** 		KC_TRNS, KC_TRNS, KC_TRNS, KC_TRNS, KC_TRNS, KC_TRNS, KC_TRNS, KC_TRNS, 
  32:keyboards/kb/keymaps/default/keymap.c **** 		KC_TRNS, KC_TRNS, KC_TRNS, KC_TRNS, KC_TRNS, KC_TRNS, KC_TRNS, 
  33:keyboards/kb/keymaps/default/keymap.c **** 		KC_TRNS, KC_TRNS, KC_TRNS, KC_TRNS, KC_TRNS, 
  34:keyboards/kb/keymaps/default/keymap.c **** 		KC_TRNS, KC_TRNS, KC_TRNS, KC_TRNS, KC_TRNS, 
  35:keyboards/kb/keymaps/default/keymap.c **** 		KC_TRNS, KC_TRNS, KC_TRNS, KC_TRNS, KC_TRNS, 
  36:keyboards/kb/keymaps/default/keymap.c **** 		KC_F10, KC_F9, KC_F8, KC_F7, KC_F6, 
  37:keyboards/kb/keymaps/default/keymap.c **** 		KC_LALT, KC_TRNS, KC_TRNS, KC_TRNS, KC_TRNS),
  38:keyboards/kb/keymaps/default/keymap.c **** 
  39:keyboards/kb/keymaps/default/keymap.c **** 	KEYMAP(
  40:keyboards/kb/keymaps/default/keymap.c **** 		KC_TRNS, KC_TRNS, KC_TRNS, KC_TRNS, KC_TRNS, 
  41:keyboards/kb/keymaps/default/keymap.c **** 		KC_TRNS, KC_TRNS, KC_TRNS, KC_TRNS, KC_TRNS, KC_TRNS, 
  42:keyboards/kb/keymaps/default/keymap.c **** 		KC_TRNS, KC_TRNS, KC_TRNS, KC_TRNS, KC_TRNS, KC_TRNS, 
  43:keyboards/kb/keymaps/default/keymap.c **** 		KC_TRNS, KC_TRNS, KC_TRNS, KC_TRNS, KC_TRNS, KC_TRNS, 
  44:keyboards/kb/keymaps/default/keymap.c **** 		KC_TRNS, KC_TRNS, KC_TRNS, KC_TRNS, KC_TRNS, KC_TRNS, KC_TRNS, KC_TRNS, 
  45:keyboards/kb/keymaps/default/keymap.c **** 		KC_TRNS, KC_TRNS, KC_TRNS, KC_TRNS, KC_TRNS, KC_TRNS, KC_TRNS, KC_TRNS, 
  46:keyboards/kb/keymaps/default/keymap.c **** 		KC_TRNS, KC_TRNS, KC_TRNS, KC_TRNS, KC_TRNS, KC_TRNS, KC_TRNS, KC_TRNS, 
  47:keyboards/kb/keymaps/default/keymap.c **** 		KC_TRNS, KC_TRNS, KC_TRNS, KC_TRNS, KC_TRNS, KC_TRNS, KC_TRNS, KC_TRNS, 
  48:keyboards/kb/keymaps/default/keymap.c **** 		KC_TRNS, KC_TRNS, KC_TRNS, KC_TRNS, KC_TRNS, KC_TRNS, KC_TRNS, KC_TRNS, 
  49:keyboards/kb/keymaps/default/keymap.c **** 		KC_TRNS, KC_TRNS, KC_TRNS, KC_TRNS, KC_TRNS, KC_TRNS, KC_TRNS, 
  50:keyboards/kb/keymaps/default/keymap.c **** 		KC_TRNS, KC_TRNS, KC_TRNS, KC_TRNS, KC_TRNS, 
  51:keyboards/kb/keymaps/default/keymap.c **** 		KC_TRNS, KC_TRNS, KC_TRNS, KC_TRNS, KC_TRNS, 
  52:keyboards/kb/keymaps/default/keymap.c **** 		KC_TRNS, KC_TRNS, KC_TRNS, KC_TRNS, KC_TRNS, 
  53:keyboards/kb/keymaps/default/keymap.c **** 		KC_TRNS, KC_TRNS, KC_TRNS, KC_TRNS, KC_TRNS, 
  54:keyboards/kb/keymaps/default/keymap.c **** 		KC_TRNS, KC_TRNS, KC_TRNS, KC_TRNS, KC_TRNS),
  55:keyboards/kb/keymaps/default/keymap.c **** 
  56:keyboards/kb/keymaps/default/keymap.c **** 	KEYMAP(
  57:keyboards/kb/keymaps/default/keymap.c **** 		KC_TRNS, KC_TRNS, KC_TRNS, KC_TRNS, KC_TRNS, 
  58:keyboards/kb/keymaps/default/keymap.c **** 		KC_TRNS, KC_TRNS, KC_TRNS, KC_TRNS, KC_TRNS, KC_TRNS, 
  59:keyboards/kb/keymaps/default/keymap.c **** 		KC_TRNS, KC_TRNS, KC_TRNS, KC_TRNS, KC_TRNS, KC_TRNS, 
  60:keyboards/kb/keymaps/default/keymap.c **** 		KC_TRNS, KC_TRNS, KC_TRNS, KC_TRNS, KC_TRNS, KC_TRNS, 
  61:keyboards/kb/keymaps/default/keymap.c **** 		KC_TRNS, KC_TRNS, KC_TRNS, KC_TRNS, KC_TRNS, KC_TRNS, KC_TRNS, KC_TRNS, 
  62:keyboards/kb/keymaps/default/keymap.c **** 		KC_TRNS, KC_TRNS, KC_TRNS, KC_TRNS, KC_TRNS, KC_TRNS, KC_TRNS, KC_TRNS, 
  63:keyboards/kb/keymaps/default/keymap.c **** 		KC_TRNS, KC_TRNS, KC_TRNS, KC_TRNS, KC_TRNS, KC_TRNS, KC_TRNS, KC_TRNS, 
  64:keyboards/kb/keymaps/default/keymap.c **** 		KC_TRNS, KC_TRNS, KC_TRNS, KC_TRNS, KC_TRNS, KC_TRNS, KC_TRNS, KC_TRNS, 
  65:keyboards/kb/keymaps/default/keymap.c **** 		KC_TRNS, KC_TRNS, KC_TRNS, KC_TRNS, KC_TRNS, KC_TRNS, KC_TRNS, KC_TRNS, 
  66:keyboards/kb/keymaps/default/keymap.c **** 		KC_TRNS, KC_TRNS, KC_TRNS, KC_TRNS, KC_TRNS, KC_TRNS, KC_TRNS, 
  67:keyboards/kb/keymaps/default/keymap.c **** 		KC_TRNS, KC_TRNS, KC_TRNS, KC_TRNS, KC_TRNS, 
  68:keyboards/kb/keymaps/default/keymap.c **** 		KC_TRNS, KC_TRNS, KC_TRNS, KC_TRNS, KC_TRNS, 
  69:keyboards/kb/keymaps/default/keymap.c **** 		KC_TRNS, KC_TRNS, KC_TRNS, KC_TRNS, KC_TRNS, 
  70:keyboards/kb/keymaps/default/keymap.c **** 		KC_TRNS, KC_TRNS, KC_TRNS, KC_TRNS, KC_TRNS, 
  71:keyboards/kb/keymaps/default/keymap.c **** 		KC_TRNS, KC_TRNS, KC_TRNS, KC_TRNS, KC_TRNS),
  72:keyboards/kb/keymaps/default/keymap.c **** 
  73:keyboards/kb/keymaps/default/keymap.c **** 	KEYMAP(
  74:keyboards/kb/keymaps/default/keymap.c **** 		KC_TRNS, KC_TRNS, KC_TRNS, KC_TRNS, KC_TRNS, 
  75:keyboards/kb/keymaps/default/keymap.c **** 		KC_TRNS, KC_TRNS, KC_TRNS, KC_TRNS, KC_TRNS, KC_TRNS, 
  76:keyboards/kb/keymaps/default/keymap.c **** 		KC_TRNS, KC_TRNS, KC_TRNS, KC_TRNS, KC_TRNS, KC_TRNS, 
  77:keyboards/kb/keymaps/default/keymap.c **** 		KC_TRNS, KC_TRNS, KC_TRNS, KC_TRNS, KC_TRNS, KC_TRNS, 
  78:keyboards/kb/keymaps/default/keymap.c **** 		KC_TRNS, KC_TRNS, KC_TRNS, KC_TRNS, KC_TRNS, KC_TRNS, KC_TRNS, KC_TRNS, 
  79:keyboards/kb/keymaps/default/keymap.c **** 		KC_TRNS, KC_TRNS, KC_TRNS, KC_TRNS, KC_TRNS, KC_TRNS, KC_TRNS, KC_TRNS, 
  80:keyboards/kb/keymaps/default/keymap.c **** 		KC_TRNS, KC_TRNS, KC_TRNS, KC_TRNS, KC_TRNS, KC_TRNS, KC_TRNS, KC_TRNS, 
  81:keyboards/kb/keymaps/default/keymap.c **** 		KC_TRNS, KC_TRNS, KC_TRNS, KC_TRNS, KC_TRNS, KC_TRNS, KC_TRNS, KC_TRNS, 
  82:keyboards/kb/keymaps/default/keymap.c **** 		KC_TRNS, KC_TRNS, KC_TRNS, KC_TRNS, KC_TRNS, KC_TRNS, KC_TRNS, KC_TRNS, 
  83:keyboards/kb/keymaps/default/keymap.c **** 		KC_TRNS, KC_TRNS, KC_TRNS, KC_TRNS, KC_TRNS, KC_TRNS, KC_TRNS, 
  84:keyboards/kb/keymaps/default/keymap.c **** 		KC_TRNS, KC_TRNS, KC_TRNS, KC_TRNS, KC_TRNS, 
  85:keyboards/kb/keymaps/default/keymap.c **** 		KC_TRNS, KC_TRNS, KC_TRNS, KC_TRNS, KC_TRNS, 
  86:keyboards/kb/keymaps/default/keymap.c **** 		KC_TRNS, KC_TRNS, KC_TRNS, KC_TRNS, KC_TRNS, 
  87:keyboards/kb/keymaps/default/keymap.c **** 		KC_TRNS, KC_TRNS, KC_TRNS, KC_TRNS, KC_TRNS, 
  88:keyboards/kb/keymaps/default/keymap.c **** 		KC_TRNS, KC_TRNS, KC_TRNS, KC_TRNS, KC_TRNS),
  89:keyboards/kb/keymaps/default/keymap.c **** 
  90:keyboards/kb/keymaps/default/keymap.c **** 	KEYMAP(
  91:keyboards/kb/keymaps/default/keymap.c **** 		KC_TRNS, KC_TRNS, KC_TRNS, KC_TRNS, KC_TRNS, 
  92:keyboards/kb/keymaps/default/keymap.c **** 		KC_TRNS, KC_TRNS, KC_TRNS, KC_TRNS, KC_TRNS, KC_TRNS, 
  93:keyboards/kb/keymaps/default/keymap.c **** 		KC_TRNS, KC_TRNS, KC_TRNS, KC_TRNS, KC_TRNS, KC_TRNS, 
  94:keyboards/kb/keymaps/default/keymap.c **** 		KC_TRNS, KC_TRNS, KC_TRNS, KC_TRNS, KC_TRNS, KC_TRNS, 
  95:keyboards/kb/keymaps/default/keymap.c **** 		KC_TRNS, KC_TRNS, KC_TRNS, KC_TRNS, KC_TRNS, KC_TRNS, KC_TRNS, KC_TRNS, 
  96:keyboards/kb/keymaps/default/keymap.c **** 		KC_TRNS, KC_TRNS, KC_TRNS, KC_TRNS, KC_TRNS, KC_TRNS, KC_TRNS, KC_TRNS, 
  97:keyboards/kb/keymaps/default/keymap.c **** 		KC_TRNS, KC_TRNS, KC_TRNS, KC_TRNS, KC_TRNS, KC_TRNS, KC_TRNS, KC_TRNS, 
  98:keyboards/kb/keymaps/default/keymap.c **** 		KC_TRNS, KC_TRNS, KC_TRNS, KC_TRNS, KC_TRNS, KC_TRNS, KC_TRNS, KC_TRNS, 
  99:keyboards/kb/keymaps/default/keymap.c **** 		KC_TRNS, KC_TRNS, KC_TRNS, KC_TRNS, KC_TRNS, KC_TRNS, KC_TRNS, KC_TRNS, 
 100:keyboards/kb/keymaps/default/keymap.c **** 		KC_TRNS, KC_TRNS, KC_TRNS, KC_TRNS, KC_TRNS, KC_TRNS, KC_TRNS, 
 101:keyboards/kb/keymaps/default/keymap.c **** 		KC_TRNS, KC_TRNS, KC_TRNS, KC_TRNS, KC_TRNS, 
 102:keyboards/kb/keymaps/default/keymap.c **** 		KC_TRNS, KC_TRNS, KC_TRNS, KC_TRNS, KC_TRNS, 
 103:keyboards/kb/keymaps/default/keymap.c **** 		KC_TRNS, KC_TRNS, KC_TRNS, KC_TRNS, KC_TRNS, 
 104:keyboards/kb/keymaps/default/keymap.c **** 		KC_TRNS, KC_TRNS, KC_TRNS, KC_TRNS, KC_TRNS, 
 105:keyboards/kb/keymaps/default/keymap.c **** 		KC_TRNS, KC_TRNS, KC_TRNS, KC_TRNS, KC_TRNS),
 106:keyboards/kb/keymaps/default/keymap.c **** 
 107:keyboards/kb/keymaps/default/keymap.c **** 	KEYMAP(
 108:keyboards/kb/keymaps/default/keymap.c **** 		KC_TRNS, KC_TRNS, KC_TRNS, KC_TRNS, KC_TRNS, 
 109:keyboards/kb/keymaps/default/keymap.c **** 		KC_TRNS, KC_TRNS, KC_TRNS, KC_TRNS, KC_TRNS, KC_TRNS, 
 110:keyboards/kb/keymaps/default/keymap.c **** 		KC_TRNS, KC_TRNS, KC_TRNS, KC_TRNS, KC_TRNS, KC_TRNS, 
 111:keyboards/kb/keymaps/default/keymap.c **** 		KC_TRNS, KC_TRNS, KC_TRNS, KC_TRNS, KC_TRNS, KC_TRNS, 
 112:keyboards/kb/keymaps/default/keymap.c **** 		KC_TRNS, KC_TRNS, KC_TRNS, KC_TRNS, KC_TRNS, KC_TRNS, KC_TRNS, KC_TRNS, 
 113:keyboards/kb/keymaps/default/keymap.c **** 		KC_TRNS, KC_TRNS, KC_TRNS, KC_TRNS, KC_TRNS, KC_TRNS, KC_TRNS, KC_TRNS, 
 114:keyboards/kb/keymaps/default/keymap.c **** 		KC_TRNS, KC_TRNS, KC_TRNS, KC_TRNS, KC_TRNS, KC_TRNS, KC_TRNS, KC_TRNS, 
 115:keyboards/kb/keymaps/default/keymap.c **** 		KC_TRNS, KC_TRNS, KC_TRNS, KC_TRNS, KC_TRNS, KC_TRNS, KC_TRNS, KC_TRNS, 
 116:keyboards/kb/keymaps/default/keymap.c **** 		KC_TRNS, KC_TRNS, KC_TRNS, KC_TRNS, KC_TRNS, KC_TRNS, KC_TRNS, KC_TRNS, 
 117:keyboards/kb/keymaps/default/keymap.c **** 		KC_TRNS, KC_TRNS, KC_TRNS, KC_TRNS, KC_TRNS, KC_TRNS, KC_TRNS, 
 118:keyboards/kb/keymaps/default/keymap.c **** 		KC_TRNS, KC_TRNS, KC_TRNS, KC_TRNS, KC_TRNS, 
 119:keyboards/kb/keymaps/default/keymap.c **** 		KC_TRNS, KC_TRNS, KC_TRNS, KC_TRNS, KC_TRNS, 
 120:keyboards/kb/keymaps/default/keymap.c **** 		KC_TRNS, KC_TRNS, KC_TRNS, KC_TRNS, KC_TRNS, 
 121:keyboards/kb/keymaps/default/keymap.c **** 		KC_TRNS, KC_TRNS, KC_TRNS, KC_TRNS, KC_TRNS, 
 122:keyboards/kb/keymaps/default/keymap.c **** 		KC_TRNS, KC_TRNS, KC_TRNS, KC_TRNS, KC_TRNS),
 123:keyboards/kb/keymaps/default/keymap.c **** 
 124:keyboards/kb/keymaps/default/keymap.c **** 	KEYMAP(
 125:keyboards/kb/keymaps/default/keymap.c **** 		KC_TRNS, KC_TRNS, KC_TRNS, KC_TRNS, KC_TRNS, 
 126:keyboards/kb/keymaps/default/keymap.c **** 		KC_TRNS, KC_TRNS, KC_TRNS, KC_TRNS, KC_TRNS, KC_TRNS, 
 127:keyboards/kb/keymaps/default/keymap.c **** 		KC_TRNS, KC_TRNS, KC_TRNS, KC_TRNS, KC_TRNS, KC_TRNS, 
 128:keyboards/kb/keymaps/default/keymap.c **** 		KC_TRNS, KC_TRNS, KC_TRNS, KC_TRNS, KC_TRNS, KC_TRNS, 
 129:keyboards/kb/keymaps/default/keymap.c **** 		KC_TRNS, KC_TRNS, KC_TRNS, KC_TRNS, KC_TRNS, KC_TRNS, KC_TRNS, KC_TRNS, 
 130:keyboards/kb/keymaps/default/keymap.c **** 		KC_TRNS, KC_TRNS, KC_TRNS, KC_TRNS, KC_TRNS, KC_TRNS, KC_TRNS, KC_TRNS, 
 131:keyboards/kb/keymaps/default/keymap.c **** 		KC_TRNS, KC_TRNS, KC_TRNS, KC_TRNS, KC_TRNS, KC_TRNS, KC_TRNS, KC_TRNS, 
 132:keyboards/kb/keymaps/default/keymap.c **** 		KC_TRNS, KC_TRNS, KC_TRNS, KC_TRNS, KC_TRNS, KC_TRNS, KC_TRNS, KC_TRNS, 
 133:keyboards/kb/keymaps/default/keymap.c **** 		KC_TRNS, KC_TRNS, KC_TRNS, KC_TRNS, KC_TRNS, KC_TRNS, KC_TRNS, KC_TRNS, 
 134:keyboards/kb/keymaps/default/keymap.c **** 		KC_TRNS, KC_TRNS, KC_TRNS, KC_TRNS, KC_TRNS, KC_TRNS, KC_TRNS, 
 135:keyboards/kb/keymaps/default/keymap.c **** 		KC_TRNS, KC_TRNS, KC_TRNS, KC_TRNS, KC_TRNS, 
 136:keyboards/kb/keymaps/default/keymap.c **** 		KC_TRNS, KC_TRNS, KC_TRNS, KC_TRNS, KC_TRNS, 
 137:keyboards/kb/keymaps/default/keymap.c **** 		KC_TRNS, KC_TRNS, KC_TRNS, KC_TRNS, KC_TRNS, 
 138:keyboards/kb/keymaps/default/keymap.c **** 		KC_TRNS, KC_TRNS, KC_TRNS, KC_TRNS, KC_TRNS, 
 139:keyboards/kb/keymaps/default/keymap.c **** 		KC_TRNS, KC_TRNS, KC_TRNS, KC_TRNS, KC_TRNS),
 140:keyboards/kb/keymaps/default/keymap.c **** 
 141:keyboards/kb/keymaps/default/keymap.c **** 	KEYMAP(
 142:keyboards/kb/keymaps/default/keymap.c **** 		KC_TRNS, KC_TRNS, KC_TRNS, KC_TRNS, KC_TRNS, 
 143:keyboards/kb/keymaps/default/keymap.c **** 		KC_TRNS, KC_TRNS, KC_TRNS, KC_TRNS, KC_TRNS, KC_TRNS, 
 144:keyboards/kb/keymaps/default/keymap.c **** 		KC_TRNS, KC_TRNS, KC_TRNS, KC_TRNS, KC_TRNS, KC_TRNS, 
 145:keyboards/kb/keymaps/default/keymap.c **** 		KC_TRNS, KC_TRNS, KC_TRNS, KC_TRNS, KC_TRNS, KC_TRNS, 
 146:keyboards/kb/keymaps/default/keymap.c **** 		KC_TRNS, KC_TRNS, KC_TRNS, KC_TRNS, KC_TRNS, KC_TRNS, KC_TRNS, KC_TRNS, 
 147:keyboards/kb/keymaps/default/keymap.c **** 		KC_TRNS, KC_TRNS, KC_TRNS, KC_TRNS, KC_TRNS, KC_TRNS, KC_TRNS, KC_TRNS, 
 148:keyboards/kb/keymaps/default/keymap.c **** 		KC_TRNS, KC_TRNS, KC_TRNS, KC_TRNS, KC_TRNS, KC_TRNS, KC_TRNS, KC_TRNS, 
 149:keyboards/kb/keymaps/default/keymap.c **** 		KC_TRNS, KC_TRNS, KC_TRNS, KC_TRNS, KC_TRNS, KC_TRNS, KC_TRNS, KC_TRNS, 
 150:keyboards/kb/keymaps/default/keymap.c **** 		KC_TRNS, KC_TRNS, KC_TRNS, KC_TRNS, KC_TRNS, KC_TRNS, KC_TRNS, KC_TRNS, 
 151:keyboards/kb/keymaps/default/keymap.c **** 		KC_TRNS, KC_TRNS, KC_TRNS, KC_TRNS, KC_TRNS, KC_TRNS, KC_TRNS, 
 152:keyboards/kb/keymaps/default/keymap.c **** 		KC_TRNS, KC_TRNS, KC_TRNS, KC_TRNS, KC_TRNS, 
 153:keyboards/kb/keymaps/default/keymap.c **** 		KC_TRNS, KC_TRNS, KC_TRNS, KC_TRNS, KC_TRNS, 
 154:keyboards/kb/keymaps/default/keymap.c **** 		KC_TRNS, KC_TRNS, KC_TRNS, KC_TRNS, KC_TRNS, 
 155:keyboards/kb/keymaps/default/keymap.c **** 		KC_TRNS, KC_TRNS, KC_TRNS, KC_TRNS, KC_TRNS, 
 156:keyboards/kb/keymaps/default/keymap.c **** 		KC_TRNS, KC_TRNS, KC_TRNS, KC_TRNS, KC_TRNS),
 157:keyboards/kb/keymaps/default/keymap.c **** 
 158:keyboards/kb/keymaps/default/keymap.c **** 	KEYMAP(
 159:keyboards/kb/keymaps/default/keymap.c **** 		KC_TRNS, KC_TRNS, KC_TRNS, KC_TRNS, KC_TRNS, 
 160:keyboards/kb/keymaps/default/keymap.c **** 		KC_TRNS, KC_TRNS, KC_TRNS, KC_TRNS, KC_TRNS, KC_TRNS, 
 161:keyboards/kb/keymaps/default/keymap.c **** 		KC_TRNS, KC_TRNS, KC_TRNS, KC_TRNS, KC_TRNS, KC_TRNS, 
 162:keyboards/kb/keymaps/default/keymap.c **** 		KC_TRNS, KC_TRNS, KC_TRNS, KC_TRNS, KC_TRNS, KC_TRNS, 
 163:keyboards/kb/keymaps/default/keymap.c **** 		KC_TRNS, KC_TRNS, KC_TRNS, KC_TRNS, KC_TRNS, KC_TRNS, KC_TRNS, KC_TRNS, 
 164:keyboards/kb/keymaps/default/keymap.c **** 		KC_TRNS, KC_TRNS, KC_TRNS, KC_TRNS, KC_TRNS, KC_TRNS, KC_TRNS, KC_TRNS, 
 165:keyboards/kb/keymaps/default/keymap.c **** 		KC_TRNS, KC_TRNS, KC_TRNS, KC_TRNS, KC_TRNS, KC_TRNS, KC_TRNS, KC_TRNS, 
 166:keyboards/kb/keymaps/default/keymap.c **** 		KC_TRNS, KC_TRNS, KC_TRNS, KC_TRNS, KC_TRNS, KC_TRNS, KC_TRNS, KC_TRNS, 
 167:keyboards/kb/keymaps/default/keymap.c **** 		KC_TRNS, KC_TRNS, KC_TRNS, KC_TRNS, KC_TRNS, KC_TRNS, KC_TRNS, KC_TRNS, 
 168:keyboards/kb/keymaps/default/keymap.c **** 		KC_TRNS, KC_TRNS, KC_TRNS, KC_TRNS, KC_TRNS, KC_TRNS, KC_TRNS, 
 169:keyboards/kb/keymaps/default/keymap.c **** 		KC_TRNS, KC_TRNS, KC_TRNS, KC_TRNS, KC_TRNS, 
 170:keyboards/kb/keymaps/default/keymap.c **** 		KC_TRNS, KC_TRNS, KC_TRNS, KC_TRNS, KC_TRNS, 
 171:keyboards/kb/keymaps/default/keymap.c **** 		KC_TRNS, KC_TRNS, KC_TRNS, KC_TRNS, KC_TRNS, 
 172:keyboards/kb/keymaps/default/keymap.c **** 		KC_TRNS, KC_TRNS, KC_TRNS, KC_TRNS, KC_TRNS, 
 173:keyboards/kb/keymaps/default/keymap.c **** 		KC_TRNS, KC_TRNS, KC_TRNS, KC_TRNS, KC_TRNS),
 174:keyboards/kb/keymaps/default/keymap.c **** 
 175:keyboards/kb/keymaps/default/keymap.c **** 	KEYMAP(
 176:keyboards/kb/keymaps/default/keymap.c **** 		KC_TRNS, KC_TRNS, KC_TRNS, KC_TRNS, KC_TRNS, 
 177:keyboards/kb/keymaps/default/keymap.c **** 		KC_TRNS, KC_TRNS, KC_TRNS, KC_TRNS, KC_TRNS, KC_TRNS, 
 178:keyboards/kb/keymaps/default/keymap.c **** 		KC_TRNS, KC_TRNS, KC_TRNS, KC_TRNS, KC_TRNS, KC_TRNS, 
 179:keyboards/kb/keymaps/default/keymap.c **** 		KC_TRNS, KC_TRNS, KC_TRNS, KC_TRNS, KC_TRNS, KC_TRNS, 
 180:keyboards/kb/keymaps/default/keymap.c **** 		KC_TRNS, KC_TRNS, KC_TRNS, KC_TRNS, KC_TRNS, KC_TRNS, KC_TRNS, KC_TRNS, 
 181:keyboards/kb/keymaps/default/keymap.c **** 		KC_TRNS, KC_TRNS, KC_TRNS, KC_TRNS, KC_TRNS, KC_TRNS, KC_TRNS, KC_TRNS, 
 182:keyboards/kb/keymaps/default/keymap.c **** 		KC_TRNS, KC_TRNS, KC_TRNS, KC_TRNS, KC_TRNS, KC_TRNS, KC_TRNS, KC_TRNS, 
 183:keyboards/kb/keymaps/default/keymap.c **** 		KC_TRNS, KC_TRNS, KC_TRNS, KC_TRNS, KC_TRNS, KC_TRNS, KC_TRNS, KC_TRNS, 
 184:keyboards/kb/keymaps/default/keymap.c **** 		KC_TRNS, KC_TRNS, KC_TRNS, KC_TRNS, KC_TRNS, KC_TRNS, KC_TRNS, KC_TRNS, 
 185:keyboards/kb/keymaps/default/keymap.c **** 		KC_TRNS, KC_TRNS, KC_TRNS, KC_TRNS, KC_TRNS, KC_TRNS, KC_TRNS, 
 186:keyboards/kb/keymaps/default/keymap.c **** 		KC_TRNS, KC_TRNS, KC_TRNS, KC_TRNS, KC_TRNS, 
 187:keyboards/kb/keymaps/default/keymap.c **** 		KC_TRNS, KC_TRNS, KC_TRNS, KC_TRNS, KC_TRNS, 
 188:keyboards/kb/keymaps/default/keymap.c **** 		KC_TRNS, KC_TRNS, KC_TRNS, KC_TRNS, KC_TRNS, 
 189:keyboards/kb/keymaps/default/keymap.c **** 		KC_TRNS, KC_TRNS, KC_TRNS, KC_TRNS, KC_TRNS, 
 190:keyboards/kb/keymaps/default/keymap.c **** 		KC_TRNS, KC_TRNS, KC_TRNS, KC_TRNS, KC_TRNS),
 191:keyboards/kb/keymaps/default/keymap.c **** 
 192:keyboards/kb/keymaps/default/keymap.c **** 	KEYMAP(
 193:keyboards/kb/keymaps/default/keymap.c **** 		KC_TRNS, KC_TRNS, KC_TRNS, KC_TRNS, KC_TRNS, 
 194:keyboards/kb/keymaps/default/keymap.c **** 		KC_TRNS, KC_TRNS, KC_TRNS, KC_TRNS, KC_TRNS, KC_TRNS, 
 195:keyboards/kb/keymaps/default/keymap.c **** 		KC_TRNS, KC_TRNS, KC_TRNS, KC_TRNS, KC_TRNS, KC_TRNS, 
 196:keyboards/kb/keymaps/default/keymap.c **** 		KC_TRNS, KC_TRNS, KC_TRNS, KC_TRNS, KC_TRNS, KC_TRNS, 
 197:keyboards/kb/keymaps/default/keymap.c **** 		KC_TRNS, KC_TRNS, KC_TRNS, KC_TRNS, KC_TRNS, KC_TRNS, KC_TRNS, KC_TRNS, 
 198:keyboards/kb/keymaps/default/keymap.c **** 		KC_TRNS, KC_TRNS, KC_TRNS, KC_TRNS, KC_TRNS, KC_TRNS, KC_TRNS, KC_TRNS, 
 199:keyboards/kb/keymaps/default/keymap.c **** 		KC_TRNS, KC_TRNS, KC_TRNS, KC_TRNS, KC_TRNS, KC_TRNS, KC_TRNS, KC_TRNS, 
 200:keyboards/kb/keymaps/default/keymap.c **** 		KC_TRNS, KC_TRNS, KC_TRNS, KC_TRNS, KC_TRNS, KC_TRNS, KC_TRNS, KC_TRNS, 
 201:keyboards/kb/keymaps/default/keymap.c **** 		KC_TRNS, KC_TRNS, KC_TRNS, KC_TRNS, KC_TRNS, KC_TRNS, KC_TRNS, KC_TRNS, 
 202:keyboards/kb/keymaps/default/keymap.c **** 		KC_TRNS, KC_TRNS, KC_TRNS, KC_TRNS, KC_TRNS, KC_TRNS, KC_TRNS, 
 203:keyboards/kb/keymaps/default/keymap.c **** 		KC_TRNS, KC_TRNS, KC_TRNS, KC_TRNS, KC_TRNS, 
 204:keyboards/kb/keymaps/default/keymap.c **** 		KC_TRNS, KC_TRNS, KC_TRNS, KC_TRNS, KC_TRNS, 
 205:keyboards/kb/keymaps/default/keymap.c **** 		KC_TRNS, KC_TRNS, KC_TRNS, KC_TRNS, KC_TRNS, 
 206:keyboards/kb/keymaps/default/keymap.c **** 		KC_TRNS, KC_TRNS, KC_TRNS, KC_TRNS, KC_TRNS, 
 207:keyboards/kb/keymaps/default/keymap.c **** 		KC_TRNS, KC_TRNS, KC_TRNS, KC_TRNS, KC_TRNS),
 208:keyboards/kb/keymaps/default/keymap.c **** 
 209:keyboards/kb/keymaps/default/keymap.c **** 	KEYMAP(
 210:keyboards/kb/keymaps/default/keymap.c **** 		KC_TRNS, KC_TRNS, KC_TRNS, KC_TRNS, KC_TRNS, 
 211:keyboards/kb/keymaps/default/keymap.c **** 		KC_TRNS, KC_TRNS, KC_TRNS, KC_TRNS, KC_TRNS, KC_TRNS, 
 212:keyboards/kb/keymaps/default/keymap.c **** 		KC_TRNS, KC_TRNS, KC_TRNS, KC_TRNS, KC_TRNS, KC_TRNS, 
 213:keyboards/kb/keymaps/default/keymap.c **** 		KC_TRNS, KC_TRNS, KC_TRNS, KC_TRNS, KC_TRNS, KC_TRNS, 
 214:keyboards/kb/keymaps/default/keymap.c **** 		KC_TRNS, KC_TRNS, KC_TRNS, KC_TRNS, KC_TRNS, KC_TRNS, KC_TRNS, KC_TRNS, 
 215:keyboards/kb/keymaps/default/keymap.c **** 		KC_TRNS, KC_TRNS, KC_TRNS, KC_TRNS, KC_TRNS, KC_TRNS, KC_TRNS, KC_TRNS, 
 216:keyboards/kb/keymaps/default/keymap.c **** 		KC_TRNS, KC_TRNS, KC_TRNS, KC_TRNS, KC_TRNS, KC_TRNS, KC_TRNS, KC_TRNS, 
 217:keyboards/kb/keymaps/default/keymap.c **** 		KC_TRNS, KC_TRNS, KC_TRNS, KC_TRNS, KC_TRNS, KC_TRNS, KC_TRNS, KC_TRNS, 
 218:keyboards/kb/keymaps/default/keymap.c **** 		KC_TRNS, KC_TRNS, KC_TRNS, KC_TRNS, KC_TRNS, KC_TRNS, KC_TRNS, KC_TRNS, 
 219:keyboards/kb/keymaps/default/keymap.c **** 		KC_TRNS, KC_TRNS, KC_TRNS, KC_TRNS, KC_TRNS, KC_TRNS, KC_TRNS, 
 220:keyboards/kb/keymaps/default/keymap.c **** 		KC_TRNS, KC_TRNS, KC_TRNS, KC_TRNS, KC_TRNS, 
 221:keyboards/kb/keymaps/default/keymap.c **** 		KC_TRNS, KC_TRNS, KC_TRNS, KC_TRNS, KC_TRNS, 
 222:keyboards/kb/keymaps/default/keymap.c **** 		KC_TRNS, KC_TRNS, KC_TRNS, KC_TRNS, KC_TRNS, 
 223:keyboards/kb/keymaps/default/keymap.c **** 		KC_TRNS, KC_TRNS, KC_TRNS, KC_TRNS, KC_TRNS, 
 224:keyboards/kb/keymaps/default/keymap.c **** 		KC_TRNS, KC_TRNS, KC_TRNS, KC_TRNS, KC_TRNS),
 225:keyboards/kb/keymaps/default/keymap.c **** 
 226:keyboards/kb/keymaps/default/keymap.c **** 	KEYMAP(
 227:keyboards/kb/keymaps/default/keymap.c **** 		KC_TRNS, KC_TRNS, KC_TRNS, KC_TRNS, KC_TRNS, 
 228:keyboards/kb/keymaps/default/keymap.c **** 		KC_TRNS, KC_TRNS, KC_TRNS, KC_TRNS, KC_TRNS, KC_TRNS, 
 229:keyboards/kb/keymaps/default/keymap.c **** 		KC_TRNS, KC_TRNS, KC_TRNS, KC_TRNS, KC_TRNS, KC_TRNS, 
 230:keyboards/kb/keymaps/default/keymap.c **** 		KC_TRNS, KC_TRNS, KC_TRNS, KC_TRNS, KC_TRNS, KC_TRNS, 
 231:keyboards/kb/keymaps/default/keymap.c **** 		KC_TRNS, KC_TRNS, KC_TRNS, KC_TRNS, KC_TRNS, KC_TRNS, KC_TRNS, KC_TRNS, 
 232:keyboards/kb/keymaps/default/keymap.c **** 		KC_TRNS, KC_TRNS, KC_TRNS, KC_TRNS, KC_TRNS, KC_TRNS, KC_TRNS, KC_TRNS, 
 233:keyboards/kb/keymaps/default/keymap.c **** 		KC_TRNS, KC_TRNS, KC_TRNS, KC_TRNS, KC_TRNS, KC_TRNS, KC_TRNS, KC_TRNS, 
 234:keyboards/kb/keymaps/default/keymap.c **** 		KC_TRNS, KC_TRNS, KC_TRNS, KC_TRNS, KC_TRNS, KC_TRNS, KC_TRNS, KC_TRNS, 
 235:keyboards/kb/keymaps/default/keymap.c **** 		KC_TRNS, KC_TRNS, KC_TRNS, KC_TRNS, KC_TRNS, KC_TRNS, KC_TRNS, KC_TRNS, 
 236:keyboards/kb/keymaps/default/keymap.c **** 		KC_TRNS, KC_TRNS, KC_TRNS, KC_TRNS, KC_TRNS, KC_TRNS, KC_TRNS, 
 237:keyboards/kb/keymaps/default/keymap.c **** 		KC_TRNS, KC_TRNS, KC_TRNS, KC_TRNS, KC_TRNS, 
 238:keyboards/kb/keymaps/default/keymap.c **** 		KC_TRNS, KC_TRNS, KC_TRNS, KC_TRNS, KC_TRNS, 
 239:keyboards/kb/keymaps/default/keymap.c **** 		KC_TRNS, KC_TRNS, KC_TRNS, KC_TRNS, KC_TRNS, 
 240:keyboards/kb/keymaps/default/keymap.c **** 		KC_TRNS, KC_TRNS, KC_TRNS, KC_TRNS, KC_TRNS, 
 241:keyboards/kb/keymaps/default/keymap.c **** 		KC_TRNS, KC_TRNS, KC_TRNS, KC_TRNS, KC_TRNS),
 242:keyboards/kb/keymaps/default/keymap.c **** 
 243:keyboards/kb/keymaps/default/keymap.c **** 	KEYMAP(
 244:keyboards/kb/keymaps/default/keymap.c **** 		KC_TRNS, KC_TRNS, KC_TRNS, KC_TRNS, KC_TRNS, 
 245:keyboards/kb/keymaps/default/keymap.c **** 		KC_TRNS, KC_TRNS, KC_TRNS, KC_TRNS, KC_TRNS, KC_TRNS, 
 246:keyboards/kb/keymaps/default/keymap.c **** 		KC_TRNS, KC_TRNS, KC_TRNS, KC_TRNS, KC_TRNS, KC_TRNS, 
 247:keyboards/kb/keymaps/default/keymap.c **** 		KC_TRNS, KC_TRNS, KC_TRNS, KC_TRNS, KC_TRNS, KC_TRNS, 
 248:keyboards/kb/keymaps/default/keymap.c **** 		KC_TRNS, KC_TRNS, KC_TRNS, KC_TRNS, KC_TRNS, KC_TRNS, KC_TRNS, KC_TRNS, 
 249:keyboards/kb/keymaps/default/keymap.c **** 		KC_TRNS, KC_TRNS, KC_TRNS, KC_TRNS, KC_TRNS, KC_TRNS, KC_TRNS, KC_TRNS, 
 250:keyboards/kb/keymaps/default/keymap.c **** 		KC_TRNS, KC_TRNS, KC_TRNS, KC_TRNS, KC_TRNS, KC_TRNS, KC_TRNS, KC_TRNS, 
 251:keyboards/kb/keymaps/default/keymap.c **** 		KC_TRNS, KC_TRNS, KC_TRNS, KC_TRNS, KC_TRNS, KC_TRNS, KC_TRNS, KC_TRNS, 
 252:keyboards/kb/keymaps/default/keymap.c **** 		KC_TRNS, KC_TRNS, KC_TRNS, KC_TRNS, KC_TRNS, KC_TRNS, KC_TRNS, KC_TRNS, 
 253:keyboards/kb/keymaps/default/keymap.c **** 		KC_TRNS, KC_TRNS, KC_TRNS, KC_TRNS, KC_TRNS, KC_TRNS, KC_TRNS, 
 254:keyboards/kb/keymaps/default/keymap.c **** 		KC_TRNS, KC_TRNS, KC_TRNS, KC_TRNS, KC_TRNS, 
 255:keyboards/kb/keymaps/default/keymap.c **** 		KC_TRNS, KC_TRNS, KC_TRNS, KC_TRNS, KC_TRNS, 
 256:keyboards/kb/keymaps/default/keymap.c **** 		KC_TRNS, KC_TRNS, KC_TRNS, KC_TRNS, KC_TRNS, 
 257:keyboards/kb/keymaps/default/keymap.c **** 		KC_TRNS, KC_TRNS, KC_TRNS, KC_TRNS, KC_TRNS, 
 258:keyboards/kb/keymaps/default/keymap.c **** 		KC_TRNS, KC_TRNS, KC_TRNS, KC_TRNS, KC_TRNS),
 259:keyboards/kb/keymaps/default/keymap.c **** 
 260:keyboards/kb/keymaps/default/keymap.c **** 	KEYMAP(
 261:keyboards/kb/keymaps/default/keymap.c **** 		KC_TRNS, KC_TRNS, KC_TRNS, KC_TRNS, KC_TRNS, 
 262:keyboards/kb/keymaps/default/keymap.c **** 		KC_TRNS, KC_TRNS, KC_TRNS, KC_TRNS, KC_TRNS, KC_TRNS, 
 263:keyboards/kb/keymaps/default/keymap.c **** 		KC_TRNS, KC_TRNS, KC_TRNS, KC_TRNS, KC_TRNS, KC_TRNS, 
 264:keyboards/kb/keymaps/default/keymap.c **** 		KC_TRNS, KC_TRNS, KC_TRNS, KC_TRNS, KC_TRNS, KC_TRNS, 
 265:keyboards/kb/keymaps/default/keymap.c **** 		KC_TRNS, KC_TRNS, KC_TRNS, KC_TRNS, KC_TRNS, KC_TRNS, KC_TRNS, KC_TRNS, 
 266:keyboards/kb/keymaps/default/keymap.c **** 		KC_TRNS, KC_TRNS, KC_TRNS, KC_TRNS, KC_TRNS, KC_TRNS, KC_TRNS, KC_TRNS, 
 267:keyboards/kb/keymaps/default/keymap.c **** 		KC_TRNS, KC_TRNS, KC_TRNS, KC_TRNS, KC_TRNS, KC_TRNS, KC_TRNS, KC_TRNS, 
 268:keyboards/kb/keymaps/default/keymap.c **** 		KC_TRNS, KC_TRNS, KC_TRNS, KC_TRNS, KC_TRNS, KC_TRNS, KC_TRNS, KC_TRNS, 
 269:keyboards/kb/keymaps/default/keymap.c **** 		KC_TRNS, KC_TRNS, KC_TRNS, KC_TRNS, KC_TRNS, KC_TRNS, KC_TRNS, KC_TRNS, 
 270:keyboards/kb/keymaps/default/keymap.c **** 		KC_TRNS, KC_TRNS, KC_TRNS, KC_TRNS, KC_TRNS, KC_TRNS, KC_TRNS, 
 271:keyboards/kb/keymaps/default/keymap.c **** 		KC_TRNS, KC_TRNS, KC_TRNS, KC_TRNS, KC_TRNS, 
 272:keyboards/kb/keymaps/default/keymap.c **** 		KC_TRNS, KC_TRNS, KC_TRNS, KC_TRNS, KC_TRNS, 
 273:keyboards/kb/keymaps/default/keymap.c **** 		KC_TRNS, KC_TRNS, KC_TRNS, KC_TRNS, KC_TRNS, 
 274:keyboards/kb/keymaps/default/keymap.c **** 		KC_TRNS, KC_TRNS, KC_TRNS, KC_TRNS, KC_TRNS, 
 275:keyboards/kb/keymaps/default/keymap.c **** 		KC_TRNS, KC_TRNS, KC_TRNS, KC_TRNS, KC_TRNS)
 276:keyboards/kb/keymaps/default/keymap.c **** 
 277:keyboards/kb/keymaps/default/keymap.c **** };
 278:keyboards/kb/keymaps/default/keymap.c **** 
 279:keyboards/kb/keymaps/default/keymap.c **** const macro_t *action_get_macro(keyrecord_t *record, uint8_t id, uint8_t opt) {
  18               		.loc 1 279 79 view -0
  19               		.cfi_startproc
  20               	/* prologue: function */
  21               	/* frame size = 0 */
  22               	/* stack size = 0 */
  23               	.L__stack_usage = 0
 280:keyboards/kb/keymaps/default/keymap.c **** 	keyevent_t event = record->event;
  24               		.loc 1 280 2 view .LVU1
 281:keyboards/kb/keymaps/default/keymap.c **** 
 282:keyboards/kb/keymaps/default/keymap.c **** 	switch (id) {
  25               		.loc 1 282 2 view .LVU2
 283:keyboards/kb/keymaps/default/keymap.c **** 
 284:keyboards/kb/keymaps/default/keymap.c **** 	}
  26               		.loc 1 284 2 view .LVU3
 285:keyboards/kb/keymaps/default/keymap.c **** 	return MACRO_NONE;
  27               		.loc 1 285 2 view .LVU4
 286:keyboards/kb/keymaps/default/keymap.c **** }
  28               		.loc 1 286 1 is_stmt 0 view .LVU5
  29 0000 90E0      		ldi r25,0
  30 0002 80E0      		ldi r24,0
  31               	.LVL1:
  32               	/* epilogue start */
  33               		.loc 1 286 1 view .LVU6
  34 0004 0895      		ret
  35               		.cfi_endproc
  36               	.LFE111:
  38               		.section	.text.matrix_init_user,"ax",@progbits
  39               	.global	matrix_init_user
  41               	matrix_init_user:
  42               	.LFB112:
 287:keyboards/kb/keymaps/default/keymap.c **** 
 288:keyboards/kb/keymaps/default/keymap.c **** void matrix_init_user(void) {
  43               		.loc 1 288 29 is_stmt 1 view -0
  44               		.cfi_startproc
  45               	/* prologue: function */
  46               	/* frame size = 0 */
  47               	/* stack size = 0 */
  48               	.L__stack_usage = 0
 289:keyboards/kb/keymaps/default/keymap.c **** }
  49               		.loc 1 289 1 view .LVU8
  50               	/* epilogue start */
  51 0000 0895      		ret
  52               		.cfi_endproc
  53               	.LFE112:
  55               		.section	.text.matrix_scan_user,"ax",@progbits
  56               	.global	matrix_scan_user
  58               	matrix_scan_user:
  59               	.LFB117:
  60               		.cfi_startproc
  61               	/* prologue: function */
  62               	/* frame size = 0 */
  63               	/* stack size = 0 */
  64               	.L__stack_usage = 0
  65               	/* epilogue start */
  66 0000 0895      		ret
  67               		.cfi_endproc
  68               	.LFE117:
  70               		.section	.text.process_record_user,"ax",@progbits
  71               	.global	process_record_user
  73               	process_record_user:
  74               	.LVL2:
  75               	.LFB114:
 290:keyboards/kb/keymaps/default/keymap.c **** 
 291:keyboards/kb/keymaps/default/keymap.c **** void matrix_scan_user(void) {
 292:keyboards/kb/keymaps/default/keymap.c **** }
 293:keyboards/kb/keymaps/default/keymap.c **** 
 294:keyboards/kb/keymaps/default/keymap.c **** bool process_record_user(uint16_t keycode, keyrecord_t *record) {
  76               		.loc 1 294 65 view -0
  77               		.cfi_startproc
  78               	/* prologue: function */
  79               	/* frame size = 0 */
  80               	/* stack size = 0 */
  81               	.L__stack_usage = 0
 295:keyboards/kb/keymaps/default/keymap.c **** 	return true;
  82               		.loc 1 295 2 view .LVU10
 296:keyboards/kb/keymaps/default/keymap.c **** }
  83               		.loc 1 296 1 is_stmt 0 view .LVU11
  84 0000 81E0      		ldi r24,lo8(1)
  85               	.LVL3:
  86               	/* epilogue start */
  87               		.loc 1 296 1 view .LVU12
  88 0002 0895      		ret
  89               		.cfi_endproc
  90               	.LFE114:
  92               		.section	.text.led_set_user,"ax",@progbits
  93               	.global	led_set_user
  95               	led_set_user:
  96               	.LVL4:
  97               	.LFB115:
 297:keyboards/kb/keymaps/default/keymap.c **** 
 298:keyboards/kb/keymaps/default/keymap.c **** void led_set_user(uint8_t usb_led) {
  98               		.loc 1 298 36 is_stmt 1 view -0
  99               		.cfi_startproc
 100               	/* prologue: function */
 101               	/* frame size = 0 */
 102               	/* stack size = 0 */
 103               	.L__stack_usage = 0
 299:keyboards/kb/keymaps/default/keymap.c **** 
 300:keyboards/kb/keymaps/default/keymap.c **** 	if (usb_led & (1 << USB_LED_NUM_LOCK)) {
 104               		.loc 1 300 2 view .LVU14
 301:keyboards/kb/keymaps/default/keymap.c **** 		
 302:keyboards/kb/keymaps/default/keymap.c **** 	} else {
 303:keyboards/kb/keymaps/default/keymap.c **** 		
 304:keyboards/kb/keymaps/default/keymap.c **** 	}
 105               		.loc 1 304 2 view .LVU15
 305:keyboards/kb/keymaps/default/keymap.c **** 
 306:keyboards/kb/keymaps/default/keymap.c **** 	if (usb_led & (1 << USB_LED_CAPS_LOCK)) {
 106               		.loc 1 306 2 view .LVU16
 307:keyboards/kb/keymaps/default/keymap.c **** 		
 308:keyboards/kb/keymaps/default/keymap.c **** 	} else {
 309:keyboards/kb/keymaps/default/keymap.c **** 		
 310:keyboards/kb/keymaps/default/keymap.c **** 	}
 107               		.loc 1 310 2 view .LVU17
 311:keyboards/kb/keymaps/default/keymap.c **** 
 312:keyboards/kb/keymaps/default/keymap.c **** 	if (usb_led & (1 << USB_LED_SCROLL_LOCK)) {
 108               		.loc 1 312 2 view .LVU18
 313:keyboards/kb/keymaps/default/keymap.c **** 		
 314:keyboards/kb/keymaps/default/keymap.c **** 	} else {
 315:keyboards/kb/keymaps/default/keymap.c **** 		
 316:keyboards/kb/keymaps/default/keymap.c **** 	}
 109               		.loc 1 316 2 view .LVU19
 317:keyboards/kb/keymaps/default/keymap.c **** 
 318:keyboards/kb/keymaps/default/keymap.c **** 	if (usb_led & (1 << USB_LED_COMPOSE)) {
 110               		.loc 1 318 2 view .LVU20
 319:keyboards/kb/keymaps/default/keymap.c **** 		
 320:keyboards/kb/keymaps/default/keymap.c **** 	} else {
 321:keyboards/kb/keymaps/default/keymap.c **** 		
 322:keyboards/kb/keymaps/default/keymap.c **** 	}
 111               		.loc 1 322 2 view .LVU21
 323:keyboards/kb/keymaps/default/keymap.c **** 
 324:keyboards/kb/keymaps/default/keymap.c **** 	if (usb_led & (1 << USB_LED_KANA)) {
 112               		.loc 1 324 2 view .LVU22
 325:keyboards/kb/keymaps/default/keymap.c **** 		
 326:keyboards/kb/keymaps/default/keymap.c **** 	} else {
 327:keyboards/kb/keymaps/default/keymap.c **** 		
 328:keyboards/kb/keymaps/default/keymap.c **** 	}
 113               		.loc 1 328 2 view .LVU23
 114               	/* epilogue start */
 329:keyboards/kb/keymaps/default/keymap.c **** 
 330:keyboards/kb/keymaps/default/keymap.c **** }
 115               		.loc 1 330 1 is_stmt 0 view .LVU24
 116 0000 0895      		ret
 117               		.cfi_endproc
 118               	.LFE115:
 120               	.global	keymaps
 121               		.section	.progmem.data.keymaps,"a"
 124               	keymaps:
 125 0000 0000      		.word	0
 126 0002 0000      		.word	0
 127 0004 3500      		.word	53
 128 0006 3800      		.word	56
 129 0008 3700      		.word	55
 130 000a 2C00      		.word	44
 131 000c 2B00      		.word	43
 132 000e 0000      		.word	0
 133 0010 0000      		.word	0
 134 0012 0000      		.word	0
 135 0014 5000      		.word	80
 136 0016 6200      		.word	98
 137 0018 5900      		.word	89
 138 001a 5C00      		.word	92
 139 001c 5F00      		.word	95
 140 001e 5300      		.word	83
 141 0020 0000      		.word	0
 142 0022 0000      		.word	0
 143 0024 5100      		.word	81
 144 0026 5200      		.word	82
 145 0028 5A00      		.word	90
 146 002a 5D00      		.word	93
 147 002c 6000      		.word	96
 148 002e 5400      		.word	84
 149 0030 0000      		.word	0
 150 0032 0000      		.word	0
 151 0034 4F00      		.word	79
 152 0036 8500      		.word	133
 153 0038 5B00      		.word	91
 154 003a 5E00      		.word	94
 155 003c 6100      		.word	97
 156 003e 5500      		.word	85
 157 0040 4800      		.word	72
 158 0042 4700      		.word	71
 159 0044 4600      		.word	70
 160 0046 E300      		.word	227
 161 0048 4E00      		.word	78
 162 004a 4B00      		.word	75
 163 004c 4D00      		.word	77
 164 004e 4A00      		.word	74
 165 0050 2400      		.word	36
 166 0052 2300      		.word	35
 167 0054 2200      		.word	34
 168 0056 2100      		.word	33
 169 0058 2000      		.word	32
 170 005a 1F00      		.word	31
 171 005c 1E00      		.word	30
 172 005e 2900      		.word	41
 173 0060 0C00      		.word	12
 174 0062 1800      		.word	24
 175 0064 1C00      		.word	28
 176 0066 1700      		.word	23
 177 0068 1500      		.word	21
 178 006a 0800      		.word	8
 179 006c 1A00      		.word	26
 180 006e 1400      		.word	20
 181 0070 0E00      		.word	14
 182 0072 0D00      		.word	13
 183 0074 0B00      		.word	11
 184 0076 0A00      		.word	10
 185 0078 0900      		.word	9
 186 007a 0700      		.word	7
 187 007c 1600      		.word	22
 188 007e 0400      		.word	4
 189 0080 3600      		.word	54
 190 0082 1000      		.word	16
 191 0084 1100      		.word	17
 192 0086 0500      		.word	5
 193 0088 1900      		.word	25
 194 008a 0600      		.word	6
 195 008c 1B00      		.word	27
 196 008e 1D00      		.word	29
 197 0090 0000      		.word	0
 198 0092 2A00      		.word	42
 199 0094 4C00      		.word	76
 200 0096 2E00      		.word	46
 201 0098 2D00      		.word	45
 202 009a 2700      		.word	39
 203 009c 2600      		.word	38
 204 009e 2500      		.word	37
 205 00a0 0000      		.word	0
 206 00a2 0000      		.word	0
 207 00a4 6400      		.word	100
 208 00a6 3000      		.word	48
 209 00a8 2F00      		.word	47
 210 00aa 1300      		.word	19
 211 00ac 1200      		.word	18
 212 00ae 0000      		.word	0
 213 00b0 0000      		.word	0
 214 00b2 0000      		.word	0
 215 00b4 2800      		.word	40
 216 00b6 3100      		.word	49
 217 00b8 3400      		.word	52
 218 00ba 3300      		.word	51
 219 00bc 0F00      		.word	15
 220 00be 0000      		.word	0
 221 00c0 0000      		.word	0
 222 00c2 0000      		.word	0
 223 00c4 5800      		.word	88
 224 00c6 0000      		.word	0
 225 00c8 6300      		.word	99
 226 00ca 6700      		.word	103
 227 00cc 5700      		.word	87
 228 00ce 5600      		.word	86
 229 00d0 0000      		.word	0
 230 00d2 0000      		.word	0
 231 00d4 3E00      		.word	62
 232 00d6 3D00      		.word	61
 233 00d8 3C00      		.word	60
 234 00da 3B00      		.word	59
 235 00dc 3A00      		.word	58
 236 00de 0000      		.word	0
 237 00e0 0000      		.word	0
 238 00e2 0000      		.word	0
 239 00e4 0000      		.word	0
 240 00e6 E000      		.word	224
 241 00e8 3900      		.word	57
 242 00ea 0151      		.word	20737
 243 00ec E100      		.word	225
 244 00ee E000      		.word	224
 245 00f0 0000      		.word	0
 246 00f2 0000      		.word	0
 247 00f4 0100      		.word	1
 248 00f6 0100      		.word	1
 249 00f8 0100      		.word	1
 250 00fa 0100      		.word	1
 251 00fc 0100      		.word	1
 252 00fe 0000      		.word	0
 253 0100 0000      		.word	0
 254 0102 0000      		.word	0
 255 0104 0100      		.word	1
 256 0106 0100      		.word	1
 257 0108 0100      		.word	1
 258 010a 0100      		.word	1
 259 010c 0100      		.word	1
 260 010e 0100      		.word	1
 261 0110 0000      		.word	0
 262 0112 0000      		.word	0
 263 0114 0100      		.word	1
 264 0116 0100      		.word	1
 265 0118 0100      		.word	1
 266 011a 0100      		.word	1
 267 011c 0100      		.word	1
 268 011e 0100      		.word	1
 269 0120 0000      		.word	0
 270 0122 0000      		.word	0
 271 0124 0100      		.word	1
 272 0126 0100      		.word	1
 273 0128 0100      		.word	1
 274 012a 0100      		.word	1
 275 012c 0100      		.word	1
 276 012e 0100      		.word	1
 277 0130 0100      		.word	1
 278 0132 0100      		.word	1
 279 0134 0100      		.word	1
 280 0136 0100      		.word	1
 281 0138 4500      		.word	69
 282 013a 4400      		.word	68
 283 013c 0100      		.word	1
 284 013e 0100      		.word	1
 285 0140 0100      		.word	1
 286 0142 0100      		.word	1
 287 0144 0100      		.word	1
 288 0146 0100      		.word	1
 289 0148 0100      		.word	1
 290 014a 0100      		.word	1
 291 014c 0100      		.word	1
 292 014e 0100      		.word	1
 293 0150 0100      		.word	1
 294 0152 0100      		.word	1
 295 0154 0100      		.word	1
 296 0156 0100      		.word	1
 297 0158 0100      		.word	1
 298 015a 0100      		.word	1
 299 015c 0100      		.word	1
 300 015e 0100      		.word	1
 301 0160 0100      		.word	1
 302 0162 0100      		.word	1
 303 0164 0100      		.word	1
 304 0166 0100      		.word	1
 305 0168 0100      		.word	1
 306 016a 0100      		.word	1
 307 016c 0100      		.word	1
 308 016e 0100      		.word	1
 309 0170 0100      		.word	1
 310 0172 0100      		.word	1
 311 0174 0100      		.word	1
 312 0176 0100      		.word	1
 313 0178 0100      		.word	1
 314 017a 0100      		.word	1
 315 017c 0100      		.word	1
 316 017e 0100      		.word	1
 317 0180 0000      		.word	0
 318 0182 0100      		.word	1
 319 0184 0100      		.word	1
 320 0186 0100      		.word	1
 321 0188 0100      		.word	1
 322 018a 0100      		.word	1
 323 018c 0100      		.word	1
 324 018e 0100      		.word	1
 325 0190 0000      		.word	0
 326 0192 0000      		.word	0
 327 0194 0100      		.word	1
 328 0196 0100      		.word	1
 329 0198 0100      		.word	1
 330 019a 0100      		.word	1
 331 019c 0100      		.word	1
 332 019e 0000      		.word	0
 333 01a0 0000      		.word	0
 334 01a2 0000      		.word	0
 335 01a4 0100      		.word	1
 336 01a6 0100      		.word	1
 337 01a8 0100      		.word	1
 338 01aa 0100      		.word	1
 339 01ac 0100      		.word	1
 340 01ae 0000      		.word	0
 341 01b0 0000      		.word	0
 342 01b2 0000      		.word	0
 343 01b4 0100      		.word	1
 344 01b6 0000      		.word	0
 345 01b8 0100      		.word	1
 346 01ba 0100      		.word	1
 347 01bc 0100      		.word	1
 348 01be 0100      		.word	1
 349 01c0 0000      		.word	0
 350 01c2 0000      		.word	0
 351 01c4 4300      		.word	67
 352 01c6 4200      		.word	66
 353 01c8 4100      		.word	65
 354 01ca 4000      		.word	64
 355 01cc 3F00      		.word	63
 356 01ce 0000      		.word	0
 357 01d0 0000      		.word	0
 358 01d2 0000      		.word	0
 359 01d4 0000      		.word	0
 360 01d6 E200      		.word	226
 361 01d8 0100      		.word	1
 362 01da 0100      		.word	1
 363 01dc 0100      		.word	1
 364 01de 0100      		.word	1
 365 01e0 0000      		.word	0
 366 01e2 0000      		.word	0
 367 01e4 0100      		.word	1
 368 01e6 0100      		.word	1
 369 01e8 0100      		.word	1
 370 01ea 0100      		.word	1
 371 01ec 0100      		.word	1
 372 01ee 0000      		.word	0
 373 01f0 0000      		.word	0
 374 01f2 0000      		.word	0
 375 01f4 0100      		.word	1
 376 01f6 0100      		.word	1
 377 01f8 0100      		.word	1
 378 01fa 0100      		.word	1
 379 01fc 0100      		.word	1
 380 01fe 0100      		.word	1
 381 0200 0000      		.word	0
 382 0202 0000      		.word	0
 383 0204 0100      		.word	1
 384 0206 0100      		.word	1
 385 0208 0100      		.word	1
 386 020a 0100      		.word	1
 387 020c 0100      		.word	1
 388 020e 0100      		.word	1
 389 0210 0000      		.word	0
 390 0212 0000      		.word	0
 391 0214 0100      		.word	1
 392 0216 0100      		.word	1
 393 0218 0100      		.word	1
 394 021a 0100      		.word	1
 395 021c 0100      		.word	1
 396 021e 0100      		.word	1
 397 0220 0100      		.word	1
 398 0222 0100      		.word	1
 399 0224 0100      		.word	1
 400 0226 0100      		.word	1
 401 0228 0100      		.word	1
 402 022a 0100      		.word	1
 403 022c 0100      		.word	1
 404 022e 0100      		.word	1
 405 0230 0100      		.word	1
 406 0232 0100      		.word	1
 407 0234 0100      		.word	1
 408 0236 0100      		.word	1
 409 0238 0100      		.word	1
 410 023a 0100      		.word	1
 411 023c 0100      		.word	1
 412 023e 0100      		.word	1
 413 0240 0100      		.word	1
 414 0242 0100      		.word	1
 415 0244 0100      		.word	1
 416 0246 0100      		.word	1
 417 0248 0100      		.word	1
 418 024a 0100      		.word	1
 419 024c 0100      		.word	1
 420 024e 0100      		.word	1
 421 0250 0100      		.word	1
 422 0252 0100      		.word	1
 423 0254 0100      		.word	1
 424 0256 0100      		.word	1
 425 0258 0100      		.word	1
 426 025a 0100      		.word	1
 427 025c 0100      		.word	1
 428 025e 0100      		.word	1
 429 0260 0100      		.word	1
 430 0262 0100      		.word	1
 431 0264 0100      		.word	1
 432 0266 0100      		.word	1
 433 0268 0100      		.word	1
 434 026a 0100      		.word	1
 435 026c 0100      		.word	1
 436 026e 0100      		.word	1
 437 0270 0000      		.word	0
 438 0272 0100      		.word	1
 439 0274 0100      		.word	1
 440 0276 0100      		.word	1
 441 0278 0100      		.word	1
 442 027a 0100      		.word	1
 443 027c 0100      		.word	1
 444 027e 0100      		.word	1
 445 0280 0000      		.word	0
 446 0282 0000      		.word	0
 447 0284 0100      		.word	1
 448 0286 0100      		.word	1
 449 0288 0100      		.word	1
 450 028a 0100      		.word	1
 451 028c 0100      		.word	1
 452 028e 0000      		.word	0
 453 0290 0000      		.word	0
 454 0292 0000      		.word	0
 455 0294 0100      		.word	1
 456 0296 0100      		.word	1
 457 0298 0100      		.word	1
 458 029a 0100      		.word	1
 459 029c 0100      		.word	1
 460 029e 0000      		.word	0
 461 02a0 0000      		.word	0
 462 02a2 0000      		.word	0
 463 02a4 0100      		.word	1
 464 02a6 0000      		.word	0
 465 02a8 0100      		.word	1
 466 02aa 0100      		.word	1
 467 02ac 0100      		.word	1
 468 02ae 0100      		.word	1
 469 02b0 0000      		.word	0
 470 02b2 0000      		.word	0
 471 02b4 0100      		.word	1
 472 02b6 0100      		.word	1
 473 02b8 0100      		.word	1
 474 02ba 0100      		.word	1
 475 02bc 0100      		.word	1
 476 02be 0000      		.word	0
 477 02c0 0000      		.word	0
 478 02c2 0000      		.word	0
 479 02c4 0000      		.word	0
 480 02c6 0100      		.word	1
 481 02c8 0100      		.word	1
 482 02ca 0100      		.word	1
 483 02cc 0100      		.word	1
 484 02ce 0100      		.word	1
 485 02d0 0000      		.word	0
 486 02d2 0000      		.word	0
 487 02d4 0100      		.word	1
 488 02d6 0100      		.word	1
 489 02d8 0100      		.word	1
 490 02da 0100      		.word	1
 491 02dc 0100      		.word	1
 492 02de 0000      		.word	0
 493 02e0 0000      		.word	0
 494 02e2 0000      		.word	0
 495 02e4 0100      		.word	1
 496 02e6 0100      		.word	1
 497 02e8 0100      		.word	1
 498 02ea 0100      		.word	1
 499 02ec 0100      		.word	1
 500 02ee 0100      		.word	1
 501 02f0 0000      		.word	0
 502 02f2 0000      		.word	0
 503 02f4 0100      		.word	1
 504 02f6 0100      		.word	1
 505 02f8 0100      		.word	1
 506 02fa 0100      		.word	1
 507 02fc 0100      		.word	1
 508 02fe 0100      		.word	1
 509 0300 0000      		.word	0
 510 0302 0000      		.word	0
 511 0304 0100      		.word	1
 512 0306 0100      		.word	1
 513 0308 0100      		.word	1
 514 030a 0100      		.word	1
 515 030c 0100      		.word	1
 516 030e 0100      		.word	1
 517 0310 0100      		.word	1
 518 0312 0100      		.word	1
 519 0314 0100      		.word	1
 520 0316 0100      		.word	1
 521 0318 0100      		.word	1
 522 031a 0100      		.word	1
 523 031c 0100      		.word	1
 524 031e 0100      		.word	1
 525 0320 0100      		.word	1
 526 0322 0100      		.word	1
 527 0324 0100      		.word	1
 528 0326 0100      		.word	1
 529 0328 0100      		.word	1
 530 032a 0100      		.word	1
 531 032c 0100      		.word	1
 532 032e 0100      		.word	1
 533 0330 0100      		.word	1
 534 0332 0100      		.word	1
 535 0334 0100      		.word	1
 536 0336 0100      		.word	1
 537 0338 0100      		.word	1
 538 033a 0100      		.word	1
 539 033c 0100      		.word	1
 540 033e 0100      		.word	1
 541 0340 0100      		.word	1
 542 0342 0100      		.word	1
 543 0344 0100      		.word	1
 544 0346 0100      		.word	1
 545 0348 0100      		.word	1
 546 034a 0100      		.word	1
 547 034c 0100      		.word	1
 548 034e 0100      		.word	1
 549 0350 0100      		.word	1
 550 0352 0100      		.word	1
 551 0354 0100      		.word	1
 552 0356 0100      		.word	1
 553 0358 0100      		.word	1
 554 035a 0100      		.word	1
 555 035c 0100      		.word	1
 556 035e 0100      		.word	1
 557 0360 0000      		.word	0
 558 0362 0100      		.word	1
 559 0364 0100      		.word	1
 560 0366 0100      		.word	1
 561 0368 0100      		.word	1
 562 036a 0100      		.word	1
 563 036c 0100      		.word	1
 564 036e 0100      		.word	1
 565 0370 0000      		.word	0
 566 0372 0000      		.word	0
 567 0374 0100      		.word	1
 568 0376 0100      		.word	1
 569 0378 0100      		.word	1
 570 037a 0100      		.word	1
 571 037c 0100      		.word	1
 572 037e 0000      		.word	0
 573 0380 0000      		.word	0
 574 0382 0000      		.word	0
 575 0384 0100      		.word	1
 576 0386 0100      		.word	1
 577 0388 0100      		.word	1
 578 038a 0100      		.word	1
 579 038c 0100      		.word	1
 580 038e 0000      		.word	0
 581 0390 0000      		.word	0
 582 0392 0000      		.word	0
 583 0394 0100      		.word	1
 584 0396 0000      		.word	0
 585 0398 0100      		.word	1
 586 039a 0100      		.word	1
 587 039c 0100      		.word	1
 588 039e 0100      		.word	1
 589 03a0 0000      		.word	0
 590 03a2 0000      		.word	0
 591 03a4 0100      		.word	1
 592 03a6 0100      		.word	1
 593 03a8 0100      		.word	1
 594 03aa 0100      		.word	1
 595 03ac 0100      		.word	1
 596 03ae 0000      		.word	0
 597 03b0 0000      		.word	0
 598 03b2 0000      		.word	0
 599 03b4 0000      		.word	0
 600 03b6 0100      		.word	1
 601 03b8 0100      		.word	1
 602 03ba 0100      		.word	1
 603 03bc 0100      		.word	1
 604 03be 0100      		.word	1
 605 03c0 0000      		.word	0
 606 03c2 0000      		.word	0
 607 03c4 0100      		.word	1
 608 03c6 0100      		.word	1
 609 03c8 0100      		.word	1
 610 03ca 0100      		.word	1
 611 03cc 0100      		.word	1
 612 03ce 0000      		.word	0
 613 03d0 0000      		.word	0
 614 03d2 0000      		.word	0
 615 03d4 0100      		.word	1
 616 03d6 0100      		.word	1
 617 03d8 0100      		.word	1
 618 03da 0100      		.word	1
 619 03dc 0100      		.word	1
 620 03de 0100      		.word	1
 621 03e0 0000      		.word	0
 622 03e2 0000      		.word	0
 623 03e4 0100      		.word	1
 624 03e6 0100      		.word	1
 625 03e8 0100      		.word	1
 626 03ea 0100      		.word	1
 627 03ec 0100      		.word	1
 628 03ee 0100      		.word	1
 629 03f0 0000      		.word	0
 630 03f2 0000      		.word	0
 631 03f4 0100      		.word	1
 632 03f6 0100      		.word	1
 633 03f8 0100      		.word	1
 634 03fa 0100      		.word	1
 635 03fc 0100      		.word	1
 636 03fe 0100      		.word	1
 637 0400 0100      		.word	1
 638 0402 0100      		.word	1
 639 0404 0100      		.word	1
 640 0406 0100      		.word	1
 641 0408 0100      		.word	1
 642 040a 0100      		.word	1
 643 040c 0100      		.word	1
 644 040e 0100      		.word	1
 645 0410 0100      		.word	1
 646 0412 0100      		.word	1
 647 0414 0100      		.word	1
 648 0416 0100      		.word	1
 649 0418 0100      		.word	1
 650 041a 0100      		.word	1
 651 041c 0100      		.word	1
 652 041e 0100      		.word	1
 653 0420 0100      		.word	1
 654 0422 0100      		.word	1
 655 0424 0100      		.word	1
 656 0426 0100      		.word	1
 657 0428 0100      		.word	1
 658 042a 0100      		.word	1
 659 042c 0100      		.word	1
 660 042e 0100      		.word	1
 661 0430 0100      		.word	1
 662 0432 0100      		.word	1
 663 0434 0100      		.word	1
 664 0436 0100      		.word	1
 665 0438 0100      		.word	1
 666 043a 0100      		.word	1
 667 043c 0100      		.word	1
 668 043e 0100      		.word	1
 669 0440 0100      		.word	1
 670 0442 0100      		.word	1
 671 0444 0100      		.word	1
 672 0446 0100      		.word	1
 673 0448 0100      		.word	1
 674 044a 0100      		.word	1
 675 044c 0100      		.word	1
 676 044e 0100      		.word	1
 677 0450 0000      		.word	0
 678 0452 0100      		.word	1
 679 0454 0100      		.word	1
 680 0456 0100      		.word	1
 681 0458 0100      		.word	1
 682 045a 0100      		.word	1
 683 045c 0100      		.word	1
 684 045e 0100      		.word	1
 685 0460 0000      		.word	0
 686 0462 0000      		.word	0
 687 0464 0100      		.word	1
 688 0466 0100      		.word	1
 689 0468 0100      		.word	1
 690 046a 0100      		.word	1
 691 046c 0100      		.word	1
 692 046e 0000      		.word	0
 693 0470 0000      		.word	0
 694 0472 0000      		.word	0
 695 0474 0100      		.word	1
 696 0476 0100      		.word	1
 697 0478 0100      		.word	1
 698 047a 0100      		.word	1
 699 047c 0100      		.word	1
 700 047e 0000      		.word	0
 701 0480 0000      		.word	0
 702 0482 0000      		.word	0
 703 0484 0100      		.word	1
 704 0486 0000      		.word	0
 705 0488 0100      		.word	1
 706 048a 0100      		.word	1
 707 048c 0100      		.word	1
 708 048e 0100      		.word	1
 709 0490 0000      		.word	0
 710 0492 0000      		.word	0
 711 0494 0100      		.word	1
 712 0496 0100      		.word	1
 713 0498 0100      		.word	1
 714 049a 0100      		.word	1
 715 049c 0100      		.word	1
 716 049e 0000      		.word	0
 717 04a0 0000      		.word	0
 718 04a2 0000      		.word	0
 719 04a4 0000      		.word	0
 720 04a6 0100      		.word	1
 721 04a8 0100      		.word	1
 722 04aa 0100      		.word	1
 723 04ac 0100      		.word	1
 724 04ae 0100      		.word	1
 725 04b0 0000      		.word	0
 726 04b2 0000      		.word	0
 727 04b4 0100      		.word	1
 728 04b6 0100      		.word	1
 729 04b8 0100      		.word	1
 730 04ba 0100      		.word	1
 731 04bc 0100      		.word	1
 732 04be 0000      		.word	0
 733 04c0 0000      		.word	0
 734 04c2 0000      		.word	0
 735 04c4 0100      		.word	1
 736 04c6 0100      		.word	1
 737 04c8 0100      		.word	1
 738 04ca 0100      		.word	1
 739 04cc 0100      		.word	1
 740 04ce 0100      		.word	1
 741 04d0 0000      		.word	0
 742 04d2 0000      		.word	0
 743 04d4 0100      		.word	1
 744 04d6 0100      		.word	1
 745 04d8 0100      		.word	1
 746 04da 0100      		.word	1
 747 04dc 0100      		.word	1
 748 04de 0100      		.word	1
 749 04e0 0000      		.word	0
 750 04e2 0000      		.word	0
 751 04e4 0100      		.word	1
 752 04e6 0100      		.word	1
 753 04e8 0100      		.word	1
 754 04ea 0100      		.word	1
 755 04ec 0100      		.word	1
 756 04ee 0100      		.word	1
 757 04f0 0100      		.word	1
 758 04f2 0100      		.word	1
 759 04f4 0100      		.word	1
 760 04f6 0100      		.word	1
 761 04f8 0100      		.word	1
 762 04fa 0100      		.word	1
 763 04fc 0100      		.word	1
 764 04fe 0100      		.word	1
 765 0500 0100      		.word	1
 766 0502 0100      		.word	1
 767 0504 0100      		.word	1
 768 0506 0100      		.word	1
 769 0508 0100      		.word	1
 770 050a 0100      		.word	1
 771 050c 0100      		.word	1
 772 050e 0100      		.word	1
 773 0510 0100      		.word	1
 774 0512 0100      		.word	1
 775 0514 0100      		.word	1
 776 0516 0100      		.word	1
 777 0518 0100      		.word	1
 778 051a 0100      		.word	1
 779 051c 0100      		.word	1
 780 051e 0100      		.word	1
 781 0520 0100      		.word	1
 782 0522 0100      		.word	1
 783 0524 0100      		.word	1
 784 0526 0100      		.word	1
 785 0528 0100      		.word	1
 786 052a 0100      		.word	1
 787 052c 0100      		.word	1
 788 052e 0100      		.word	1
 789 0530 0100      		.word	1
 790 0532 0100      		.word	1
 791 0534 0100      		.word	1
 792 0536 0100      		.word	1
 793 0538 0100      		.word	1
 794 053a 0100      		.word	1
 795 053c 0100      		.word	1
 796 053e 0100      		.word	1
 797 0540 0000      		.word	0
 798 0542 0100      		.word	1
 799 0544 0100      		.word	1
 800 0546 0100      		.word	1
 801 0548 0100      		.word	1
 802 054a 0100      		.word	1
 803 054c 0100      		.word	1
 804 054e 0100      		.word	1
 805 0550 0000      		.word	0
 806 0552 0000      		.word	0
 807 0554 0100      		.word	1
 808 0556 0100      		.word	1
 809 0558 0100      		.word	1
 810 055a 0100      		.word	1
 811 055c 0100      		.word	1
 812 055e 0000      		.word	0
 813 0560 0000      		.word	0
 814 0562 0000      		.word	0
 815 0564 0100      		.word	1
 816 0566 0100      		.word	1
 817 0568 0100      		.word	1
 818 056a 0100      		.word	1
 819 056c 0100      		.word	1
 820 056e 0000      		.word	0
 821 0570 0000      		.word	0
 822 0572 0000      		.word	0
 823 0574 0100      		.word	1
 824 0576 0000      		.word	0
 825 0578 0100      		.word	1
 826 057a 0100      		.word	1
 827 057c 0100      		.word	1
 828 057e 0100      		.word	1
 829 0580 0000      		.word	0
 830 0582 0000      		.word	0
 831 0584 0100      		.word	1
 832 0586 0100      		.word	1
 833 0588 0100      		.word	1
 834 058a 0100      		.word	1
 835 058c 0100      		.word	1
 836 058e 0000      		.word	0
 837 0590 0000      		.word	0
 838 0592 0000      		.word	0
 839 0594 0000      		.word	0
 840 0596 0100      		.word	1
 841 0598 0100      		.word	1
 842 059a 0100      		.word	1
 843 059c 0100      		.word	1
 844 059e 0100      		.word	1
 845 05a0 0000      		.word	0
 846 05a2 0000      		.word	0
 847 05a4 0100      		.word	1
 848 05a6 0100      		.word	1
 849 05a8 0100      		.word	1
 850 05aa 0100      		.word	1
 851 05ac 0100      		.word	1
 852 05ae 0000      		.word	0
 853 05b0 0000      		.word	0
 854 05b2 0000      		.word	0
 855 05b4 0100      		.word	1
 856 05b6 0100      		.word	1
 857 05b8 0100      		.word	1
 858 05ba 0100      		.word	1
 859 05bc 0100      		.word	1
 860 05be 0100      		.word	1
 861 05c0 0000      		.word	0
 862 05c2 0000      		.word	0
 863 05c4 0100      		.word	1
 864 05c6 0100      		.word	1
 865 05c8 0100      		.word	1
 866 05ca 0100      		.word	1
 867 05cc 0100      		.word	1
 868 05ce 0100      		.word	1
 869 05d0 0000      		.word	0
 870 05d2 0000      		.word	0
 871 05d4 0100      		.word	1
 872 05d6 0100      		.word	1
 873 05d8 0100      		.word	1
 874 05da 0100      		.word	1
 875 05dc 0100      		.word	1
 876 05de 0100      		.word	1
 877 05e0 0100      		.word	1
 878 05e2 0100      		.word	1
 879 05e4 0100      		.word	1
 880 05e6 0100      		.word	1
 881 05e8 0100      		.word	1
 882 05ea 0100      		.word	1
 883 05ec 0100      		.word	1
 884 05ee 0100      		.word	1
 885 05f0 0100      		.word	1
 886 05f2 0100      		.word	1
 887 05f4 0100      		.word	1
 888 05f6 0100      		.word	1
 889 05f8 0100      		.word	1
 890 05fa 0100      		.word	1
 891 05fc 0100      		.word	1
 892 05fe 0100      		.word	1
 893 0600 0100      		.word	1
 894 0602 0100      		.word	1
 895 0604 0100      		.word	1
 896 0606 0100      		.word	1
 897 0608 0100      		.word	1
 898 060a 0100      		.word	1
 899 060c 0100      		.word	1
 900 060e 0100      		.word	1
 901 0610 0100      		.word	1
 902 0612 0100      		.word	1
 903 0614 0100      		.word	1
 904 0616 0100      		.word	1
 905 0618 0100      		.word	1
 906 061a 0100      		.word	1
 907 061c 0100      		.word	1
 908 061e 0100      		.word	1
 909 0620 0100      		.word	1
 910 0622 0100      		.word	1
 911 0624 0100      		.word	1
 912 0626 0100      		.word	1
 913 0628 0100      		.word	1
 914 062a 0100      		.word	1
 915 062c 0100      		.word	1
 916 062e 0100      		.word	1
 917 0630 0000      		.word	0
 918 0632 0100      		.word	1
 919 0634 0100      		.word	1
 920 0636 0100      		.word	1
 921 0638 0100      		.word	1
 922 063a 0100      		.word	1
 923 063c 0100      		.word	1
 924 063e 0100      		.word	1
 925 0640 0000      		.word	0
 926 0642 0000      		.word	0
 927 0644 0100      		.word	1
 928 0646 0100      		.word	1
 929 0648 0100      		.word	1
 930 064a 0100      		.word	1
 931 064c 0100      		.word	1
 932 064e 0000      		.word	0
 933 0650 0000      		.word	0
 934 0652 0000      		.word	0
 935 0654 0100      		.word	1
 936 0656 0100      		.word	1
 937 0658 0100      		.word	1
 938 065a 0100      		.word	1
 939 065c 0100      		.word	1
 940 065e 0000      		.word	0
 941 0660 0000      		.word	0
 942 0662 0000      		.word	0
 943 0664 0100      		.word	1
 944 0666 0000      		.word	0
 945 0668 0100      		.word	1
 946 066a 0100      		.word	1
 947 066c 0100      		.word	1
 948 066e 0100      		.word	1
 949 0670 0000      		.word	0
 950 0672 0000      		.word	0
 951 0674 0100      		.word	1
 952 0676 0100      		.word	1
 953 0678 0100      		.word	1
 954 067a 0100      		.word	1
 955 067c 0100      		.word	1
 956 067e 0000      		.word	0
 957 0680 0000      		.word	0
 958 0682 0000      		.word	0
 959 0684 0000      		.word	0
 960 0686 0100      		.word	1
 961 0688 0100      		.word	1
 962 068a 0100      		.word	1
 963 068c 0100      		.word	1
 964 068e 0100      		.word	1
 965 0690 0000      		.word	0
 966 0692 0000      		.word	0
 967 0694 0100      		.word	1
 968 0696 0100      		.word	1
 969 0698 0100      		.word	1
 970 069a 0100      		.word	1
 971 069c 0100      		.word	1
 972 069e 0000      		.word	0
 973 06a0 0000      		.word	0
 974 06a2 0000      		.word	0
 975 06a4 0100      		.word	1
 976 06a6 0100      		.word	1
 977 06a8 0100      		.word	1
 978 06aa 0100      		.word	1
 979 06ac 0100      		.word	1
 980 06ae 0100      		.word	1
 981 06b0 0000      		.word	0
 982 06b2 0000      		.word	0
 983 06b4 0100      		.word	1
 984 06b6 0100      		.word	1
 985 06b8 0100      		.word	1
 986 06ba 0100      		.word	1
 987 06bc 0100      		.word	1
 988 06be 0100      		.word	1
 989 06c0 0000      		.word	0
 990 06c2 0000      		.word	0
 991 06c4 0100      		.word	1
 992 06c6 0100      		.word	1
 993 06c8 0100      		.word	1
 994 06ca 0100      		.word	1
 995 06cc 0100      		.word	1
 996 06ce 0100      		.word	1
 997 06d0 0100      		.word	1
 998 06d2 0100      		.word	1
 999 06d4 0100      		.word	1
 1000 06d6 0100      		.word	1
 1001 06d8 0100      		.word	1
 1002 06da 0100      		.word	1
 1003 06dc 0100      		.word	1
 1004 06de 0100      		.word	1
 1005 06e0 0100      		.word	1
 1006 06e2 0100      		.word	1
 1007 06e4 0100      		.word	1
 1008 06e6 0100      		.word	1
 1009 06e8 0100      		.word	1
 1010 06ea 0100      		.word	1
 1011 06ec 0100      		.word	1
 1012 06ee 0100      		.word	1
 1013 06f0 0100      		.word	1
 1014 06f2 0100      		.word	1
 1015 06f4 0100      		.word	1
 1016 06f6 0100      		.word	1
 1017 06f8 0100      		.word	1
 1018 06fa 0100      		.word	1
 1019 06fc 0100      		.word	1
 1020 06fe 0100      		.word	1
 1021 0700 0100      		.word	1
 1022 0702 0100      		.word	1
 1023 0704 0100      		.word	1
 1024 0706 0100      		.word	1
 1025 0708 0100      		.word	1
 1026 070a 0100      		.word	1
 1027 070c 0100      		.word	1
 1028 070e 0100      		.word	1
 1029 0710 0100      		.word	1
 1030 0712 0100      		.word	1
 1031 0714 0100      		.word	1
 1032 0716 0100      		.word	1
 1033 0718 0100      		.word	1
 1034 071a 0100      		.word	1
 1035 071c 0100      		.word	1
 1036 071e 0100      		.word	1
 1037 0720 0000      		.word	0
 1038 0722 0100      		.word	1
 1039 0724 0100      		.word	1
 1040 0726 0100      		.word	1
 1041 0728 0100      		.word	1
 1042 072a 0100      		.word	1
 1043 072c 0100      		.word	1
 1044 072e 0100      		.word	1
 1045 0730 0000      		.word	0
 1046 0732 0000      		.word	0
 1047 0734 0100      		.word	1
 1048 0736 0100      		.word	1
 1049 0738 0100      		.word	1
 1050 073a 0100      		.word	1
 1051 073c 0100      		.word	1
 1052 073e 0000      		.word	0
 1053 0740 0000      		.word	0
 1054 0742 0000      		.word	0
 1055 0744 0100      		.word	1
 1056 0746 0100      		.word	1
 1057 0748 0100      		.word	1
 1058 074a 0100      		.word	1
 1059 074c 0100      		.word	1
 1060 074e 0000      		.word	0
 1061 0750 0000      		.word	0
 1062 0752 0000      		.word	0
 1063 0754 0100      		.word	1
 1064 0756 0000      		.word	0
 1065 0758 0100      		.word	1
 1066 075a 0100      		.word	1
 1067 075c 0100      		.word	1
 1068 075e 0100      		.word	1
 1069 0760 0000      		.word	0
 1070 0762 0000      		.word	0
 1071 0764 0100      		.word	1
 1072 0766 0100      		.word	1
 1073 0768 0100      		.word	1
 1074 076a 0100      		.word	1
 1075 076c 0100      		.word	1
 1076 076e 0000      		.word	0
 1077 0770 0000      		.word	0
 1078 0772 0000      		.word	0
 1079 0774 0000      		.word	0
 1080 0776 0100      		.word	1
 1081 0778 0100      		.word	1
 1082 077a 0100      		.word	1
 1083 077c 0100      		.word	1
 1084 077e 0100      		.word	1
 1085 0780 0000      		.word	0
 1086 0782 0000      		.word	0
 1087 0784 0100      		.word	1
 1088 0786 0100      		.word	1
 1089 0788 0100      		.word	1
 1090 078a 0100      		.word	1
 1091 078c 0100      		.word	1
 1092 078e 0000      		.word	0
 1093 0790 0000      		.word	0
 1094 0792 0000      		.word	0
 1095 0794 0100      		.word	1
 1096 0796 0100      		.word	1
 1097 0798 0100      		.word	1
 1098 079a 0100      		.word	1
 1099 079c 0100      		.word	1
 1100 079e 0100      		.word	1
 1101 07a0 0000      		.word	0
 1102 07a2 0000      		.word	0
 1103 07a4 0100      		.word	1
 1104 07a6 0100      		.word	1
 1105 07a8 0100      		.word	1
 1106 07aa 0100      		.word	1
 1107 07ac 0100      		.word	1
 1108 07ae 0100      		.word	1
 1109 07b0 0000      		.word	0
 1110 07b2 0000      		.word	0
 1111 07b4 0100      		.word	1
 1112 07b6 0100      		.word	1
 1113 07b8 0100      		.word	1
 1114 07ba 0100      		.word	1
 1115 07bc 0100      		.word	1
 1116 07be 0100      		.word	1
 1117 07c0 0100      		.word	1
 1118 07c2 0100      		.word	1
 1119 07c4 0100      		.word	1
 1120 07c6 0100      		.word	1
 1121 07c8 0100      		.word	1
 1122 07ca 0100      		.word	1
 1123 07cc 0100      		.word	1
 1124 07ce 0100      		.word	1
 1125 07d0 0100      		.word	1
 1126 07d2 0100      		.word	1
 1127 07d4 0100      		.word	1
 1128 07d6 0100      		.word	1
 1129 07d8 0100      		.word	1
 1130 07da 0100      		.word	1
 1131 07dc 0100      		.word	1
 1132 07de 0100      		.word	1
 1133 07e0 0100      		.word	1
 1134 07e2 0100      		.word	1
 1135 07e4 0100      		.word	1
 1136 07e6 0100      		.word	1
 1137 07e8 0100      		.word	1
 1138 07ea 0100      		.word	1
 1139 07ec 0100      		.word	1
 1140 07ee 0100      		.word	1
 1141 07f0 0100      		.word	1
 1142 07f2 0100      		.word	1
 1143 07f4 0100      		.word	1
 1144 07f6 0100      		.word	1
 1145 07f8 0100      		.word	1
 1146 07fa 0100      		.word	1
 1147 07fc 0100      		.word	1
 1148 07fe 0100      		.word	1
 1149 0800 0100      		.word	1
 1150 0802 0100      		.word	1
 1151 0804 0100      		.word	1
 1152 0806 0100      		.word	1
 1153 0808 0100      		.word	1
 1154 080a 0100      		.word	1
 1155 080c 0100      		.word	1
 1156 080e 0100      		.word	1
 1157 0810 0000      		.word	0
 1158 0812 0100      		.word	1
 1159 0814 0100      		.word	1
 1160 0816 0100      		.word	1
 1161 0818 0100      		.word	1
 1162 081a 0100      		.word	1
 1163 081c 0100      		.word	1
 1164 081e 0100      		.word	1
 1165 0820 0000      		.word	0
 1166 0822 0000      		.word	0
 1167 0824 0100      		.word	1
 1168 0826 0100      		.word	1
 1169 0828 0100      		.word	1
 1170 082a 0100      		.word	1
 1171 082c 0100      		.word	1
 1172 082e 0000      		.word	0
 1173 0830 0000      		.word	0
 1174 0832 0000      		.word	0
 1175 0834 0100      		.word	1
 1176 0836 0100      		.word	1
 1177 0838 0100      		.word	1
 1178 083a 0100      		.word	1
 1179 083c 0100      		.word	1
 1180 083e 0000      		.word	0
 1181 0840 0000      		.word	0
 1182 0842 0000      		.word	0
 1183 0844 0100      		.word	1
 1184 0846 0000      		.word	0
 1185 0848 0100      		.word	1
 1186 084a 0100      		.word	1
 1187 084c 0100      		.word	1
 1188 084e 0100      		.word	1
 1189 0850 0000      		.word	0
 1190 0852 0000      		.word	0
 1191 0854 0100      		.word	1
 1192 0856 0100      		.word	1
 1193 0858 0100      		.word	1
 1194 085a 0100      		.word	1
 1195 085c 0100      		.word	1
 1196 085e 0000      		.word	0
 1197 0860 0000      		.word	0
 1198 0862 0000      		.word	0
 1199 0864 0000      		.word	0
 1200 0866 0100      		.word	1
 1201 0868 0100      		.word	1
 1202 086a 0100      		.word	1
 1203 086c 0100      		.word	1
 1204 086e 0100      		.word	1
 1205 0870 0000      		.word	0
 1206 0872 0000      		.word	0
 1207 0874 0100      		.word	1
 1208 0876 0100      		.word	1
 1209 0878 0100      		.word	1
 1210 087a 0100      		.word	1
 1211 087c 0100      		.word	1
 1212 087e 0000      		.word	0
 1213 0880 0000      		.word	0
 1214 0882 0000      		.word	0
 1215 0884 0100      		.word	1
 1216 0886 0100      		.word	1
 1217 0888 0100      		.word	1
 1218 088a 0100      		.word	1
 1219 088c 0100      		.word	1
 1220 088e 0100      		.word	1
 1221 0890 0000      		.word	0
 1222 0892 0000      		.word	0
 1223 0894 0100      		.word	1
 1224 0896 0100      		.word	1
 1225 0898 0100      		.word	1
 1226 089a 0100      		.word	1
 1227 089c 0100      		.word	1
 1228 089e 0100      		.word	1
 1229 08a0 0000      		.word	0
 1230 08a2 0000      		.word	0
 1231 08a4 0100      		.word	1
 1232 08a6 0100      		.word	1
 1233 08a8 0100      		.word	1
 1234 08aa 0100      		.word	1
 1235 08ac 0100      		.word	1
 1236 08ae 0100      		.word	1
 1237 08b0 0100      		.word	1
 1238 08b2 0100      		.word	1
 1239 08b4 0100      		.word	1
 1240 08b6 0100      		.word	1
 1241 08b8 0100      		.word	1
 1242 08ba 0100      		.word	1
 1243 08bc 0100      		.word	1
 1244 08be 0100      		.word	1
 1245 08c0 0100      		.word	1
 1246 08c2 0100      		.word	1
 1247 08c4 0100      		.word	1
 1248 08c6 0100      		.word	1
 1249 08c8 0100      		.word	1
 1250 08ca 0100      		.word	1
 1251 08cc 0100      		.word	1
 1252 08ce 0100      		.word	1
 1253 08d0 0100      		.word	1
 1254 08d2 0100      		.word	1
 1255 08d4 0100      		.word	1
 1256 08d6 0100      		.word	1
 1257 08d8 0100      		.word	1
 1258 08da 0100      		.word	1
 1259 08dc 0100      		.word	1
 1260 08de 0100      		.word	1
 1261 08e0 0100      		.word	1
 1262 08e2 0100      		.word	1
 1263 08e4 0100      		.word	1
 1264 08e6 0100      		.word	1
 1265 08e8 0100      		.word	1
 1266 08ea 0100      		.word	1
 1267 08ec 0100      		.word	1
 1268 08ee 0100      		.word	1
 1269 08f0 0100      		.word	1
 1270 08f2 0100      		.word	1
 1271 08f4 0100      		.word	1
 1272 08f6 0100      		.word	1
 1273 08f8 0100      		.word	1
 1274 08fa 0100      		.word	1
 1275 08fc 0100      		.word	1
 1276 08fe 0100      		.word	1
 1277 0900 0000      		.word	0
 1278 0902 0100      		.word	1
 1279 0904 0100      		.word	1
 1280 0906 0100      		.word	1
 1281 0908 0100      		.word	1
 1282 090a 0100      		.word	1
 1283 090c 0100      		.word	1
 1284 090e 0100      		.word	1
 1285 0910 0000      		.word	0
 1286 0912 0000      		.word	0
 1287 0914 0100      		.word	1
 1288 0916 0100      		.word	1
 1289 0918 0100      		.word	1
 1290 091a 0100      		.word	1
 1291 091c 0100      		.word	1
 1292 091e 0000      		.word	0
 1293 0920 0000      		.word	0
 1294 0922 0000      		.word	0
 1295 0924 0100      		.word	1
 1296 0926 0100      		.word	1
 1297 0928 0100      		.word	1
 1298 092a 0100      		.word	1
 1299 092c 0100      		.word	1
 1300 092e 0000      		.word	0
 1301 0930 0000      		.word	0
 1302 0932 0000      		.word	0
 1303 0934 0100      		.word	1
 1304 0936 0000      		.word	0
 1305 0938 0100      		.word	1
 1306 093a 0100      		.word	1
 1307 093c 0100      		.word	1
 1308 093e 0100      		.word	1
 1309 0940 0000      		.word	0
 1310 0942 0000      		.word	0
 1311 0944 0100      		.word	1
 1312 0946 0100      		.word	1
 1313 0948 0100      		.word	1
 1314 094a 0100      		.word	1
 1315 094c 0100      		.word	1
 1316 094e 0000      		.word	0
 1317 0950 0000      		.word	0
 1318 0952 0000      		.word	0
 1319 0954 0000      		.word	0
 1320 0956 0100      		.word	1
 1321 0958 0100      		.word	1
 1322 095a 0100      		.word	1
 1323 095c 0100      		.word	1
 1324 095e 0100      		.word	1
 1325 0960 0000      		.word	0
 1326 0962 0000      		.word	0
 1327 0964 0100      		.word	1
 1328 0966 0100      		.word	1
 1329 0968 0100      		.word	1
 1330 096a 0100      		.word	1
 1331 096c 0100      		.word	1
 1332 096e 0000      		.word	0
 1333 0970 0000      		.word	0
 1334 0972 0000      		.word	0
 1335 0974 0100      		.word	1
 1336 0976 0100      		.word	1
 1337 0978 0100      		.word	1
 1338 097a 0100      		.word	1
 1339 097c 0100      		.word	1
 1340 097e 0100      		.word	1
 1341 0980 0000      		.word	0
 1342 0982 0000      		.word	0
 1343 0984 0100      		.word	1
 1344 0986 0100      		.word	1
 1345 0988 0100      		.word	1
 1346 098a 0100      		.word	1
 1347 098c 0100      		.word	1
 1348 098e 0100      		.word	1
 1349 0990 0000      		.word	0
 1350 0992 0000      		.word	0
 1351 0994 0100      		.word	1
 1352 0996 0100      		.word	1
 1353 0998 0100      		.word	1
 1354 099a 0100      		.word	1
 1355 099c 0100      		.word	1
 1356 099e 0100      		.word	1
 1357 09a0 0100      		.word	1
 1358 09a2 0100      		.word	1
 1359 09a4 0100      		.word	1
 1360 09a6 0100      		.word	1
 1361 09a8 0100      		.word	1
 1362 09aa 0100      		.word	1
 1363 09ac 0100      		.word	1
 1364 09ae 0100      		.word	1
 1365 09b0 0100      		.word	1
 1366 09b2 0100      		.word	1
 1367 09b4 0100      		.word	1
 1368 09b6 0100      		.word	1
 1369 09b8 0100      		.word	1
 1370 09ba 0100      		.word	1
 1371 09bc 0100      		.word	1
 1372 09be 0100      		.word	1
 1373 09c0 0100      		.word	1
 1374 09c2 0100      		.word	1
 1375 09c4 0100      		.word	1
 1376 09c6 0100      		.word	1
 1377 09c8 0100      		.word	1
 1378 09ca 0100      		.word	1
 1379 09cc 0100      		.word	1
 1380 09ce 0100      		.word	1
 1381 09d0 0100      		.word	1
 1382 09d2 0100      		.word	1
 1383 09d4 0100      		.word	1
 1384 09d6 0100      		.word	1
 1385 09d8 0100      		.word	1
 1386 09da 0100      		.word	1
 1387 09dc 0100      		.word	1
 1388 09de 0100      		.word	1
 1389 09e0 0100      		.word	1
 1390 09e2 0100      		.word	1
 1391 09e4 0100      		.word	1
 1392 09e6 0100      		.word	1
 1393 09e8 0100      		.word	1
 1394 09ea 0100      		.word	1
 1395 09ec 0100      		.word	1
 1396 09ee 0100      		.word	1
 1397 09f0 0000      		.word	0
 1398 09f2 0100      		.word	1
 1399 09f4 0100      		.word	1
 1400 09f6 0100      		.word	1
 1401 09f8 0100      		.word	1
 1402 09fa 0100      		.word	1
 1403 09fc 0100      		.word	1
 1404 09fe 0100      		.word	1
 1405 0a00 0000      		.word	0
 1406 0a02 0000      		.word	0
 1407 0a04 0100      		.word	1
 1408 0a06 0100      		.word	1
 1409 0a08 0100      		.word	1
 1410 0a0a 0100      		.word	1
 1411 0a0c 0100      		.word	1
 1412 0a0e 0000      		.word	0
 1413 0a10 0000      		.word	0
 1414 0a12 0000      		.word	0
 1415 0a14 0100      		.word	1
 1416 0a16 0100      		.word	1
 1417 0a18 0100      		.word	1
 1418 0a1a 0100      		.word	1
 1419 0a1c 0100      		.word	1
 1420 0a1e 0000      		.word	0
 1421 0a20 0000      		.word	0
 1422 0a22 0000      		.word	0
 1423 0a24 0100      		.word	1
 1424 0a26 0000      		.word	0
 1425 0a28 0100      		.word	1
 1426 0a2a 0100      		.word	1
 1427 0a2c 0100      		.word	1
 1428 0a2e 0100      		.word	1
 1429 0a30 0000      		.word	0
 1430 0a32 0000      		.word	0
 1431 0a34 0100      		.word	1
 1432 0a36 0100      		.word	1
 1433 0a38 0100      		.word	1
 1434 0a3a 0100      		.word	1
 1435 0a3c 0100      		.word	1
 1436 0a3e 0000      		.word	0
 1437 0a40 0000      		.word	0
 1438 0a42 0000      		.word	0
 1439 0a44 0000      		.word	0
 1440 0a46 0100      		.word	1
 1441 0a48 0100      		.word	1
 1442 0a4a 0100      		.word	1
 1443 0a4c 0100      		.word	1
 1444 0a4e 0100      		.word	1
 1445 0a50 0000      		.word	0
 1446 0a52 0000      		.word	0
 1447 0a54 0100      		.word	1
 1448 0a56 0100      		.word	1
 1449 0a58 0100      		.word	1
 1450 0a5a 0100      		.word	1
 1451 0a5c 0100      		.word	1
 1452 0a5e 0000      		.word	0
 1453 0a60 0000      		.word	0
 1454 0a62 0000      		.word	0
 1455 0a64 0100      		.word	1
 1456 0a66 0100      		.word	1
 1457 0a68 0100      		.word	1
 1458 0a6a 0100      		.word	1
 1459 0a6c 0100      		.word	1
 1460 0a6e 0100      		.word	1
 1461 0a70 0000      		.word	0
 1462 0a72 0000      		.word	0
 1463 0a74 0100      		.word	1
 1464 0a76 0100      		.word	1
 1465 0a78 0100      		.word	1
 1466 0a7a 0100      		.word	1
 1467 0a7c 0100      		.word	1
 1468 0a7e 0100      		.word	1
 1469 0a80 0000      		.word	0
 1470 0a82 0000      		.word	0
 1471 0a84 0100      		.word	1
 1472 0a86 0100      		.word	1
 1473 0a88 0100      		.word	1
 1474 0a8a 0100      		.word	1
 1475 0a8c 0100      		.word	1
 1476 0a8e 0100      		.word	1
 1477 0a90 0100      		.word	1
 1478 0a92 0100      		.word	1
 1479 0a94 0100      		.word	1
 1480 0a96 0100      		.word	1
 1481 0a98 0100      		.word	1
 1482 0a9a 0100      		.word	1
 1483 0a9c 0100      		.word	1
 1484 0a9e 0100      		.word	1
 1485 0aa0 0100      		.word	1
 1486 0aa2 0100      		.word	1
 1487 0aa4 0100      		.word	1
 1488 0aa6 0100      		.word	1
 1489 0aa8 0100      		.word	1
 1490 0aaa 0100      		.word	1
 1491 0aac 0100      		.word	1
 1492 0aae 0100      		.word	1
 1493 0ab0 0100      		.word	1
 1494 0ab2 0100      		.word	1
 1495 0ab4 0100      		.word	1
 1496 0ab6 0100      		.word	1
 1497 0ab8 0100      		.word	1
 1498 0aba 0100      		.word	1
 1499 0abc 0100      		.word	1
 1500 0abe 0100      		.word	1
 1501 0ac0 0100      		.word	1
 1502 0ac2 0100      		.word	1
 1503 0ac4 0100      		.word	1
 1504 0ac6 0100      		.word	1
 1505 0ac8 0100      		.word	1
 1506 0aca 0100      		.word	1
 1507 0acc 0100      		.word	1
 1508 0ace 0100      		.word	1
 1509 0ad0 0100      		.word	1
 1510 0ad2 0100      		.word	1
 1511 0ad4 0100      		.word	1
 1512 0ad6 0100      		.word	1
 1513 0ad8 0100      		.word	1
 1514 0ada 0100      		.word	1
 1515 0adc 0100      		.word	1
 1516 0ade 0100      		.word	1
 1517 0ae0 0000      		.word	0
 1518 0ae2 0100      		.word	1
 1519 0ae4 0100      		.word	1
 1520 0ae6 0100      		.word	1
 1521 0ae8 0100      		.word	1
 1522 0aea 0100      		.word	1
 1523 0aec 0100      		.word	1
 1524 0aee 0100      		.word	1
 1525 0af0 0000      		.word	0
 1526 0af2 0000      		.word	0
 1527 0af4 0100      		.word	1
 1528 0af6 0100      		.word	1
 1529 0af8 0100      		.word	1
 1530 0afa 0100      		.word	1
 1531 0afc 0100      		.word	1
 1532 0afe 0000      		.word	0
 1533 0b00 0000      		.word	0
 1534 0b02 0000      		.word	0
 1535 0b04 0100      		.word	1
 1536 0b06 0100      		.word	1
 1537 0b08 0100      		.word	1
 1538 0b0a 0100      		.word	1
 1539 0b0c 0100      		.word	1
 1540 0b0e 0000      		.word	0
 1541 0b10 0000      		.word	0
 1542 0b12 0000      		.word	0
 1543 0b14 0100      		.word	1
 1544 0b16 0000      		.word	0
 1545 0b18 0100      		.word	1
 1546 0b1a 0100      		.word	1
 1547 0b1c 0100      		.word	1
 1548 0b1e 0100      		.word	1
 1549 0b20 0000      		.word	0
 1550 0b22 0000      		.word	0
 1551 0b24 0100      		.word	1
 1552 0b26 0100      		.word	1
 1553 0b28 0100      		.word	1
 1554 0b2a 0100      		.word	1
 1555 0b2c 0100      		.word	1
 1556 0b2e 0000      		.word	0
 1557 0b30 0000      		.word	0
 1558 0b32 0000      		.word	0
 1559 0b34 0000      		.word	0
 1560 0b36 0100      		.word	1
 1561 0b38 0100      		.word	1
 1562 0b3a 0100      		.word	1
 1563 0b3c 0100      		.word	1
 1564 0b3e 0100      		.word	1
 1565 0b40 0000      		.word	0
 1566 0b42 0000      		.word	0
 1567 0b44 0100      		.word	1
 1568 0b46 0100      		.word	1
 1569 0b48 0100      		.word	1
 1570 0b4a 0100      		.word	1
 1571 0b4c 0100      		.word	1
 1572 0b4e 0000      		.word	0
 1573 0b50 0000      		.word	0
 1574 0b52 0000      		.word	0
 1575 0b54 0100      		.word	1
 1576 0b56 0100      		.word	1
 1577 0b58 0100      		.word	1
 1578 0b5a 0100      		.word	1
 1579 0b5c 0100      		.word	1
 1580 0b5e 0100      		.word	1
 1581 0b60 0000      		.word	0
 1582 0b62 0000      		.word	0
 1583 0b64 0100      		.word	1
 1584 0b66 0100      		.word	1
 1585 0b68 0100      		.word	1
 1586 0b6a 0100      		.word	1
 1587 0b6c 0100      		.word	1
 1588 0b6e 0100      		.word	1
 1589 0b70 0000      		.word	0
 1590 0b72 0000      		.word	0
 1591 0b74 0100      		.word	1
 1592 0b76 0100      		.word	1
 1593 0b78 0100      		.word	1
 1594 0b7a 0100      		.word	1
 1595 0b7c 0100      		.word	1
 1596 0b7e 0100      		.word	1
 1597 0b80 0100      		.word	1
 1598 0b82 0100      		.word	1
 1599 0b84 0100      		.word	1
 1600 0b86 0100      		.word	1
 1601 0b88 0100      		.word	1
 1602 0b8a 0100      		.word	1
 1603 0b8c 0100      		.word	1
 1604 0b8e 0100      		.word	1
 1605 0b90 0100      		.word	1
 1606 0b92 0100      		.word	1
 1607 0b94 0100      		.word	1
 1608 0b96 0100      		.word	1
 1609 0b98 0100      		.word	1
 1610 0b9a 0100      		.word	1
 1611 0b9c 0100      		.word	1
 1612 0b9e 0100      		.word	1
 1613 0ba0 0100      		.word	1
 1614 0ba2 0100      		.word	1
 1615 0ba4 0100      		.word	1
 1616 0ba6 0100      		.word	1
 1617 0ba8 0100      		.word	1
 1618 0baa 0100      		.word	1
 1619 0bac 0100      		.word	1
 1620 0bae 0100      		.word	1
 1621 0bb0 0100      		.word	1
 1622 0bb2 0100      		.word	1
 1623 0bb4 0100      		.word	1
 1624 0bb6 0100      		.word	1
 1625 0bb8 0100      		.word	1
 1626 0bba 0100      		.word	1
 1627 0bbc 0100      		.word	1
 1628 0bbe 0100      		.word	1
 1629 0bc0 0100      		.word	1
 1630 0bc2 0100      		.word	1
 1631 0bc4 0100      		.word	1
 1632 0bc6 0100      		.word	1
 1633 0bc8 0100      		.word	1
 1634 0bca 0100      		.word	1
 1635 0bcc 0100      		.word	1
 1636 0bce 0100      		.word	1
 1637 0bd0 0000      		.word	0
 1638 0bd2 0100      		.word	1
 1639 0bd4 0100      		.word	1
 1640 0bd6 0100      		.word	1
 1641 0bd8 0100      		.word	1
 1642 0bda 0100      		.word	1
 1643 0bdc 0100      		.word	1
 1644 0bde 0100      		.word	1
 1645 0be0 0000      		.word	0
 1646 0be2 0000      		.word	0
 1647 0be4 0100      		.word	1
 1648 0be6 0100      		.word	1
 1649 0be8 0100      		.word	1
 1650 0bea 0100      		.word	1
 1651 0bec 0100      		.word	1
 1652 0bee 0000      		.word	0
 1653 0bf0 0000      		.word	0
 1654 0bf2 0000      		.word	0
 1655 0bf4 0100      		.word	1
 1656 0bf6 0100      		.word	1
 1657 0bf8 0100      		.word	1
 1658 0bfa 0100      		.word	1
 1659 0bfc 0100      		.word	1
 1660 0bfe 0000      		.word	0
 1661 0c00 0000      		.word	0
 1662 0c02 0000      		.word	0
 1663 0c04 0100      		.word	1
 1664 0c06 0000      		.word	0
 1665 0c08 0100      		.word	1
 1666 0c0a 0100      		.word	1
 1667 0c0c 0100      		.word	1
 1668 0c0e 0100      		.word	1
 1669 0c10 0000      		.word	0
 1670 0c12 0000      		.word	0
 1671 0c14 0100      		.word	1
 1672 0c16 0100      		.word	1
 1673 0c18 0100      		.word	1
 1674 0c1a 0100      		.word	1
 1675 0c1c 0100      		.word	1
 1676 0c1e 0000      		.word	0
 1677 0c20 0000      		.word	0
 1678 0c22 0000      		.word	0
 1679 0c24 0000      		.word	0
 1680 0c26 0100      		.word	1
 1681 0c28 0100      		.word	1
 1682 0c2a 0100      		.word	1
 1683 0c2c 0100      		.word	1
 1684 0c2e 0100      		.word	1
 1685 0c30 0000      		.word	0
 1686 0c32 0000      		.word	0
 1687 0c34 0100      		.word	1
 1688 0c36 0100      		.word	1
 1689 0c38 0100      		.word	1
 1690 0c3a 0100      		.word	1
 1691 0c3c 0100      		.word	1
 1692 0c3e 0000      		.word	0
 1693 0c40 0000      		.word	0
 1694 0c42 0000      		.word	0
 1695 0c44 0100      		.word	1
 1696 0c46 0100      		.word	1
 1697 0c48 0100      		.word	1
 1698 0c4a 0100      		.word	1
 1699 0c4c 0100      		.word	1
 1700 0c4e 0100      		.word	1
 1701 0c50 0000      		.word	0
 1702 0c52 0000      		.word	0
 1703 0c54 0100      		.word	1
 1704 0c56 0100      		.word	1
 1705 0c58 0100      		.word	1
 1706 0c5a 0100      		.word	1
 1707 0c5c 0100      		.word	1
 1708 0c5e 0100      		.word	1
 1709 0c60 0000      		.word	0
 1710 0c62 0000      		.word	0
 1711 0c64 0100      		.word	1
 1712 0c66 0100      		.word	1
 1713 0c68 0100      		.word	1
 1714 0c6a 0100      		.word	1
 1715 0c6c 0100      		.word	1
 1716 0c6e 0100      		.word	1
 1717 0c70 0100      		.word	1
 1718 0c72 0100      		.word	1
 1719 0c74 0100      		.word	1
 1720 0c76 0100      		.word	1
 1721 0c78 0100      		.word	1
 1722 0c7a 0100      		.word	1
 1723 0c7c 0100      		.word	1
 1724 0c7e 0100      		.word	1
 1725 0c80 0100      		.word	1
 1726 0c82 0100      		.word	1
 1727 0c84 0100      		.word	1
 1728 0c86 0100      		.word	1
 1729 0c88 0100      		.word	1
 1730 0c8a 0100      		.word	1
 1731 0c8c 0100      		.word	1
 1732 0c8e 0100      		.word	1
 1733 0c90 0100      		.word	1
 1734 0c92 0100      		.word	1
 1735 0c94 0100      		.word	1
 1736 0c96 0100      		.word	1
 1737 0c98 0100      		.word	1
 1738 0c9a 0100      		.word	1
 1739 0c9c 0100      		.word	1
 1740 0c9e 0100      		.word	1
 1741 0ca0 0100      		.word	1
 1742 0ca2 0100      		.word	1
 1743 0ca4 0100      		.word	1
 1744 0ca6 0100      		.word	1
 1745 0ca8 0100      		.word	1
 1746 0caa 0100      		.word	1
 1747 0cac 0100      		.word	1
 1748 0cae 0100      		.word	1
 1749 0cb0 0100      		.word	1
 1750 0cb2 0100      		.word	1
 1751 0cb4 0100      		.word	1
 1752 0cb6 0100      		.word	1
 1753 0cb8 0100      		.word	1
 1754 0cba 0100      		.word	1
 1755 0cbc 0100      		.word	1
 1756 0cbe 0100      		.word	1
 1757 0cc0 0000      		.word	0
 1758 0cc2 0100      		.word	1
 1759 0cc4 0100      		.word	1
 1760 0cc6 0100      		.word	1
 1761 0cc8 0100      		.word	1
 1762 0cca 0100      		.word	1
 1763 0ccc 0100      		.word	1
 1764 0cce 0100      		.word	1
 1765 0cd0 0000      		.word	0
 1766 0cd2 0000      		.word	0
 1767 0cd4 0100      		.word	1
 1768 0cd6 0100      		.word	1
 1769 0cd8 0100      		.word	1
 1770 0cda 0100      		.word	1
 1771 0cdc 0100      		.word	1
 1772 0cde 0000      		.word	0
 1773 0ce0 0000      		.word	0
 1774 0ce2 0000      		.word	0
 1775 0ce4 0100      		.word	1
 1776 0ce6 0100      		.word	1
 1777 0ce8 0100      		.word	1
 1778 0cea 0100      		.word	1
 1779 0cec 0100      		.word	1
 1780 0cee 0000      		.word	0
 1781 0cf0 0000      		.word	0
 1782 0cf2 0000      		.word	0
 1783 0cf4 0100      		.word	1
 1784 0cf6 0000      		.word	0
 1785 0cf8 0100      		.word	1
 1786 0cfa 0100      		.word	1
 1787 0cfc 0100      		.word	1
 1788 0cfe 0100      		.word	1
 1789 0d00 0000      		.word	0
 1790 0d02 0000      		.word	0
 1791 0d04 0100      		.word	1
 1792 0d06 0100      		.word	1
 1793 0d08 0100      		.word	1
 1794 0d0a 0100      		.word	1
 1795 0d0c 0100      		.word	1
 1796 0d0e 0000      		.word	0
 1797 0d10 0000      		.word	0
 1798 0d12 0000      		.word	0
 1799 0d14 0000      		.word	0
 1800 0d16 0100      		.word	1
 1801 0d18 0100      		.word	1
 1802 0d1a 0100      		.word	1
 1803 0d1c 0100      		.word	1
 1804 0d1e 0100      		.word	1
 1805 0d20 0000      		.word	0
 1806 0d22 0000      		.word	0
 1807 0d24 0100      		.word	1
 1808 0d26 0100      		.word	1
 1809 0d28 0100      		.word	1
 1810 0d2a 0100      		.word	1
 1811 0d2c 0100      		.word	1
 1812 0d2e 0000      		.word	0
 1813 0d30 0000      		.word	0
 1814 0d32 0000      		.word	0
 1815 0d34 0100      		.word	1
 1816 0d36 0100      		.word	1
 1817 0d38 0100      		.word	1
 1818 0d3a 0100      		.word	1
 1819 0d3c 0100      		.word	1
 1820 0d3e 0100      		.word	1
 1821 0d40 0000      		.word	0
 1822 0d42 0000      		.word	0
 1823 0d44 0100      		.word	1
 1824 0d46 0100      		.word	1
 1825 0d48 0100      		.word	1
 1826 0d4a 0100      		.word	1
 1827 0d4c 0100      		.word	1
 1828 0d4e 0100      		.word	1
 1829 0d50 0000      		.word	0
 1830 0d52 0000      		.word	0
 1831 0d54 0100      		.word	1
 1832 0d56 0100      		.word	1
 1833 0d58 0100      		.word	1
 1834 0d5a 0100      		.word	1
 1835 0d5c 0100      		.word	1
 1836 0d5e 0100      		.word	1
 1837 0d60 0100      		.word	1
 1838 0d62 0100      		.word	1
 1839 0d64 0100      		.word	1
 1840 0d66 0100      		.word	1
 1841 0d68 0100      		.word	1
 1842 0d6a 0100      		.word	1
 1843 0d6c 0100      		.word	1
 1844 0d6e 0100      		.word	1
 1845 0d70 0100      		.word	1
 1846 0d72 0100      		.word	1
 1847 0d74 0100      		.word	1
 1848 0d76 0100      		.word	1
 1849 0d78 0100      		.word	1
 1850 0d7a 0100      		.word	1
 1851 0d7c 0100      		.word	1
 1852 0d7e 0100      		.word	1
 1853 0d80 0100      		.word	1
 1854 0d82 0100      		.word	1
 1855 0d84 0100      		.word	1
 1856 0d86 0100      		.word	1
 1857 0d88 0100      		.word	1
 1858 0d8a 0100      		.word	1
 1859 0d8c 0100      		.word	1
 1860 0d8e 0100      		.word	1
 1861 0d90 0100      		.word	1
 1862 0d92 0100      		.word	1
 1863 0d94 0100      		.word	1
 1864 0d96 0100      		.word	1
 1865 0d98 0100      		.word	1
 1866 0d9a 0100      		.word	1
 1867 0d9c 0100      		.word	1
 1868 0d9e 0100      		.word	1
 1869 0da0 0100      		.word	1
 1870 0da2 0100      		.word	1
 1871 0da4 0100      		.word	1
 1872 0da6 0100      		.word	1
 1873 0da8 0100      		.word	1
 1874 0daa 0100      		.word	1
 1875 0dac 0100      		.word	1
 1876 0dae 0100      		.word	1
 1877 0db0 0000      		.word	0
 1878 0db2 0100      		.word	1
 1879 0db4 0100      		.word	1
 1880 0db6 0100      		.word	1
 1881 0db8 0100      		.word	1
 1882 0dba 0100      		.word	1
 1883 0dbc 0100      		.word	1
 1884 0dbe 0100      		.word	1
 1885 0dc0 0000      		.word	0
 1886 0dc2 0000      		.word	0
 1887 0dc4 0100      		.word	1
 1888 0dc6 0100      		.word	1
 1889 0dc8 0100      		.word	1
 1890 0dca 0100      		.word	1
 1891 0dcc 0100      		.word	1
 1892 0dce 0000      		.word	0
 1893 0dd0 0000      		.word	0
 1894 0dd2 0000      		.word	0
 1895 0dd4 0100      		.word	1
 1896 0dd6 0100      		.word	1
 1897 0dd8 0100      		.word	1
 1898 0dda 0100      		.word	1
 1899 0ddc 0100      		.word	1
 1900 0dde 0000      		.word	0
 1901 0de0 0000      		.word	0
 1902 0de2 0000      		.word	0
 1903 0de4 0100      		.word	1
 1904 0de6 0000      		.word	0
 1905 0de8 0100      		.word	1
 1906 0dea 0100      		.word	1
 1907 0dec 0100      		.word	1
 1908 0dee 0100      		.word	1
 1909 0df0 0000      		.word	0
 1910 0df2 0000      		.word	0
 1911 0df4 0100      		.word	1
 1912 0df6 0100      		.word	1
 1913 0df8 0100      		.word	1
 1914 0dfa 0100      		.word	1
 1915 0dfc 0100      		.word	1
 1916 0dfe 0000      		.word	0
 1917 0e00 0000      		.word	0
 1918 0e02 0000      		.word	0
 1919 0e04 0000      		.word	0
 1920 0e06 0100      		.word	1
 1921 0e08 0100      		.word	1
 1922 0e0a 0100      		.word	1
 1923 0e0c 0100      		.word	1
 1924 0e0e 0100      		.word	1
 1925 0e10 0000      		.word	0
 1926 0e12 0000      		.word	0
 1927 0e14 0100      		.word	1
 1928 0e16 0100      		.word	1
 1929 0e18 0100      		.word	1
 1930 0e1a 0100      		.word	1
 1931 0e1c 0100      		.word	1
 1932 0e1e 0000      		.word	0
 1933 0e20 0000      		.word	0
 1934 0e22 0000      		.word	0
 1935 0e24 0100      		.word	1
 1936 0e26 0100      		.word	1
 1937 0e28 0100      		.word	1
 1938 0e2a 0100      		.word	1
 1939 0e2c 0100      		.word	1
 1940 0e2e 0100      		.word	1
 1941 0e30 0000      		.word	0
 1942 0e32 0000      		.word	0
 1943 0e34 0100      		.word	1
 1944 0e36 0100      		.word	1
 1945 0e38 0100      		.word	1
 1946 0e3a 0100      		.word	1
 1947 0e3c 0100      		.word	1
 1948 0e3e 0100      		.word	1
 1949 0e40 0000      		.word	0
 1950 0e42 0000      		.word	0
 1951 0e44 0100      		.word	1
 1952 0e46 0100      		.word	1
 1953 0e48 0100      		.word	1
 1954 0e4a 0100      		.word	1
 1955 0e4c 0100      		.word	1
 1956 0e4e 0100      		.word	1
 1957 0e50 0100      		.word	1
 1958 0e52 0100      		.word	1
 1959 0e54 0100      		.word	1
 1960 0e56 0100      		.word	1
 1961 0e58 0100      		.word	1
 1962 0e5a 0100      		.word	1
 1963 0e5c 0100      		.word	1
 1964 0e5e 0100      		.word	1
 1965 0e60 0100      		.word	1
 1966 0e62 0100      		.word	1
 1967 0e64 0100      		.word	1
 1968 0e66 0100      		.word	1
 1969 0e68 0100      		.word	1
 1970 0e6a 0100      		.word	1
 1971 0e6c 0100      		.word	1
 1972 0e6e 0100      		.word	1
 1973 0e70 0100      		.word	1
 1974 0e72 0100      		.word	1
 1975 0e74 0100      		.word	1
 1976 0e76 0100      		.word	1
 1977 0e78 0100      		.word	1
 1978 0e7a 0100      		.word	1
 1979 0e7c 0100      		.word	1
 1980 0e7e 0100      		.word	1
 1981 0e80 0100      		.word	1
 1982 0e82 0100      		.word	1
 1983 0e84 0100      		.word	1
 1984 0e86 0100      		.word	1
 1985 0e88 0100      		.word	1
 1986 0e8a 0100      		.word	1
 1987 0e8c 0100      		.word	1
 1988 0e8e 0100      		.word	1
 1989 0e90 0100      		.word	1
 1990 0e92 0100      		.word	1
 1991 0e94 0100      		.word	1
 1992 0e96 0100      		.word	1
 1993 0e98 0100      		.word	1
 1994 0e9a 0100      		.word	1
 1995 0e9c 0100      		.word	1
 1996 0e9e 0100      		.word	1
 1997 0ea0 0000      		.word	0
 1998 0ea2 0100      		.word	1
 1999 0ea4 0100      		.word	1
 2000 0ea6 0100      		.word	1
 2001 0ea8 0100      		.word	1
 2002 0eaa 0100      		.word	1
 2003 0eac 0100      		.word	1
 2004 0eae 0100      		.word	1
 2005 0eb0 0000      		.word	0
 2006 0eb2 0000      		.word	0
 2007 0eb4 0100      		.word	1
 2008 0eb6 0100      		.word	1
 2009 0eb8 0100      		.word	1
 2010 0eba 0100      		.word	1
 2011 0ebc 0100      		.word	1
 2012 0ebe 0000      		.word	0
 2013 0ec0 0000      		.word	0
 2014 0ec2 0000      		.word	0
 2015 0ec4 0100      		.word	1
 2016 0ec6 0100      		.word	1
 2017 0ec8 0100      		.word	1
 2018 0eca 0100      		.word	1
 2019 0ecc 0100      		.word	1
 2020 0ece 0000      		.word	0
 2021 0ed0 0000      		.word	0
 2022 0ed2 0000      		.word	0
 2023 0ed4 0100      		.word	1
 2024 0ed6 0000      		.word	0
 2025 0ed8 0100      		.word	1
 2026 0eda 0100      		.word	1
 2027 0edc 0100      		.word	1
 2028 0ede 0100      		.word	1
 2029 0ee0 0000      		.word	0
 2030 0ee2 0000      		.word	0
 2031 0ee4 0100      		.word	1
 2032 0ee6 0100      		.word	1
 2033 0ee8 0100      		.word	1
 2034 0eea 0100      		.word	1
 2035 0eec 0100      		.word	1
 2036 0eee 0000      		.word	0
 2037 0ef0 0000      		.word	0
 2038 0ef2 0000      		.word	0
 2039 0ef4 0000      		.word	0
 2040 0ef6 0100      		.word	1
 2041 0ef8 0100      		.word	1
 2042 0efa 0100      		.word	1
 2043 0efc 0100      		.word	1
 2044 0efe 0100      		.word	1
 2045               		.text
 2046               	.Letext0:
 2047               		.file 2 "/usr/avr/include/stdint.h"
 2048               		.file 3 "./tmk_core/common/keyboard.h"
 2049               		.file 4 "./tmk_core/common/action_macro.h"
 2050               		.file 5 "./tmk_core/common/action.h"
 2051               		.file 6 "./tmk_core/common/keycode.h"
 2052               		.file 7 "./quantum/quantum_keycodes.h"
 2053               		.file 8 "./quantum/keymap.h"
DEFINED SYMBOLS
                            *ABS*:0000000000000000 keymap.c
     /tmp/ccv2J5N9.s:2      *ABS*:000000000000003e __SP_H__
     /tmp/ccv2J5N9.s:3      *ABS*:000000000000003d __SP_L__
     /tmp/ccv2J5N9.s:4      *ABS*:000000000000003f __SREG__
     /tmp/ccv2J5N9.s:5      *ABS*:000000000000003b __RAMPZ__
     /tmp/ccv2J5N9.s:6      *ABS*:0000000000000000 __tmp_reg__
     /tmp/ccv2J5N9.s:7      *ABS*:0000000000000001 __zero_reg__
     /tmp/ccv2J5N9.s:14     .text.action_get_macro:0000000000000000 action_get_macro
     /tmp/ccv2J5N9.s:41     .text.matrix_init_user:0000000000000000 matrix_init_user
     /tmp/ccv2J5N9.s:58     .text.matrix_scan_user:0000000000000000 matrix_scan_user
     /tmp/ccv2J5N9.s:73     .text.process_record_user:0000000000000000 process_record_user
     /tmp/ccv2J5N9.s:95     .text.led_set_user:0000000000000000 led_set_user
     /tmp/ccv2J5N9.s:124    .progmem.data.keymaps:0000000000000000 keymaps

NO UNDEFINED SYMBOLS
