   1               		.file	"Events.c"
   2               	__SP_H__ = 0x3e
   3               	__SP_L__ = 0x3d
   4               	__SREG__ = 0x3f
   5               	__RAMPZ__ = 0x3b
   6               	__tmp_reg__ = 0
   7               	__zero_reg__ = 1
   8               		.text
   9               	.Ltext0:
  10               		.cfi_sections	.debug_frame
  11               		.section	.text.USB_Event_Stub,"ax",@progbits
  12               	.global	USB_Event_Stub
  14               	USB_Event_Stub:
  15               	.LFB16:
  16               		.file 1 "lib/lufa/LUFA/Drivers/USB/Core/Events.c"
   1:lib/lufa/LUFA/Drivers/USB/Core/Events.c **** /*
   2:lib/lufa/LUFA/Drivers/USB/Core/Events.c ****              LUFA Library
   3:lib/lufa/LUFA/Drivers/USB/Core/Events.c ****      Copyright (C) Dean Camera, 2019.
   4:lib/lufa/LUFA/Drivers/USB/Core/Events.c **** 
   5:lib/lufa/LUFA/Drivers/USB/Core/Events.c ****   dean [at] fourwalledcubicle [dot] com
   6:lib/lufa/LUFA/Drivers/USB/Core/Events.c ****            www.lufa-lib.org
   7:lib/lufa/LUFA/Drivers/USB/Core/Events.c **** */
   8:lib/lufa/LUFA/Drivers/USB/Core/Events.c **** 
   9:lib/lufa/LUFA/Drivers/USB/Core/Events.c **** /*
  10:lib/lufa/LUFA/Drivers/USB/Core/Events.c ****   Copyright 2019  Dean Camera (dean [at] fourwalledcubicle [dot] com)
  11:lib/lufa/LUFA/Drivers/USB/Core/Events.c **** 
  12:lib/lufa/LUFA/Drivers/USB/Core/Events.c ****   Permission to use, copy, modify, distribute, and sell this
  13:lib/lufa/LUFA/Drivers/USB/Core/Events.c ****   software and its documentation for any purpose is hereby granted
  14:lib/lufa/LUFA/Drivers/USB/Core/Events.c ****   without fee, provided that the above copyright notice appear in
  15:lib/lufa/LUFA/Drivers/USB/Core/Events.c ****   all copies and that both that the copyright notice and this
  16:lib/lufa/LUFA/Drivers/USB/Core/Events.c ****   permission notice and warranty disclaimer appear in supporting
  17:lib/lufa/LUFA/Drivers/USB/Core/Events.c ****   documentation, and that the name of the author not be used in
  18:lib/lufa/LUFA/Drivers/USB/Core/Events.c ****   advertising or publicity pertaining to distribution of the
  19:lib/lufa/LUFA/Drivers/USB/Core/Events.c ****   software without specific, written prior permission.
  20:lib/lufa/LUFA/Drivers/USB/Core/Events.c **** 
  21:lib/lufa/LUFA/Drivers/USB/Core/Events.c ****   The author disclaims all warranties with regard to this
  22:lib/lufa/LUFA/Drivers/USB/Core/Events.c ****   software, including all implied warranties of merchantability
  23:lib/lufa/LUFA/Drivers/USB/Core/Events.c ****   and fitness.  In no event shall the author be liable for any
  24:lib/lufa/LUFA/Drivers/USB/Core/Events.c ****   special, indirect or consequential damages or any damages
  25:lib/lufa/LUFA/Drivers/USB/Core/Events.c ****   whatsoever resulting from loss of use, data or profits, whether
  26:lib/lufa/LUFA/Drivers/USB/Core/Events.c ****   in an action of contract, negligence or other tortious action,
  27:lib/lufa/LUFA/Drivers/USB/Core/Events.c ****   arising out of or in connection with the use or performance of
  28:lib/lufa/LUFA/Drivers/USB/Core/Events.c ****   this software.
  29:lib/lufa/LUFA/Drivers/USB/Core/Events.c **** */
  30:lib/lufa/LUFA/Drivers/USB/Core/Events.c **** 
  31:lib/lufa/LUFA/Drivers/USB/Core/Events.c **** #define  __INCLUDE_FROM_EVENTS_C
  32:lib/lufa/LUFA/Drivers/USB/Core/Events.c **** #define  __INCLUDE_FROM_USB_DRIVER
  33:lib/lufa/LUFA/Drivers/USB/Core/Events.c **** #include "Events.h"
  34:lib/lufa/LUFA/Drivers/USB/Core/Events.c **** 
  35:lib/lufa/LUFA/Drivers/USB/Core/Events.c **** void USB_Event_Stub(void)
  36:lib/lufa/LUFA/Drivers/USB/Core/Events.c **** {
  17               		.loc 1 36 1 view -0
  18               		.cfi_startproc
  19               	/* prologue: function */
  20               	/* frame size = 0 */
  21               	/* stack size = 0 */
  22               	.L__stack_usage = 0
  37:lib/lufa/LUFA/Drivers/USB/Core/Events.c **** 
  38:lib/lufa/LUFA/Drivers/USB/Core/Events.c **** }
  23               		.loc 1 38 1 view .LVU1
  24               	/* epilogue start */
  25 0000 0895      		ret
  26               		.cfi_endproc
  27               	.LFE16:
  29               		.weak	EVENT_USB_Device_StartOfFrame
  30               		.set	EVENT_USB_Device_StartOfFrame,USB_Event_Stub
  31               		.weak	EVENT_USB_Device_Reset
  32               		.set	EVENT_USB_Device_Reset,USB_Event_Stub
  33               		.weak	EVENT_USB_Device_WakeUp
  34               		.set	EVENT_USB_Device_WakeUp,USB_Event_Stub
  35               		.weak	EVENT_USB_Device_Suspend
  36               		.set	EVENT_USB_Device_Suspend,USB_Event_Stub
  37               		.weak	EVENT_USB_Device_ConfigurationChanged
  38               		.set	EVENT_USB_Device_ConfigurationChanged,USB_Event_Stub
  39               		.weak	EVENT_USB_Device_ControlRequest
  40               		.set	EVENT_USB_Device_ControlRequest,USB_Event_Stub
  41               		.weak	EVENT_USB_Device_Disconnect
  42               		.set	EVENT_USB_Device_Disconnect,USB_Event_Stub
  43               		.weak	EVENT_USB_Device_Connect
  44               		.set	EVENT_USB_Device_Connect,USB_Event_Stub
  45               		.section	.text.USB_Event_Stub_2,"ax",@progbits
  46               	.global	USB_Event_Stub_2
  48               	USB_Event_Stub_2:
  49               	.LVL0:
  50               	.LFB17:
  39:lib/lufa/LUFA/Drivers/USB/Core/Events.c **** 
  40:lib/lufa/LUFA/Drivers/USB/Core/Events.c **** void USB_Event_Stub_2(const uint8_t _1)
  41:lib/lufa/LUFA/Drivers/USB/Core/Events.c **** {
  51               		.loc 1 41 1 view -0
  52               		.cfi_startproc
  53               	/* prologue: function */
  54               	/* frame size = 0 */
  55               	/* stack size = 0 */
  56               	.L__stack_usage = 0
  42:lib/lufa/LUFA/Drivers/USB/Core/Events.c **** 	(void)_1;
  57               		.loc 1 42 2 view .LVU3
  43:lib/lufa/LUFA/Drivers/USB/Core/Events.c **** 	USB_Event_Stub();
  58               		.loc 1 43 2 view .LVU4
  59               	/* epilogue start */
  44:lib/lufa/LUFA/Drivers/USB/Core/Events.c **** }
  60               		.loc 1 44 1 is_stmt 0 view .LVU5
  61 0000 0895      		ret
  62               		.cfi_endproc
  63               	.LFE17:
  65               		.section	.text.USB_Event_Stub_3,"ax",@progbits
  66               	.global	USB_Event_Stub_3
  68               	USB_Event_Stub_3:
  69               	.LVL1:
  70               	.LFB18:
  45:lib/lufa/LUFA/Drivers/USB/Core/Events.c **** 
  46:lib/lufa/LUFA/Drivers/USB/Core/Events.c **** void USB_Event_Stub_3(const uint8_t _1, const uint8_t _2)
  47:lib/lufa/LUFA/Drivers/USB/Core/Events.c **** {
  71               		.loc 1 47 1 is_stmt 1 view -0
  72               		.cfi_startproc
  73               	/* prologue: function */
  74               	/* frame size = 0 */
  75               	/* stack size = 0 */
  76               	.L__stack_usage = 0
  48:lib/lufa/LUFA/Drivers/USB/Core/Events.c **** 	(void)_1;
  77               		.loc 1 48 2 view .LVU7
  49:lib/lufa/LUFA/Drivers/USB/Core/Events.c **** 	(void)_2;
  78               		.loc 1 49 2 view .LVU8
  50:lib/lufa/LUFA/Drivers/USB/Core/Events.c **** 	USB_Event_Stub();
  79               		.loc 1 50 2 view .LVU9
  80               	/* epilogue start */
  51:lib/lufa/LUFA/Drivers/USB/Core/Events.c **** }
  81               		.loc 1 51 1 is_stmt 0 view .LVU10
  82 0000 0895      		ret
  83               		.cfi_endproc
  84               	.LFE18:
  86               		.text
  87               	.Letext0:
  88               		.file 2 "/usr/avr/include/stdint.h"
DEFINED SYMBOLS
                            *ABS*:0000000000000000 Events.c
     /tmp/ccRVfgx9.s:2      *ABS*:000000000000003e __SP_H__
     /tmp/ccRVfgx9.s:3      *ABS*:000000000000003d __SP_L__
     /tmp/ccRVfgx9.s:4      *ABS*:000000000000003f __SREG__
     /tmp/ccRVfgx9.s:5      *ABS*:000000000000003b __RAMPZ__
     /tmp/ccRVfgx9.s:6      *ABS*:0000000000000000 __tmp_reg__
     /tmp/ccRVfgx9.s:7      *ABS*:0000000000000001 __zero_reg__
     /tmp/ccRVfgx9.s:14     .text.USB_Event_Stub:0000000000000000 USB_Event_Stub
     /tmp/ccRVfgx9.s:14     .text.USB_Event_Stub:0000000000000000 EVENT_USB_Device_StartOfFrame
     /tmp/ccRVfgx9.s:14     .text.USB_Event_Stub:0000000000000000 EVENT_USB_Device_Reset
     /tmp/ccRVfgx9.s:14     .text.USB_Event_Stub:0000000000000000 EVENT_USB_Device_WakeUp
     /tmp/ccRVfgx9.s:14     .text.USB_Event_Stub:0000000000000000 EVENT_USB_Device_Suspend
     /tmp/ccRVfgx9.s:14     .text.USB_Event_Stub:0000000000000000 EVENT_USB_Device_ConfigurationChanged
     /tmp/ccRVfgx9.s:14     .text.USB_Event_Stub:0000000000000000 EVENT_USB_Device_ControlRequest
     /tmp/ccRVfgx9.s:14     .text.USB_Event_Stub:0000000000000000 EVENT_USB_Device_Disconnect
     /tmp/ccRVfgx9.s:14     .text.USB_Event_Stub:0000000000000000 EVENT_USB_Device_Connect
     /tmp/ccRVfgx9.s:48     .text.USB_Event_Stub_2:0000000000000000 USB_Event_Stub_2
     /tmp/ccRVfgx9.s:68     .text.USB_Event_Stub_3:0000000000000000 USB_Event_Stub_3

NO UNDEFINED SYMBOLS
