   1               		.file	"matrix.c"
   2               	__SP_H__ = 0x3e
   3               	__SP_L__ = 0x3d
   4               	__SREG__ = 0x3f
   5               	__tmp_reg__ = 0
   6               	__zero_reg__ = 1
   7               		.text
   8               	.Ltext0:
   9               		.cfi_sections	.debug_frame
  10               		.section	.text.matrix_rows,"ax",@progbits
  11               		.weak	matrix_rows
  13               	matrix_rows:
  14               	.LFB1:
  15               		.file 1 "../../tmk_core/common/matrix.c"
   1:../../tmk_core/common/matrix.c **** /*
   2:../../tmk_core/common/matrix.c **** Copyright 2016 Jun Wako <wakojun@gmail.com>
   3:../../tmk_core/common/matrix.c **** 
   4:../../tmk_core/common/matrix.c **** This program is free software: you can redistribute it and/or modify
   5:../../tmk_core/common/matrix.c **** it under the terms of the GNU General Public License as published by
   6:../../tmk_core/common/matrix.c **** the Free Software Foundation, either version 2 of the License, or
   7:../../tmk_core/common/matrix.c **** (at your option) any later version.
   8:../../tmk_core/common/matrix.c **** 
   9:../../tmk_core/common/matrix.c **** This program is distributed in the hope that it will be useful,
  10:../../tmk_core/common/matrix.c **** but WITHOUT ANY WARRANTY; without even the implied warranty of
  11:../../tmk_core/common/matrix.c **** MERCHANTABILITY or FITNESS FOR A PARTICULAR PURPOSE.  See the
  12:../../tmk_core/common/matrix.c **** GNU General Public License for more details.
  13:../../tmk_core/common/matrix.c **** 
  14:../../tmk_core/common/matrix.c **** You should have received a copy of the GNU General Public License
  15:../../tmk_core/common/matrix.c **** along with this program.  If not, see <http://www.gnu.org/licenses/>.
  16:../../tmk_core/common/matrix.c **** */
  17:../../tmk_core/common/matrix.c **** #include "print.h"
  18:../../tmk_core/common/matrix.c **** #include "matrix.h"
  19:../../tmk_core/common/matrix.c **** 
  20:../../tmk_core/common/matrix.c **** 
  21:../../tmk_core/common/matrix.c **** __attribute__ ((weak))
  22:../../tmk_core/common/matrix.c **** uint8_t matrix_rows(void)
  23:../../tmk_core/common/matrix.c **** {
  16               		.loc 1 23 1 view -0
  17               		.cfi_startproc
  18               	/* prologue: function */
  19               	/* frame size = 0 */
  20               	/* stack size = 0 */
  21               	.L__stack_usage = 0
  24:../../tmk_core/common/matrix.c ****     return MATRIX_ROWS;
  22               		.loc 1 24 5 view .LVU1
  25:../../tmk_core/common/matrix.c **** }
  23               		.loc 1 25 1 is_stmt 0 view .LVU2
  24 0000 80E1      		ldi r24,lo8(16)
  25               	/* epilogue start */
  26 0002 0895      		ret
  27               		.cfi_endproc
  28               	.LFE1:
  30               		.section	.text.matrix_cols,"ax",@progbits
  31               		.weak	matrix_cols
  33               	matrix_cols:
  34               	.LFB2:
  26:../../tmk_core/common/matrix.c **** 
  27:../../tmk_core/common/matrix.c **** __attribute__ ((weak))
  28:../../tmk_core/common/matrix.c **** uint8_t matrix_cols(void)
  29:../../tmk_core/common/matrix.c **** {
  35               		.loc 1 29 1 is_stmt 1 view -0
  36               		.cfi_startproc
  37               	/* prologue: function */
  38               	/* frame size = 0 */
  39               	/* stack size = 0 */
  40               	.L__stack_usage = 0
  30:../../tmk_core/common/matrix.c ****     return MATRIX_COLS;
  41               		.loc 1 30 5 view .LVU4
  31:../../tmk_core/common/matrix.c **** }
  42               		.loc 1 31 1 is_stmt 0 view .LVU5
  43 0000 88E0      		ldi r24,lo8(8)
  44               	/* epilogue start */
  45 0002 0895      		ret
  46               		.cfi_endproc
  47               	.LFE2:
  49               		.section	.text.matrix_clear,"ax",@progbits
  50               		.weak	matrix_clear
  52               	matrix_clear:
  53               	.LFB10:
  54               		.cfi_startproc
  55               	/* prologue: function */
  56               	/* frame size = 0 */
  57               	/* stack size = 0 */
  58               	.L__stack_usage = 0
  59               	/* epilogue start */
  60 0000 0895      		ret
  61               		.cfi_endproc
  62               	.LFE10:
  64               		.section	.text.matrix_setup,"ax",@progbits
  65               		.weak	matrix_setup
  67               	matrix_setup:
  68               	.LFB4:
  32:../../tmk_core/common/matrix.c **** 
  33:../../tmk_core/common/matrix.c **** __attribute__ ((weak))
  34:../../tmk_core/common/matrix.c **** void matrix_clear(void)
  35:../../tmk_core/common/matrix.c **** {
  36:../../tmk_core/common/matrix.c **** }
  37:../../tmk_core/common/matrix.c **** 
  38:../../tmk_core/common/matrix.c **** __attribute__ ((weak))
  39:../../tmk_core/common/matrix.c **** void matrix_setup(void) {}
  69               		.loc 1 39 25 is_stmt 1 view -0
  70               		.cfi_startproc
  71               	/* prologue: function */
  72               	/* frame size = 0 */
  73               	/* stack size = 0 */
  74               	.L__stack_usage = 0
  75               		.loc 1 39 26 view .LVU7
  76               	/* epilogue start */
  77               		.loc 1 39 1 is_stmt 0 view .LVU8
  78 0000 0895      		ret
  79               		.cfi_endproc
  80               	.LFE4:
  82               		.section	.text.matrix_is_on,"ax",@progbits
  83               		.weak	matrix_is_on
  85               	matrix_is_on:
  86               	.LVL0:
  87               	.LFB5:
  40:../../tmk_core/common/matrix.c **** 
  41:../../tmk_core/common/matrix.c **** __attribute__ ((weak))
  42:../../tmk_core/common/matrix.c **** bool matrix_is_on(uint8_t row, uint8_t col)
  43:../../tmk_core/common/matrix.c **** {
  88               		.loc 1 43 1 is_stmt 1 view -0
  89               		.cfi_startproc
  90               		.loc 1 43 1 is_stmt 0 view .LVU10
  91 0000 CF93      		push r28
  92               	.LCFI0:
  93               		.cfi_def_cfa_offset 3
  94               		.cfi_offset 28, -2
  95               	/* prologue: function */
  96               	/* frame size = 0 */
  97               	/* stack size = 1 */
  98               	.L__stack_usage = 1
  99 0002 C62F      		mov r28,r22
  44:../../tmk_core/common/matrix.c ****     return (matrix_get_row(row) & (1<<col));
 100               		.loc 1 44 5 is_stmt 1 view .LVU11
 101               		.loc 1 44 13 is_stmt 0 view .LVU12
 102 0004 0E94 0000 		call matrix_get_row
 103               	.LVL1:
 104               		.loc 1 44 37 view .LVU13
 105 0008 21E0      		ldi r18,lo8(1)
 106 000a 30E0      		ldi r19,0
 107 000c 00C0      		rjmp 2f
 108               		1:
 109 000e 220F      		lsl r18
 110 0010 331F      		rol r19
 111               		2:
 112 0012 CA95      		dec r28
 113 0014 02F4      		brpl 1b
 114               		.loc 1 44 13 view .LVU14
 115 0016 90E0      		ldi r25,0
 116               		.loc 1 44 33 view .LVU15
 117 0018 2823      		and r18,r24
 118 001a 3923      		and r19,r25
 119 001c 81E0      		ldi r24,lo8(1)
 120 001e 232B      		or r18,r19
 121 0020 01F4      		brne .L6
 122 0022 80E0      		ldi r24,0
 123               	.L6:
 124               	/* epilogue start */
  45:../../tmk_core/common/matrix.c **** }
 125               		.loc 1 45 1 view .LVU16
 126 0024 CF91      		pop r28
 127               	.LVL2:
 128               		.loc 1 45 1 view .LVU17
 129 0026 0895      		ret
 130               		.cfi_endproc
 131               	.LFE5:
 133               		.section	.rodata.matrix_print.str1.1,"aMS",@progbits,1
 134               	.LC0:
 135 0000 00        		.string	""
 136               		.section	.text.matrix_print,"ax",@progbits
 137               		.weak	matrix_print
 139               	matrix_print:
 140               	.LFB6:
  46:../../tmk_core/common/matrix.c **** 
  47:../../tmk_core/common/matrix.c **** __attribute__ ((weak))
  48:../../tmk_core/common/matrix.c **** void matrix_print(void)
  49:../../tmk_core/common/matrix.c **** {
 141               		.loc 1 49 1 is_stmt 1 view -0
 142               		.cfi_startproc
 143 0000 EF92      		push r14
 144               	.LCFI1:
 145               		.cfi_def_cfa_offset 3
 146               		.cfi_offset 14, -2
 147 0002 FF92      		push r15
 148               	.LCFI2:
 149               		.cfi_def_cfa_offset 4
 150               		.cfi_offset 15, -3
 151 0004 0F93      		push r16
 152               	.LCFI3:
 153               		.cfi_def_cfa_offset 5
 154               		.cfi_offset 16, -4
 155 0006 1F93      		push r17
 156               	.LCFI4:
 157               		.cfi_def_cfa_offset 6
 158               		.cfi_offset 17, -5
 159 0008 CF93      		push r28
 160               	.LCFI5:
 161               		.cfi_def_cfa_offset 7
 162               		.cfi_offset 28, -6
 163 000a DF93      		push r29
 164               	.LCFI6:
 165               		.cfi_def_cfa_offset 8
 166               		.cfi_offset 29, -7
 167               	/* prologue: function */
 168               	/* frame size = 0 */
 169               	/* stack size = 6 */
 170               	.L__stack_usage = 6
  50:../../tmk_core/common/matrix.c **** #if (MATRIX_COLS <= 8)
  51:../../tmk_core/common/matrix.c ****     print("r/c 01234567\n");
 171               		.loc 1 51 5 view .LVU19
 172               	.LBB2:
 173               		.loc 1 51 5 view .LVU20
 174               		.loc 1 51 5 view .LVU21
 175               	.LBE2:
 176 000c 80E0      		ldi r24,lo8(__c.1790)
 177 000e 90E0      		ldi r25,hi8(__c.1790)
 178 0010 0E94 0000 		call xputs
  52:../../tmk_core/common/matrix.c **** #elif (MATRIX_COLS <= 16)
  53:../../tmk_core/common/matrix.c ****     print("r/c 0123456789ABCDEF\n");
  54:../../tmk_core/common/matrix.c **** #elif (MATRIX_COLS <= 32)
  55:../../tmk_core/common/matrix.c ****     print("r/c 0123456789ABCDEF0123456789ABCDEF\n");
  56:../../tmk_core/common/matrix.c **** #endif
  57:../../tmk_core/common/matrix.c **** 
  58:../../tmk_core/common/matrix.c ****     for (uint8_t row = 0; row < MATRIX_ROWS; row++) {
 179               		.loc 1 58 5 view .LVU22
 180               	.LBB3:
 181               		.loc 1 58 10 view .LVU23
 182               	.LBE3:
  51:../../tmk_core/common/matrix.c **** #elif (MATRIX_COLS <= 16)
 183               		.loc 1 51 5 is_stmt 0 view .LVU24
 184 0014 D0E0      		ldi r29,0
 185 0016 C0E0      		ldi r28,0
 186               	.LBB5:
  59:../../tmk_core/common/matrix.c **** 
  60:../../tmk_core/common/matrix.c **** #if (MATRIX_COLS <= 8)
  61:../../tmk_core/common/matrix.c ****         xprintf("%02X: %08b%s\n", row, bitrev(matrix_get_row(row)),
 187               		.loc 1 61 9 view .LVU25
 188 0018 80E0      		ldi r24,lo8(.LC0)
 189 001a E82E      		mov r14,r24
 190 001c 80E0      		ldi r24,hi8(.LC0)
 191 001e F82E      		mov r15,r24
 192 0020 00E0      		ldi r16,lo8(__c.1793)
 193 0022 10E0      		ldi r17,hi8(__c.1793)
 194               	.L8:
 195               		.loc 1 61 9 is_stmt 1 discriminator 3 view .LVU26
 196 0024 8C2F      		mov r24,r28
 197 0026 0E94 0000 		call matrix_get_row
 198 002a 0E94 0000 		call bitrev
 199               	.LBB4:
 200               		.loc 1 61 9 discriminator 3 view .LVU27
 201               		.loc 1 61 9 discriminator 3 view .LVU28
 202               	.LBE4:
 203 002e FF92      		push r15
 204               	.LCFI7:
 205               		.cfi_def_cfa_offset 9
 206 0030 EF92      		push r14
 207               	.LCFI8:
 208               		.cfi_def_cfa_offset 10
 209 0032 1F92      		push __zero_reg__
 210               	.LCFI9:
 211               		.cfi_def_cfa_offset 11
 212 0034 8F93      		push r24
 213               	.LCFI10:
 214               		.cfi_def_cfa_offset 12
 215 0036 DF93      		push r29
 216               	.LCFI11:
 217               		.cfi_def_cfa_offset 13
 218 0038 CF93      		push r28
 219               	.LCFI12:
 220               		.cfi_def_cfa_offset 14
 221 003a 1F93      		push r17
 222               	.LCFI13:
 223               		.cfi_def_cfa_offset 15
 224 003c 0F93      		push r16
 225               	.LCFI14:
 226               		.cfi_def_cfa_offset 16
 227 003e 0E94 0000 		call __xprintf
 228 0042 2196      		adiw r28,1
  58:../../tmk_core/common/matrix.c **** 
 229               		.loc 1 58 5 is_stmt 0 discriminator 3 view .LVU29
 230 0044 8DB7      		in r24,__SP_L__
 231 0046 9EB7      		in r25,__SP_H__
 232 0048 0896      		adiw r24,8
 233 004a 0FB6      		in __tmp_reg__,__SREG__
 234 004c F894      		cli
 235 004e 9EBF      		out __SP_H__,r25
 236 0050 0FBE      		out __SREG__,__tmp_reg__
 237 0052 8DBF      		out __SP_L__,r24
 238               	.LCFI15:
 239               		.cfi_def_cfa_offset 8
 240 0054 C031      		cpi r28,16
 241 0056 D105      		cpc r29,__zero_reg__
 242 0058 01F4      		brne .L8
 243               	/* epilogue start */
 244               	.LBE5:
  62:../../tmk_core/common/matrix.c **** #elif (MATRIX_COLS <= 16)
  63:../../tmk_core/common/matrix.c ****         xprintf("%02X: %016b%s\n", row, bitrev16(matrix_get_row(row)),
  64:../../tmk_core/common/matrix.c **** #elif (MATRIX_COLS <= 32)
  65:../../tmk_core/common/matrix.c ****         xprintf("%02X: %032b%s\n", row, bitrev32(matrix_get_row(row)),
  66:../../tmk_core/common/matrix.c **** #endif
  67:../../tmk_core/common/matrix.c **** #ifdef MATRIX_HAS_GHOST
  68:../../tmk_core/common/matrix.c ****         matrix_has_ghost_in_row(row) ?  " <ghost" : ""
  69:../../tmk_core/common/matrix.c **** #else
  70:../../tmk_core/common/matrix.c ****         ""
  71:../../tmk_core/common/matrix.c **** #endif
  72:../../tmk_core/common/matrix.c ****         );
  73:../../tmk_core/common/matrix.c ****     }
  74:../../tmk_core/common/matrix.c **** }
 245               		.loc 1 74 1 view .LVU30
 246 005a DF91      		pop r29
 247 005c CF91      		pop r28
 248 005e 1F91      		pop r17
 249 0060 0F91      		pop r16
 250 0062 FF90      		pop r15
 251 0064 EF90      		pop r14
 252 0066 0895      		ret
 253               		.cfi_endproc
 254               	.LFE6:
 256               		.section	.text.matrix_power_up,"ax",@progbits
 257               		.weak	matrix_power_up
 259               	matrix_power_up:
 260               	.LFB12:
 261               		.cfi_startproc
 262               	/* prologue: function */
 263               	/* frame size = 0 */
 264               	/* stack size = 0 */
 265               	.L__stack_usage = 0
 266               	/* epilogue start */
 267 0000 0895      		ret
 268               		.cfi_endproc
 269               	.LFE12:
 271               		.section	.text.matrix_power_down,"ax",@progbits
 272               		.weak	matrix_power_down
 274               	matrix_power_down:
 275               	.LFB14:
 276               		.cfi_startproc
 277               	/* prologue: function */
 278               	/* frame size = 0 */
 279               	/* stack size = 0 */
 280               	.L__stack_usage = 0
 281               	/* epilogue start */
 282 0000 0895      		ret
 283               		.cfi_endproc
 284               	.LFE14:
 286               		.section	.progmem.data.__c.1793,"a"
 289               	__c.1793:
 290 0000 2530 3258 		.string	"%02X: %08b%s\n"
 290      3A20 2530 
 290      3862 2573 
 290      0A00 
 291               		.section	.progmem.data.__c.1790,"a"
 294               	__c.1790:
 295 0000 722F 6320 		.string	"r/c 01234567\n"
 295      3031 3233 
 295      3435 3637 
 295      0A00 
 296               		.text
 297               	.Letext0:
 298               		.file 2 "/usr/avr/include/stdint.h"
 299               		.file 3 "../../tmk_core/common/avr/xprintf.h"
 300               		.file 4 "../../tmk_core/common/matrix.h"
DEFINED SYMBOLS
                            *ABS*:0000000000000000 matrix.c
     /tmp/ccfJOy2i.s:2      *ABS*:000000000000003e __SP_H__
     /tmp/ccfJOy2i.s:3      *ABS*:000000000000003d __SP_L__
     /tmp/ccfJOy2i.s:4      *ABS*:000000000000003f __SREG__
     /tmp/ccfJOy2i.s:5      *ABS*:0000000000000000 __tmp_reg__
     /tmp/ccfJOy2i.s:6      *ABS*:0000000000000001 __zero_reg__
     /tmp/ccfJOy2i.s:13     .text.matrix_rows:0000000000000000 matrix_rows
     /tmp/ccfJOy2i.s:33     .text.matrix_cols:0000000000000000 matrix_cols
     /tmp/ccfJOy2i.s:52     .text.matrix_clear:0000000000000000 matrix_clear
     /tmp/ccfJOy2i.s:67     .text.matrix_setup:0000000000000000 matrix_setup
     /tmp/ccfJOy2i.s:85     .text.matrix_is_on:0000000000000000 matrix_is_on
     /tmp/ccfJOy2i.s:139    .text.matrix_print:0000000000000000 matrix_print
     /tmp/ccfJOy2i.s:294    .progmem.data.__c.1790:0000000000000000 __c.1790
     /tmp/ccfJOy2i.s:289    .progmem.data.__c.1793:0000000000000000 __c.1793
     /tmp/ccfJOy2i.s:259    .text.matrix_power_up:0000000000000000 matrix_power_up
     /tmp/ccfJOy2i.s:274    .text.matrix_power_down:0000000000000000 matrix_power_down

UNDEFINED SYMBOLS
matrix_get_row
xputs
bitrev
__xprintf
__do_copy_data
