   1               		.file	"util.c"
   2               	__SP_H__ = 0x3e
   3               	__SP_L__ = 0x3d
   4               	__SREG__ = 0x3f
   5               	__RAMPZ__ = 0x3b
   6               	__tmp_reg__ = 0
   7               	__zero_reg__ = 1
   8               		.text
   9               	.Ltext0:
  10               		.cfi_sections	.debug_frame
  11               		.section	.text.bitpop,"ax",@progbits
  12               	.global	bitpop
  14               	bitpop:
  15               	.LVL0:
  16               	.LFB0:
  17               		.file 1 "./tmk_core/common/util.c"
   1:./tmk_core/common/util.c **** /*
   2:./tmk_core/common/util.c **** Copyright 2011 Jun Wako <wakojun@gmail.com>
   3:./tmk_core/common/util.c **** 
   4:./tmk_core/common/util.c **** This program is free software: you can redistribute it and/or modify
   5:./tmk_core/common/util.c **** it under the terms of the GNU General Public License as published by
   6:./tmk_core/common/util.c **** the Free Software Foundation, either version 2 of the License, or
   7:./tmk_core/common/util.c **** (at your option) any later version.
   8:./tmk_core/common/util.c **** 
   9:./tmk_core/common/util.c **** This program is distributed in the hope that it will be useful,
  10:./tmk_core/common/util.c **** but WITHOUT ANY WARRANTY; without even the implied warranty of
  11:./tmk_core/common/util.c **** MERCHANTABILITY or FITNESS FOR A PARTICULAR PURPOSE.  See the
  12:./tmk_core/common/util.c **** GNU General Public License for more details.
  13:./tmk_core/common/util.c **** 
  14:./tmk_core/common/util.c **** You should have received a copy of the GNU General Public License
  15:./tmk_core/common/util.c **** along with this program.  If not, see <http://www.gnu.org/licenses/>.
  16:./tmk_core/common/util.c **** */
  17:./tmk_core/common/util.c **** 
  18:./tmk_core/common/util.c **** #include "util.h"
  19:./tmk_core/common/util.c **** 
  20:./tmk_core/common/util.c **** // bit population - return number of on-bit
  21:./tmk_core/common/util.c **** uint8_t bitpop(uint8_t bits)
  22:./tmk_core/common/util.c **** {
  18               		.loc 1 22 1 view -0
  19               		.cfi_startproc
  20               	/* prologue: function */
  21               	/* frame size = 0 */
  22               	/* stack size = 0 */
  23               	.L__stack_usage = 0
  24               		.loc 1 22 1 is_stmt 0 view .LVU1
  25 0000 982F      		mov r25,r24
  23:./tmk_core/common/util.c ****     uint8_t c;
  26               		.loc 1 23 5 is_stmt 1 view .LVU2
  24:./tmk_core/common/util.c ****     for (c = 0; bits; c++)
  27               		.loc 1 24 5 view .LVU3
  28               	.LVL1:
  29               		.loc 1 24 12 is_stmt 0 view .LVU4
  30 0002 80E0      		ldi r24,0
  31               	.LVL2:
  32               	.L2:
  33               		.loc 1 24 17 is_stmt 1 discriminator 1 view .LVU5
  34               		.loc 1 24 5 is_stmt 0 discriminator 1 view .LVU6
  35 0004 9111      		cpse r25,__zero_reg__
  36 0006 00C0      		rjmp .L3
  25:./tmk_core/common/util.c ****         bits &= bits - 1;
  26:./tmk_core/common/util.c ****     return c;
  37               		.loc 1 26 5 is_stmt 1 view .LVU7
  38               	/* epilogue start */
  27:./tmk_core/common/util.c **** /*
  28:./tmk_core/common/util.c ****     const uint8_t bit_count[] = { 0, 1, 1, 2, 1, 2, 2, 3, 1, 2, 2, 3, 2, 3, 3, 4 };
  29:./tmk_core/common/util.c ****     return bit_count[bits>>4] + bit_count[bits&0x0F]
  30:./tmk_core/common/util.c **** */
  31:./tmk_core/common/util.c **** }
  39               		.loc 1 31 1 is_stmt 0 view .LVU8
  40 0008 0895      		ret
  41               	.L3:
  25:./tmk_core/common/util.c ****         bits &= bits - 1;
  42               		.loc 1 25 9 is_stmt 1 discriminator 3 view .LVU9
  25:./tmk_core/common/util.c ****         bits &= bits - 1;
  43               		.loc 1 25 22 is_stmt 0 discriminator 3 view .LVU10
  44 000a 2FEF      		ldi r18,lo8(-1)
  45 000c 290F      		add r18,r25
  25:./tmk_core/common/util.c ****         bits &= bits - 1;
  46               		.loc 1 25 14 discriminator 3 view .LVU11
  47 000e 9223      		and r25,r18
  48               	.LVL3:
  24:./tmk_core/common/util.c ****         bits &= bits - 1;
  49               		.loc 1 24 23 is_stmt 1 discriminator 3 view .LVU12
  24:./tmk_core/common/util.c ****         bits &= bits - 1;
  50               		.loc 1 24 24 is_stmt 0 discriminator 3 view .LVU13
  51 0010 8F5F      		subi r24,lo8(-(1))
  52               	.LVL4:
  24:./tmk_core/common/util.c ****         bits &= bits - 1;
  53               		.loc 1 24 24 discriminator 3 view .LVU14
  54 0012 00C0      		rjmp .L2
  55               		.cfi_endproc
  56               	.LFE0:
  58               		.section	.text.bitpop16,"ax",@progbits
  59               	.global	bitpop16
  61               	bitpop16:
  62               	.LVL5:
  63               	.LFB1:
  32:./tmk_core/common/util.c **** 
  33:./tmk_core/common/util.c **** uint8_t bitpop16(uint16_t bits)
  34:./tmk_core/common/util.c **** {
  64               		.loc 1 34 1 is_stmt 1 view -0
  65               		.cfi_startproc
  66               	/* prologue: function */
  67               	/* frame size = 0 */
  68               	/* stack size = 0 */
  69               	.L__stack_usage = 0
  35:./tmk_core/common/util.c ****     uint8_t c;
  70               		.loc 1 35 5 view .LVU16
  36:./tmk_core/common/util.c ****     for (c = 0; bits; c++)
  71               		.loc 1 36 5 view .LVU17
  72               		.loc 1 36 17 view .LVU18
  73 0000 0E94 0000 		call __popcounthi2
  37:./tmk_core/common/util.c ****         bits &= bits - 1;
  38:./tmk_core/common/util.c ****     return c;
  74               		.loc 1 38 5 view .LVU19
  75               	/* epilogue start */
  39:./tmk_core/common/util.c **** }
  76               		.loc 1 39 1 is_stmt 0 view .LVU20
  77 0004 0895      		ret
  78               		.cfi_endproc
  79               	.LFE1:
  81               		.section	.text.bitpop32,"ax",@progbits
  82               	.global	bitpop32
  84               	bitpop32:
  85               	.LVL6:
  86               	.LFB2:
  40:./tmk_core/common/util.c **** 
  41:./tmk_core/common/util.c **** uint8_t bitpop32(uint32_t bits)
  42:./tmk_core/common/util.c **** {
  87               		.loc 1 42 1 is_stmt 1 view -0
  88               		.cfi_startproc
  89               	/* prologue: function */
  90               	/* frame size = 0 */
  91               	/* stack size = 0 */
  92               	.L__stack_usage = 0
  43:./tmk_core/common/util.c ****     uint8_t c;
  93               		.loc 1 43 5 view .LVU22
  44:./tmk_core/common/util.c ****     for (c = 0; bits; c++)
  94               		.loc 1 44 5 view .LVU23
  95               		.loc 1 44 17 view .LVU24
  96 0000 0E94 0000 		call __popcountsi2
  45:./tmk_core/common/util.c ****         bits &= bits - 1;
  46:./tmk_core/common/util.c ****     return c;
  97               		.loc 1 46 5 view .LVU25
  98               	/* epilogue start */
  47:./tmk_core/common/util.c **** }
  99               		.loc 1 47 1 is_stmt 0 view .LVU26
 100 0004 0895      		ret
 101               		.cfi_endproc
 102               	.LFE2:
 104               		.section	.text.biton,"ax",@progbits
 105               	.global	biton
 107               	biton:
 108               	.LVL7:
 109               	.LFB3:
  48:./tmk_core/common/util.c **** 
  49:./tmk_core/common/util.c **** // most significant on-bit - return highest location of on-bit
  50:./tmk_core/common/util.c **** // NOTE: return 0 when bit0 is on or all bits are off
  51:./tmk_core/common/util.c **** uint8_t biton(uint8_t bits)
  52:./tmk_core/common/util.c **** {
 110               		.loc 1 52 1 is_stmt 1 view -0
 111               		.cfi_startproc
 112               	/* prologue: function */
 113               	/* frame size = 0 */
 114               	/* stack size = 0 */
 115               	.L__stack_usage = 0
 116               		.loc 1 52 1 is_stmt 0 view .LVU28
 117 0000 982F      		mov r25,r24
  53:./tmk_core/common/util.c ****     uint8_t n = 0;
 118               		.loc 1 53 5 is_stmt 1 view .LVU29
 119               	.LVL8:
  54:./tmk_core/common/util.c ****     if (bits >> 4) { bits >>= 4; n += 4;}
 120               		.loc 1 54 5 view .LVU30
 121               		.loc 1 54 9 is_stmt 0 view .LVU31
 122 0002 8295      		swap r24
 123               	.LVL9:
 124               		.loc 1 54 9 view .LVU32
 125 0004 8F70      		andi r24,lo8(15)
 126               		.loc 1 54 8 view .LVU33
 127 0006 01F0      		breq .L7
 128 0008 982F      		mov r25,r24
 129               	.LVL10:
 130               		.loc 1 54 36 view .LVU34
 131 000a 84E0      		ldi r24,lo8(4)
 132               	.L7:
 133               	.LVL11:
  55:./tmk_core/common/util.c ****     if (bits >> 2) { bits >>= 2; n += 2;}
 134               		.loc 1 55 5 is_stmt 1 view .LVU35
 135               		.loc 1 55 9 is_stmt 0 view .LVU36
 136 000c 292F      		mov r18,r25
 137 000e 2695      		lsr r18
 138 0010 2695      		lsr r18
 139               		.loc 1 55 8 view .LVU37
 140 0012 01F0      		breq .L8
 141               		.loc 1 55 22 is_stmt 1 discriminator 1 view .LVU38
 142               	.LVL12:
 143               		.loc 1 55 34 discriminator 1 view .LVU39
 144               		.loc 1 55 36 is_stmt 0 discriminator 1 view .LVU40
 145 0014 8E5F      		subi r24,lo8(-(2))
 146               	.LVL13:
 147               		.loc 1 55 36 discriminator 1 view .LVU41
 148 0016 922F      		mov r25,r18
 149               	.LVL14:
 150               	.L8:
  56:./tmk_core/common/util.c ****     if (bits >> 1) { bits >>= 1; n += 1;}
 151               		.loc 1 56 5 is_stmt 1 view .LVU42
 152               		.loc 1 56 9 is_stmt 0 view .LVU43
 153 0018 9695      		lsr r25
 154               	.LVL15:
 155               		.loc 1 56 8 view .LVU44
 156 001a 01F0      		breq .L6
 157               		.loc 1 56 22 is_stmt 1 discriminator 1 view .LVU45
 158               	.LVL16:
 159               		.loc 1 56 34 discriminator 1 view .LVU46
 160               		.loc 1 56 36 is_stmt 0 discriminator 1 view .LVU47
 161 001c 8F5F      		subi r24,lo8(-(1))
 162               	.LVL17:
  57:./tmk_core/common/util.c ****     return n;
 163               		.loc 1 57 5 is_stmt 1 discriminator 1 view .LVU48
 164               	.L6:
 165               	/* epilogue start */
  58:./tmk_core/common/util.c **** }
 166               		.loc 1 58 1 is_stmt 0 view .LVU49
 167 001e 0895      		ret
 168               		.cfi_endproc
 169               	.LFE3:
 171               		.section	.text.biton16,"ax",@progbits
 172               	.global	biton16
 174               	biton16:
 175               	.LVL18:
 176               	.LFB4:
  59:./tmk_core/common/util.c **** 
  60:./tmk_core/common/util.c **** uint8_t biton16(uint16_t bits)
  61:./tmk_core/common/util.c **** {
 177               		.loc 1 61 1 is_stmt 1 view -0
 178               		.cfi_startproc
 179               	/* prologue: function */
 180               	/* frame size = 0 */
 181               	/* stack size = 0 */
 182               	.L__stack_usage = 0
 183               		.loc 1 61 1 is_stmt 0 view .LVU51
 184 0000 9C01      		movw r18,r24
  62:./tmk_core/common/util.c ****     uint8_t n = 0;
 185               		.loc 1 62 5 is_stmt 1 view .LVU52
 186               	.LVL19:
  63:./tmk_core/common/util.c ****     if (bits >> 8) { bits >>= 8; n += 8;}
 187               		.loc 1 63 5 view .LVU53
 188               		.loc 1 63 14 is_stmt 0 view .LVU54
 189 0002 892F      		mov r24,r25
 190 0004 9927      		clr r25
 191               	.LVL20:
 192               		.loc 1 63 8 view .LVU55
 193 0006 0097      		sbiw r24,0
 194 0008 01F0      		breq .L24
 195 000a 9C01      		movw r18,r24
 196               	.LVL21:
 197               		.loc 1 63 36 view .LVU56
 198 000c 88E0      		ldi r24,lo8(8)
 199               	.L20:
 200               	.LVL22:
  64:./tmk_core/common/util.c ****     if (bits >> 4) { bits >>= 4; n += 4;}
 201               		.loc 1 64 5 is_stmt 1 view .LVU57
 202               		.loc 1 64 14 is_stmt 0 view .LVU58
 203 000e A901      		movw r20,r18
 204 0010 74E0      		ldi r23,4
 205               		1:
 206 0012 5695      		lsr r21
 207 0014 4795      		ror r20
 208 0016 7A95      		dec r23
 209 0018 01F4      		brne 1b
 210               		.loc 1 64 8 view .LVU59
 211 001a 4115      		cp r20,__zero_reg__
 212 001c 5105      		cpc r21,__zero_reg__
 213 001e 01F0      		breq .L21
 214               		.loc 1 64 22 is_stmt 1 discriminator 1 view .LVU60
 215               	.LVL23:
 216               		.loc 1 64 34 discriminator 1 view .LVU61
 217               		.loc 1 64 36 is_stmt 0 discriminator 1 view .LVU62
 218 0020 8C5F      		subi r24,lo8(-(4))
 219               	.LVL24:
 220               		.loc 1 64 36 discriminator 1 view .LVU63
 221 0022 9A01      		movw r18,r20
 222               	.LVL25:
 223               	.L21:
  65:./tmk_core/common/util.c ****     if (bits >> 2) { bits >>= 2; n += 2;}
 224               		.loc 1 65 5 is_stmt 1 view .LVU64
 225               		.loc 1 65 14 is_stmt 0 view .LVU65
 226 0024 A901      		movw r20,r18
 227 0026 5695      		lsr r21
 228 0028 4795      		ror r20
 229 002a 5695      		lsr r21
 230 002c 4795      		ror r20
 231               		.loc 1 65 8 view .LVU66
 232 002e 4115      		cp r20,__zero_reg__
 233 0030 5105      		cpc r21,__zero_reg__
 234 0032 01F0      		breq .L22
 235               		.loc 1 65 22 is_stmt 1 discriminator 1 view .LVU67
 236               	.LVL26:
 237               		.loc 1 65 34 discriminator 1 view .LVU68
 238               		.loc 1 65 36 is_stmt 0 discriminator 1 view .LVU69
 239 0034 8E5F      		subi r24,lo8(-(2))
 240               	.LVL27:
 241               		.loc 1 65 36 discriminator 1 view .LVU70
 242 0036 9A01      		movw r18,r20
 243               	.LVL28:
 244               	.L22:
  66:./tmk_core/common/util.c ****     if (bits >> 1) { bits >>= 1; n += 1;}
 245               		.loc 1 66 5 is_stmt 1 view .LVU71
 246               		.loc 1 66 14 is_stmt 0 view .LVU72
 247 0038 3695      		lsr r19
 248 003a 2795      		ror r18
 249               	.LVL29:
 250               		.loc 1 66 8 view .LVU73
 251 003c 232B      		or r18,r19
 252 003e 01F0      		breq .L19
 253               		.loc 1 66 22 is_stmt 1 discriminator 1 view .LVU74
 254               	.LVL30:
 255               		.loc 1 66 34 discriminator 1 view .LVU75
 256               		.loc 1 66 36 is_stmt 0 discriminator 1 view .LVU76
 257 0040 8F5F      		subi r24,lo8(-(1))
 258               	.LVL31:
  67:./tmk_core/common/util.c ****     return n;
 259               		.loc 1 67 5 is_stmt 1 discriminator 1 view .LVU77
 260               	.L19:
 261               	/* epilogue start */
  68:./tmk_core/common/util.c **** }
 262               		.loc 1 68 1 is_stmt 0 view .LVU78
 263 0042 0895      		ret
 264               	.LVL32:
 265               	.L24:
  62:./tmk_core/common/util.c ****     if (bits >> 8) { bits >>= 8; n += 8;}
 266               		.loc 1 62 13 view .LVU79
 267 0044 80E0      		ldi r24,0
 268 0046 00C0      		rjmp .L20
 269               		.cfi_endproc
 270               	.LFE4:
 272               		.section	.text.biton32,"ax",@progbits
 273               	.global	biton32
 275               	biton32:
 276               	.LVL33:
 277               	.LFB5:
  69:./tmk_core/common/util.c **** 
  70:./tmk_core/common/util.c **** uint8_t biton32(uint32_t bits)
  71:./tmk_core/common/util.c **** {
 278               		.loc 1 71 1 is_stmt 1 view -0
 279               		.cfi_startproc
 280               		.loc 1 71 1 is_stmt 0 view .LVU81
 281 0000 0F93      		push r16
 282               	.LCFI0:
 283               		.cfi_def_cfa_offset 3
 284               		.cfi_offset 16, -2
 285 0002 1F93      		push r17
 286               	.LCFI1:
 287               		.cfi_def_cfa_offset 4
 288               		.cfi_offset 17, -3
 289               	/* prologue: function */
 290               	/* frame size = 0 */
 291               	/* stack size = 2 */
 292               	.L__stack_usage = 2
 293 0004 462F      		mov r20,r22
 294 0006 572F      		mov r21,r23
 295 0008 BC01      		movw r22,r24
 296               	.LVL34:
  72:./tmk_core/common/util.c ****     uint8_t n = 0;
 297               		.loc 1 72 5 is_stmt 1 view .LVU82
  73:./tmk_core/common/util.c ****     if (bits >>16) { bits >>=16; n +=16;}
 298               		.loc 1 73 5 view .LVU83
 299               		.loc 1 73 14 is_stmt 0 view .LVU84
 300 000a CB01      		movw r24,r22
 301 000c AA27      		clr r26
 302 000e BB27      		clr r27
 303               		.loc 1 73 8 view .LVU85
 304 0010 0097      		sbiw r24,0
 305 0012 A105      		cpc r26,__zero_reg__
 306 0014 B105      		cpc r27,__zero_reg__
 307 0016 01F0      		breq .L40
 308 0018 AC01      		movw r20,r24
 309 001a BD01      		movw r22,r26
 310               		.loc 1 73 36 view .LVU86
 311 001c 80E1      		ldi r24,lo8(16)
 312               	.L35:
 313               	.LVL35:
  74:./tmk_core/common/util.c ****     if (bits >> 8) { bits >>= 8; n += 8;}
 314               		.loc 1 74 5 is_stmt 1 view .LVU87
 315               		.loc 1 74 14 is_stmt 0 view .LVU88
 316 001e 052F      		mov r16,r21
 317 0020 162F      		mov r17,r22
 318 0022 272F      		mov r18,r23
 319 0024 3327      		clr r19
 320               		.loc 1 74 8 view .LVU89
 321 0026 0115      		cp r16,__zero_reg__
 322 0028 1105      		cpc r17,__zero_reg__
 323 002a 2105      		cpc r18,__zero_reg__
 324 002c 3105      		cpc r19,__zero_reg__
 325 002e 01F0      		breq .L36
 326               		.loc 1 74 22 is_stmt 1 discriminator 1 view .LVU90
 327               	.LVL36:
 328               		.loc 1 74 34 discriminator 1 view .LVU91
 329               		.loc 1 74 36 is_stmt 0 discriminator 1 view .LVU92
 330 0030 885F      		subi r24,lo8(-(8))
 331               	.LVL37:
 332               		.loc 1 74 36 discriminator 1 view .LVU93
 333 0032 B901      		movw r22,r18
 334 0034 A801      		movw r20,r16
 335               	.LVL38:
 336               	.L36:
  75:./tmk_core/common/util.c ****     if (bits >> 4) { bits >>= 4; n += 4;}
 337               		.loc 1 75 5 is_stmt 1 view .LVU94
 338               		.loc 1 75 14 is_stmt 0 view .LVU95
 339 0036 8A01      		movw r16,r20
 340 0038 9B01      		movw r18,r22
 341 003a F4E0      		ldi r31,4
 342               		1:
 343 003c 3695      		lsr r19
 344 003e 2795      		ror r18
 345 0040 1795      		ror r17
 346 0042 0795      		ror r16
 347 0044 FA95      		dec r31
 348 0046 01F4      		brne 1b
 349               		.loc 1 75 8 view .LVU96
 350 0048 0115      		cp r16,__zero_reg__
 351 004a 1105      		cpc r17,__zero_reg__
 352 004c 2105      		cpc r18,__zero_reg__
 353 004e 3105      		cpc r19,__zero_reg__
 354 0050 01F0      		breq .L37
 355               		.loc 1 75 22 is_stmt 1 discriminator 1 view .LVU97
 356               	.LVL39:
 357               		.loc 1 75 34 discriminator 1 view .LVU98
 358               		.loc 1 75 36 is_stmt 0 discriminator 1 view .LVU99
 359 0052 8C5F      		subi r24,lo8(-(4))
 360               	.LVL40:
 361               		.loc 1 75 36 discriminator 1 view .LVU100
 362 0054 B901      		movw r22,r18
 363 0056 A801      		movw r20,r16
 364               	.LVL41:
 365               	.L37:
  76:./tmk_core/common/util.c ****     if (bits >> 2) { bits >>= 2; n += 2;}
 366               		.loc 1 76 5 is_stmt 1 view .LVU101
 367               		.loc 1 76 14 is_stmt 0 view .LVU102
 368 0058 8A01      		movw r16,r20
 369 005a 9B01      		movw r18,r22
 370 005c E2E0      		ldi r30,2
 371               		1:
 372 005e 3695      		lsr r19
 373 0060 2795      		ror r18
 374 0062 1795      		ror r17
 375 0064 0795      		ror r16
 376 0066 EA95      		dec r30
 377 0068 01F4      		brne 1b
 378               		.loc 1 76 8 view .LVU103
 379 006a 0115      		cp r16,__zero_reg__
 380 006c 1105      		cpc r17,__zero_reg__
 381 006e 2105      		cpc r18,__zero_reg__
 382 0070 3105      		cpc r19,__zero_reg__
 383 0072 01F0      		breq .L38
 384               		.loc 1 76 22 is_stmt 1 discriminator 1 view .LVU104
 385               	.LVL42:
 386               		.loc 1 76 34 discriminator 1 view .LVU105
 387               		.loc 1 76 36 is_stmt 0 discriminator 1 view .LVU106
 388 0074 8E5F      		subi r24,lo8(-(2))
 389               	.LVL43:
 390               		.loc 1 76 36 discriminator 1 view .LVU107
 391 0076 B901      		movw r22,r18
 392 0078 A801      		movw r20,r16
 393               	.LVL44:
 394               	.L38:
  77:./tmk_core/common/util.c ****     if (bits >> 1) { bits >>= 1; n += 1;}
 395               		.loc 1 77 5 is_stmt 1 view .LVU108
 396               		.loc 1 77 14 is_stmt 0 view .LVU109
 397 007a 7695      		lsr r23
 398 007c 6795      		ror r22
 399 007e 5795      		ror r21
 400 0080 4795      		ror r20
 401               	.LVL45:
 402               		.loc 1 77 8 view .LVU110
 403 0082 452B      		or r20,r21
 404 0084 462B      		or r20,r22
 405 0086 472B      		or r20,r23
 406 0088 01F0      		breq .L34
 407               		.loc 1 77 22 is_stmt 1 discriminator 1 view .LVU111
 408               	.LVL46:
 409               		.loc 1 77 34 discriminator 1 view .LVU112
 410               		.loc 1 77 36 is_stmt 0 discriminator 1 view .LVU113
 411 008a 8F5F      		subi r24,lo8(-(1))
 412               	.LVL47:
  78:./tmk_core/common/util.c ****     return n;
 413               		.loc 1 78 5 is_stmt 1 discriminator 1 view .LVU114
 414               	.L34:
 415               	/* epilogue start */
  79:./tmk_core/common/util.c **** }
 416               		.loc 1 79 1 is_stmt 0 view .LVU115
 417 008c 1F91      		pop r17
 418 008e 0F91      		pop r16
 419 0090 0895      		ret
 420               	.LVL48:
 421               	.L40:
  72:./tmk_core/common/util.c ****     if (bits >>16) { bits >>=16; n +=16;}
 422               		.loc 1 72 13 view .LVU116
 423 0092 80E0      		ldi r24,0
 424 0094 00C0      		rjmp .L35
 425               		.cfi_endproc
 426               	.LFE5:
 428               		.section	.text.bitrev,"ax",@progbits
 429               	.global	bitrev
 431               	bitrev:
 432               	.LVL49:
 433               	.LFB6:
  80:./tmk_core/common/util.c **** 
  81:./tmk_core/common/util.c **** 
  82:./tmk_core/common/util.c **** 
  83:./tmk_core/common/util.c **** uint8_t bitrev(uint8_t bits)
  84:./tmk_core/common/util.c **** {
 434               		.loc 1 84 1 is_stmt 1 view -0
 435               		.cfi_startproc
 436               	/* prologue: function */
 437               	/* frame size = 0 */
 438               	/* stack size = 0 */
 439               	.L__stack_usage = 0
  85:./tmk_core/common/util.c ****     bits = (bits & 0x0f)<<4 | (bits & 0xf0)>>4;
 440               		.loc 1 85 5 view .LVU118
 441               		.loc 1 85 29 is_stmt 0 view .LVU119
 442 0000 8295      		swap r24
 443               	.LVL50:
  86:./tmk_core/common/util.c ****     bits = (bits & 0b00110011)<<2 | (bits & 0b11001100)>>2;
 444               		.loc 1 86 5 is_stmt 1 view .LVU120
  87:./tmk_core/common/util.c ****     bits = (bits & 0b01010101)<<1 | (bits & 0b10101010)>>1;
 445               		.loc 1 87 5 view .LVU121
  86:./tmk_core/common/util.c ****     bits = (bits & 0b00110011)<<2 | (bits & 0b11001100)>>2;
 446               		.loc 1 86 31 is_stmt 0 view .LVU122
 447 0002 94E0      		ldi r25,lo8(4)
 448 0004 899F      		mul r24,r25
 449 0006 9001      		movw r18,r0
 450 0008 1124      		clr __zero_reg__
 451 000a 2C7C      		andi r18,lo8(-52)
  86:./tmk_core/common/util.c ****     bits = (bits & 0b00110011)<<2 | (bits & 0b11001100)>>2;
 452               		.loc 1 86 56 view .LVU123
 453 000c 8695      		lsr r24
 454 000e 8695      		lsr r24
 455               	.LVL51:
  86:./tmk_core/common/util.c ****     bits = (bits & 0b00110011)<<2 | (bits & 0b11001100)>>2;
 456               		.loc 1 86 56 view .LVU124
 457 0010 8373      		andi r24,lo8(51)
  86:./tmk_core/common/util.c ****     bits = (bits & 0b00110011)<<2 | (bits & 0b11001100)>>2;
 458               		.loc 1 86 35 view .LVU125
 459 0012 282B      		or r18,r24
 460               		.loc 1 87 31 view .LVU126
 461 0014 30E0      		ldi r19,0
 462               	.LVL52:
  88:./tmk_core/common/util.c ****     return bits;
 463               		.loc 1 88 5 is_stmt 1 view .LVU127
  87:./tmk_core/common/util.c ****     bits = (bits & 0b01010101)<<1 | (bits & 0b10101010)>>1;
 464               		.loc 1 87 31 is_stmt 0 view .LVU128
 465 0016 C901      		movw r24,r18
 466 0018 880F      		lsl r24
 467 001a 991F      		rol r25
 468 001c 8A7A      		andi r24,lo8(-86)
  87:./tmk_core/common/util.c ****     bits = (bits & 0b01010101)<<1 | (bits & 0b10101010)>>1;
 469               		.loc 1 87 56 view .LVU129
 470 001e 3595      		asr r19
 471 0020 2795      		ror r18
 472               	.LVL53:
  87:./tmk_core/common/util.c ****     bits = (bits & 0b01010101)<<1 | (bits & 0b10101010)>>1;
 473               		.loc 1 87 56 view .LVU130
 474 0022 2575      		andi r18,lo8(85)
  89:./tmk_core/common/util.c **** }
 475               		.loc 1 89 1 view .LVU131
 476 0024 822B      		or r24,r18
 477               	/* epilogue start */
 478 0026 0895      		ret
 479               		.cfi_endproc
 480               	.LFE6:
 482               		.section	.text.bitrev16,"ax",@progbits
 483               	.global	bitrev16
 485               	bitrev16:
 486               	.LVL54:
 487               	.LFB7:
  90:./tmk_core/common/util.c **** 
  91:./tmk_core/common/util.c **** uint16_t bitrev16(uint16_t bits)
  92:./tmk_core/common/util.c **** {
 488               		.loc 1 92 1 is_stmt 1 view -0
 489               		.cfi_startproc
 490               		.loc 1 92 1 is_stmt 0 view .LVU133
 491 0000 CF93      		push r28
 492               	.LCFI2:
 493               		.cfi_def_cfa_offset 3
 494               		.cfi_offset 28, -2
 495 0002 DF93      		push r29
 496               	.LCFI3:
 497               		.cfi_def_cfa_offset 4
 498               		.cfi_offset 29, -3
 499               	/* prologue: function */
 500               	/* frame size = 0 */
 501               	/* stack size = 2 */
 502               	.L__stack_usage = 2
 503 0004 D92F      		mov r29,r25
  93:./tmk_core/common/util.c ****     bits = bitrev(bits & 0x00ff)<<8 | bitrev((bits & 0xff00)>>8);
 504               		.loc 1 93 5 is_stmt 1 view .LVU134
 505               		.loc 1 93 12 is_stmt 0 view .LVU135
 506 0006 0E94 0000 		call bitrev
 507               	.LVL55:
 508               		.loc 1 93 12 view .LVU136
 509 000a C82F      		mov r28,r24
 510               		.loc 1 93 39 view .LVU137
 511 000c 8D2F      		mov r24,r29
 512 000e 0E94 0000 		call bitrev
 513               	.LVL56:
  94:./tmk_core/common/util.c ****     return bits;
 514               		.loc 1 94 5 is_stmt 1 view .LVU138
  95:./tmk_core/common/util.c **** }
 515               		.loc 1 95 1 is_stmt 0 view .LVU139
 516 0012 9C2F      		mov r25,r28
 517               	/* epilogue start */
 518 0014 DF91      		pop r29
 519 0016 CF91      		pop r28
 520               	.LVL57:
 521               		.loc 1 95 1 view .LVU140
 522 0018 0895      		ret
 523               		.cfi_endproc
 524               	.LFE7:
 526               		.section	.text.bitrev32,"ax",@progbits
 527               	.global	bitrev32
 529               	bitrev32:
 530               	.LVL58:
 531               	.LFB8:
  96:./tmk_core/common/util.c **** 
  97:./tmk_core/common/util.c **** uint32_t bitrev32(uint32_t bits)
  98:./tmk_core/common/util.c **** {
 532               		.loc 1 98 1 is_stmt 1 view -0
 533               		.cfi_startproc
 534               		.loc 1 98 1 is_stmt 0 view .LVU142
 535 0000 0F93      		push r16
 536               	.LCFI4:
 537               		.cfi_def_cfa_offset 3
 538               		.cfi_offset 16, -2
 539 0002 1F93      		push r17
 540               	.LCFI5:
 541               		.cfi_def_cfa_offset 4
 542               		.cfi_offset 17, -3
 543 0004 CF93      		push r28
 544               	.LCFI6:
 545               		.cfi_def_cfa_offset 5
 546               		.cfi_offset 28, -4
 547 0006 DF93      		push r29
 548               	.LCFI7:
 549               		.cfi_def_cfa_offset 6
 550               		.cfi_offset 29, -5
 551 0008 00D0      		rcall .
 552 000a 00D0      		rcall .
 553               	.LCFI8:
 554               		.cfi_def_cfa_offset 10
 555 000c CDB7      		in r28,__SP_L__
 556 000e DEB7      		in r29,__SP_H__
 557               	.LCFI9:
 558               		.cfi_def_cfa_register 28
 559               	/* prologue: function */
 560               	/* frame size = 4 */
 561               	/* stack size = 8 */
 562               	.L__stack_usage = 8
 563 0010 8C01      		movw r16,r24
  99:./tmk_core/common/util.c ****     bits = (uint32_t)bitrev16(bits & 0x0000ffff)<<16 | bitrev16((bits & 0xffff0000)>>16);
 564               		.loc 1 99 5 is_stmt 1 view .LVU143
 565               		.loc 1 99 22 is_stmt 0 view .LVU144
 566 0012 CB01      		movw r24,r22
 567 0014 0E94 0000 		call bitrev16
 568               	.LVL59:
 569               		.loc 1 99 22 view .LVU145
 570 0018 8983      		std Y+1,r24
 571 001a 9A83      		std Y+2,r25
 572               		.loc 1 99 56 view .LVU146
 573 001c C801      		movw r24,r16
 574 001e 0E94 0000 		call bitrev16
 575               	.LVL60:
 100:./tmk_core/common/util.c ****     return bits;
 576               		.loc 1 100 5 is_stmt 1 view .LVU147
  99:./tmk_core/common/util.c ****     bits = (uint32_t)bitrev16(bits & 0x0000ffff)<<16 | bitrev16((bits & 0xffff0000)>>16);
 577               		.loc 1 99 12 is_stmt 0 view .LVU148
 578 0022 0981      		ldd r16,Y+1
 579 0024 1A81      		ldd r17,Y+2
 580 0026 A801      		movw r20,r16
 581 0028 70E0      		ldi r23,0
 582 002a 60E0      		ldi r22,0
  99:./tmk_core/common/util.c ****     bits = (uint32_t)bitrev16(bits & 0x0000ffff)<<16 | bitrev16((bits & 0xffff0000)>>16);
 583               		.loc 1 99 49 view .LVU149
 584 002c BA01      		movw r22,r20
 585 002e 5527      		clr r21
 586 0030 4427      		clr r20
  99:./tmk_core/common/util.c ****     bits = (uint32_t)bitrev16(bits & 0x0000ffff)<<16 | bitrev16((bits & 0xffff0000)>>16);
 587               		.loc 1 99 56 view .LVU150
 588 0032 B0E0      		ldi r27,0
 589 0034 A0E0      		ldi r26,0
  99:./tmk_core/common/util.c ****     bits = (uint32_t)bitrev16(bits & 0x0000ffff)<<16 | bitrev16((bits & 0xffff0000)>>16);
 590               		.loc 1 99 10 view .LVU151
 591 0036 8A01      		movw r16,r20
 592 0038 9B01      		movw r18,r22
 593 003a 082B      		or r16,r24
 594 003c 192B      		or r17,r25
 595 003e 2A2B      		or r18,r26
 596 0040 3B2B      		or r19,r27
 101:./tmk_core/common/util.c **** }
 597               		.loc 1 101 1 view .LVU152
 598 0042 C901      		movw r24,r18
 599               	.LVL61:
 600               		.loc 1 101 1 view .LVU153
 601 0044 B801      		movw r22,r16
 602               	/* epilogue start */
 603 0046 0F90      		pop __tmp_reg__
 604 0048 0F90      		pop __tmp_reg__
 605 004a 0F90      		pop __tmp_reg__
 606 004c 0F90      		pop __tmp_reg__
 607 004e DF91      		pop r29
 608 0050 CF91      		pop r28
 609 0052 1F91      		pop r17
 610 0054 0F91      		pop r16
 611 0056 0895      		ret
 612               		.cfi_endproc
 613               	.LFE8:
 615               		.text
 616               	.Letext0:
 617               		.file 2 "/usr/avr/include/stdint.h"
DEFINED SYMBOLS
                            *ABS*:0000000000000000 util.c
     /tmp/ccyXWDb1.s:2      *ABS*:000000000000003e __SP_H__
     /tmp/ccyXWDb1.s:3      *ABS*:000000000000003d __SP_L__
     /tmp/ccyXWDb1.s:4      *ABS*:000000000000003f __SREG__
     /tmp/ccyXWDb1.s:5      *ABS*:000000000000003b __RAMPZ__
     /tmp/ccyXWDb1.s:6      *ABS*:0000000000000000 __tmp_reg__
     /tmp/ccyXWDb1.s:7      *ABS*:0000000000000001 __zero_reg__
     /tmp/ccyXWDb1.s:14     .text.bitpop:0000000000000000 bitpop
     /tmp/ccyXWDb1.s:61     .text.bitpop16:0000000000000000 bitpop16
     /tmp/ccyXWDb1.s:84     .text.bitpop32:0000000000000000 bitpop32
     /tmp/ccyXWDb1.s:107    .text.biton:0000000000000000 biton
     /tmp/ccyXWDb1.s:174    .text.biton16:0000000000000000 biton16
     /tmp/ccyXWDb1.s:275    .text.biton32:0000000000000000 biton32
     /tmp/ccyXWDb1.s:431    .text.bitrev:0000000000000000 bitrev
     /tmp/ccyXWDb1.s:485    .text.bitrev16:0000000000000000 bitrev16
     /tmp/ccyXWDb1.s:529    .text.bitrev32:0000000000000000 bitrev32

UNDEFINED SYMBOLS
__popcounthi2
__popcountsi2
